[2024.09.14-05.02.01:403][ 83]Log file open, 09/14/24 07:02:01
[2024.09.14-05.02.01:403][ 83]Failed Spawned Dino: Manta - Lvl 55 (Location -213285.091332, 27287.890171, -53438.188770)
[2024.09.14-05.02.01:421][ 83]Failed Spawned Dino: Manta - Lvl 20 (Location -214214.321135, 27657.392503, -53396.425313)
[2024.09.14-05.02.01:433][ 83]Failed Spawned Dino: Manta - Lvl 45 (Location -213377.466915, 27055.582721, -53451.647799)
[2024.09.14-05.02.01:444][ 83]Failed Spawned Dino: Manta - Lvl 20 (Location -214306.696718, 27425.085052, -53404.427592)
[2024.09.14-05.02.01:455][ 83]Failed Spawned Dino: Manta - Lvl 125 (Location -213192.715749, 27520.197622, -53424.729741)
[2024.09.14-05.02.01:466][ 83]Failed Spawned Dino: Manta - Lvl 90 (Location -214121.945553, 27889.699953, -53411.019354)
[2024.09.14-05.02.01:477][ 83]Failed Spawned Dino: Manta - Lvl 65 (Location -214029.569970, 28122.007404, -53444.297244)
[2024.09.14-05.02.01:488][ 83]Failed Spawned Dino: Manta - Lvl 35 (Location -213469.842498, 26823.275270, -53453.679747)
[2024.09.14-05.02.01:499][ 83]Failed Spawned Dino: Manta - Lvl 30 (Location -214166.764850, 27100.402018, -53409.956035)
[2024.09.14-05.03.17:267][349]Failed Spawned Dino: Piranha | 0.9x (Location -19117.626907, 51589.949280, -14425.875948)
[2024.09.14-05.03.17:740][363]Failed Spawned Dino: Manta - Lvl 60 (Location -212941.835327, 20474.717649, -53404.891057)
[2024.09.14-05.03.51:446][369]Failed Spawned Dino: Piranha | 1.0x (Location -21799.566823, -197791.070924, -10098.731656)
[2024.09.14-05.04.31:279][558]Failed Spawned Dino: Piranha | 1.1x (Location 147262.076853, 41711.026366, -14337.830116)
[2024.09.14-05.05.14:958][682]Failed Spawned Dino: Piranha | 0.9x (Location 28287.830964, 143144.263872, -14328.541121)
[2024.09.14-05.08.35:682][ 31]Failed Spawned Dino: Megalodon - Lvl 15 (Location -214687.559650, 23011.654541, -53441.963030)
[2024.09.14-05.09.12:136][ 79]Failed Spawned Dino: Piranha | 0.9x (Location 78368.611032, -101621.666887, -14342.765575)
[2024.09.14-05.09.27:162][493]Failed Spawned Dino: Piranha | 1.1x (Location -54941.688283, -26350.467441, -14302.562379)
[2024.09.14-05.10.21:154][ 63]Failed Spawned Dino: Piranha | 1.0x (Location 96635.820450, 138834.241849, -14410.808599)
[2024.09.14-05.10.22:083][ 90]Failed Spawned Dino: Piranha | 1.0x (Location 30393.587905, 143135.209483, -14329.768714)
[2024.09.14-05.11.01:787][104]Failed Spawned Dino: Manta - Lvl 15 (Location -209596.823871, 27080.809687, -53564.132012)
[2024.09.14-05.11.01:795][104]Failed Spawned Dino: Manta - Lvl 145 (Location -209555.452503, 26834.256630, -53579.584333)
[2024.09.14-05.11.34:215][ 44]Failed Spawned Dino: Piranha | 1.1x (Location 146493.695737, 39669.665745, -14367.876680)
[2024.09.14-05.11.35:660][ 87]Failed Spawned Dino: Manta - Lvl 100 (Location -230138.408763, 22352.481669, -53495.355787)
[2024.09.14-05.11.35:685][ 87]Failed Spawned Dino: Manta - Lvl 40 (Location -230298.138610, 22544.800093, -53517.857253)
[2024.09.14-05.15.41:484][401]Failed Spawned Dino: Xiphactinus - Lvl 140 (Location -143473.493124, 48951.147381, -53764.919399)
[2024.09.14-05.15.41:500][401]Failed Spawned Dino: Xiphactinus - Lvl 40 (Location -142665.643088, 47879.989913, -53566.246709)
[2024.09.14-05.16.36:947][ 44]Failed Spawned Dino: Coelacanth | 0.9x (Location -150986.857246, 44214.488764, -53373.094613)
[2024.09.14-05.16.36:954][ 44]Failed Spawned Dino: Coelacanth | 0.8x (Location -151114.088910, 44429.691236, -53398.571739)
[2024.09.14-05.16.36:965][ 44]Failed Spawned Dino: Coelacanth | 0.3x (Location -151202.059717, 44087.257101, -53371.383387)
[2024.09.14-05.18.09:659][819]Failed Spawned Dino: Coelacanth | 1.1x (Location -282470.527229, 50534.576334, -53495.102725)
[2024.09.14-05.19.44:318][649]Failed Spawned Dino: Basilosaurus - Lvl 135 (Location -230372.871515, 22370.038572, -53424.125514)
[2024.09.14-05.19.44:330][649]Failed Spawned Dino: Manta - Lvl 40 (Location -229876.547366, 22309.521307, -53483.421420)
[2024.09.14-05.19.44:341][649]Failed Spawned Dino: Manta - Lvl 110 (Location -230869.195663, 22430.555837, -53519.663277)
[2024.09.14-05.19.44:353][649]Failed Spawned Dino: Manta - Lvl 50 (Location -229906.805998, 22061.359232, -53461.605323)
[2024.09.14-05.19.44:367][649]Failed Spawned Dino: Manta - Lvl 45 (Location -230899.454296, 22182.393762, -53495.026926)
[2024.09.14-05.19.44:377][649]Failed Spawned Dino: Manta - Lvl 120 (Location -229846.288733, 22557.683381, -53505.237516)
[2024.09.14-05.19.44:387][649]Failed Spawned Dino: Manta - Lvl 90 (Location -230838.937031, 22678.717911, -53544.299627)
[2024.09.14-05.19.44:398][649]Failed Spawned Dino: Manta - Lvl 25 (Location -230808.678398, 22926.879985, -53568.461802)
[2024.09.14-05.19.44:410][649]Failed Spawned Dino: Manta - Lvl 90 (Location -229937.064631, 21813.197158, -53439.789227)
[2024.09.14-05.19.44:420][649]Failed Spawned Dino: Manta - Lvl 70 (Location -230681.550854, 21903.973055, -53464.479656)
[2024.09.14-05.23.00:276][493]Failed Spawned Dino: Ichthyosaurus - Lvl 20 (Location -157456.403323, 20236.904972, -53680.560126)
[2024.09.14-05.23.00:289][493]Failed Spawned Dino: Ichthyosaurus - Lvl 30 (Location -157627.556153, 20054.677891, -53725.804729)
[2024.09.14-05.23.31:908][439]Failed Spawned Dino: Manta - Lvl 110 (Location -154695.869581, 41540.224096, -53373.530037)
[2024.09.14-05.23.47:549][908]Failed Spawned Dino: Ichthyosaurus - Lvl 55 (Location -157921.217164, 21971.822097, -53585.938597)
[2024.09.14-05.24.33:029][269]Failed Spawned Dino: Coelacanth | 0.8x (Location -143478.266518, 47001.209197, -53506.086210)
[2024.09.14-05.24.33:041][269]Failed Spawned Dino: Coelacanth | 0.7x (Location -143332.338193, 46798.219237, -53468.450439)
[2024.09.14-05.24.33:051][269]Failed Spawned Dino: Coelacanth | 1.0x (Location -143681.256478, 46855.280871, -53482.510532)
[2024.09.14-05.25.59:382][854]Failed Spawned Dino: Piranha | 1.1x (Location -62186.419386, 103890.548907, -14415.738191)
[2024.09.14-05.27.34:931][700]Failed Spawned Dino: Piranha | 0.9x (Location 40270.308984, 52604.073323, -14438.903277)
[2024.09.14-05.28.00:540][468]Failed Spawned Dino: Megalodon - Lvl 110 (Location -202268.399140, 14444.803564, -53525.771341)
[2024.09.14-05.29.16:339][739]Failed Spawned Dino: Coelacanth | 1.3x (Location -159194.723763, 28279.449917, -53403.019575)
[2024.09.14-05.29.16:351][739]Failed Spawned Dino: Coelacanth | 1.4x (Location -159419.058656, 28389.785113, -53433.442410)
[2024.09.14-05.29.16:360][739]Failed Spawned Dino: Coelacanth | 0.5x (Location -159084.388566, 28503.784810, -53399.240865)
[2024.09.14-05.36.12:269][186]Failed Spawned Dino: Manta - Lvl 50 (Location -262778.302416, 145217.677965, -53445.377745)
[2024.09.14-05.36.12:284][186]Failed Spawned Dino: Manta - Lvl 45 (Location -262953.773510, 145039.605241, -53443.001350)
[2024.09.14-05.36.58:711][561]Failed Spawned Dino: Coelacanth | 1.4x (Location 1370.512393, 37143.140794, -51957.621921)
[2024.09.14-05.36.58:719][561]Failed Spawned Dino: Coelacanth | 1.1x (Location 1619.963154, 37126.578254, -51958.565652)
[2024.09.14-05.37.14:211][ 26]Failed Spawned Dino: Manta - Lvl 105 (Location -218559.909847, 23212.758182, -53454.989715)
[2024.09.14-05.37.14:222][ 26]Failed Spawned Dino: Manta - Lvl 80 (Location -218620.819437, 23455.224720, -53437.981586)
[2024.09.14-05.38.37:006][510]Failed Spawned Dino: Manta - Lvl 130 (Location -282116.091430, 49948.085905, -53508.012189)
[2024.09.14-05.38.37:021][510]Failed Spawned Dino: Manta - Lvl 15 (Location -282289.786860, 49768.280739, -53495.311539)
[2024.09.14-05.38.37:031][510]Failed Spawned Dino: Manta - Lvl 25 (Location -281942.396000, 50127.891071, -53520.712840)
[2024.09.14-05.38.37:038][510]Failed Spawned Dino: Manta - Lvl 95 (Location -282661.616663, 50822.672790, -53382.083095)
[2024.09.14-05.38.37:049][510]Failed Spawned Dino: Manta - Lvl 125 (Location -282487.921233, 51002.477956, -53394.783745)
[2024.09.14-05.38.37:060][510]Failed Spawned Dino: Manta - Lvl 120 (Location -282463.482289, 49588.475573, -53482.610889)
[2024.09.14-05.38.37:072][510]Failed Spawned Dino: Manta - Lvl 110 (Location -283002.897787, 50109.561863, -53378.638581)
[2024.09.14-05.39.34:621][237]Failed Spawned Dino: Manta - Lvl 145 (Location -211845.595384, 20006.876244, -53393.992028)
[2024.09.14-05.40.00:252][  6]Failed Spawned Dino: Xiphactinus - Lvl 85 (Location -282354.944696, 50052.064208, -53439.550765)
[2024.09.14-05.40.24:098][722]Failed Spawned Dino: Ichthyosaurus - Lvl 5 (Location -1783.904378, 38622.757242, -51805.968453)
[2024.09.14-05.43.49:759][866]Failed Spawned Dino: Coelacanth | 1.0x (Location -285261.935420, 63217.262700, -53496.770490)
[2024.09.14-05.55.55:786][602]Failed Spawned Dino: Piranha | 0.8x (Location 80958.033046, 20544.010200, -14419.425479)
[2024.09.14-05.56.50:265][219]Failed Spawned Dino: Piranha | 1.0x (Location 84290.712344, 25807.789248, -14417.144919)
