[2024.08.29-19.24.50:560][ 57]Log file open, 08/29/24 21:24:50
[2024.08.29-19.24.50:561][ 57]2024.08.29_19.24.50: [CCA_ASABot_C_2147186023] Loading INI Settings
[2024.08.29-19.24.50:573][ 57]2024.08.29_19.24.50: Version 2.1.0 --- CF Revision 117 --- Build Date Jul 8, 2024, 11:50:00 AM
[2024.08.29-19.25.38:344][ 70]2024.08.29_19.25.38: [WBUI] [CCA] [Version] Up to Date: v1.22
[2024.08.29-19.25.38:347][ 70]2024.08.29_19.25.38: [WBUI] [CCA] [INI-Setting] JsonURL= 
[2024.08.29-19.25.38:359][ 70]2024.08.29_19.25.38: [WBUI] [CCA] [INI-Settings] JsonURL empty. Settings Default: "https://raw.githubusercontent.com/DC-Modding/WBUI2-Wiki/main/default.json"
[2024.08.29-19.25.38:370][ 70]2024.08.29_19.25.38: [WBUI] [CCA] [Request] Sending request to: https://raw.githubusercontent.com/DC-Modding/WBUI2-Wiki/main/default.json
[2024.08.29-19.25.38:487][ 74]2024.08.29_19.25.38: [WBUI] [CCA] [Json] No Errors, Valid WBUI2 Json
[2024.08.29-19.25.38:491][ 74]2024.08.29_19.25.38: [WBUI] [CCA]  Updated Settings
[2024.08.29-19.29.06:977][296]2024.08.29_19.29.06: Saving world...
[2024.08.29-19.29.06:987][296]2024.08.29_19.29.06: World Save Complete. Took: 0.589957
[2024.08.29-19.30.19:187][474]2024.08.29_19.30.19: MartyrD0nk3y [UniqueNetId:0002789f4f984c6787a5898016eb4375 Platform:None] joined this ARK!
[2024.08.29-19.30.31:766][848]2024.08.29_19.30.31: Tribe Tribe of Shwat, ID 1432275875: Day 2, 21:01:10: <RichColor Color="1, 0, 0, 1">Tribemember Shwat - Lvl 14 was killed!</>)
[2024.08.29-19.30.31:767][848]2024.08.29_19.30.31: Shwat - Lvl 14 (Tribe of Shwat) was killed! [KillerSID: 531296528]
[2024.08.29-19.34.06:944][269]2024.08.29_19.34.06: Saving world...
[2024.08.29-19.34.06:955][269]2024.08.29_19.34.06: World Save Complete. Took: 0.545120
[2024.08.29-19.38.37:218][363]2024.08.29_19.38.37: Tribe Tribe of Shwat, ID 1432275875: Day 3, 03:07:25: <RichColor Color="1, 0, 0, 1">Tribemember Shwat - Lvl 14 was killed by a Dilophosaur - Lvl 7!</>)
[2024.08.29-19.38.37:224][363]2024.08.29_19.38.37: Shwat - Lvl 14 (Tribe of Shwat) was killed by a Dilophosaur - Lvl 7 ()!
[2024.08.29-19.39.06:962][229]2024.08.29_19.39.06: Saving world...
[2024.08.29-19.39.06:974][229]2024.08.29_19.39.06: World Save Complete. Took: 0.547487
[2024.08.29-19.44.06:959][135]2024.08.29_19.44.06: Saving world...
[2024.08.29-19.44.06:965][135]2024.08.29_19.44.06: World Save Complete. Took: 0.536532
[2024.08.29-19.46.35:423][550]2024.08.29_19.46.35: MartyrD0nk3y [UniqueNetId:0002789f4f984c6787a5898016eb4375 Platform:None] left this ARK!
[2024.08.29-19.49.07:001][110]2024.08.29_19.49.07: Saving world...
[2024.08.29-19.49.07:019][110]2024.08.29_19.49.07: World Save Complete. Took: 0.560568
[2024.08.29-19.54.07:016][150]2024.08.29_19.54.07: Saving world...
[2024.08.29-19.54.07:022][150]2024.08.29_19.54.07: World Save Complete. Took: 0.543099
[2024.08.29-19.59.07:041][194]2024.08.29_19.59.07: Saving world...
[2024.08.29-19.59.07:049][194]2024.08.29_19.59.07: World Save Complete. Took: 0.563470
[2024.08.29-20.04.07:071][236]2024.08.29_20.04.07: Saving world...
[2024.08.29-20.04.07:078][236]2024.08.29_20.04.07: World Save Complete. Took: 0.566323
[2024.08.29-20.09.07:094][279]2024.08.29_20.09.07: Saving world...
[2024.08.29-20.09.07:106][279]2024.08.29_20.09.07: World Save Complete. Took: 0.562327
[2024.08.29-20.14.07:106][326]2024.08.29_20.14.07: Saving world...
[2024.08.29-20.14.07:115][326]2024.08.29_20.14.07: World Save Complete. Took: 0.570594
[2024.08.29-20.19.07:129][371]2024.08.29_20.19.07: Saving world...
[2024.08.29-20.19.07:140][371]2024.08.29_20.19.07: World Save Complete. Took: 0.565114
[2024.08.29-20.24.07:170][419]2024.08.29_20.24.07: Saving world...
[2024.08.29-20.24.07:181][419]2024.08.29_20.24.07: World Save Complete. Took: 0.582478
[2024.08.29-20.29.07:149][465]2024.08.29_20.29.07: Saving world...
[2024.08.29-20.29.07:157][465]2024.08.29_20.29.07: World Save Complete. Took: 0.556633
[2024.08.29-20.34.07:172][513]2024.08.29_20.34.07: Saving world...
[2024.08.29-20.34.07:181][513]2024.08.29_20.34.07: World Save Complete. Took: 0.574961
[2024.08.29-20.39.07:198][561]2024.08.29_20.39.07: Saving world...
[2024.08.29-20.39.07:203][561]2024.08.29_20.39.07: World Save Complete. Took: 0.579961
[2024.08.29-20.42.57:706][518]2024.08.29_20.42.57: RehDragon [UniqueNetId:0002a0b12ff54d80a45035c18750b660 Platform:None] joined this ARK!
[2024.08.29-20.43.13:971][  8]2024.08.29_20.43.13: Tribe Tribe of RehDragon, ID 1843336968: Day 3, 17:13:32: <RichColor Color="0, 1, 1, 1">RehDragon was added to the Tribe!</>)
[2024.08.29-20.43.13:982][  8]2024.08.29_20.43.13: Player RehDragon with ID 685611945 joined tribe Tribe of RehDragon with ID 1843336968.
[2024.08.29-20.44.07:190][578]2024.08.29_20.44.07: Saving world...
[2024.08.29-20.44.07:204][578]2024.08.29_20.44.07: World Save Complete. Took: 0.566184
[2024.08.29-20.49.07:232][559]2024.08.29_20.49.07: Saving world...
[2024.08.29-20.49.07:238][559]2024.08.29_20.49.07: World Save Complete. Took: 0.596279
[2024.08.29-20.54.07:234][540]2024.08.29_20.54.07: Saving world...
[2024.08.29-20.54.07:240][540]2024.08.29_20.54.07: World Save Complete. Took: 0.571270
[2024.08.29-20.59.07:230][516]2024.08.29_20.59.07: Saving world...
[2024.08.29-20.59.07:246][516]2024.08.29_20.59.07: World Save Complete. Took: 0.572524
[2024.08.29-21.04.05:270][451]2024.08.29_21.04.05: Tribe Tribe of RehDragon, ID 1843336968: Day 3, 23:46:25: <RichColor Color="1, 0, 0, 1">Tribemember RehDragon - Lvl 14 was killed!</>)
[2024.08.29-21.04.05:281][451]2024.08.29_21.04.05: RehDragon - Lvl 14 (Tribe of RehDragon) was killed!
[2024.08.29-21.04.07:245][493]2024.08.29_21.04.07: Saving world...
[2024.08.29-21.04.07:251][493]2024.08.29_21.04.07: World Save Complete. Took: 0.569528
[2024.08.29-21.09.07:281][459]2024.08.29_21.09.07: Saving world...
[2024.08.29-21.09.07:285][459]2024.08.29_21.09.07: World Save Complete. Took: 0.600453
[2024.08.29-21.12.05:727][809]2024.08.29_21.12.05: RehDragon [UniqueNetId:0002a0b12ff54d80a45035c18750b660 Platform:None] left this ARK!
[2024.08.29-21.14.07:272][462]2024.08.29_21.14.07: Saving world...
[2024.08.29-21.14.07:285][462]2024.08.29_21.14.07: World Save Complete. Took: 0.570624
[2024.08.29-21.19.07:269][515]2024.08.29_21.19.07: Saving world...
[2024.08.29-21.19.07:278][515]2024.08.29_21.19.07: World Save Complete. Took: 0.534310
[2024.08.29-21.24.07:315][569]2024.08.29_21.24.07: Saving world...
[2024.08.29-21.24.07:325][569]2024.08.29_21.24.07: World Save Complete. Took: 0.575220
[2024.08.29-21.25.59:095][941]2024.08.29_21.25.59: RehDragon [UniqueNetId:0002a0b12ff54d80a45035c18750b660 Platform:None] joined this ARK!
[2024.08.29-21.29.07:339][563]2024.08.29_21.29.07: Saving world...
[2024.08.29-21.29.07:349][563]2024.08.29_21.29.07: World Save Complete. Took: 0.573179
[2024.08.29-21.34.07:353][544]2024.08.29_21.34.07: Saving world...
[2024.08.29-21.34.07:362][544]2024.08.29_21.34.07: World Save Complete. Took: 0.582452
[2024.08.29-21.34.26:689][123]2024.08.29_21.34.26: RehDragon [UniqueNetId:0002a0b12ff54d80a45035c18750b660 Platform:None] left this ARK!
[2024.08.29-21.39.07:348][589]2024.08.29_21.39.07: Saving world...
[2024.08.29-21.39.07:358][589]2024.08.29_21.39.07: World Save Complete. Took: 0.557536
[2024.08.29-21.44.07:408][643]2024.08.29_21.44.07: Saving world...
[2024.08.29-21.44.07:422][643]2024.08.29_21.44.07: World Save Complete. Took: 0.589752
[2024.08.29-21.49.07:382][697]2024.08.29_21.49.07: Saving world...
[2024.08.29-21.49.07:386][697]2024.08.29_21.49.07: World Save Complete. Took: 0.551575
[2024.08.29-21.53.20:074][327]2024.08.29_21.53.20: RehDragon [UniqueNetId:0002a0b12ff54d80a45035c18750b660 Platform:None] joined this ARK!
[2024.08.29-21.54.07:406][726]2024.08.29_21.54.07: Saving world...
[2024.08.29-21.54.07:413][726]2024.08.29_21.54.07: World Save Complete. Took: 0.556332
[2024.08.29-21.59.07:478][708]2024.08.29_21.59.07: Saving world...
[2024.08.29-21.59.07:487][708]2024.08.29_21.59.07: World Save Complete. Took: 0.608449
[2024.08.29-22.04.07:456][688]2024.08.29_22.04.07: Saving world...
[2024.08.29-22.04.07:462][688]2024.08.29_22.04.07: World Save Complete. Took: 0.556861
[2024.08.29-22.05.35:898][329]2024.08.29_22.05.35: RehDragon [UniqueNetId:0002a0b12ff54d80a45035c18750b660 Platform:None] left this ARK!
[2024.08.29-22.09.07:467][701]2024.08.29_22.09.07: Saving world...
[2024.08.29-22.09.07:481][701]2024.08.29_22.09.07: World Save Complete. Took: 0.552353
