[2024.09.14-04.57.04:808][ 66]Log file open, 09/14/24 06:57:04
[2024.09.14-04.57.04:808][ 66]2024.09.14_04.57.04: [CCA_ASABot_C_2147476545] Loading INI Settings
[2024.09.14-04.57.04:834][ 66]2024.09.14_04.57.04: Version 2.1.0 --- CF Revision 117 --- Build Date Jul 8, 2024, 11:50:00 AM
[2024.09.14-05.00.35:871][ 71]2024.09.14_05.00.35: [WBUI] [CCA] [Version] Up to Date: v1.22
[2024.09.14-05.00.35:937][ 71]2024.09.14_05.00.35: [WBUI] [CCA] [INI-Setting] JsonURL= 
[2024.09.14-05.00.36:029][ 71]2024.09.14_05.00.36: [WBUI] [CCA] [INI-Settings] JsonURL empty. Settings Default: "https://raw.githubusercontent.com/DC-Modding/WBUI2-Wiki/main/default.json"
[2024.09.14-05.00.36:060][ 71]2024.09.14_05.00.36: [WBUI] [CCA] [Json] No Errors, Valid WBUI2 Json
[2024.09.14-05.00.36:106][ 71]2024.09.14_05.00.36: [WBUI] [CCA]  Updated Settings
[2024.09.14-05.01.24:908][104]2024.09.14_05.01.24: Saving world...
[2024.09.14-05.01.25:047][104]2024.09.14_05.01.25: World Save Complete. Took: 7.680187
[2024.09.14-05.06.17:614][164]2024.09.14_05.06.17: Saving world...
[2024.09.14-05.06.17:630][164]2024.09.14_05.06.17: World Save Complete. Took: 0.440884
[2024.09.14-05.11.17:650][552]2024.09.14_05.11.17: Saving world...
[2024.09.14-05.11.17:661][552]2024.09.14_05.11.17: World Save Complete. Took: 0.453141
[2024.09.14-05.16.17:711][470]2024.09.14_05.16.17: Saving world...
[2024.09.14-05.16.17:721][470]2024.09.14_05.16.17: World Save Complete. Took: 0.489411
[2024.09.14-05.21.17:860][427]2024.09.14_05.21.17: Saving world...
[2024.09.14-05.21.17:880][427]2024.09.14_05.21.17: World Save Complete. Took: 0.620256
[2024.09.14-05.26.17:857][390]2024.09.14_05.26.17: Saving world...
[2024.09.14-05.26.17:867][390]2024.09.14_05.26.17: World Save Complete. Took: 0.575511
[2024.09.14-05.31.17:947][366]2024.09.14_05.31.17: Saving world...
[2024.09.14-05.31.17:965][366]2024.09.14_05.31.17: World Save Complete. Took: 0.649320
[2024.09.14-05.36.17:947][338]2024.09.14_05.36.17: Saving world...
[2024.09.14-05.36.17:961][338]2024.09.14_05.36.17: World Save Complete. Took: 0.612822
[2024.09.14-05.41.17:974][320]2024.09.14_05.41.17: Saving world...
[2024.09.14-05.41.18:004][320]2024.09.14_05.41.18: World Save Complete. Took: 0.651097
[2024.09.14-05.46.18:027][293]2024.09.14_05.46.18: Saving world...
[2024.09.14-05.46.18:040][293]2024.09.14_05.46.18: World Save Complete. Took: 0.668145
[2024.09.14-05.51.18:032][273]2024.09.14_05.51.18: Saving world...
[2024.09.14-05.51.18:046][273]2024.09.14_05.51.18: World Save Complete. Took: 0.660819
[2024.09.14-05.56.18:044][251]2024.09.14_05.56.18: Saving world...
[2024.09.14-05.56.18:061][251]2024.09.14_05.56.18: World Save Complete. Took: 0.661105
