[2024.09.09-05.28.08:158][ 42]Log file open, 09/09/24 07:28:08
[2024.09.09-05.28.08:158][ 42]2024.09.09_05.28.08: [CCA_ASABot_C_2147476545] Loading INI Settings
[2024.09.09-05.28.08:214][ 42]2024.09.09_05.28.08: Version 2.1.0 --- CF Revision 117 --- Build Date Jul 8, 2024, 11:50:00 AM
[2024.09.09-05.30.04:403][ 48]2024.09.09_05.30.04: [WBUI] [CCA] [Version] Up to Date: v1.22
[2024.09.09-05.30.04:412][ 48]2024.09.09_05.30.04: [WBUI] [CCA] [INI-Setting] JsonURL= 
[2024.09.09-05.30.04:424][ 48]2024.09.09_05.30.04: [WBUI] [CCA] [INI-Settings] JsonURL empty. Settings Default: "https://raw.githubusercontent.com/DC-Modding/WBUI2-Wiki/main/default.json"
[2024.09.09-05.30.04:437][ 48]2024.09.09_05.30.04: [WBUI] [CCA] [Json] No Errors, Valid WBUI2 Json
[2024.09.09-05.30.04:446][ 48]2024.09.09_05.30.04: [WBUI] [CCA]  Updated Settings
[2024.09.09-05.32.34:254][143]2024.09.09_05.32.34: Saving world...
[2024.09.09-05.32.34:270][143]2024.09.09_05.32.34: World Save Complete. Took: 0.485783
[2024.09.09-05.37.34:851][799]2024.09.09_05.37.34: Saving world...
[2024.09.09-05.37.35:291][799]2024.09.09_05.37.35: World Save Complete. Took: 1.466059
[2024.09.09-05.42.34:286][692]2024.09.09_05.42.34: Saving world...
[2024.09.09-05.42.34:292][692]2024.09.09_05.42.34: World Save Complete. Took: 0.452357
[2024.09.09-05.47.34:378][669]2024.09.09_05.47.34: Saving world...
[2024.09.09-05.47.34:395][669]2024.09.09_05.47.34: World Save Complete. Took: 0.527512
[2024.09.09-05.52.34:411][535]2024.09.09_05.52.34: Saving world...
[2024.09.09-05.52.34:426][535]2024.09.09_05.52.34: World Save Complete. Took: 0.545308
[2024.09.09-05.57.34:424][514]2024.09.09_05.57.34: Saving world...
[2024.09.09-05.57.34:438][514]2024.09.09_05.57.34: World Save Complete. Took: 0.547796
[2024.09.09-06.02.34:304][133]2024.09.09_06.02.34: Saving world...
[2024.09.09-06.02.34:312][133]2024.09.09_06.02.34: World Save Complete. Took: 0.415112
[2024.09.09-06.07.34:259][121]2024.09.09_06.07.34: Saving world...
[2024.09.09-06.07.34:269][121]2024.09.09_06.07.34: World Save Complete. Took: 0.361429
[2024.09.09-06.09.00:825][195]2024.09.09_06.09.00: RehDragon [UniqueNetId:0002a0b12ff54d80a45035c18750b660 Platform:None] joined this ARK!
[2024.09.09-06.09.22:735][843]2024.09.09_06.09.22: AdminCmd: fly (PlayerName: RehDragon, ARKID: 99741031, SteamID: 0002a0b12ff54d80a45035c18750b660)
[2024.09.09-06.09.35:667][229]2024.09.09_06.09.35: AdminCmd: walk (PlayerName: RehDragon, ARKID: 99741031, SteamID: 0002a0b12ff54d80a45035c18750b660)
[2024.09.09-06.12.34:359][560]2024.09.09_06.12.34: Saving world...
[2024.09.09-06.12.34:375][560]2024.09.09_06.12.34: World Save Complete. Took: 0.445311
[2024.09.09-06.17.34:380][522]2024.09.09_06.17.34: Saving world...
[2024.09.09-06.17.34:389][522]2024.09.09_06.17.34: World Save Complete. Took: 0.450369
[2024.09.09-06.22.34:456][456]2024.09.09_06.22.34: Saving world...
[2024.09.09-06.22.34:466][456]2024.09.09_06.22.34: World Save Complete. Took: 0.523683
[2024.09.09-06.27.34:471][421]2024.09.09_06.27.34: Saving world...
[2024.09.09-06.27.34:491][421]2024.09.09_06.27.34: World Save Complete. Took: 0.528034
[2024.09.09-06.31.48:879][869]2024.09.09_06.31.48: AdminCmd: GiveItem "Blueprint'/Game/Aberration/CoreBlueprints/Resources/PrimalItemResource_ApexDrop_Basilisk_Alpha.PrimalItemResource_ApexDrop_Basilisk_Alpha'" (PlayerName: RehDragon, ARKID: 99741031, SteamID: 0002a0b12ff54d80a45035c18750b660)
[2024.09.09-06.32.00:398][214]2024.09.09_06.32.00: AdminCmd: GiveItem "Blueprint'/Game/Aberration/CoreBlueprints/Resources/PrimalItemResource_ApexDrop_Basilisk_Alpha.PrimalItemResource_ApexDrop_Basilisk_Alpha'" 1 0 0 (PlayerName: RehDragon, ARKID: 99741031, SteamID: 0002a0b12ff54d80a45035c18750b660)
[2024.09.09-06.32.34:537][220]2024.09.09_06.32.34: Saving world...
[2024.09.09-06.32.34:547][220]2024.09.09_06.32.34: World Save Complete. Took: 0.572399
[2024.09.09-06.37.34:519][165]2024.09.09_06.37.34: Saving world...
[2024.09.09-06.37.34:528][165]2024.09.09_06.37.34: World Save Complete. Took: 0.547118
[2024.09.09-06.42.02:345][186]2024.09.09_06.42.02: RehDragon [UniqueNetId:0002a0b12ff54d80a45035c18750b660 Platform:None] left this ARK!
[2024.09.09-06.42.34:608][136]2024.09.09_06.42.34: Saving world...
[2024.09.09-06.42.34:625][136]2024.09.09_06.42.34: World Save Complete. Took: 0.627079
[2024.09.09-06.47.34:581][133]2024.09.09_06.47.34: Saving world...
[2024.09.09-06.47.34:599][133]2024.09.09_06.47.34: World Save Complete. Took: 0.588815
[2024.09.09-06.52.34:656][118]2024.09.09_06.52.34: Saving world...
[2024.09.09-06.52.34:681][118]2024.09.09_06.52.34: World Save Complete. Took: 0.666161
[2024.09.09-06.57.34:628][ 98]2024.09.09_06.57.34: Saving world...
[2024.09.09-06.57.34:657][ 98]2024.09.09_06.57.34: World Save Complete. Took: 0.639122
[2024.09.09-07.02.34:460][960]2024.09.09_07.02.34: Saving world...
[2024.09.09-07.02.34:465][960]2024.09.09_07.02.34: World Save Complete. Took: 0.444291
[2024.09.09-07.07.34:461][790]2024.09.09_07.07.34: Saving world...
[2024.09.09-07.07.34:466][790]2024.09.09_07.07.34: World Save Complete. Took: 0.418856
[2024.09.09-07.12.34:504][773]2024.09.09_07.12.34: Saving world...
[2024.09.09-07.12.34:512][773]2024.09.09_07.12.34: World Save Complete. Took: 0.461791
[2024.09.09-07.17.34:531][749]2024.09.09_07.17.34: Saving world...
[2024.09.09-07.17.34:553][749]2024.09.09_07.17.34: World Save Complete. Took: 0.483038
[2024.09.09-07.22.34:632][650]2024.09.09_07.22.34: Saving world...
[2024.09.09-07.22.34:655][650]2024.09.09_07.22.34: World Save Complete. Took: 0.565663
[2024.09.09-07.27.34:682][561]2024.09.09_07.27.34: Saving world...
[2024.09.09-07.27.34:698][561]2024.09.09_07.27.34: World Save Complete. Took: 0.575022
[2024.09.09-07.32.34:737][491]2024.09.09_07.32.34: Saving world...
[2024.09.09-07.32.34:754][491]2024.09.09_07.32.34: World Save Complete. Took: 0.615542
[2024.09.09-07.37.34:684][485]2024.09.09_07.37.34: Saving world...
[2024.09.09-07.37.34:704][485]2024.09.09_07.37.34: World Save Complete. Took: 0.565791
[2024.09.09-07.42.34:709][463]2024.09.09_07.42.34: Saving world...
[2024.09.09-07.42.34:723][463]2024.09.09_07.42.34: World Save Complete. Took: 0.569694
[2024.09.09-07.47.34:753][466]2024.09.09_07.47.34: Saving world...
[2024.09.09-07.47.34:764][466]2024.09.09_07.47.34: World Save Complete. Took: 0.601665
[2024.09.09-07.52.34:774][470]2024.09.09_07.52.34: Saving world...
[2024.09.09-07.52.34:787][470]2024.09.09_07.52.34: World Save Complete. Took: 0.595357
[2024.09.09-07.57.34:792][466]2024.09.09_07.57.34: Saving world...
[2024.09.09-07.57.34:801][466]2024.09.09_07.57.34: World Save Complete. Took: 0.607250
[2024.09.09-08.02.34:689][ 45]2024.09.09_08.02.34: Saving world...
[2024.09.09-08.02.34:697][ 45]2024.09.09_08.02.34: World Save Complete. Took: 0.477147
[2024.09.09-08.07.34:647][719]2024.09.09_08.07.34: Saving world...
[2024.09.09-08.07.34:671][719]2024.09.09_08.07.34: World Save Complete. Took: 0.430415
[2024.09.09-08.12.34:696][675]2024.09.09_08.12.34: Saving world...
[2024.09.09-08.12.34:704][675]2024.09.09_08.12.34: World Save Complete. Took: 0.446740
[2024.09.09-08.18.28:222][572]2024.09.09_08.18.28: Saving world...
[2024.09.09-08.18.28:233][572]2024.09.09_08.18.28: World Save Complete. Took: 0.488483
[2024.09.09-08.19.20:017][116]2024.09.09_08.19.20: RehDragon [UniqueNetId:0002a0b12ff54d80a45035c18750b660 Platform:None] joined this ARK!
[2024.09.09-08.19.41:526][697]2024.09.09_08.19.41: RehDragon (Reh): .
[2024.09.09-08.19.44:992][800]2024.09.09_08.19.44: AdminCmd: SetAdminIcon false (PlayerName: RehDragon, ARKID: 99741031, SteamID: 0002a0b12ff54d80a45035c18750b660)
[2024.09.09-08.20.15:104][695]2024.09.09_08.20.15: RehDragon [UniqueNetId:0002a0b12ff54d80a45035c18750b660 Platform:None] left this ARK!
[2024.09.09-08.23.28:299][439]2024.09.09_08.23.28: Saving world...
[2024.09.09-08.23.28:327][439]2024.09.09_08.23.28: World Save Complete. Took: 0.557814
[2024.09.09-08.28.28:290][416]2024.09.09_08.28.28: Saving world...
[2024.09.09-08.28.28:298][416]2024.09.09_08.28.28: World Save Complete. Took: 0.509215
[2024.09.09-08.33.28:356][398]2024.09.09_08.33.28: Saving world...
[2024.09.09-08.33.28:370][398]2024.09.09_08.33.28: World Save Complete. Took: 0.550687
[2024.09.09-08.38.28:393][390]2024.09.09_08.38.28: Saving world...
[2024.09.09-08.38.28:407][390]2024.09.09_08.38.28: World Save Complete. Took: 0.561975
[2024.09.09-08.43.28:397][379]2024.09.09_08.43.28: Saving world...
[2024.09.09-08.43.28:405][379]2024.09.09_08.43.28: World Save Complete. Took: 0.552848
[2024.09.09-08.48.28:401][366]2024.09.09_08.48.28: Saving world...
[2024.09.09-08.48.28:411][366]2024.09.09_08.48.28: World Save Complete. Took: 0.555939
[2024.09.09-08.53.28:429][346]2024.09.09_08.53.28: Saving world...
[2024.09.09-08.53.28:444][346]2024.09.09_08.53.28: World Save Complete. Took: 0.565682
[2024.09.09-08.58.28:452][321]2024.09.09_08.58.28: Saving world...
[2024.09.09-08.58.28:465][321]2024.09.09_08.58.28: World Save Complete. Took: 0.564265
[2024.09.09-09.03.28:470][285]2024.09.09_09.03.28: Saving world...
[2024.09.09-09.03.28:486][285]2024.09.09_09.03.28: World Save Complete. Took: 0.563744
[2024.09.09-09.08.28:519][258]2024.09.09_09.08.28: Saving world...
[2024.09.09-09.08.28:532][258]2024.09.09_09.08.28: World Save Complete. Took: 0.609076
[2024.09.09-09.13.28:551][237]2024.09.09_09.13.28: Saving world...
[2024.09.09-09.13.28:567][237]2024.09.09_09.13.28: World Save Complete. Took: 0.631388
[2024.09.09-09.18.28:665][214]2024.09.09_09.18.28: Saving world...
[2024.09.09-09.18.28:674][214]2024.09.09_09.18.28: World Save Complete. Took: 0.706324
[2024.09.09-09.23.28:629][191]2024.09.09_09.23.28: Saving world...
[2024.09.09-09.23.28:646][191]2024.09.09_09.23.28: World Save Complete. Took: 0.650357
[2024.09.09-09.28.28:656][164]2024.09.09_09.28.28: Saving world...
[2024.09.09-09.28.28:669][164]2024.09.09_09.28.28: World Save Complete. Took: 0.671005
[2024.09.09-09.33.28:601][135]2024.09.09_09.33.28: Saving world...
[2024.09.09-09.33.28:611][135]2024.09.09_09.33.28: World Save Complete. Took: 0.613276
[2024.09.09-09.38.28:680][925]2024.09.09_09.38.28: Saving world...
[2024.09.09-09.38.28:694][925]2024.09.09_09.38.28: World Save Complete. Took: 0.681871
[2024.09.09-09.43.28:600][904]2024.09.09_09.43.28: Saving world...
[2024.09.09-09.43.28:606][904]2024.09.09_09.43.28: World Save Complete. Took: 0.581485
[2024.09.09-09.44.22:677][404]2024.09.09_09.44.22: DEAD JOKER1X [UniqueNetId:00021fc1b0504c7f91273e3fef1ef8e6 Platform:None] joined this ARK!
[2024.09.09-09.48.28:616][355]2024.09.09_09.48.28: Saving world...
[2024.09.09-09.48.28:628][355]2024.09.09_09.48.28: World Save Complete. Took: 0.571574
[2024.09.09-09.48.29:493][378]2024.09.09_09.48.29: Tribe Tribe of Lucifer, ID 1272709801: Day 35, 09:52:37: Lucifer froze Pyromane - Lvl 265 (Pyromane))
[2024.09.09-09.53.28:624][223]2024.09.09_09.53.28: Saving world...
[2024.09.09-09.53.28:639][223]2024.09.09_09.53.28: World Save Complete. Took: 0.569944
[2024.09.09-09.58.28:651][132]2024.09.09_09.58.28: Saving world...
[2024.09.09-09.58.28:657][132]2024.09.09_09.58.28: World Save Complete. Took: 0.573442
[2024.09.09-10.03.28:553][987]2024.09.09_10.03.28: Saving world...
[2024.09.09-10.03.28:561][987]2024.09.09_10.03.28: World Save Complete. Took: 0.472832
[2024.09.09-10.08.28:511][812]2024.09.09_10.08.28: Saving world...
[2024.09.09-10.08.28:517][812]2024.09.09_10.08.28: World Save Complete. Took: 0.403434
[2024.09.09-10.13.28:580][770]2024.09.09_10.13.28: Saving world...
[2024.09.09-10.13.28:591][770]2024.09.09_10.13.28: World Save Complete. Took: 0.459228
[2024.09.09-10.18.28:650][542]2024.09.09_10.18.28: Saving world...
[2024.09.09-10.18.28:666][542]2024.09.09_10.18.28: World Save Complete. Took: 0.534918
[2024.09.09-10.23.28:668][314]2024.09.09_10.23.28: Saving world...
[2024.09.09-10.23.28:680][314]2024.09.09_10.23.28: World Save Complete. Took: 0.522378
[2024.09.09-10.24.51:625][798]2024.09.09_10.24.51: MrPenguin2212 [UniqueNetId:0002acf37cd14844ba16e8bac3628aa8 Platform:None] joined this ARK!
[2024.09.09-10.27.02:520][688]2024.09.09_10.27.02: Tribe Tribe of Azaria, ID 1417282873: Day 35, 18:03:51: <RichColor Color="0.45, 0.85, 0.55, 1">Azaria downloaded a dino: Pteranodon - Lvl 218</>)
[2024.09.09-10.27.04:073][734]2024.09.09_10.27.04: P E N T A [UniqueNetId:00025bc3ffd1418eac3cc458a9487156 Platform:None] joined this ARK!
[2024.09.09-10.27.22:450][279]2024.09.09_10.27.22: Tribe Tribe of PE N T A, ID 1424719686: Day 35, 18:08:07: <RichColor Color="0, 1, 1, 1">PE N T A was added to the Tribe!</>)
[2024.09.09-10.27.22:456][279]2024.09.09_10.27.22: Player P E N T A with ID 843568701 joined tribe Tribe of PE N T A with ID 1424719686.
[2024.09.09-10.28.28:693][149]2024.09.09_10.28.28: Saving world...
[2024.09.09-10.28.28:709][149]2024.09.09_10.28.28: World Save Complete. Took: 0.541930
[2024.09.09-10.31.26:193][226]2024.09.09_10.31.26: Tribe Tribe of Azaria, ID 1417282873: Day 35, 19:00:08: Azaria froze Pteranodon - Lvl 219 (Pteranodon))
[2024.09.09-10.31.32:793][421]2024.09.09_10.31.32: Tribe Tribe of Lucifer, ID 1272709801: Day 35, 19:01:25: Lucifer froze Rock Drake)
[2024.09.09-10.31.44:222][756]2024.09.09_10.31.44: Tribe Tribe of Lucifer, ID 1272709801: Day 35, 19:03:58: <RichColor Color="0, 1, 1, 1">Tribe of Azaria tribe was merged in by Azaria!</>)
[2024.09.09-10.31.44:267][756]2024.09.09_10.31.44: Tribe Tribe of Azaria, ID 1417282873: Day 35, 19:03:58: <RichColor Color="1, 1, 0, 1">Azaria was removed from the Tribe!</>)
[2024.09.09-10.31.44:278][756]2024.09.09_10.31.44: Player Azaria with ID 523682463 removed from tribe Tribe of Azaria with ID 1417282873.
[2024.09.09-10.31.44:346][756]2024.09.09_10.31.44: Tribe Tribe of Lucifer, ID 1272709801: Day 35, 19:03:58: <RichColor Color="0, 1, 1, 1">Azaria was added to the Tribe by Lucifer!</>)
[2024.09.09-10.31.44:356][756]2024.09.09_10.31.44: Player Azaria with ID 523682463 joined tribe Tribe of Lucifer with ID 1272709801 Invited by Player Lucifer with ID 919482755.
[2024.09.09-10.33.28:714][713]2024.09.09_10.33.28: Saving world...
[2024.09.09-10.33.28:720][713]2024.09.09_10.33.28: World Save Complete. Took: 0.541902
[2024.09.09-10.34.28:572][440]2024.09.09_10.34.28: P E N T A (PE N T A): Hi
[2024.09.09-10.35.37:292][432]2024.09.09_10.35.37: Tribe Tribe of PE N T A, ID 1424719686: Day 35, 19:53:26: <RichColor Color="0, 1, 0, 1">PE N T A Tamed an Ichthyosaurus - Lvl 127 (Ichthyosaurus)!</>)
[2024.09.09-10.35.37:295][432]2024.09.09_10.35.37: PE N T A of Tribe Tribe of PE N T A Tamed an Ichthyosaurus - Lvl 127 (Ichthyosaurus)!
[2024.09.09-10.38.28:752][334]2024.09.09_10.38.28: Saving world...
[2024.09.09-10.38.28:763][334]2024.09.09_10.38.28: World Save Complete. Took: 0.584085
[2024.09.09-10.41.34:879][540]2024.09.09_10.41.34: P E N T A [UniqueNetId:00025bc3ffd1418eac3cc458a9487156 Platform:None] left this ARK!
[2024.09.09-10.43.28:756][922]2024.09.09_10.43.28: Saving world...
[2024.09.09-10.43.28:766][922]2024.09.09_10.43.28: World Save Complete. Took: 0.567236
[2024.09.09-10.45.58:819][378]2024.09.09_10.45.58: Tribe Tribe of Lucifer, ID 1272709801: Day 36, 01:48:19: Azaria froze Pteranodon - Lvl 222 (Pteranodon))
[2024.09.09-10.48.28:768][838]2024.09.09_10.48.28: Saving world...
[2024.09.09-10.48.28:780][838]2024.09.09_10.48.28: World Save Complete. Took: 0.574372
[2024.09.09-10.53.28:773][760]2024.09.09_10.53.28: Saving world...
[2024.09.09-10.53.28:787][760]2024.09.09_10.53.28: World Save Complete. Took: 0.580445
[2024.09.09-10.58.28:822][701]2024.09.09_10.58.28: Saving world...
[2024.09.09-10.58.28:834][701]2024.09.09_10.58.28: World Save Complete. Took: 0.618972
[2024.09.09-11.03.28:720][618]2024.09.09_11.03.28: Saving world...
[2024.09.09-11.03.28:729][618]2024.09.09_11.03.28: World Save Complete. Took: 0.497611
[2024.09.09-11.08.28:649][499]2024.09.09_11.08.28: Saving world...
[2024.09.09-11.08.28:660][499]2024.09.09_11.08.28: World Save Complete. Took: 0.407516
[2024.09.09-11.10.31:304][160]2024.09.09_11.10.31: Tribe Tribe of Lucifer, ID 1272709801: Day 36, 09:23:59: Lucifer froze Pyromane)
[2024.09.09-11.12.32:224][769]2024.09.09_11.12.32: Tribe Tribe of Lucifer, ID 1272709801: Day 36, 09:49:35: <RichColor Color="0.45, 0.85, 0.55, 1">Lucifer downloaded a dino: Cosmo - Lvl 183</>)
[2024.09.09-11.12.37:921][937]2024.09.09_11.12.37: Tribe Tribe of Lucifer, ID 1272709801: Day 36, 09:50:51: Lucifer froze Cosmo)
[2024.09.09-11.13.28:714][435]2024.09.09_11.13.28: Saving world...
[2024.09.09-11.13.28:727][435]2024.09.09_11.13.28: World Save Complete. Took: 0.459799
[2024.09.09-11.13.53:020][160]2024.09.09_11.13.53: Tribe Tribe of Lucifer, ID 1272709801: Day 36, 10:06:51: Lucifer froze Pyromane)
[2024.09.09-11.14.01:975][423]2024.09.09_11.14.01: DEAD JOKER1X [UniqueNetId:00021fc1b0504c7f91273e3fef1ef8e6 Platform:None] left this ARK!
[2024.09.09-11.15.10:399][461]2024.09.09_11.15.10: MrPenguin2212 [UniqueNetId:0002acf37cd14844ba16e8bac3628aa8 Platform:None] left this ARK!
[2024.09.09-11.17.00:405][756]2024.09.09_11.17.00: DEAD JOKER1X [UniqueNetId:00021fc1b0504c7f91273e3fef1ef8e6 Platform:None] joined this ARK!
[2024.09.09-11.18.28:854][360]2024.09.09_11.18.28: Saving world...
[2024.09.09-11.18.28:867][360]2024.09.09_11.18.28: World Save Complete. Took: 0.570121
[2024.09.09-11.22.07:769][855]2024.09.09_11.22.07: Tribe Tribe of Lucifer, ID 1272709801: Day 36, 11:52:10: Lucifer froze Rock Drake)
[2024.09.09-11.23.28:913][251]2024.09.09_11.23.28: Saving world...
[2024.09.09-11.23.28:928][251]2024.09.09_11.23.28: World Save Complete. Took: 0.608530
[2024.09.09-11.24.56:577][849]2024.09.09_11.24.56: MrPenguin2212 [UniqueNetId:0002acf37cd14844ba16e8bac3628aa8 Platform:None] joined this ARK!
[2024.09.09-11.28.04:255][355]2024.09.09_11.28.04: Tribe Tribe of Lucifer, ID 1272709801: Day 36, 13:08:17: <RichColor Color="1, 0, 0, 1">Tribemember Lucifer - Lvl 105 was killed!</>)
[2024.09.09-11.28.04:267][355]2024.09.09_11.28.04: Lucifer - Lvl 105 (Tribe of Lucifer) was killed!
[2024.09.09-11.28.28:921][ 60]2024.09.09_11.28.28: Saving world...
[2024.09.09-11.28.28:935][ 60]2024.09.09_11.28.28: World Save Complete. Took: 0.591407
[2024.09.09-11.28.45:866][560]2024.09.09_11.28.45: Tribe Tribe of Lucifer, ID 1272709801: Day 36, 13:17:01: Azaria froze Pteranodon - Lvl 228 (Pteranodon))
[2024.09.09-11.33.28:943][922]2024.09.09_11.33.28: Saving world...
[2024.09.09-11.33.28:952][922]2024.09.09_11.33.28: World Save Complete. Took: 0.582540
[2024.09.09-11.38.28:966][779]2024.09.09_11.38.28: Saving world...
[2024.09.09-11.38.29:003][779]2024.09.09_11.38.29: World Save Complete. Took: 0.612372
[2024.09.09-11.43.28:992][676]2024.09.09_11.43.28: Saving world...
[2024.09.09-11.43.29:002][676]2024.09.09_11.43.29: World Save Complete. Took: 0.596468
[2024.09.09-11.48.29:017][180]2024.09.09_11.48.29: Saving world...
[2024.09.09-11.48.29:031][180]2024.09.09_11.48.29: World Save Complete. Took: 0.610557
[2024.09.09-11.53.29:029][ 85]2024.09.09_11.53.29: Saving world...
[2024.09.09-11.53.29:040][ 85]2024.09.09_11.53.29: World Save Complete. Took: 0.595476
[2024.09.09-11.56.10:672][884]2024.09.09_11.56.10: Tribe Tribe of Lucifer, ID 1272709801: Day 36, 19:07:19: Azaria froze Pteranodon)
[2024.09.09-11.58.29:105][965]2024.09.09_11.58.29: Saving world...
[2024.09.09-11.58.29:111][965]2024.09.09_11.58.29: World Save Complete. Took: 0.666686
[2024.09.09-12.03.28:934][872]2024.09.09_12.03.28: Saving world...
[2024.09.09-12.03.28:957][872]2024.09.09_12.03.28: World Save Complete. Took: 0.491904
[2024.09.09-12.03.34:550][ 40]2024.09.09_12.03.34: Tribe Tribe of Lucifer, ID 1272709801: Day 36, 21:20:29: Lucifer froze Anglerfish)
[2024.09.09-12.03.58:864][758]2024.09.09_12.03.58: DEAD JOKER1X [UniqueNetId:00021fc1b0504c7f91273e3fef1ef8e6 Platform:None] left this ARK!
[2024.09.09-12.04.09:704][ 79]2024.09.09_12.04.09: Tribe Tribe of Lucifer, ID 1272709801: Day 36, 21:44:16: Azaria froze Puffin)
[2024.09.09-12.04.11:950][145]2024.09.09_12.04.11: Tribe Tribe of Lucifer, ID 1272709801: Day 36, 21:45:38: Azaria froze Pteranodon)
[2024.09.09-12.05.12:949][933]2024.09.09_12.05.12: MrPenguin2212 [UniqueNetId:0002acf37cd14844ba16e8bac3628aa8 Platform:None] left this ARK!
[2024.09.09-12.08.28:908][781]2024.09.09_12.08.28: Saving world...
[2024.09.09-12.08.28:922][781]2024.09.09_12.08.28: World Save Complete. Took: 0.417391
[2024.09.09-12.13.28:984][725]2024.09.09_12.13.28: Saving world...
[2024.09.09-12.13.28:997][725]2024.09.09_12.13.28: World Save Complete. Took: 0.477333
[2024.09.09-12.18.28:999][632]2024.09.09_12.18.28: Saving world...
[2024.09.09-12.18.29:016][632]2024.09.09_12.18.29: World Save Complete. Took: 0.496317
[2024.09.09-12.23.29:135][427]2024.09.09_12.23.29: Saving world...
[2024.09.09-12.23.29:145][427]2024.09.09_12.23.29: World Save Complete. Took: 0.590156
[2024.09.09-12.28.29:104][381]2024.09.09_12.28.29: Saving world...
[2024.09.09-12.28.29:118][381]2024.09.09_12.28.29: World Save Complete. Took: 0.549606
[2024.09.09-12.33.29:132][348]2024.09.09_12.33.29: Saving world...
[2024.09.09-12.33.29:143][348]2024.09.09_12.33.29: World Save Complete. Took: 0.547084
[2024.09.09-12.38.29:153][315]2024.09.09_12.38.29: Saving world...
[2024.09.09-12.38.29:164][315]2024.09.09_12.38.29: World Save Complete. Took: 0.556504
[2024.09.09-12.43.29:170][277]2024.09.09_12.43.29: Saving world...
[2024.09.09-12.43.29:182][277]2024.09.09_12.43.29: World Save Complete. Took: 0.575658
[2024.09.09-12.48.29:185][240]2024.09.09_12.48.29: Saving world...
[2024.09.09-12.48.29:193][240]2024.09.09_12.48.29: World Save Complete. Took: 0.558837
[2024.09.09-12.53.29:218][201]2024.09.09_12.53.29: Saving world...
[2024.09.09-12.53.29:228][201]2024.09.09_12.53.29: World Save Complete. Took: 0.569455
[2024.09.09-12.58.29:244][158]2024.09.09_12.58.29: Saving world...
[2024.09.09-12.58.29:259][158]2024.09.09_12.58.29: World Save Complete. Took: 0.581539
[2024.09.09-13.03.29:156][101]2024.09.09_13.03.29: Saving world...
[2024.09.09-13.03.29:168][101]2024.09.09_13.03.29: World Save Complete. Took: 0.472280
[2024.09.09-13.08.29:125][  4]2024.09.09_13.08.29: Saving world...
[2024.09.09-13.08.29:141][  4]2024.09.09_13.08.29: World Save Complete. Took: 0.419299
[2024.09.09-13.13.29:198][968]2024.09.09_13.13.29: Saving world...
[2024.09.09-13.13.29:204][968]2024.09.09_13.13.29: World Save Complete. Took: 0.470360
[2024.09.09-13.18.29:254][832]2024.09.09_13.18.29: Saving world...
[2024.09.09-13.18.29:265][832]2024.09.09_13.18.29: World Save Complete. Took: 0.504454
[2024.09.09-13.23.29:391][798]2024.09.09_13.23.29: Saving world...
[2024.09.09-13.23.29:401][798]2024.09.09_13.23.29: World Save Complete. Took: 0.613085
[2024.09.09-13.28.29:372][750]2024.09.09_13.28.29: Saving world...
[2024.09.09-13.28.29:389][750]2024.09.09_13.28.29: World Save Complete. Took: 0.595395
[2024.09.09-13.33.29:380][698]2024.09.09_13.33.29: Saving world...
[2024.09.09-13.33.29:389][698]2024.09.09_13.33.29: World Save Complete. Took: 0.563399
[2024.09.09-13.38.29:397][637]2024.09.09_13.38.29: Saving world...
[2024.09.09-13.38.29:409][637]2024.09.09_13.38.29: World Save Complete. Took: 0.554645
[2024.09.09-13.43.29:485][559]2024.09.09_13.43.29: Saving world...
[2024.09.09-13.43.29:497][559]2024.09.09_13.43.29: World Save Complete. Took: 0.617061
[2024.09.09-13.48.29:433][491]2024.09.09_13.48.29: Saving world...
[2024.09.09-13.48.29:445][491]2024.09.09_13.48.29: World Save Complete. Took: 0.565430
[2024.09.09-13.53.29:456][421]2024.09.09_13.53.29: Saving world...
[2024.09.09-13.53.29:464][421]2024.09.09_13.53.29: World Save Complete. Took: 0.555220
[2024.09.09-13.58.33:949][ 51]2024.09.09_13.58.33: Saving world...
[2024.09.09-13.58.33:970][ 51]2024.09.09_13.58.33: World Save Complete. Took: 0.629062
[2024.09.09-14.03.33:799][963]2024.09.09_14.03.33: Saving world...
[2024.09.09-14.03.33:810][963]2024.09.09_14.03.33: World Save Complete. Took: 0.449264
[2024.09.09-14.08.33:768][962]2024.09.09_14.08.33: Saving world...
[2024.09.09-14.08.33:790][962]2024.09.09_14.08.33: World Save Complete. Took: 0.424348
[2024.09.09-14.13.33:835][952]2024.09.09_14.13.33: Saving world...
[2024.09.09-14.13.33:842][952]2024.09.09_14.13.33: World Save Complete. Took: 0.471513
[2024.09.09-14.18.33:911][878]2024.09.09_14.18.33: Saving world...
[2024.09.09-14.18.33:924][878]2024.09.09_14.18.33: World Save Complete. Took: 0.521054
[2024.09.09-14.23.34:025][857]2024.09.09_14.23.34: Saving world...
[2024.09.09-14.23.34:040][857]2024.09.09_14.23.34: World Save Complete. Took: 0.617180
[2024.09.09-14.28.33:993][835]2024.09.09_14.28.33: Saving world...
[2024.09.09-14.28.34:005][835]2024.09.09_14.28.34: World Save Complete. Took: 0.568288
[2024.09.09-14.33.34:024][742]2024.09.09_14.33.34: Saving world...
[2024.09.09-14.33.34:037][742]2024.09.09_14.33.34: World Save Complete. Took: 0.579124
[2024.09.09-14.38.34:071][720]2024.09.09_14.38.34: Saving world...
[2024.09.09-14.38.34:083][720]2024.09.09_14.38.34: World Save Complete. Took: 0.597311
[2024.09.09-14.43.34:068][700]2024.09.09_14.43.34: Saving world...
[2024.09.09-14.43.34:078][700]2024.09.09_14.43.34: World Save Complete. Took: 0.571487
[2024.09.09-14.48.34:107][660]2024.09.09_14.48.34: Saving world...
[2024.09.09-14.48.34:133][660]2024.09.09_14.48.34: World Save Complete. Took: 0.597129
[2024.09.09-14.53.34:099][636]2024.09.09_14.53.34: Saving world...
[2024.09.09-14.53.34:105][636]2024.09.09_14.53.34: World Save Complete. Took: 0.560754
[2024.09.09-14.58.34:116][617]2024.09.09_14.58.34: Saving world...
[2024.09.09-14.58.34:121][617]2024.09.09_14.58.34: World Save Complete. Took: 0.567478
[2024.09.09-15.03.34:035][424]2024.09.09_15.03.34: Saving world...
[2024.09.09-15.03.34:053][424]2024.09.09_15.03.34: World Save Complete. Took: 0.476127
[2024.09.09-15.08.33:986][423]2024.09.09_15.08.33: Saving world...
[2024.09.09-15.08.33:993][423]2024.09.09_15.08.33: World Save Complete. Took: 0.410681
[2024.09.09-15.13.34:072][367]2024.09.09_15.13.34: Saving world...
[2024.09.09-15.13.34:104][367]2024.09.09_15.13.34: World Save Complete. Took: 0.506707
[2024.09.09-15.18.34:149][332]2024.09.09_15.18.34: Saving world...
[2024.09.09-15.18.34:157][332]2024.09.09_15.18.34: World Save Complete. Took: 0.535961
[2024.09.09-15.23.34:164][323]2024.09.09_15.23.34: Saving world...
[2024.09.09-15.23.34:176][323]2024.09.09_15.23.34: World Save Complete. Took: 0.540890
[2024.09.09-15.28.34:255][308]2024.09.09_15.28.34: Saving world...
[2024.09.09-15.28.34:272][308]2024.09.09_15.28.34: World Save Complete. Took: 0.610133
[2024.09.09-15.33.34:299][309]2024.09.09_15.33.34: Saving world...
[2024.09.09-15.33.34:307][309]2024.09.09_15.33.34: World Save Complete. Took: 0.614846
[2024.09.09-15.38.34:300][310]2024.09.09_15.38.34: Saving world...
[2024.09.09-15.38.34:310][310]2024.09.09_15.38.34: World Save Complete. Took: 0.593855
[2024.09.09-15.43.34:268][306]2024.09.09_15.43.34: Saving world...
[2024.09.09-15.43.34:278][306]2024.09.09_15.43.34: World Save Complete. Took: 0.553833
[2024.09.09-15.48.34:283][321]2024.09.09_15.48.34: Saving world...
[2024.09.09-15.48.34:297][321]2024.09.09_15.48.34: World Save Complete. Took: 0.563236
[2024.09.09-15.53.34:319][324]2024.09.09_15.53.34: Saving world...
[2024.09.09-15.53.34:333][324]2024.09.09_15.53.34: World Save Complete. Took: 0.591564
[2024.09.09-16.00.25:513][ 27]2024.09.09_16.00.25: Saving world...
[2024.09.09-16.00.25:524][ 27]2024.09.09_16.00.25: World Save Complete. Took: 0.635404
[2024.09.09-16.05.25:394][535]2024.09.09_16.05.25: Saving world...
[2024.09.09-16.05.25:413][535]2024.09.09_16.05.25: World Save Complete. Took: 0.506338
[2024.09.09-16.10.25:302][433]2024.09.09_16.10.25: Saving world...
[2024.09.09-16.10.25:309][433]2024.09.09_16.10.25: World Save Complete. Took: 0.378954
[2024.09.09-16.15.25:361][414]2024.09.09_16.15.25: Saving world...
[2024.09.09-16.15.25:371][414]2024.09.09_16.15.25: World Save Complete. Took: 0.436224
[2024.09.09-16.20.25:430][374]2024.09.09_16.20.25: Saving world...
[2024.09.09-16.20.25:448][374]2024.09.09_16.20.25: World Save Complete. Took: 0.507276
[2024.09.09-16.25.25:469][340]2024.09.09_16.25.25: Saving world...
[2024.09.09-16.25.25:477][340]2024.09.09_16.25.25: World Save Complete. Took: 0.527991
[2024.09.09-16.30.25:488][295]2024.09.09_16.30.25: Saving world...
[2024.09.09-16.30.25:498][295]2024.09.09_16.30.25: World Save Complete. Took: 0.538374
[2024.09.09-16.35.25:569][250]2024.09.09_16.35.25: Saving world...
[2024.09.09-16.35.25:579][250]2024.09.09_16.35.25: World Save Complete. Took: 0.585528
[2024.09.09-16.40.25:607][210]2024.09.09_16.40.25: Saving world...
[2024.09.09-16.40.25:623][210]2024.09.09_16.40.25: World Save Complete. Took: 0.620345
[2024.09.09-16.45.25:620][175]2024.09.09_16.45.25: Saving world...
[2024.09.09-16.45.25:631][175]2024.09.09_16.45.25: World Save Complete. Took: 0.604897
[2024.09.09-16.50.25:689][144]2024.09.09_16.50.25: Saving world...
[2024.09.09-16.50.25:700][144]2024.09.09_16.50.25: World Save Complete. Took: 0.646759
[2024.09.09-16.55.25:726][106]2024.09.09_16.55.25: Saving world...
[2024.09.09-16.55.25:741][106]2024.09.09_16.55.25: World Save Complete. Took: 0.682530
[2024.09.09-17.00.25:627][ 42]2024.09.09_17.00.25: Saving world...
[2024.09.09-17.00.25:634][ 42]2024.09.09_17.00.25: World Save Complete. Took: 0.570455
[2024.09.09-17.05.25:513][ 26]2024.09.09_17.05.25: Saving world...
[2024.09.09-17.05.25:527][ 26]2024.09.09_17.05.25: World Save Complete. Took: 0.441052
[2024.09.09-17.10.25:545][995]2024.09.09_17.10.25: Saving world...
[2024.09.09-17.10.25:553][995]2024.09.09_17.10.25: World Save Complete. Took: 0.443930
[2024.09.09-17.15.25:708][882]2024.09.09_17.15.25: Saving world...
[2024.09.09-17.15.25:739][882]2024.09.09_17.15.25: World Save Complete. Took: 0.526024
[2024.09.09-17.20.25:732][817]2024.09.09_17.20.25: Saving world...
[2024.09.09-17.20.25:742][817]2024.09.09_17.20.25: World Save Complete. Took: 0.518899
[2024.09.09-17.25.25:783][762]2024.09.09_17.25.25: Saving world...
[2024.09.09-17.25.25:796][762]2024.09.09_17.25.25: World Save Complete. Took: 0.553341
[2024.09.09-17.30.25:839][738]2024.09.09_17.30.25: Saving world...
[2024.09.09-17.30.25:852][738]2024.09.09_17.30.25: World Save Complete. Took: 0.583328
[2024.09.09-17.35.25:865][722]2024.09.09_17.35.25: Saving world...
[2024.09.09-17.35.25:879][722]2024.09.09_17.35.25: World Save Complete. Took: 0.600366
[2024.09.09-17.40.25:958][688]2024.09.09_17.40.25: Saving world...
[2024.09.09-17.40.25:968][688]2024.09.09_17.40.25: World Save Complete. Took: 0.670931
[2024.09.09-17.45.25:921][660]2024.09.09_17.45.25: Saving world...
[2024.09.09-17.45.25:934][660]2024.09.09_17.45.25: World Save Complete. Took: 0.607286
[2024.09.09-17.50.25:887][635]2024.09.09_17.50.25: Saving world...
[2024.09.09-17.50.25:901][635]2024.09.09_17.50.25: World Save Complete. Took: 0.562956
[2024.09.09-17.55.25:929][606]2024.09.09_17.55.25: Saving world...
[2024.09.09-17.55.25:939][606]2024.09.09_17.55.25: World Save Complete. Took: 0.588614
[2024.09.09-18.01.40:559][271]2024.09.09_18.01.40: Saving world...
[2024.09.09-18.01.40:564][271]2024.09.09_18.01.40: World Save Complete. Took: 0.565497
[2024.09.09-18.06.40:457][254]2024.09.09_18.06.40: Saving world...
[2024.09.09-18.06.40:471][254]2024.09.09_18.06.40: World Save Complete. Took: 0.469991
[2024.09.09-18.11.40:399][228]2024.09.09_18.11.40: Saving world...
[2024.09.09-18.11.40:412][228]2024.09.09_18.11.40: World Save Complete. Took: 0.400340
[2024.09.09-18.16.40:445][194]2024.09.09_18.16.40: Saving world...
[2024.09.09-18.16.40:456][194]2024.09.09_18.16.40: World Save Complete. Took: 0.444223
[2024.09.09-18.21.40:559][159]2024.09.09_18.21.40: Saving world...
[2024.09.09-18.21.40:577][159]2024.09.09_18.21.40: World Save Complete. Took: 0.524975
[2024.09.09-18.26.40:620][130]2024.09.09_18.26.40: Saving world...
[2024.09.09-18.26.40:642][130]2024.09.09_18.26.40: World Save Complete. Took: 0.578629
[2024.09.09-18.31.40:642][ 81]2024.09.09_18.31.40: Saving world...
[2024.09.09-18.31.40:653][ 81]2024.09.09_18.31.40: World Save Complete. Took: 0.574095
[2024.09.09-18.36.40:705][ 31]2024.09.09_18.36.40: Saving world...
[2024.09.09-18.36.40:712][ 31]2024.09.09_18.36.40: World Save Complete. Took: 0.617395
[2024.09.09-18.41.40:723][978]2024.09.09_18.41.40: Saving world...
[2024.09.09-18.41.40:741][978]2024.09.09_18.41.40: World Save Complete. Took: 0.636664
[2024.09.09-18.46.40:758][925]2024.09.09_18.46.40: Saving world...
[2024.09.09-18.46.40:767][925]2024.09.09_18.46.40: World Save Complete. Took: 0.638592
[2024.09.09-18.51.40:729][879]2024.09.09_18.51.40: Saving world...
[2024.09.09-18.51.40:739][879]2024.09.09_18.51.40: World Save Complete. Took: 0.597006
[2024.09.09-18.56.40:775][823]2024.09.09_18.56.40: Saving world...
[2024.09.09-18.56.40:786][823]2024.09.09_18.56.40: World Save Complete. Took: 0.619560
[2024.09.09-19.01.40:658][751]2024.09.09_19.01.40: Saving world...
[2024.09.09-19.01.40:667][751]2024.09.09_19.01.40: World Save Complete. Took: 0.470018
[2024.09.09-19.06.40:585][736]2024.09.09_19.06.40: Saving world...
[2024.09.09-19.06.40:595][736]2024.09.09_19.06.40: World Save Complete. Took: 0.384175
[2024.09.09-19.11.40:679][698]2024.09.09_19.11.40: Saving world...
[2024.09.09-19.11.40:695][698]2024.09.09_19.11.40: World Save Complete. Took: 0.444376
[2024.09.09-19.16.40:748][551]2024.09.09_19.16.40: Saving world...
[2024.09.09-19.16.40:756][551]2024.09.09_19.16.40: World Save Complete. Took: 0.502347
[2024.09.09-19.21.40:806][493]2024.09.09_19.21.40: Saving world...
[2024.09.09-19.21.40:813][493]2024.09.09_19.21.40: World Save Complete. Took: 0.511937
[2024.09.09-19.26.40:854][461]2024.09.09_19.26.40: Saving world...
[2024.09.09-19.26.40:866][461]2024.09.09_19.26.40: World Save Complete. Took: 0.563432
[2024.09.09-19.31.40:849][413]2024.09.09_19.31.40: Saving world...
[2024.09.09-19.31.40:856][413]2024.09.09_19.31.40: World Save Complete. Took: 0.543537
[2024.09.09-19.36.40:909][374]2024.09.09_19.36.40: Saving world...
[2024.09.09-19.36.40:924][374]2024.09.09_19.36.40: World Save Complete. Took: 0.606284
[2024.09.09-19.41.40:936][338]2024.09.09_19.41.40: Saving world...
[2024.09.09-19.41.40:948][338]2024.09.09_19.41.40: World Save Complete. Took: 0.607610
[2024.09.09-19.46.40:912][301]2024.09.09_19.46.40: Saving world...
[2024.09.09-19.46.40:917][301]2024.09.09_19.46.40: World Save Complete. Took: 0.567963
[2024.09.09-19.51.40:902][277]2024.09.09_19.51.40: Saving world...
[2024.09.09-19.51.40:916][277]2024.09.09_19.51.40: World Save Complete. Took: 0.566673
[2024.09.09-19.56.40:943][253]2024.09.09_19.56.40: Saving world...
[2024.09.09-19.56.40:959][253]2024.09.09_19.56.40: World Save Complete. Took: 0.580015
[2024.09.09-20.03.40:568][787]2024.09.09_20.03.40: Saving world...
[2024.09.09-20.03.40:577][787]2024.09.09_20.03.40: World Save Complete. Took: 0.435629
[2024.09.09-20.08.40:535][677]2024.09.09_20.08.40: Saving world...
[2024.09.09-20.08.40:539][677]2024.09.09_20.08.40: World Save Complete. Took: 0.365555
[2024.09.09-20.13.40:629][650]2024.09.09_20.13.40: Saving world...
[2024.09.09-20.13.40:639][650]2024.09.09_20.13.40: World Save Complete. Took: 0.432825
[2024.09.09-20.18.40:714][613]2024.09.09_20.18.40: Saving world...
[2024.09.09-20.18.40:723][613]2024.09.09_20.18.40: World Save Complete. Took: 0.489824
[2024.09.09-20.23.40:741][581]2024.09.09_20.23.40: Saving world...
[2024.09.09-20.23.40:755][581]2024.09.09_20.23.40: World Save Complete. Took: 0.513596
[2024.09.09-20.28.40:791][550]2024.09.09_20.28.40: Saving world...
[2024.09.09-20.28.40:798][550]2024.09.09_20.28.40: World Save Complete. Took: 0.529166
[2024.09.09-20.33.40:856][521]2024.09.09_20.33.40: Saving world...
[2024.09.09-20.33.40:862][521]2024.09.09_20.33.40: World Save Complete. Took: 0.569369
[2024.09.09-20.38.40:905][500]2024.09.09_20.38.40: Saving world...
[2024.09.09-20.38.40:913][500]2024.09.09_20.38.40: World Save Complete. Took: 0.609760
[2024.09.09-20.43.40:952][479]2024.09.09_20.43.40: Saving world...
[2024.09.09-20.43.40:967][479]2024.09.09_20.43.40: World Save Complete. Took: 0.650378
[2024.09.09-20.48.40:964][461]2024.09.09_20.48.40: Saving world...
[2024.09.09-20.48.40:975][461]2024.09.09_20.48.40: World Save Complete. Took: 0.637036
[2024.09.09-20.53.40:975][405]2024.09.09_20.53.40: Saving world...
[2024.09.09-20.53.40:989][405]2024.09.09_20.53.40: World Save Complete. Took: 0.631985
[2024.09.09-20.58.41:082][382]2024.09.09_20.58.41: Saving world...
[2024.09.09-20.58.41:089][382]2024.09.09_20.58.41: World Save Complete. Took: 0.711183
[2024.09.09-21.03.40:879][295]2024.09.09_21.03.40: Saving world...
[2024.09.09-21.03.40:894][295]2024.09.09_21.03.40: World Save Complete. Took: 0.481618
[2024.09.09-21.08.40:866][255]2024.09.09_21.08.40: Saving world...
[2024.09.09-21.08.40:878][255]2024.09.09_21.08.40: World Save Complete. Took: 0.437647
[2024.09.09-21.13.40:941][219]2024.09.09_21.13.40: Saving world...
[2024.09.09-21.13.40:947][219]2024.09.09_21.13.40: World Save Complete. Took: 0.476570
[2024.09.09-21.18.41:029][184]2024.09.09_21.18.41: Saving world...
[2024.09.09-21.18.41:044][184]2024.09.09_21.18.41: World Save Complete. Took: 0.553084
[2024.09.09-21.23.41:118][157]2024.09.09_21.23.41: Saving world...
[2024.09.09-21.23.41:130][157]2024.09.09_21.23.41: World Save Complete. Took: 0.612662
[2024.09.09-21.28.41:079][ 65]2024.09.09_21.28.41: Saving world...
[2024.09.09-21.28.41:094][ 65]2024.09.09_21.28.41: World Save Complete. Took: 0.575612
[2024.09.09-21.33.41:128][ 35]2024.09.09_21.33.41: Saving world...
[2024.09.09-21.33.41:141][ 35]2024.09.09_21.33.41: World Save Complete. Took: 0.616721
[2024.09.09-21.38.41:168][  0]2024.09.09_21.38.41: Saving world...
[2024.09.09-21.38.41:186][  0]2024.09.09_21.38.41: World Save Complete. Took: 0.634337
[2024.09.09-21.43.41:200][950]2024.09.09_21.43.41: Saving world...
[2024.09.09-21.43.41:208][950]2024.09.09_21.43.41: World Save Complete. Took: 0.657131
[2024.09.09-21.48.41:224][920]2024.09.09_21.48.41: Saving world...
[2024.09.09-21.48.41:240][920]2024.09.09_21.48.41: World Save Complete. Took: 0.660443
[2024.09.09-21.53.41:227][878]2024.09.09_21.53.41: Saving world...
[2024.09.09-21.53.41:243][878]2024.09.09_21.53.41: World Save Complete. Took: 0.658022
[2024.09.09-21.58.41:185][836]2024.09.09_21.58.41: Saving world...
[2024.09.09-21.58.41:196][836]2024.09.09_21.58.41: World Save Complete. Took: 0.610806
[2024.09.09-22.05.17:997][275]2024.09.09_22.05.17: Saving world...
[2024.09.09-22.05.18:019][275]2024.09.09_22.05.18: World Save Complete. Took: 0.488418
[2024.09.09-22.10.17:913][167]2024.09.09_22.10.17: Saving world...
[2024.09.09-22.10.17:925][167]2024.09.09_22.10.17: World Save Complete. Took: 0.379009
[2024.09.09-22.15.17:997][127]2024.09.09_22.15.17: Saving world...
[2024.09.09-22.15.18:002][127]2024.09.09_22.15.18: World Save Complete. Took: 0.446291
[2024.09.09-22.20.18:070][ 92]2024.09.09_22.20.18: Saving world...
[2024.09.09-22.20.18:080][ 92]2024.09.09_22.20.18: World Save Complete. Took: 0.518949
[2024.09.09-22.25.18:098][ 63]2024.09.09_22.25.18: Saving world...
[2024.09.09-22.25.18:109][ 63]2024.09.09_22.25.18: World Save Complete. Took: 0.547475
[2024.09.09-22.30.18:106][ 20]2024.09.09_22.30.18: Saving world...
[2024.09.09-22.30.18:118][ 20]2024.09.09_22.30.18: World Save Complete. Took: 0.555969
[2024.09.09-22.35.18:136][981]2024.09.09_22.35.18: Saving world...
[2024.09.09-22.35.18:146][981]2024.09.09_22.35.18: World Save Complete. Took: 0.561098
[2024.09.09-22.40.18:163][936]2024.09.09_22.40.18: Saving world...
[2024.09.09-22.40.18:170][936]2024.09.09_22.40.18: World Save Complete. Took: 0.561382
[2024.09.09-22.43.23:527][416]2024.09.09_22.43.23: DwightFishman [UniqueNetId:000293c1b9b44f62a918cdc34a9bf17a Platform:None] joined this ARK!
[2024.09.09-22.44.04:708][644]2024.09.09_22.44.04: Str8 WhiteShark [UniqueNetId:00027e35a2b142bea1d7fb8af9d6fd3b Platform:None] joined this ARK!
[2024.09.09-22.44.22:278][165]2024.09.09_22.44.22: Tribe Tribe of Human, ID 1534842482: Day 44, 11:45:30: <RichColor Color="0, 1, 1, 1">Human was added to the Tribe!</>)
[2024.09.09-22.44.22:284][165]2024.09.09_22.44.22: Player Str8 WhiteShark with ID 194783027 joined tribe Tribe of Human with ID 1534842482.
[2024.09.09-22.45.18:186][799]2024.09.09_22.45.18: Saving world...
[2024.09.09-22.45.18:201][799]2024.09.09_22.45.18: World Save Complete. Took: 0.585497
[2024.09.09-22.46.36:587][110]2024.09.09_22.46.36: Tribe Tribe of MELKOR, ID 1820266719: Day 44, 12:14:04: <RichColor Color="1, 0, 0, 1">Tribemember MELKOR - Lvl 53 was killed by a Brontosaurus - Lvl 80!</>)
[2024.09.09-22.46.36:592][110]2024.09.09_22.46.36: MELKOR - Lvl 53 (Tribe of MELKOR) was killed by a Brontosaurus - Lvl 80 ()!
[2024.09.09-22.48.46:535][904]2024.09.09_22.48.46: Tribe Tribe of Human, ID 1534842482: Day 44, 12:41:47: <RichColor Color="1, 0, 0, 1">Tribemember Human - Lvl 4 was killed!</>)
[2024.09.09-22.48.46:542][904]2024.09.09_22.48.46: Human - Lvl 4 (Tribe of Human) was killed!
[2024.09.09-22.50.18:195][596]2024.09.09_22.50.18: Saving world...
[2024.09.09-22.50.18:206][596]2024.09.09_22.50.18: World Save Complete. Took: 0.561030
[2024.09.09-22.51.38:717][994]2024.09.09_22.51.38: Tribe Tribe of MELKOR, ID 1820266719: Day 44, 13:18:27: <RichColor Color="0, 1, 1, 1">Tribe of Human tribe was merged in by Human!</>)
[2024.09.09-22.51.38:756][994]2024.09.09_22.51.38: Tribe Tribe of Human, ID 1534842482: Day 44, 13:18:27: <RichColor Color="1, 1, 0, 1">Human was removed from the Tribe!</>)
[2024.09.09-22.51.38:765][994]2024.09.09_22.51.38: Player Human with ID 194783027 removed from tribe Tribe of Human with ID 1534842482.
[2024.09.09-22.51.38:837][994]2024.09.09_22.51.38: Tribe Tribe of MELKOR, ID 1820266719: Day 44, 13:18:27: <RichColor Color="0, 1, 1, 1">Human was added to the Tribe by MELKOR!</>)
[2024.09.09-22.51.38:842][994]2024.09.09_22.51.38: Player Human with ID 194783027 joined tribe Tribe of MELKOR with ID 1820266719 Invited by Player MELKOR with ID 536029445.
[2024.09.09-22.51.41:253][ 66]2024.09.09_22.51.41: Tribe Tribe of MELKOR, ID 1820266719: Day 44, 13:19:06: <RichColor Color="0, 0, 1, 1">Human was promoted to a Tribe Admin by MELKOR!</>)
[2024.09.09-22.53.01:449][462]2024.09.09_22.53.01: Tribe Tribe of MELKOR, ID 1820266719: Day 44, 13:36:09: <RichColor Color="1, 0, 0, 1">Tribemember Human - Lvl 24 was killed by a Brontosaurus - Lvl 30!</>)
[2024.09.09-22.53.01:458][462]2024.09.09_22.53.01: Human - Lvl 24 (Tribe of MELKOR) was killed by a Brontosaurus - Lvl 30 ()!
[2024.09.09-22.55.18:268][395]2024.09.09_22.55.18: Saving world...
[2024.09.09-22.55.18:284][395]2024.09.09_22.55.18: World Save Complete. Took: 0.613635
[2024.09.09-22.56.17:105][101]2024.09.09_22.56.17: Tribe Tribe of MELKOR, ID 1820266719: Day 44, 14:17:43: <RichColor Color="0, 1, 0, 1">MELKOR Tamed a Pegomastax - Lvl 15 (Pegomastax)!</>)
[2024.09.09-22.56.17:113][101]2024.09.09_22.56.17: MELKOR of Tribe Tribe of MELKOR Tamed a Pegomastax - Lvl 15 (Pegomastax)!
[2024.09.09-22.56.17:130][101]2024.09.09_22.56.17: Tribe Tribe of MELKOR, ID 1820266719: Day 44, 14:17:43: <RichColor Color="1, 0, 0, 1">Your Pegomastax - Lvl 15 (Pegomastax) was killed by MELKOR - Lvl 69-536029445 (Tribe of MELKOR)!</>)
[2024.09.09-22.56.17:136][101]2024.09.09_22.56.17: Tribe Tribe of MELKOR, ID 1820266719: Day 44, 14:17:43: <RichColor Color="1, 0, 1, 1">Your Tribe killed Pegomastax - Lvl 15 (Pegomastax) (Tribe of MELKOR)!</>)
[2024.09.09-22.56.17:146][101]2024.09.09_22.56.17: Pegomastax - Lvl 15 (Pegomastax) (Tribe of MELKOR) was killed by MELKOR - Lvl 69-536029445 (Tribe of MELKOR)! [KillerSID: 536029445]
[2024.09.09-23.00.18:231][132]2024.09.09_23.00.18: Saving world...
[2024.09.09-23.00.18:244][132]2024.09.09_23.00.18: World Save Complete. Took: 0.568008
[2024.09.09-23.02.01:584][101]2024.09.09_23.02.01: Tribe Tribe of MELKOR Tamed a Raft (Raft)!
[2024.09.09-23.04.39:154][809]2024.09.09_23.04.39: Tribe Tribe of MELKOR, ID 1820266719: Day 44, 16:04:45: <RichColor Color="0, 1, 0, 1">MELKOR Tamed a Pteranodon - Lvl 76 (Pteranodon)!</>)
[2024.09.09-23.04.39:164][809]2024.09.09_23.04.39: MELKOR of Tribe Tribe of MELKOR Tamed a Pteranodon - Lvl 76 (Pteranodon)!
[2024.09.09-23.05.18:093][963]2024.09.09_23.05.18: Saving world...
[2024.09.09-23.05.18:107][963]2024.09.09_23.05.18: World Save Complete. Took: 0.431249
[2024.09.09-23.06.28:022][ 56]2024.09.09_23.06.28: DwightFishman [UniqueNetId:000293c1b9b44f62a918cdc34a9bf17a Platform:None] left this ARK!
[2024.09.09-23.07.04:104][135]2024.09.09_23.07.04: DwightFishman [UniqueNetId:000293c1b9b44f62a918cdc34a9bf17a Platform:None] joined this ARK!
[2024.09.09-23.07.59:495][711]2024.09.09_23.07.59: Tribe Tribe of MELKOR, ID 1820266719: Day 44, 16:46:58: <RichColor Color="0, 1, 0, 1">MELKOR Tamed a Pteranodon - Lvl 217 (Pteranodon)!</>)
[2024.09.09-23.07.59:498][711]2024.09.09_23.07.59: MELKOR of Tribe Tribe of MELKOR Tamed a Pteranodon - Lvl 217 (Pteranodon)!
[2024.09.09-23.10.18:096][844]2024.09.09_23.10.18: Saving world...
[2024.09.09-23.10.18:102][844]2024.09.09_23.10.18: World Save Complete. Took: 0.422775
[2024.09.09-23.15.18:158][804]2024.09.09_23.15.18: Saving world...
[2024.09.09-23.15.18:165][804]2024.09.09_23.15.18: World Save Complete. Took: 0.461874
[2024.09.09-23.16.03:268][154]2024.09.09_23.16.03: DwightFishman [UniqueNetId:000293c1b9b44f62a918cdc34a9bf17a Platform:None] left this ARK!
[2024.09.09-23.20.18:213][728]2024.09.09_23.20.18: Saving world...
[2024.09.09-23.20.18:228][728]2024.09.09_23.20.18: World Save Complete. Took: 0.513028
[2024.09.09-23.25.18:303][675]2024.09.09_23.25.18: Saving world...
[2024.09.09-23.25.18:311][675]2024.09.09_23.25.18: World Save Complete. Took: 0.568074
[2024.09.09-23.30.18:337][602]2024.09.09_23.30.18: Saving world...
[2024.09.09-23.30.18:347][602]2024.09.09_23.30.18: World Save Complete. Took: 0.574777
[2024.09.09-23.35.18:368][371]2024.09.09_23.35.18: Saving world...
[2024.09.09-23.35.18:385][371]2024.09.09_23.35.18: World Save Complete. Took: 0.612115
[2024.09.09-23.40.18:363][238]2024.09.09_23.40.18: Saving world...
[2024.09.09-23.40.18:371][238]2024.09.09_23.40.18: World Save Complete. Took: 0.591727
[2024.09.09-23.45.18:366][167]2024.09.09_23.45.18: Saving world...
[2024.09.09-23.45.18:378][167]2024.09.09_23.45.18: World Save Complete. Took: 0.597780
[2024.09.09-23.50.18:363][105]2024.09.09_23.50.18: Saving world...
[2024.09.09-23.50.18:380][105]2024.09.09_23.50.18: World Save Complete. Took: 0.594968
[2024.09.09-23.55.18:403][ 41]2024.09.09_23.55.18: Saving world...
[2024.09.09-23.55.18:416][ 41]2024.09.09_23.55.18: World Save Complete. Took: 0.606433
[2024.09.10-00.00.18:398][983]2024.09.10_00.00.18: Saving world...
[2024.09.10-00.00.18:405][983]2024.09.10_00.00.18: World Save Complete. Took: 0.580766
[2024.09.10-00.04.21:294][249]2024.09.10_00.04.21: DwightFishman [UniqueNetId:000293c1b9b44f62a918cdc34a9bf17a Platform:None] joined this ARK!
[2024.09.10-00.05.18:378][896]2024.09.10_00.05.18: Saving world...
[2024.09.10-00.05.18:390][896]2024.09.10_00.05.18: World Save Complete. Took: 0.561420
[2024.09.10-00.06.26:895][908]2024.09.10_00.06.26: Tribe Tribe of MELKOR, ID 1820266719: Day 45, 11:19:00: <RichColor Color="1, 0, 0, 1">Tribemember MELKOR - Lvl 71 was killed by an Ichthyornis - Lvl 25!</>)
[2024.09.10-00.06.26:897][908]2024.09.10_00.06.26: MELKOR - Lvl 71 (Tribe of MELKOR) was killed by an Ichthyornis - Lvl 25 ()!
[2024.09.10-00.10.18:437][797]2024.09.10_00.10.18: Saving world...
[2024.09.10-00.10.18:444][797]2024.09.10_00.10.18: World Save Complete. Took: 0.595867
[2024.09.10-00.15.18:437][755]2024.09.10_00.15.18: Saving world...
[2024.09.10-00.15.18:450][755]2024.09.10_00.15.18: World Save Complete. Took: 0.580662
[2024.09.10-00.20.18:464][693]2024.09.10_00.20.18: Saving world...
[2024.09.10-00.20.18:470][693]2024.09.10_00.20.18: World Save Complete. Took: 0.589319
[2024.09.10-00.25.18:500][626]2024.09.10_00.25.18: Saving world...
[2024.09.10-00.25.18:511][626]2024.09.10_00.25.18: World Save Complete. Took: 0.601819
[2024.09.10-00.27.22:870][340]2024.09.10_00.27.22: Tribe Tribe of MELKOR, ID 1820266719: Day 45, 15:46:35: <RichColor Color="1, 1, 0, 1">MELKOR demolished a 'Stone Reinforced Gate (Locked) '!</>)
[2024.09.10-00.30.18:516][583]2024.09.10_00.30.18: Saving world...
[2024.09.10-00.30.18:530][583]2024.09.10_00.30.18: World Save Complete. Took: 0.597982
[2024.09.10-00.34.18:712][745]2024.09.10_00.34.18: Tribe Tribe of MELKOR, ID 1820266719: Day 45, 17:15:03: <RichColor Color="0, 1, 0, 1">MELKOR Tamed a Pteranodon - Lvl 250 (Pteranodon)!</>)
[2024.09.10-00.34.18:724][745]2024.09.10_00.34.18: MELKOR of Tribe Tribe of MELKOR Tamed a Pteranodon - Lvl 250 (Pteranodon)!
[2024.09.10-00.34.18:741][745]2024.09.10_00.34.18: Tribe Tribe of MELKOR, ID 1820266719: Day 45, 17:15:03: MELKOR froze Pteranodon - Lvl 250 (Pteranodon))
[2024.09.10-00.34.23:343][882]2024.09.10_00.34.23: Tribe Tribe of MELKOR, ID 1820266719: Day 45, 17:16:07: <RichColor Color="0, 1, 0, 1">MELKOR Tamed a Pegomastax - Lvl 7 (Pegomastax)!</>)
[2024.09.10-00.34.23:354][882]2024.09.10_00.34.23: MELKOR of Tribe Tribe of MELKOR Tamed a Pegomastax - Lvl 7 (Pegomastax)!
[2024.09.10-00.35.18:576][511]2024.09.10_00.35.18: Saving world...
[2024.09.10-00.35.18:588][511]2024.09.10_00.35.18: World Save Complete. Took: 0.628946
[2024.09.10-00.37.27:552][360]2024.09.10_00.37.27: Tribe Tribe of MELKOR, ID 1820266719: Day 45, 17:55:21: <RichColor Color="1, 0, 0, 1">Your Pegomastax - Lvl 7 (Pegomastax) was killed by MELKOR - Lvl 72-536029445 (Tribe of MELKOR)!</>)
[2024.09.10-00.37.27:556][360]2024.09.10_00.37.27: Tribe Tribe of MELKOR, ID 1820266719: Day 45, 17:55:21: <RichColor Color="1, 0, 1, 1">Your Tribe killed Pegomastax - Lvl 7 (Pegomastax) (Tribe of MELKOR)!</>)
[2024.09.10-00.37.27:567][360]2024.09.10_00.37.27: Pegomastax - Lvl 7 (Pegomastax) (Tribe of MELKOR) was killed by MELKOR - Lvl 72-536029445 (Tribe of MELKOR)! [KillerSID: 536029445]
[2024.09.10-00.37.49:463][  9]2024.09.10_00.37.49: Tribe Tribe of MELKOR, ID 1820266719: Day 45, 18:00:02: <RichColor Color="0, 1, 0, 1">Human Tamed a Pteranodon - Lvl 250 (Pteranodon)!</>)
[2024.09.10-00.37.49:474][  9]2024.09.10_00.37.49: Human of Tribe Tribe of MELKOR Tamed a Pteranodon - Lvl 250 (Pteranodon)!
[2024.09.10-00.37.49:487][  9]2024.09.10_00.37.49: Tribe Tribe of MELKOR, ID 1820266719: Day 45, 18:00:02: Human froze Pteranodon - Lvl 250 (Pteranodon))
[2024.09.10-00.40.18:584][432]2024.09.10_00.40.18: Saving world...
[2024.09.10-00.40.18:595][432]2024.09.10_00.40.18: World Save Complete. Took: 0.612756
[2024.09.10-00.45.18:597][ 98]2024.09.10_00.45.18: Saving world...
[2024.09.10-00.45.18:609][ 98]2024.09.10_00.45.18: World Save Complete. Took: 0.595146
[2024.09.10-00.50.18:659][961]2024.09.10_00.50.18: Saving world...
[2024.09.10-00.50.18:674][961]2024.09.10_00.50.18: World Save Complete. Took: 0.648449
[2024.09.10-00.55.18:614][556]2024.09.10_00.55.18: Saving world...
[2024.09.10-00.55.18:628][556]2024.09.10_00.55.18: World Save Complete. Took: 0.572700
[2024.09.10-00.56.37:791][869]2024.09.10_00.56.37: Tribe Tribe of MELKOR, ID 1820266719: Day 46, 01:30:00: <RichColor Color="1, 0, 0, 1">Tribemember MELKOR - Lvl 76 was killed!</>)
[2024.09.10-00.56.37:799][869]2024.09.10_00.56.37: MELKOR - Lvl 76 (Tribe of MELKOR) was killed! [KillerSID: 536029445]
[2024.09.10-01.00.18:645][651]2024.09.10_01.00.18: Saving world...
[2024.09.10-01.00.18:655][651]2024.09.10_01.00.18: World Save Complete. Took: 0.558713
[2024.09.10-01.02.43:292][869]2024.09.10_01.02.43: Tribe Tribe of MELKOR, ID 1820266719: Day 46, 05:22:40: Human froze Pteranodon - Lvl 108 (Pteranodon))
[2024.09.10-01.02.58:108][312]2024.09.10_01.02.58: Str8 WhiteShark [UniqueNetId:00027e35a2b142bea1d7fb8af9d6fd3b Platform:None] left this ARK!
[2024.09.10-01.05.18:554][497]2024.09.10_01.05.18: Saving world...
[2024.09.10-01.05.18:565][497]2024.09.10_01.05.18: World Save Complete. Took: 0.458234
[2024.09.10-01.10.18:561][354]2024.09.10_01.10.18: Saving world...
[2024.09.10-01.10.18:574][354]2024.09.10_01.10.18: World Save Complete. Took: 0.439913
[2024.09.10-01.15.18:602][299]2024.09.10_01.15.18: Saving world...
[2024.09.10-01.15.18:613][299]2024.09.10_01.15.18: World Save Complete. Took: 0.453230
[2024.09.10-01.20.18:720][155]2024.09.10_01.20.18: Saving world...
[2024.09.10-01.20.18:737][155]2024.09.10_01.20.18: World Save Complete. Took: 0.559372
[2024.09.10-01.22.33:634][155]2024.09.10_01.22.33: Tribe Tribe of MELKOR, ID 1820266719: Day 46, 09:35:44: MELKOR froze Pteranodon - Lvl 280 (Pteranodon))
[2024.09.10-01.22.46:110][525]2024.09.10_01.22.46: DwightFishman [UniqueNetId:000293c1b9b44f62a918cdc34a9bf17a Platform:None] left this ARK!
[2024.09.10-01.25.18:696][ 81]2024.09.10_01.25.18: Saving world...
[2024.09.10-01.25.18:708][ 81]2024.09.10_01.25.18: World Save Complete. Took: 0.519302
[2024.09.10-01.30.18:763][ 62]2024.09.10_01.30.18: Saving world...
[2024.09.10-01.30.18:771][ 62]2024.09.10_01.30.18: World Save Complete. Took: 0.553346
[2024.09.10-01.35.18:770][ 36]2024.09.10_01.35.18: Saving world...
[2024.09.10-01.35.18:783][ 36]2024.09.10_01.35.18: World Save Complete. Took: 0.553164
[2024.09.10-01.40.18:863][  7]2024.09.10_01.40.18: Saving world...
[2024.09.10-01.40.18:870][  7]2024.09.10_01.40.18: World Save Complete. Took: 0.625295
[2024.09.10-01.45.18:838][977]2024.09.10_01.45.18: Saving world...
[2024.09.10-01.45.18:851][977]2024.09.10_01.45.18: World Save Complete. Took: 0.606341
[2024.09.10-01.50.18:865][959]2024.09.10_01.50.18: Saving world...
[2024.09.10-01.50.18:880][959]2024.09.10_01.50.18: World Save Complete. Took: 0.607232
[2024.09.10-01.55.19:015][906]2024.09.10_01.55.19: Saving world...
[2024.09.10-01.55.19:028][906]2024.09.10_01.55.19: World Save Complete. Took: 0.734686
[2024.09.10-02.00.18:848][848]2024.09.10_02.00.18: Saving world...
[2024.09.10-02.00.18:863][848]2024.09.10_02.00.18: World Save Complete. Took: 0.558106
[2024.09.10-02.05.18:805][805]2024.09.10_02.05.18: Saving world...
[2024.09.10-02.05.18:819][805]2024.09.10_02.05.18: World Save Complete. Took: 0.479434
[2024.09.10-02.10.18:800][762]2024.09.10_02.10.18: Saving world...
[2024.09.10-02.10.18:816][762]2024.09.10_02.10.18: World Save Complete. Took: 0.459370
