[2024.09.08-09.26.57:201][ 10]Log file open, 09/08/24 11:26:57
[2024.09.08-09.26.57:202][ 10]2024.09.08_09.26.57: [CCA_ASABot_C_2147476545] Loading INI Settings
[2024.09.08-09.26.57:219][ 10]2024.09.08_09.26.57: Version 2.1.0 --- CF Revision 117 --- Build Date Jul 8, 2024, 11:50:00 AM
[2024.09.08-09.28.08:149][ 17]2024.09.08_09.28.08: [WBUI] [CCA] [Version] Up to Date: v1.22
[2024.09.08-09.28.08:184][ 17]2024.09.08_09.28.08: [WBUI] [CCA] [INI-Setting] JsonURL= 
[2024.09.08-09.28.08:227][ 17]2024.09.08_09.28.08: [WBUI] [CCA] [INI-Settings] JsonURL empty. Settings Default: "https://raw.githubusercontent.com/DC-Modding/WBUI2-Wiki/main/default.json"
[2024.09.08-09.28.08:255][ 17]2024.09.08_09.28.08: [WBUI] [CCA] [Json] No Errors, Valid WBUI2 Json
[2024.09.08-09.28.08:281][ 17]2024.09.08_09.28.08: [WBUI] [CCA]  Updated Settings
[2024.09.08-09.29.54:569][133]2024.09.08_09.29.54: MrPenguin2212 [UniqueNetId:0002acf37cd14844ba16e8bac3628aa8 Platform:None] joined this ARK!
[2024.09.08-09.31.16:641][363]2024.09.08_09.31.16: Saving world...
[2024.09.08-09.31.16:647][363]2024.09.08_09.31.16: World Save Complete. Took: 0.545020
[2024.09.08-09.36.16:643][758]2024.09.08_09.36.16: Saving world...
[2024.09.08-09.36.16:649][758]2024.09.08_09.36.16: World Save Complete. Took: 0.539948
[2024.09.08-09.39.26:153][ 49]2024.09.08_09.39.26: Tribe Tribe of Azaria, ID 1417282873: Day 18, 07:14:38: <RichColor Color="0, 1, 0, 1">Your Tribe Tamed a Pteranodon - Lvl 163 (Pteranodon)!</>)
[2024.09.08-09.39.26:155][ 49]2024.09.08_09.39.26: Tribe Tribe of Azaria Tamed a Pteranodon - Lvl 163 (Pteranodon)!
[2024.09.08-09.41.16:692][956]2024.09.08_09.41.16: Saving world...
[2024.09.08-09.41.16:706][956]2024.09.08_09.41.16: World Save Complete. Took: 0.570424
[2024.09.08-09.46.16:686][603]2024.09.08_09.46.16: Saving world...
[2024.09.08-09.46.16:704][603]2024.09.08_09.46.16: World Save Complete. Took: 0.563005
[2024.09.08-09.51.16:711][198]2024.09.08_09.51.16: Saving world...
[2024.09.08-09.51.16:718][198]2024.09.08_09.51.16: World Save Complete. Took: 0.568932
[2024.09.08-09.54.14:195][345]2024.09.08_09.54.14: Tribe Tribe of Azaria, ID 1417282873: Day 18, 10:23:45: <RichColor Color="0, 1, 0, 1">Azaria Tamed a Pteranodon - Lvl 194 (Pteranodon)!</>)
[2024.09.08-09.54.14:202][345]2024.09.08_09.54.14: Azaria of Tribe Tribe of Azaria Tamed a Pteranodon - Lvl 194 (Pteranodon)!
[2024.09.08-09.56.16:756][732]2024.09.08_09.56.16: Saving world...
[2024.09.08-09.56.16:774][732]2024.09.08_09.56.16: World Save Complete. Took: 0.595128
[2024.09.08-09.59.40:359][548]2024.09.08_09.59.40: RehDragon [UniqueNetId:0002a0b12ff54d80a45035c18750b660 Platform:None] joined this ARK!
[2024.09.08-10.00.29:299][903]2024.09.08_10.00.29: Tribe Tribe of Reh, ID 1049447240: Day 18, 11:43:42: <RichColor Color="0, 1, 1, 1">Reh was added to the Tribe!</>)
[2024.09.08-10.00.29:304][903]2024.09.08_10.00.29: Player RehDragon with ID 99741031 joined tribe Tribe of Reh with ID 1049447240.
[2024.09.08-10.00.42:955][147]2024.09.08_10.00.42: AdminCmd: SetAdminIcon false (PlayerName: RehDragon, ARKID: 99741031, SteamID: 0002a0b12ff54d80a45035c18750b660)
[2024.09.08-10.00.52:122][329]2024.09.08_10.00.52: Tribe Tribe of Reh, ID 1049447240: Day 18, 11:48:36: <RichColor Color="1, 0, 0, 1">Tribemember Reh - Lvl 1 was killed by an Alpha Raptor - Lvl 115!</>)
[2024.09.08-10.00.52:124][329]2024.09.08_10.00.52: Reh - Lvl 1 (Tribe of Reh) was killed by an Alpha Raptor - Lvl 115 ()!
[2024.09.08-10.01.16:754][906]2024.09.08_10.01.16: Saving world...
[2024.09.08-10.01.16:762][906]2024.09.08_10.01.16: World Save Complete. Took: 0.546053
[2024.09.08-10.04.04:278][881]2024.09.08_10.04.04: RehDragon [UniqueNetId:0002a0b12ff54d80a45035c18750b660 Platform:None] left this ARK!
[2024.09.08-10.06.16:788][713]2024.09.08_10.06.16: Saving world...
[2024.09.08-10.06.16:794][713]2024.09.08_10.06.16: World Save Complete. Took: 0.569202
[2024.09.08-10.08.30:666][715]2024.09.08_10.08.30: RehDragon [UniqueNetId:0002a0b12ff54d80a45035c18750b660 Platform:None] joined this ARK!
[2024.09.08-10.08.45:041][113]2024.09.08_10.08.45: AdminCmd: SetAdminIcon false (PlayerName: RehDragon, ARKID: 99741031, SteamID: 0002a0b12ff54d80a45035c18750b660)
[2024.09.08-10.09.08:984][766]2024.09.08_10.09.08: RehDragon [UniqueNetId:0002a0b12ff54d80a45035c18750b660 Platform:None] left this ARK!
[2024.09.08-10.11.16:843][522]2024.09.08_10.11.16: Saving world...
[2024.09.08-10.11.16:852][522]2024.09.08_10.11.16: World Save Complete. Took: 0.591793
[2024.09.08-10.16.16:849][442]2024.09.08_10.16.16: Saving world...
[2024.09.08-10.16.16:856][442]2024.09.08_10.16.16: World Save Complete. Took: 0.591798
[2024.09.08-10.20.00:186][115]2024.09.08_10.20.00: Tribe Tribe of Azaria, ID 1417282873: Day 18, 15:53:08: <RichColor Color="0, 1, 0, 1">Azaria Tamed a Pyromane - Lvl 135 (Pyromane)!</>)
[2024.09.08-10.20.00:196][115]2024.09.08_10.20.00: Azaria of Tribe Tribe of Azaria Tamed a Pyromane - Lvl 135 (Pyromane)!
[2024.09.08-10.20.28:457][956]2024.09.08_10.20.28: Tribe Tribe of Azaria, ID 1417282873: Day 18, 15:59:07: <RichColor Color="0, 1, 0, 1">Azaria Tamed a Baby Rex - Lvl 7 (Rex)!</>)
[2024.09.08-10.20.28:465][956]2024.09.08_10.20.28: Azaria of Tribe Tribe of Azaria Tamed a Baby Rex - Lvl 7 (Rex)!
[2024.09.08-10.20.30:457][ 15]2024.09.08_10.20.30: Tribe Tribe of Azaria, ID 1417282873: Day 18, 15:59:32: <RichColor Color="1, 0, 0, 1">Your Baby Rex - Lvl 7 (Rex) was killed by Azaria - Lvl 105-523682463 (Tribe of Azaria)!</>)
[2024.09.08-10.20.30:468][ 15]2024.09.08_10.20.30: Tribe Tribe of Azaria, ID 1417282873: Day 18, 15:59:32: <RichColor Color="1, 0, 1, 1">Your Tribe killed Baby Rex - Lvl 7 (Rex) (Tribe of Azaria)!</>)
[2024.09.08-10.20.30:479][ 15]2024.09.08_10.20.30: Baby Rex - Lvl 7 (Rex) (Tribe of Azaria) was killed by Azaria - Lvl 105-523682463 (Tribe of Azaria)! [KillerSID: 523682463]
[2024.09.08-10.21.16:861][386]2024.09.08_10.21.16: Saving world...
[2024.09.08-10.21.16:889][386]2024.09.08_10.21.16: World Save Complete. Took: 0.603477
[2024.09.08-10.26.16:851][256]2024.09.08_10.26.16: Saving world...
[2024.09.08-10.26.16:861][256]2024.09.08_10.26.16: World Save Complete. Took: 0.542250
[2024.09.08-10.31.16:918][206]2024.09.08_10.31.16: Saving world...
[2024.09.08-10.31.16:927][206]2024.09.08_10.31.16: World Save Complete. Took: 0.608228
[2024.09.08-10.36.16:899][178]2024.09.08_10.36.16: Saving world...
[2024.09.08-10.36.16:913][178]2024.09.08_10.36.16: World Save Complete. Took: 0.578668
[2024.09.08-10.39.19:769][640]2024.09.08_10.39.19: Tribe Tribe of Azaria, ID 1417282873: Day 18, 20:00:15: <RichColor Color="1, 0, 0, 1">Your Pteranodon - Lvl 191 (Pteranodon) was killed by Azaria - Lvl 105-523682463 (Tribe of Azaria)!</>)
[2024.09.08-10.39.19:776][640]2024.09.08_10.39.19: Tribe Tribe of Azaria, ID 1417282873: Day 18, 20:00:15: <RichColor Color="1, 0, 1, 1">Your Tribe killed Pteranodon - Lvl 191 (Pteranodon) (Tribe of Azaria)!</>)
[2024.09.08-10.39.19:786][640]2024.09.08_10.39.19: Pteranodon - Lvl 191 (Pteranodon) (Tribe of Azaria) was killed by Azaria - Lvl 105-523682463 (Tribe of Azaria)! [KillerSID: 523682463]
[2024.09.08-10.41.16:929][ 92]2024.09.08_10.41.16: Saving world...
[2024.09.08-10.41.16:940][ 92]2024.09.08_10.41.16: World Save Complete. Took: 0.591656
[2024.09.08-10.43.28:334][ 30]2024.09.08_10.43.28: DEAD JOKER1X [UniqueNetId:00021fc1b0504c7f91273e3fef1ef8e6 Platform:None] joined this ARK!
[2024.09.08-10.46.16:909][  6]2024.09.08_10.46.16: Saving world...
[2024.09.08-10.46.16:917][  6]2024.09.08_10.46.16: World Save Complete. Took: 0.561307
[2024.09.08-10.48.18:325][633]2024.09.08_10.48.18: Tribe Tribe of Lucifer, ID 1272709801: Day 19, 01:13:39: Lucifer froze Rock Drake)
[2024.09.08-10.48.34:535][116]2024.09.08_10.48.34: DEAD JOKER1X [UniqueNetId:00021fc1b0504c7f91273e3fef1ef8e6 Platform:None] left this ARK!
[2024.09.08-10.51.16:931][962]2024.09.08_10.51.16: Saving world...
[2024.09.08-10.51.16:946][962]2024.09.08_10.51.16: World Save Complete. Took: 0.568985
[2024.09.08-10.56.16:950][918]2024.09.08_10.56.16: Saving world...
[2024.09.08-10.56.16:964][918]2024.09.08_10.56.16: World Save Complete. Took: 0.557617
[2024.09.08-11.01.16:975][869]2024.09.08_11.01.16: Saving world...
[2024.09.08-11.01.16:987][869]2024.09.08_11.01.16: World Save Complete. Took: 0.570856
[2024.09.08-11.03.51:908][506]2024.09.08_11.03.51: Tribe Tribe of Azaria, ID 1417282873: Day 19, 07:18:50: <RichColor Color="0, 1, 0, 1">Azaria Tamed a Pyromane - Lvl 195 (Pyromane)!</>)
[2024.09.08-11.03.51:916][506]2024.09.08_11.03.51: Azaria of Tribe Tribe of Azaria Tamed a Pyromane - Lvl 195 (Pyromane)!
[2024.09.08-11.06.17:000][807]2024.09.08_11.06.17: Saving world...
[2024.09.08-11.06.17:015][807]2024.09.08_11.06.17: World Save Complete. Took: 0.579170
[2024.09.08-11.11.17:014][767]2024.09.08_11.11.17: Saving world...
[2024.09.08-11.11.17:025][767]2024.09.08_11.11.17: World Save Complete. Took: 0.564584
[2024.09.08-11.15.19:975][ 50]2024.09.08_11.15.19: Tribe  Tamed a Baby Pyromane - Lvl 151 (Pyromane)!
[2024.09.08-11.15.25:150][205]2024.09.08_11.15.25: Tribe Tribe of Azaria, ID 1417282873: Day 19, 09:46:35: <RichColor Color="1, 0, 1, 1">Azaria claimed 'Baby Pyromane - Lvl 151 (Pyromane)'!</>)
[2024.09.08-11.16.17:030][729]2024.09.08_11.16.17: Saving world...
[2024.09.08-11.16.17:039][729]2024.09.08_11.16.17: World Save Complete. Took: 0.575462
[2024.09.08-11.21.17:068][692]2024.09.08_11.21.17: Saving world...
[2024.09.08-11.21.17:073][692]2024.09.08_11.21.17: World Save Complete. Took: 0.578288
[2024.09.08-11.23.46:151][149]2024.09.08_11.23.46: Tribe Tribe of Azaria, ID 1417282873: Day 19, 11:33:11: <RichColor Color="0, 1, 0, 1">Azaria Tamed a Pyromane - Lvl 202 (Pyromane)!</>)
[2024.09.08-11.23.46:162][149]2024.09.08_11.23.46: Azaria of Tribe Tribe of Azaria Tamed a Pyromane - Lvl 202 (Pyromane)!
[2024.09.08-11.26.17:087][643]2024.09.08_11.26.17: Saving world...
[2024.09.08-11.26.17:100][643]2024.09.08_11.26.17: World Save Complete. Took: 0.598115
[2024.09.08-11.31.17:054][591]2024.09.08_11.31.17: Saving world...
[2024.09.08-11.31.17:070][591]2024.09.08_11.31.17: World Save Complete. Took: 0.568335
[2024.09.08-11.36.17:061][566]2024.09.08_11.36.17: Saving world...
[2024.09.08-11.36.17:076][566]2024.09.08_11.36.17: World Save Complete. Took: 0.555773
[2024.09.08-11.39.41:563][680]2024.09.08_11.39.41: Tribe Tribe of Azaria, ID 1417282873: Day 19, 14:56:48: <RichColor Color="0.85, 0.15, 0.25, 1">Azaria uploaded a Pteranodon: Pteranodon - Lvl 218</>)
[2024.09.08-11.39.47:945][871]2024.09.08_11.39.47: Tribe Tribe of Azaria, ID 1417282873: Day 19, 14:58:17: <RichColor Color="0.85, 0.15, 0.25, 1">Azaria uploaded a Pyromane: Pyromane - Lvl 184</>)
[2024.09.08-11.40.27:797][ 51]2024.09.08_11.40.27: MrPenguin2212 [UniqueNetId:0002acf37cd14844ba16e8bac3628aa8 Platform:None] left this ARK!
[2024.09.08-11.41.17:101][511]2024.09.08_11.41.17: Saving world...
[2024.09.08-11.41.17:106][511]2024.09.08_11.41.17: World Save Complete. Took: 0.585073
[2024.09.08-11.46.17:117][487]2024.09.08_11.46.17: Saving world...
[2024.09.08-11.46.17:131][487]2024.09.08_11.46.17: World Save Complete. Took: 0.597174
[2024.09.08-11.51.17:118][461]2024.09.08_11.51.17: Saving world...
[2024.09.08-11.51.17:134][461]2024.09.08_11.51.17: World Save Complete. Took: 0.586219
[2024.09.08-11.56.17:141][429]2024.09.08_11.56.17: Saving world...
[2024.09.08-11.56.17:152][429]2024.09.08_11.56.17: World Save Complete. Took: 0.587323
[2024.09.08-12.01.17:168][402]2024.09.08_12.01.17: Saving world...
[2024.09.08-12.01.17:182][402]2024.09.08_12.01.17: World Save Complete. Took: 0.598692
[2024.09.08-12.05.25:589][833]2024.09.08_12.05.25: MrPenguin2212 [UniqueNetId:0002acf37cd14844ba16e8bac3628aa8 Platform:None] joined this ARK!
[2024.09.08-12.05.56:106][735]2024.09.08_12.05.56: Tribe Tribe of Azaria, ID 1417282873: Day 19, 20:50:33: Azaria froze Pyromane - Lvl 151 (Pyromane))
[2024.09.08-12.06.10:807][175]2024.09.08_12.06.10: Tribe Tribe of Azaria, ID 1417282873: Day 19, 21:00:46: Azaria froze Pyromane - Lvl 238 (Pyromane))
[2024.09.08-12.06.17:156][349]2024.09.08_12.06.17: Saving world...
[2024.09.08-12.06.17:163][349]2024.09.08_12.06.17: World Save Complete. Took: 0.564488
[2024.09.08-12.06.37:762][964]2024.09.08_12.06.37: Tribe Tribe of Azaria, ID 1417282873: Day 19, 21:19:06: Azaria froze Pyromane - Lvl 236 (Pyromane))
[2024.09.08-12.10.31:057][939]2024.09.08_12.10.31: Tribe Tribe of Azaria, ID 1417282873: Day 19, 23:57:28: Azaria froze Pyromane - Lvl 243 (Pyromane))
[2024.09.08-12.10.43:162][298]2024.09.08_12.10.43: MrPenguin2212 [UniqueNetId:0002acf37cd14844ba16e8bac3628aa8 Platform:None] left this ARK!
[2024.09.08-12.11.17:150][300]2024.09.08_12.11.17: Saving world...
[2024.09.08-12.11.17:155][300]2024.09.08_12.11.17: World Save Complete. Took: 0.552437
[2024.09.08-12.16.17:197][274]2024.09.08_12.16.17: Saving world...
[2024.09.08-12.16.17:211][274]2024.09.08_12.16.17: World Save Complete. Took: 0.586909
[2024.09.08-12.21.17:209][240]2024.09.08_12.21.17: Saving world...
[2024.09.08-12.21.17:219][240]2024.09.08_12.21.17: World Save Complete. Took: 0.587333
[2024.09.08-12.26.17:222][216]2024.09.08_12.26.17: Saving world...
[2024.09.08-12.26.17:236][216]2024.09.08_12.26.17: World Save Complete. Took: 0.585026
[2024.09.08-12.31.17:225][193]2024.09.08_12.31.17: Saving world...
[2024.09.08-12.31.17:238][193]2024.09.08_12.31.17: World Save Complete. Took: 0.573832
[2024.09.08-12.36.17:253][165]2024.09.08_12.36.17: Saving world...
[2024.09.08-12.36.17:264][165]2024.09.08_12.36.17: World Save Complete. Took: 0.592197
[2024.09.08-12.37.30:184][334]2024.09.08_12.37.30: BloodMoon7904 [UniqueNetId:0002cc49a9cb42a2b76c9c94bdbba7ea Platform:None] joined this ARK!
[2024.09.08-12.37.39:869][614]2024.09.08_12.37.39: Tribe Tribe of Modno, ID 1313517477: Day 20, 09:22:52: <RichColor Color="0, 1, 1, 1">Modno was added to the Tribe!</>)
[2024.09.08-12.37.39:871][614]2024.09.08_12.37.39: Player BloodMoon7904 with ID 642326841 joined tribe Tribe of Modno with ID 1313517477.
[2024.09.08-12.38.57:434][809]2024.09.08_12.38.57: BloodMoon7904 [UniqueNetId:0002cc49a9cb42a2b76c9c94bdbba7ea Platform:None] left this ARK!
[2024.09.08-12.41.17:252][984]2024.09.08_12.41.17: Saving world...
[2024.09.08-12.41.17:265][984]2024.09.08_12.41.17: World Save Complete. Took: 0.582206
[2024.09.08-12.46.17:270][965]2024.09.08_12.46.17: Saving world...
[2024.09.08-12.46.17:284][965]2024.09.08_12.46.17: World Save Complete. Took: 0.576769
[2024.09.08-12.51.17:293][941]2024.09.08_12.51.17: Saving world...
[2024.09.08-12.51.17:304][941]2024.09.08_12.51.17: World Save Complete. Took: 0.594138
[2024.09.08-12.56.17:334][915]2024.09.08_12.56.17: Saving world...
[2024.09.08-12.56.17:339][915]2024.09.08_12.56.17: World Save Complete. Took: 0.612986
[2024.09.08-13.01.17:313][890]2024.09.08_13.01.17: Saving world...
[2024.09.08-13.01.17:326][890]2024.09.08_13.01.17: World Save Complete. Took: 0.587631
[2024.09.08-13.06.17:307][858]2024.09.08_13.06.17: Saving world...
[2024.09.08-13.06.17:320][858]2024.09.08_13.06.17: World Save Complete. Took: 0.580055
[2024.09.08-13.11.17:348][831]2024.09.08_13.11.17: Saving world...
[2024.09.08-13.11.17:357][831]2024.09.08_13.11.17: World Save Complete. Took: 0.588718
[2024.09.08-13.16.17:347][802]2024.09.08_13.16.17: Saving world...
[2024.09.08-13.16.17:363][802]2024.09.08_13.16.17: World Save Complete. Took: 0.590910
[2024.09.08-13.21.17:357][767]2024.09.08_13.21.17: Saving world...
[2024.09.08-13.21.17:369][767]2024.09.08_13.21.17: World Save Complete. Took: 0.580988
[2024.09.08-13.26.17:372][737]2024.09.08_13.26.17: Saving world...
[2024.09.08-13.26.17:379][737]2024.09.08_13.26.17: World Save Complete. Took: 0.576421
[2024.09.08-13.31.17:394][711]2024.09.08_13.31.17: Saving world...
[2024.09.08-13.31.17:409][711]2024.09.08_13.31.17: World Save Complete. Took: 0.577546
[2024.09.08-13.36.17:435][684]2024.09.08_13.36.17: Saving world...
[2024.09.08-13.36.17:449][684]2024.09.08_13.36.17: World Save Complete. Took: 0.599283
[2024.09.08-13.41.17:430][660]2024.09.08_13.41.17: Saving world...
[2024.09.08-13.41.17:445][660]2024.09.08_13.41.17: World Save Complete. Took: 0.576642
[2024.09.08-13.46.17:485][633]2024.09.08_13.46.17: Saving world...
[2024.09.08-13.46.17:502][633]2024.09.08_13.46.17: World Save Complete. Took: 0.631634
[2024.09.08-13.51.17:441][612]2024.09.08_13.51.17: Saving world...
[2024.09.08-13.51.17:449][612]2024.09.08_13.51.17: World Save Complete. Took: 0.576725
[2024.09.08-13.56.17:434][592]2024.09.08_13.56.17: Saving world...
[2024.09.08-13.56.17:442][592]2024.09.08_13.56.17: World Save Complete. Took: 0.558599
[2024.09.08-14.01.17:473][577]2024.09.08_14.01.17: Saving world...
[2024.09.08-14.01.17:489][577]2024.09.08_14.01.17: World Save Complete. Took: 0.576510
[2024.09.08-14.06.17:465][593]2024.09.08_14.06.17: Saving world...
[2024.09.08-14.06.17:473][593]2024.09.08_14.06.17: World Save Complete. Took: 0.559940
[2024.09.08-14.11.17:499][592]2024.09.08_14.11.17: Saving world...
[2024.09.08-14.11.17:509][592]2024.09.08_14.11.17: World Save Complete. Took: 0.563670
[2024.09.08-14.16.17:574][596]2024.09.08_14.16.17: Saving world...
[2024.09.08-14.16.17:580][596]2024.09.08_14.16.17: World Save Complete. Took: 0.625465
[2024.09.08-14.21.17:528][599]2024.09.08_14.21.17: Saving world...
[2024.09.08-14.21.17:533][599]2024.09.08_14.21.17: World Save Complete. Took: 0.569982
[2024.09.08-14.26.17:530][600]2024.09.08_14.26.17: Saving world...
[2024.09.08-14.26.17:541][600]2024.09.08_14.26.17: World Save Complete. Took: 0.558026
[2024.09.08-14.31.17:556][597]2024.09.08_14.31.17: Saving world...
[2024.09.08-14.31.17:565][597]2024.09.08_14.31.17: World Save Complete. Took: 0.567452
[2024.09.08-14.36.17:584][605]2024.09.08_14.36.17: Saving world...
[2024.09.08-14.36.17:595][605]2024.09.08_14.36.17: World Save Complete. Took: 0.580349
[2024.09.08-14.41.17:557][555]2024.09.08_14.41.17: Saving world...
[2024.09.08-14.41.17:574][555]2024.09.08_14.41.17: World Save Complete. Took: 0.557165
[2024.09.08-14.46.17:583][558]2024.09.08_14.46.17: Saving world...
[2024.09.08-14.46.17:592][558]2024.09.08_14.46.17: World Save Complete. Took: 0.552917
[2024.09.08-14.51.17:587][563]2024.09.08_14.51.17: Saving world...
[2024.09.08-14.51.17:601][563]2024.09.08_14.51.17: World Save Complete. Took: 0.559368
[2024.09.08-14.56.17:606][564]2024.09.08_14.56.17: Saving world...
[2024.09.08-14.56.17:610][564]2024.09.08_14.56.17: World Save Complete. Took: 0.560680
[2024.09.08-15.01.17:616][556]2024.09.08_15.01.17: Saving world...
[2024.09.08-15.01.17:622][556]2024.09.08_15.01.17: World Save Complete. Took: 0.561230
[2024.09.08-15.06.17:667][538]2024.09.08_15.06.17: Saving world...
[2024.09.08-15.06.17:677][538]2024.09.08_15.06.17: World Save Complete. Took: 0.584952
[2024.09.08-15.11.17:661][521]2024.09.08_15.11.17: Saving world...
[2024.09.08-15.11.17:669][521]2024.09.08_15.11.17: World Save Complete. Took: 0.557351
[2024.09.08-15.16.17:668][512]2024.09.08_15.16.17: Saving world...
[2024.09.08-15.16.17:683][512]2024.09.08_15.16.17: World Save Complete. Took: 0.562579
[2024.09.08-15.21.17:679][514]2024.09.08_15.21.17: Saving world...
[2024.09.08-15.21.17:686][514]2024.09.08_15.21.17: World Save Complete. Took: 0.547763
[2024.09.08-15.26.17:682][513]2024.09.08_15.26.17: Saving world...
[2024.09.08-15.26.17:688][513]2024.09.08_15.26.17: World Save Complete. Took: 0.544106
[2024.09.08-15.31.17:730][519]2024.09.08_15.31.17: Saving world...
[2024.09.08-15.31.17:739][519]2024.09.08_15.31.17: World Save Complete. Took: 0.580945
[2024.09.08-15.36.17:707][523]2024.09.08_15.36.17: Saving world...
[2024.09.08-15.36.17:715][523]2024.09.08_15.36.17: World Save Complete. Took: 0.548129
[2024.09.08-15.41.17:727][512]2024.09.08_15.41.17: Saving world...
[2024.09.08-15.41.17:738][512]2024.09.08_15.41.17: World Save Complete. Took: 0.561253
[2024.09.08-15.46.17:748][488]2024.09.08_15.46.17: Saving world...
[2024.09.08-15.46.17:758][488]2024.09.08_15.46.17: World Save Complete. Took: 0.550956
[2024.09.08-15.51.17:763][464]2024.09.08_15.51.17: Saving world...
[2024.09.08-15.51.17:772][464]2024.09.08_15.51.17: World Save Complete. Took: 0.554182
[2024.09.08-15.56.17:783][447]2024.09.08_15.56.17: Saving world...
[2024.09.08-15.56.17:790][447]2024.09.08_15.56.17: World Save Complete. Took: 0.562414
[2024.09.08-16.01.17:789][431]2024.09.08_16.01.17: Saving world...
[2024.09.08-16.01.17:798][431]2024.09.08_16.01.17: World Save Complete. Took: 0.553181
[2024.09.08-16.06.17:811][412]2024.09.08_16.06.17: Saving world...
[2024.09.08-16.06.17:821][412]2024.09.08_16.06.17: World Save Complete. Took: 0.562242
[2024.09.08-16.11.17:817][391]2024.09.08_16.11.17: Saving world...
[2024.09.08-16.11.17:825][391]2024.09.08_16.11.17: World Save Complete. Took: 0.551890
[2024.09.08-16.16.17:840][365]2024.09.08_16.16.17: Saving world...
[2024.09.08-16.16.17:855][365]2024.09.08_16.16.17: World Save Complete. Took: 0.567267
[2024.09.08-16.21.17:845][341]2024.09.08_16.21.17: Saving world...
[2024.09.08-16.21.17:854][341]2024.09.08_16.21.17: World Save Complete. Took: 0.553225
[2024.09.08-16.26.17:849][319]2024.09.08_16.26.17: Saving world...
[2024.09.08-16.26.17:859][319]2024.09.08_16.26.17: World Save Complete. Took: 0.553119
[2024.09.08-16.31.17:841][294]2024.09.08_16.31.17: Saving world...
[2024.09.08-16.31.17:851][294]2024.09.08_16.31.17: World Save Complete. Took: 0.531873
[2024.09.08-16.36.17:904][269]2024.09.08_16.36.17: Saving world...
[2024.09.08-16.36.17:916][269]2024.09.08_16.36.17: World Save Complete. Took: 0.568973
[2024.09.08-16.41.17:885][195]2024.09.08_16.41.17: Saving world...
[2024.09.08-16.41.17:891][195]2024.09.08_16.41.17: World Save Complete. Took: 0.533652
[2024.09.08-16.46.17:932][171]2024.09.08_16.46.17: Saving world...
[2024.09.08-16.46.17:944][171]2024.09.08_16.46.17: World Save Complete. Took: 0.586620
[2024.09.08-16.51.17:921][142]2024.09.08_16.51.17: Saving world...
[2024.09.08-16.51.17:926][142]2024.09.08_16.51.17: World Save Complete. Took: 0.540817
[2024.09.08-16.56.17:951][119]2024.09.08_16.56.17: Saving world...
[2024.09.08-16.56.17:966][119]2024.09.08_16.56.17: World Save Complete. Took: 0.558698
[2024.09.08-17.01.17:981][ 97]2024.09.08_17.01.17: Saving world...
[2024.09.08-17.01.17:992][ 97]2024.09.08_17.01.17: World Save Complete. Took: 0.554273
[2024.09.08-17.06.17:999][ 82]2024.09.08_17.06.17: Saving world...
[2024.09.08-17.06.18:011][ 82]2024.09.08_17.06.18: World Save Complete. Took: 0.551435
[2024.09.08-17.11.18:025][ 67]2024.09.08_17.11.18: Saving world...
[2024.09.08-17.11.18:034][ 67]2024.09.08_17.11.18: World Save Complete. Took: 0.558278
[2024.09.08-17.16.18:069][ 55]2024.09.08_17.16.18: Saving world...
[2024.09.08-17.16.18:080][ 55]2024.09.08_17.16.18: World Save Complete. Took: 0.580607
[2024.09.08-17.21.18:097][ 42]2024.09.08_17.21.18: Saving world...
[2024.09.08-17.21.18:109][ 42]2024.09.08_17.21.18: World Save Complete. Took: 0.582484
[2024.09.08-17.26.18:087][ 27]2024.09.08_17.26.18: Saving world...
[2024.09.08-17.26.18:093][ 27]2024.09.08_17.26.18: World Save Complete. Took: 0.557097
[2024.09.08-17.31.18:093][ 15]2024.09.08_17.31.18: Saving world...
[2024.09.08-17.31.18:107][ 15]2024.09.08_17.31.18: World Save Complete. Took: 0.552017
[2024.09.08-17.36.18:151][  4]2024.09.08_17.36.18: Saving world...
[2024.09.08-17.36.18:161][  4]2024.09.08_17.36.18: World Save Complete. Took: 0.574502
[2024.09.08-17.41.18:142][984]2024.09.08_17.41.18: Saving world...
[2024.09.08-17.41.18:154][984]2024.09.08_17.41.18: World Save Complete. Took: 0.557895
[2024.09.08-17.46.18:175][962]2024.09.08_17.46.18: Saving world...
[2024.09.08-17.46.18:190][962]2024.09.08_17.46.18: World Save Complete. Took: 0.566359
[2024.09.08-17.51.18:186][939]2024.09.08_17.51.18: Saving world...
[2024.09.08-17.51.18:200][939]2024.09.08_17.51.18: World Save Complete. Took: 0.561935
[2024.09.08-17.56.18:224][916]2024.09.08_17.56.18: Saving world...
[2024.09.08-17.56.18:237][916]2024.09.08_17.56.18: World Save Complete. Took: 0.571582
[2024.09.08-18.01.18:217][898]2024.09.08_18.01.18: Saving world...
[2024.09.08-18.01.18:222][898]2024.09.08_18.01.18: World Save Complete. Took: 0.537087
[2024.09.08-18.06.18:248][875]2024.09.08_18.06.18: Saving world...
[2024.09.08-18.06.18:258][875]2024.09.08_18.06.18: World Save Complete. Took: 0.556796
[2024.09.08-18.11.18:265][857]2024.09.08_18.11.18: Saving world...
[2024.09.08-18.11.18:274][857]2024.09.08_18.11.18: World Save Complete. Took: 0.554872
[2024.09.08-18.16.18:285][824]2024.09.08_18.16.18: Saving world...
[2024.09.08-18.16.18:298][824]2024.09.08_18.16.18: World Save Complete. Took: 0.578066
[2024.09.08-18.21.18:279][799]2024.09.08_18.21.18: Saving world...
[2024.09.08-18.21.18:294][799]2024.09.08_18.21.18: World Save Complete. Took: 0.554858
[2024.09.08-18.26.18:309][767]2024.09.08_18.26.18: Saving world...
[2024.09.08-18.26.18:315][767]2024.09.08_18.26.18: World Save Complete. Took: 0.556062
[2024.09.08-18.31.18:303][734]2024.09.08_18.31.18: Saving world...
[2024.09.08-18.31.18:309][734]2024.09.08_18.31.18: World Save Complete. Took: 0.540997
[2024.09.08-18.36.18:341][701]2024.09.08_18.36.18: Saving world...
[2024.09.08-18.36.18:348][701]2024.09.08_18.36.18: World Save Complete. Took: 0.547961
[2024.09.08-18.41.18:344][626]2024.09.08_18.41.18: Saving world...
[2024.09.08-18.41.18:353][626]2024.09.08_18.41.18: World Save Complete. Took: 0.541935
[2024.09.08-18.46.18:395][593]2024.09.08_18.46.18: Saving world...
[2024.09.08-18.46.18:402][593]2024.09.08_18.46.18: World Save Complete. Took: 0.571702
[2024.09.08-18.51.18:401][562]2024.09.08_18.51.18: Saving world...
[2024.09.08-18.51.18:411][562]2024.09.08_18.51.18: World Save Complete. Took: 0.566963
[2024.09.08-18.56.18:437][533]2024.09.08_18.56.18: Saving world...
[2024.09.08-18.56.18:444][533]2024.09.08_18.56.18: World Save Complete. Took: 0.584002
[2024.09.08-19.01.18:435][513]2024.09.08_19.01.18: Saving world...
[2024.09.08-19.01.18:449][513]2024.09.08_19.01.18: World Save Complete. Took: 0.578353
[2024.09.08-19.06.18:426][498]2024.09.08_19.06.18: Saving world...
[2024.09.08-19.06.18:441][498]2024.09.08_19.06.18: World Save Complete. Took: 0.553109
[2024.09.08-19.11.18:475][483]2024.09.08_19.11.18: Saving world...
[2024.09.08-19.11.18:488][483]2024.09.08_19.11.18: World Save Complete. Took: 0.579902
[2024.09.08-19.16.18:522][465]2024.09.08_19.16.18: Saving world...
[2024.09.08-19.16.18:533][465]2024.09.08_19.16.18: World Save Complete. Took: 0.598546
[2024.09.08-19.21.18:536][442]2024.09.08_19.21.18: Saving world...
[2024.09.08-19.21.18:547][442]2024.09.08_19.21.18: World Save Complete. Took: 0.611028
[2024.09.08-19.26.18:498][416]2024.09.08_19.26.18: Saving world...
[2024.09.08-19.26.18:510][416]2024.09.08_19.26.18: World Save Complete. Took: 0.559845
[2024.09.08-19.31.18:509][397]2024.09.08_19.31.18: Saving world...
[2024.09.08-19.31.18:520][397]2024.09.08_19.31.18: World Save Complete. Took: 0.551537
[2024.09.08-19.36.18:548][377]2024.09.08_19.36.18: Saving world...
[2024.09.08-19.36.18:558][377]2024.09.08_19.36.18: World Save Complete. Took: 0.588926
[2024.09.08-19.41.18:566][358]2024.09.08_19.41.18: Saving world...
[2024.09.08-19.41.18:574][358]2024.09.08_19.41.18: World Save Complete. Took: 0.576503
[2024.09.08-19.46.18:580][339]2024.09.08_19.46.18: Saving world...
[2024.09.08-19.46.18:590][339]2024.09.08_19.46.18: World Save Complete. Took: 0.583305
[2024.09.08-19.51.18:594][319]2024.09.08_19.51.18: Saving world...
[2024.09.08-19.51.18:608][319]2024.09.08_19.51.18: World Save Complete. Took: 0.593129
[2024.09.08-19.56.18:564][298]2024.09.08_19.56.18: Saving world...
[2024.09.08-19.56.18:579][298]2024.09.08_19.56.18: World Save Complete. Took: 0.563466
[2024.09.08-20.01.18:597][280]2024.09.08_20.01.18: Saving world...
[2024.09.08-20.01.18:610][280]2024.09.08_20.01.18: World Save Complete. Took: 0.583310
[2024.09.08-20.06.18:574][260]2024.09.08_20.06.18: Saving world...
[2024.09.08-20.06.18:580][260]2024.09.08_20.06.18: World Save Complete. Took: 0.551970
[2024.09.08-20.11.18:633][242]2024.09.08_20.11.18: Saving world...
[2024.09.08-20.11.18:646][242]2024.09.08_20.11.18: World Save Complete. Took: 0.595051
[2024.09.08-20.16.18:630][226]2024.09.08_20.16.18: Saving world...
[2024.09.08-20.16.18:642][226]2024.09.08_20.16.18: World Save Complete. Took: 0.589475
[2024.09.08-20.21.18:641][206]2024.09.08_20.21.18: Saving world...
[2024.09.08-20.21.18:654][206]2024.09.08_20.21.18: World Save Complete. Took: 0.595614
[2024.09.08-20.26.18:648][184]2024.09.08_20.26.18: Saving world...
[2024.09.08-20.26.18:663][184]2024.09.08_20.26.18: World Save Complete. Took: 0.586409
[2024.09.08-20.31.18:708][167]2024.09.08_20.31.18: Saving world...
[2024.09.08-20.31.18:721][167]2024.09.08_20.31.18: World Save Complete. Took: 0.611581
[2024.09.08-20.36.18:702][146]2024.09.08_20.36.18: Saving world...
[2024.09.08-20.36.18:712][146]2024.09.08_20.36.18: World Save Complete. Took: 0.594548
[2024.09.08-20.41.18:714][ 76]2024.09.08_20.41.18: Saving world...
[2024.09.08-20.41.18:729][ 76]2024.09.08_20.41.18: World Save Complete. Took: 0.596556
[2024.09.08-20.46.18:761][ 49]2024.09.08_20.46.18: Saving world...
[2024.09.08-20.46.18:771][ 49]2024.09.08_20.46.18: World Save Complete. Took: 0.626070
[2024.09.08-20.51.18:752][ 30]2024.09.08_20.51.18: Saving world...
[2024.09.08-20.51.18:760][ 30]2024.09.08_20.51.18: World Save Complete. Took: 0.591672
[2024.09.08-20.56.18:734][  8]2024.09.08_20.56.18: Saving world...
[2024.09.08-20.56.18:742][  8]2024.09.08_20.56.18: World Save Complete. Took: 0.572080
[2024.09.08-21.01.18:781][985]2024.09.08_21.01.18: Saving world...
[2024.09.08-21.01.18:797][985]2024.09.08_21.01.18: World Save Complete. Took: 0.612009
[2024.09.08-21.06.18:780][958]2024.09.08_21.06.18: Saving world...
[2024.09.08-21.06.18:790][958]2024.09.08_21.06.18: World Save Complete. Took: 0.585092
[2024.09.08-21.11.18:806][938]2024.09.08_21.11.18: Saving world...
[2024.09.08-21.11.18:812][938]2024.09.08_21.11.18: World Save Complete. Took: 0.574878
[2024.09.08-21.16.18:836][917]2024.09.08_21.16.18: Saving world...
[2024.09.08-21.16.18:845][917]2024.09.08_21.16.18: World Save Complete. Took: 0.583849
[2024.09.08-21.21.18:829][895]2024.09.08_21.21.18: Saving world...
[2024.09.08-21.21.18:840][895]2024.09.08_21.21.18: World Save Complete. Took: 0.552015
[2024.09.08-21.26.18:916][876]2024.09.08_21.26.18: Saving world...
[2024.09.08-21.26.18:930][876]2024.09.08_21.26.18: World Save Complete. Took: 0.623547
[2024.09.08-21.31.18:890][848]2024.09.08_21.31.18: Saving world...
[2024.09.08-21.31.18:901][848]2024.09.08_21.31.18: World Save Complete. Took: 0.579347
[2024.09.08-21.36.18:971][822]2024.09.08_21.36.18: Saving world...
[2024.09.08-21.36.18:976][822]2024.09.08_21.36.18: World Save Complete. Took: 0.642653
[2024.09.08-21.41.18:918][798]2024.09.08_21.41.18: Saving world...
[2024.09.08-21.41.18:925][798]2024.09.08_21.41.18: World Save Complete. Took: 0.578196
[2024.09.08-21.46.18:942][773]2024.09.08_21.46.18: Saving world...
[2024.09.08-21.46.18:951][773]2024.09.08_21.46.18: World Save Complete. Took: 0.599340
[2024.09.08-21.51.18:957][753]2024.09.08_21.51.18: Saving world...
[2024.09.08-21.51.18:964][753]2024.09.08_21.51.18: World Save Complete. Took: 0.599863
[2024.09.08-21.56.18:995][731]2024.09.08_21.56.18: Saving world...
[2024.09.08-21.56.19:007][731]2024.09.08_21.56.19: World Save Complete. Took: 0.624698
[2024.09.08-22.01.19:009][707]2024.09.08_22.01.19: Saving world...
[2024.09.08-22.01.19:019][707]2024.09.08_22.01.19: World Save Complete. Took: 0.612899
[2024.09.08-22.06.19:031][682]2024.09.08_22.06.19: Saving world...
[2024.09.08-22.06.19:039][682]2024.09.08_22.06.19: World Save Complete. Took: 0.609790
[2024.09.08-22.11.19:006][658]2024.09.08_22.11.19: Saving world...
[2024.09.08-22.11.19:019][658]2024.09.08_22.11.19: World Save Complete. Took: 0.578399
[2024.09.08-22.16.19:032][635]2024.09.08_22.16.19: Saving world...
[2024.09.08-22.16.19:042][635]2024.09.08_22.16.19: World Save Complete. Took: 0.591890
[2024.09.08-22.21.19:088][611]2024.09.08_22.21.19: Saving world...
[2024.09.08-22.21.19:104][611]2024.09.08_22.21.19: World Save Complete. Took: 0.624932
[2024.09.08-22.26.19:084][589]2024.09.08_22.26.19: Saving world...
[2024.09.08-22.26.19:090][589]2024.09.08_22.26.19: World Save Complete. Took: 0.589092
[2024.09.08-22.31.19:101][569]2024.09.08_22.31.19: Saving world...
[2024.09.08-22.31.19:113][569]2024.09.08_22.31.19: World Save Complete. Took: 0.588882
[2024.09.08-22.36.19:183][545]2024.09.08_22.36.19: Saving world...
[2024.09.08-22.36.19:191][545]2024.09.08_22.36.19: World Save Complete. Took: 0.641570
[2024.09.08-22.41.19:112][471]2024.09.08_22.41.19: Saving world...
[2024.09.08-22.41.19:120][471]2024.09.08_22.41.19: World Save Complete. Took: 0.565628
[2024.09.08-22.46.19:130][453]2024.09.08_22.46.19: Saving world...
[2024.09.08-22.46.19:138][453]2024.09.08_22.46.19: World Save Complete. Took: 0.569582
[2024.09.08-22.51.19:134][430]2024.09.08_22.51.19: Saving world...
[2024.09.08-22.51.19:142][430]2024.09.08_22.51.19: World Save Complete. Took: 0.567523
[2024.09.08-22.56.19:178][411]2024.09.08_22.56.19: Saving world...
[2024.09.08-22.56.19:186][411]2024.09.08_22.56.19: World Save Complete. Took: 0.597406
[2024.09.08-23.01.19:190][389]2024.09.08_23.01.19: Saving world...
[2024.09.08-23.01.19:201][389]2024.09.08_23.01.19: World Save Complete. Took: 0.600985
[2024.09.08-23.06.19:193][364]2024.09.08_23.06.19: Saving world...
[2024.09.08-23.06.19:199][364]2024.09.08_23.06.19: World Save Complete. Took: 0.588998
[2024.09.08-23.11.19:225][342]2024.09.08_23.11.19: Saving world...
[2024.09.08-23.11.19:236][342]2024.09.08_23.11.19: World Save Complete. Took: 0.601445
[2024.09.08-23.16.19:228][322]2024.09.08_23.16.19: Saving world...
[2024.09.08-23.16.19:241][322]2024.09.08_23.16.19: World Save Complete. Took: 0.579778
[2024.09.08-23.21.19:269][301]2024.09.08_23.21.19: Saving world...
[2024.09.08-23.21.19:280][301]2024.09.08_23.21.19: World Save Complete. Took: 0.613573
[2024.09.08-23.26.19:275][279]2024.09.08_23.26.19: Saving world...
[2024.09.08-23.26.19:316][279]2024.09.08_23.26.19: World Save Complete. Took: 0.647972
[2024.09.08-23.31.19:280][257]2024.09.08_23.31.19: Saving world...
[2024.09.08-23.31.19:292][257]2024.09.08_23.31.19: World Save Complete. Took: 0.603928
[2024.09.08-23.36.19:302][235]2024.09.08_23.36.19: Saving world...
[2024.09.08-23.36.19:318][235]2024.09.08_23.36.19: World Save Complete. Took: 0.611934
[2024.09.08-23.41.19:325][212]2024.09.08_23.41.19: Saving world...
[2024.09.08-23.41.19:334][212]2024.09.08_23.41.19: World Save Complete. Took: 0.611060
[2024.09.08-23.46.19:377][188]2024.09.08_23.46.19: Saving world...
[2024.09.08-23.46.19:392][188]2024.09.08_23.46.19: World Save Complete. Took: 0.652519
[2024.09.08-23.51.19:383][163]2024.09.08_23.51.19: Saving world...
[2024.09.08-23.51.19:391][163]2024.09.08_23.51.19: World Save Complete. Took: 0.621306
[2024.09.08-23.56.19:355][139]2024.09.08_23.56.19: Saving world...
[2024.09.08-23.56.19:370][139]2024.09.08_23.56.19: World Save Complete. Took: 0.580999
[2024.09.09-00.01.19:398][114]2024.09.09_00.01.19: Saving world...
[2024.09.09-00.01.19:412][114]2024.09.09_00.01.19: World Save Complete. Took: 0.622624
[2024.09.09-00.06.19:403][ 91]2024.09.09_00.06.19: Saving world...
[2024.09.09-00.06.19:419][ 91]2024.09.09_00.06.19: World Save Complete. Took: 0.597297
[2024.09.09-00.11.19:436][ 70]2024.09.09_00.11.19: Saving world...
[2024.09.09-00.11.19:452][ 70]2024.09.09_00.11.19: World Save Complete. Took: 0.608826
[2024.09.09-00.16.19:453][ 46]2024.09.09_00.16.19: Saving world...
[2024.09.09-00.16.19:466][ 46]2024.09.09_00.16.19: World Save Complete. Took: 0.608704
[2024.09.09-00.21.19:427][ 25]2024.09.09_00.21.19: Saving world...
[2024.09.09-00.21.19:443][ 25]2024.09.09_00.21.19: World Save Complete. Took: 0.580192
[2024.09.09-00.26.19:475][  0]2024.09.09_00.26.19: Saving world...
[2024.09.09-00.26.19:481][  0]2024.09.09_00.26.19: World Save Complete. Took: 0.616845
[2024.09.09-00.31.19:464][979]2024.09.09_00.31.19: Saving world...
[2024.09.09-00.31.19:480][979]2024.09.09_00.31.19: World Save Complete. Took: 0.582296
[2024.09.09-00.36.20:441][936]2024.09.09_00.36.20: Saving world...
[2024.09.09-00.36.20:447][936]2024.09.09_00.36.20: World Save Complete. Took: 0.571242
[2024.09.09-00.41.20:512][917]2024.09.09_00.41.20: Saving world...
[2024.09.09-00.41.20:523][917]2024.09.09_00.41.20: World Save Complete. Took: 0.636948
[2024.09.09-00.46.20:469][892]2024.09.09_00.46.20: Saving world...
[2024.09.09-00.46.20:474][892]2024.09.09_00.46.20: World Save Complete. Took: 0.579273
[2024.09.09-00.51.20:477][870]2024.09.09_00.51.20: Saving world...
[2024.09.09-00.51.20:487][870]2024.09.09_00.51.20: World Save Complete. Took: 0.587688
[2024.09.09-00.56.20:495][844]2024.09.09_00.56.20: Saving world...
[2024.09.09-00.56.20:507][844]2024.09.09_00.56.20: World Save Complete. Took: 0.583622
[2024.09.09-01.01.20:533][820]2024.09.09_01.01.20: Saving world...
[2024.09.09-01.01.20:549][820]2024.09.09_01.01.20: World Save Complete. Took: 0.597500
[2024.09.09-01.06.20:579][796]2024.09.09_01.06.20: Saving world...
[2024.09.09-01.06.20:585][796]2024.09.09_01.06.20: World Save Complete. Took: 0.629842
[2024.09.09-01.11.21:076][772]2024.09.09_01.11.21: Saving world...
[2024.09.09-01.11.21:091][772]2024.09.09_01.11.21: World Save Complete. Took: 1.114728
[2024.09.09-01.16.20:640][732]2024.09.09_01.16.20: Saving world...
[2024.09.09-01.16.20:655][732]2024.09.09_01.16.20: World Save Complete. Took: 0.664118
[2024.09.09-01.21.20:580][705]2024.09.09_01.21.20: Saving world...
[2024.09.09-01.21.20:595][705]2024.09.09_01.21.20: World Save Complete. Took: 0.596992
[2024.09.09-01.26.20:631][685]2024.09.09_01.26.20: Saving world...
[2024.09.09-01.26.20:643][685]2024.09.09_01.26.20: World Save Complete. Took: 0.620456
[2024.09.09-01.31.20:643][660]2024.09.09_01.31.20: Saving world...
[2024.09.09-01.31.20:659][660]2024.09.09_01.31.20: World Save Complete. Took: 0.605901
[2024.09.09-01.36.20:621][634]2024.09.09_01.36.20: Saving world...
[2024.09.09-01.36.20:630][634]2024.09.09_01.36.20: World Save Complete. Took: 0.557257
[2024.09.09-01.41.20:674][608]2024.09.09_01.41.20: Saving world...
[2024.09.09-01.41.20:679][608]2024.09.09_01.41.20: World Save Complete. Took: 0.596915
[2024.09.09-01.46.20:702][585]2024.09.09_01.46.20: Saving world...
[2024.09.09-01.46.20:708][585]2024.09.09_01.46.20: World Save Complete. Took: 0.593041
[2024.09.09-01.51.20:718][560]2024.09.09_01.51.20: Saving world...
[2024.09.09-01.51.20:724][560]2024.09.09_01.51.20: World Save Complete. Took: 0.583807
[2024.09.09-01.56.20:736][540]2024.09.09_01.56.20: Saving world...
[2024.09.09-01.56.20:750][540]2024.09.09_01.56.20: World Save Complete. Took: 0.598453
[2024.09.09-01.58.15:792][948]2024.09.09_01.58.15: DEAD JOKER1X [UniqueNetId:00021fc1b0504c7f91273e3fef1ef8e6 Platform:None] joined this ARK!
[2024.09.09-02.01.20:725][132]2024.09.09_02.01.20: Saving world...
[2024.09.09-02.01.20:732][132]2024.09.09_02.01.20: World Save Complete. Took: 0.565973
[2024.09.09-02.06.20:790][454]2024.09.09_02.06.20: Saving world...
[2024.09.09-02.06.20:804][454]2024.09.09_02.06.20: World Save Complete. Took: 0.619182
[2024.09.09-02.11.20:789][676]2024.09.09_02.11.20: Saving world...
[2024.09.09-02.11.20:802][676]2024.09.09_02.11.20: World Save Complete. Took: 0.592311
[2024.09.09-02.16.20:764][248]2024.09.09_02.16.20: Saving world...
[2024.09.09-02.16.20:775][248]2024.09.09_02.16.20: World Save Complete. Took: 0.560573
[2024.09.09-02.21.20:845][870]2024.09.09_02.21.20: Saving world...
[2024.09.09-02.21.20:855][870]2024.09.09_02.21.20: World Save Complete. Took: 0.609029
[2024.09.09-02.23.14:907][137]2024.09.09_02.23.14: Tribe Tribe of Lucifer, ID 1272709801: Day 30, 06:06:07: Lucifer froze Anglerfish - Lvl 356 (Anglerfish))
[2024.09.09-02.23.37:848][816]2024.09.09_02.23.37: DEAD JOKER1X [UniqueNetId:00021fc1b0504c7f91273e3fef1ef8e6 Platform:None] left this ARK!
[2024.09.09-02.26.20:828][683]2024.09.09_02.26.20: Saving world...
[2024.09.09-02.26.20:832][683]2024.09.09_02.26.20: World Save Complete. Took: 0.573688
[2024.09.09-02.31.20:837][659]2024.09.09_02.31.20: Saving world...
[2024.09.09-02.31.20:852][659]2024.09.09_02.31.20: World Save Complete. Took: 0.591821
[2024.09.09-02.36.20:852][632]2024.09.09_02.36.20: Saving world...
[2024.09.09-02.36.20:862][632]2024.09.09_02.36.20: World Save Complete. Took: 0.592146
[2024.09.09-02.41.20:839][606]2024.09.09_02.41.20: Saving world...
[2024.09.09-02.41.20:845][606]2024.09.09_02.41.20: World Save Complete. Took: 0.566499
[2024.09.09-02.46.20:879][580]2024.09.09_02.46.20: Saving world...
[2024.09.09-02.46.20:887][580]2024.09.09_02.46.20: World Save Complete. Took: 0.587308
[2024.09.09-02.51.20:869][558]2024.09.09_02.51.20: Saving world...
[2024.09.09-02.51.20:882][558]2024.09.09_02.51.20: World Save Complete. Took: 0.570438
[2024.09.09-02.56.20:902][534]2024.09.09_02.56.20: Saving world...
[2024.09.09-02.56.20:917][534]2024.09.09_02.56.20: World Save Complete. Took: 0.575964
[2024.09.09-03.01.20:932][511]2024.09.09_03.01.20: Saving world...
[2024.09.09-03.01.20:946][511]2024.09.09_03.01.20: World Save Complete. Took: 0.574508
[2024.09.09-03.06.20:967][489]2024.09.09_03.06.20: Saving world...
[2024.09.09-03.06.20:973][489]2024.09.09_03.06.20: World Save Complete. Took: 0.572835
[2024.09.09-03.11.20:966][465]2024.09.09_03.11.20: Saving world...
[2024.09.09-03.11.20:974][465]2024.09.09_03.11.20: World Save Complete. Took: 0.559005
[2024.09.09-03.16.21:004][441]2024.09.09_03.16.21: Saving world...
[2024.09.09-03.16.21:017][441]2024.09.09_03.16.21: World Save Complete. Took: 0.581866
[2024.09.09-03.21.21:042][416]2024.09.09_03.21.21: Saving world...
[2024.09.09-03.21.21:056][416]2024.09.09_03.21.21: World Save Complete. Took: 0.596780
[2024.09.09-03.26.21:057][390]2024.09.09_03.26.21: Saving world...
[2024.09.09-03.26.21:072][390]2024.09.09_03.26.21: World Save Complete. Took: 0.599969
[2024.09.09-03.31.21:064][367]2024.09.09_03.31.21: Saving world...
[2024.09.09-03.31.21:071][367]2024.09.09_03.31.21: World Save Complete. Took: 0.593341
[2024.09.09-03.36.21:085][342]2024.09.09_03.36.21: Saving world...
[2024.09.09-03.36.21:097][342]2024.09.09_03.36.21: World Save Complete. Took: 0.606137
[2024.09.09-03.41.21:062][312]2024.09.09_03.41.21: Saving world...
[2024.09.09-03.41.21:076][312]2024.09.09_03.41.21: World Save Complete. Took: 0.573367
[2024.09.09-03.46.21:057][284]2024.09.09_03.46.21: Saving world...
[2024.09.09-03.46.21:066][284]2024.09.09_03.46.21: World Save Complete. Took: 0.561973
[2024.09.09-03.51.21:084][255]2024.09.09_03.51.21: Saving world...
[2024.09.09-03.51.21:099][255]2024.09.09_03.51.21: World Save Complete. Took: 0.591603
[2024.09.09-03.56.21:108][232]2024.09.09_03.56.21: Saving world...
[2024.09.09-03.56.21:116][232]2024.09.09_03.56.21: World Save Complete. Took: 0.605828
[2024.09.09-04.01.21:108][215]2024.09.09_04.01.21: Saving world...
[2024.09.09-04.01.21:116][215]2024.09.09_04.01.21: World Save Complete. Took: 0.579070
[2024.09.09-04.06.21:129][196]2024.09.09_04.06.21: Saving world...
[2024.09.09-04.06.21:139][196]2024.09.09_04.06.21: World Save Complete. Took: 0.591836
[2024.09.09-04.11.21:149][184]2024.09.09_04.11.21: Saving world...
[2024.09.09-04.11.21:158][184]2024.09.09_04.11.21: World Save Complete. Took: 0.584010
[2024.09.09-04.16.21:161][168]2024.09.09_04.16.21: Saving world...
[2024.09.09-04.16.21:172][168]2024.09.09_04.16.21: World Save Complete. Took: 0.590554
[2024.09.09-04.21.21:169][151]2024.09.09_04.21.21: Saving world...
[2024.09.09-04.21.21:177][151]2024.09.09_04.21.21: World Save Complete. Took: 0.574581
[2024.09.09-04.26.21:225][ 86]2024.09.09_04.26.21: Saving world...
[2024.09.09-04.26.21:239][ 86]2024.09.09_04.26.21: World Save Complete. Took: 0.606296
[2024.09.09-04.31.21:228][ 67]2024.09.09_04.31.21: Saving world...
[2024.09.09-04.31.21:235][ 67]2024.09.09_04.31.21: World Save Complete. Took: 0.575824
[2024.09.09-04.36.21:265][ 50]2024.09.09_04.36.21: Saving world...
[2024.09.09-04.36.21:281][ 50]2024.09.09_04.36.21: World Save Complete. Took: 0.589441
[2024.09.09-04.41.21:296][ 27]2024.09.09_04.41.21: Saving world...
[2024.09.09-04.41.21:305][ 27]2024.09.09_04.41.21: World Save Complete. Took: 0.587862
[2024.09.09-04.46.21:288][  8]2024.09.09_04.46.21: Saving world...
[2024.09.09-04.46.21:295][  8]2024.09.09_04.46.21: World Save Complete. Took: 0.554522
[2024.09.09-04.51.21:322][991]2024.09.09_04.51.21: Saving world...
[2024.09.09-04.51.21:335][991]2024.09.09_04.51.21: World Save Complete. Took: 0.579365
[2024.09.09-04.56.21:327][973]2024.09.09_04.56.21: Saving world...
[2024.09.09-04.56.21:362][973]2024.09.09_04.56.21: World Save Complete. Took: 0.593943
[2024.09.09-05.01.21:383][957]2024.09.09_05.01.21: Saving world...
[2024.09.09-05.01.21:389][957]2024.09.09_05.01.21: World Save Complete. Took: 0.588992
[2024.09.09-05.06.21:371][942]2024.09.09_05.06.21: Saving world...
[2024.09.09-05.06.21:383][942]2024.09.09_05.06.21: World Save Complete. Took: 0.580523
[2024.09.09-05.11.21:397][920]2024.09.09_05.11.21: Saving world...
[2024.09.09-05.11.21:411][920]2024.09.09_05.11.21: World Save Complete. Took: 0.584424
[2024.09.09-05.16.22:125][900]2024.09.09_05.16.22: Saving world...
[2024.09.09-05.16.22:133][900]2024.09.09_05.16.22: World Save Complete. Took: 1.294095
[2024.09.09-05.21.21:422][863]2024.09.09_05.21.21: Saving world...
[2024.09.09-05.21.21:435][863]2024.09.09_05.21.21: World Save Complete. Took: 0.599107
[2024.09.09-05.26.21:435][833]2024.09.09_05.26.21: Saving world...
[2024.09.09-05.26.21:451][833]2024.09.09_05.26.21: World Save Complete. Took: 0.592266
