[2024.08.29-17.29.12:403][  9]Log file open, 08/29/24 19:29:12
[2024.08.29-17.29.12:403][  9]2024.08.29_17.29.12: [CCA_ASABot_C_2147186023] Loading INI Settings
[2024.08.29-17.29.12:415][  9]2024.08.29_17.29.12: Version 2.1.0 --- CF Revision 117 --- Build Date Jul 8, 2024, 11:50:00 AM
[2024.08.29-17.33.35:721][248]2024.08.29_17.33.35: Saving world...
[2024.08.29-17.33.35:727][248]2024.08.29_17.33.35: World Save Complete. Took: 0.569285
[2024.08.29-17.36.27:857][451]2024.08.29_17.36.27: MartyrD0nk3y [UniqueNetId:0002789f4f984c6787a5898016eb4375 Platform:None] joined this ARK!
[2024.08.29-17.38.02:600][300]2024.08.29_17.38.02: MartyrD0nk3y (Shwat): ayo
[2024.08.29-17.38.35:732][276]2024.08.29_17.38.35: Saving world...
[2024.08.29-17.38.35:738][276]2024.08.29_17.38.35: World Save Complete. Took: 0.570235
[2024.08.29-17.40.40:761][ 26]2024.08.29_17.40.40: Tribe Tribe of Shwat, ID 1432275875: Day 1, 23:47:12: <RichColor Color="1, 0, 0, 1">Tribemember Shwat - Lvl 14 was killed by a Dilophosaur - Lvl 2!</>)
[2024.08.29-17.40.40:767][ 26]2024.08.29_17.40.40: Shwat - Lvl 14 (Tribe of Shwat) was killed by a Dilophosaur - Lvl 2 ()!
[2024.08.29-17.42.56:895][ 89]2024.08.29_17.42.56: SERVER: monkeywhisper: yo
[2024.08.29-17.43.35:732][238]2024.08.29_17.43.35: Saving world...
[2024.08.29-17.43.35:745][238]2024.08.29_17.43.35: World Save Complete. Took: 0.570215
[2024.08.29-17.48.35:737][219]2024.08.29_17.48.35: Saving world...
[2024.08.29-17.48.35:742][219]2024.08.29_17.48.35: World Save Complete. Took: 0.561282
[2024.08.29-17.52.32:132][309]2024.08.29_17.52.32: MartyrD0nk3y (Shwat): fghj
[2024.08.29-17.53.20:744][767]2024.08.29_17.53.20: Tribe Tribe of Shwat, ID 1432275875: Day 2, 06:18:41: <RichColor Color="1, 0, 0, 1">Tribemember Shwat - Lvl 14 was killed by a Piranha | 1.0x!</>)
[2024.08.29-17.53.20:751][767]2024.08.29_17.53.20: Shwat - Lvl 14 (Tribe of Shwat) was killed by a Piranha | 1.0x ()!
[2024.08.29-17.53.35:738][191]2024.08.29_17.53.35: Saving world...
[2024.08.29-17.53.35:749][191]2024.08.29_17.53.35: World Save Complete. Took: 0.562206
[2024.08.29-17.54.06:094][100]2024.08.29_17.54.06: MartyrD0nk3y [UniqueNetId:0002789f4f984c6787a5898016eb4375 Platform:None] left this ARK!
[2024.08.29-17.54.24:182][636]2024.08.29_17.54.24: MartyrD0nk3y [UniqueNetId:0002789f4f984c6787a5898016eb4375 Platform:None] joined this ARK!
[2024.08.29-17.58.35:765][152]2024.08.29_17.58.35: Saving world...
[2024.08.29-17.58.35:771][152]2024.08.29_17.58.35: World Save Complete. Took: 0.580309
[2024.08.29-18.03.35:749][131]2024.08.29_18.03.35: Saving world...
[2024.08.29-18.03.35:754][131]2024.08.29_18.03.35: World Save Complete. Took: 0.546219
[2024.08.29-18.08.35:769][107]2024.08.29_18.08.35: Saving world...
[2024.08.29-18.08.35:780][107]2024.08.29_18.08.35: World Save Complete. Took: 0.571766
[2024.08.29-18.13.14:765][474]2024.08.29_18.13.14: MartyrD0nk3y [UniqueNetId:0002789f4f984c6787a5898016eb4375 Platform:None] left this ARK!
[2024.08.29-18.13.35:790][ 89]2024.08.29_18.13.35: Saving world...
[2024.08.29-18.13.35:796][ 89]2024.08.29_18.13.35: World Save Complete. Took: 0.579850
