[2024.08.29-18.16.53:363][ 68]Log file open, 08/29/24 20:16:53
[2024.08.29-18.16.53:363][ 68]2024.08.29_18.16.53: [CCA_ASABot_C_2147186023] Loading INI Settings
[2024.08.29-18.16.53:376][ 68]2024.08.29_18.16.53: Version 2.1.0 --- CF Revision 117 --- Build Date Jul 8, 2024, 11:50:00 AM
[2024.08.29-18.17.26:066][ 68]2024.08.29_18.17.26: SERVER: New File Generated
[2024.08.29-18.18.52:313][185]2024.08.29_18.18.52: MartyrD0nk3y [UniqueNetId:0002789f4f984c6787a5898016eb4375 Platform:None] joined this ARK!
[2024.08.29-18.21.09:605][273]2024.08.29_18.21.09: Saving world...
[2024.08.29-18.21.09:618][273]2024.08.29_18.21.09: World Save Complete. Took: 0.583882
[2024.08.29-18.26.09:626][244]2024.08.29_18.26.09: Saving world...
[2024.08.29-18.26.09:636][244]2024.08.29_18.26.09: World Save Complete. Took: 0.596730
[2024.08.29-18.29.31:565][250]2024.08.29_18.29.31: MartyrD0nk3y (Shwat): ayo
[2024.08.29-18.29.38:526][458]2024.08.29_18.29.38: MartyrD0nk3y [UniqueNetId:0002789f4f984c6787a5898016eb4375 Platform:None] left this ARK!
[2024.08.29-18.30.00:854][122]2024.08.29_18.30.00: MartyrD0nk3y [UniqueNetId:0002789f4f984c6787a5898016eb4375 Platform:None] joined this ARK!
[2024.08.29-18.30.43:470][390]2024.08.29_18.30.43: MartyrD0nk3y (Shwat): fdhdfg
[2024.08.29-18.31.01:711][937]2024.08.29_18.31.01: AdminCmd: GiveCreativeMode (PlayerName: MartyrD0nk3y, ARKID: 531296528, SteamID: 0002789f4f984c6787a5898016eb4375)
[2024.08.29-18.31.09:626][156]2024.08.29_18.31.09: Saving world...
[2024.08.29-18.31.09:635][156]2024.08.29_18.31.09: World Save Complete. Took: 0.587427
[2024.08.29-18.36.09:645][100]2024.08.29_18.36.09: Saving world...
[2024.08.29-18.36.09:656][100]2024.08.29_18.36.09: World Save Complete. Took: 0.606285
[2024.08.29-18.41.09:638][ 44]2024.08.29_18.41.09: Saving world...
[2024.08.29-18.41.09:649][ 44]2024.08.29_18.41.09: World Save Complete. Took: 0.584400
[2024.08.29-18.46.09:652][881]2024.08.29_18.46.09: Saving world...
[2024.08.29-18.46.09:663][881]2024.08.29_18.46.09: World Save Complete. Took: 0.575358
[2024.08.29-18.51.09:681][832]2024.08.29_18.51.09: Saving world...
[2024.08.29-18.51.09:692][832]2024.08.29_18.51.09: World Save Complete. Took: 0.601890
[2024.08.29-18.53.19:258][691]2024.08.29_18.53.19: Tribe Tribe of Shwat, ID 1432275875: Day 2, 17:07:49: <RichColor Color="1, 0, 0, 1">World barrier destroyed 'Shwat - Lvl 14' at X=-187676.939 Y=13689.283 Z=59232.937!</>)
[2024.08.29-18.54.09:071][147]2024.08.29_18.54.09: MartyrD0nk3y [UniqueNetId:0002789f4f984c6787a5898016eb4375 Platform:None] left this ARK!
[2024.08.29-18.56.09:672][756]2024.08.29_18.56.09: Saving world...
[2024.08.29-18.56.09:682][756]2024.08.29_18.56.09: World Save Complete. Took: 0.588205
[2024.08.29-19.01.09:681][780]2024.08.29_19.01.09: Saving world...
[2024.08.29-19.01.09:694][780]2024.08.29_19.01.09: World Save Complete. Took: 0.572958
[2024.08.29-19.06.09:683][805]2024.08.29_19.06.09: Saving world...
[2024.08.29-19.06.09:689][805]2024.08.29_19.06.09: World Save Complete. Took: 0.567819
