[2024.09.14-07.12.38:053][  9]Log file open, 09/14/24 09:12:38
[2024.09.14-07.12.38:053][  9]2024.09.14_07.12.38: [CCA_ASABot_C_2147476545] Loading INI Settings
[2024.09.14-07.12.38:066][  9]2024.09.14_07.12.38: Version 2.1.0 --- CF Revision 117 --- Build Date Jul 8, 2024, 11:50:00 AM
[2024.09.14-07.13.51:120][ 16]2024.09.14_07.13.51: [WBUI] [CCA] [Version] Up to Date: v1.22
[2024.09.14-07.13.51:474][ 16]2024.09.14_07.13.51: [WBUI] [CCA] [INI-Setting] JsonURL= 
[2024.09.14-07.13.51:629][ 16]2024.09.14_07.13.51: [WBUI] [CCA] [INI-Settings] JsonURL empty. Settings Default: "https://raw.githubusercontent.com/DC-Modding/WBUI2-Wiki/main/default.json"
[2024.09.14-07.13.51:925][ 16]2024.09.14_07.13.51: [WBUI] [CCA] [Json] No Errors, Valid WBUI2 Json
[2024.09.14-07.13.52:007][ 16]2024.09.14_07.13.52: [WBUI] [CCA]  Updated Settings
[2024.09.14-07.17.08:096][755]2024.09.14_07.17.08: Saving world...
[2024.09.14-07.17.08:102][755]2024.09.14_07.17.08: World Save Complete. Took: 0.478870
[2024.09.14-07.22.08:036][749]2024.09.14_07.22.08: Saving world...
[2024.09.14-07.22.08:043][749]2024.09.14_07.22.08: World Save Complete. Took: 0.409638
[2024.09.14-07.27.08:069][761]2024.09.14_07.27.08: Saving world...
[2024.09.14-07.27.08:109][761]2024.09.14_07.27.08: World Save Complete. Took: 0.465343
[2024.09.14-07.32.08:650][689]2024.09.14_07.32.08: Saving world...
[2024.09.14-07.32.08:660][689]2024.09.14_07.32.08: World Save Complete. Took: 1.009009
[2024.09.14-07.37.08:165][685]2024.09.14_07.37.08: Saving world...
[2024.09.14-07.37.08:184][685]2024.09.14_07.37.08: World Save Complete. Took: 0.526015
[2024.09.14-07.42.08:228][596]2024.09.14_07.42.08: Saving world...
[2024.09.14-07.42.08:291][596]2024.09.14_07.42.08: World Save Complete. Took: 0.632286
[2024.09.14-07.43.02:298][834]2024.09.14_07.43.02: BCPMotorsports [UniqueNetId:00025906e70f43e3a2d8e19affbe2c0e Platform:None] joined this ARK!
[2024.09.14-07.45.01:046][335]2024.09.14_07.45.01: BCPMotorsports [UniqueNetId:00025906e70f43e3a2d8e19affbe2c0e Platform:None] left this ARK!
[2024.09.14-07.47.08:215][139]2024.09.14_07.47.08: Saving world...
[2024.09.14-07.47.08:240][139]2024.09.14_07.47.08: World Save Complete. Took: 0.560328
[2024.09.14-07.52.08:256][132]2024.09.14_07.52.08: Saving world...
[2024.09.14-07.52.08:269][132]2024.09.14_07.52.08: World Save Complete. Took: 0.571436
[2024.09.14-07.57.08:296][139]2024.09.14_07.57.08: Saving world...
[2024.09.14-07.57.08:310][139]2024.09.14_07.57.08: World Save Complete. Took: 0.580821
[2024.09.14-08.02.08:312][141]2024.09.14_08.02.08: Saving world...
[2024.09.14-08.02.08:326][141]2024.09.14_08.02.08: World Save Complete. Took: 0.575182
[2024.09.14-08.07.08:286][153]2024.09.14_08.07.08: Saving world...
[2024.09.14-08.07.08:294][153]2024.09.14_08.07.08: World Save Complete. Took: 0.544317
[2024.09.14-08.12.08:313][164]2024.09.14_08.12.08: Saving world...
[2024.09.14-08.12.08:319][164]2024.09.14_08.12.08: World Save Complete. Took: 0.566848
