[2024.09.06-17.52.37:172][ 11]Log file open, 09/06/24 19:52:37
[2024.09.06-17.52.37:173][ 11]2024.09.06_17.52.37: [CCA_ASABot_C_2147476376] Loading INI Settings
[2024.09.06-17.52.37:188][ 11]2024.09.06_17.52.37: Version 2.1.0 --- CF Revision 117 --- Build Date Jul 8, 2024, 11:50:00 AM
[2024.09.06-17.53.48:645][ 14]2024.09.06_17.53.48: [WBUI] [CCA] [Version] Up to Date: v1.22
[2024.09.06-17.53.48:650][ 14]2024.09.06_17.53.48: [WBUI] [CCA] [INI-Setting] JsonURL= 
[2024.09.06-17.53.48:662][ 14]2024.09.06_17.53.48: [WBUI] [CCA] [INI-Settings] JsonURL empty. Settings Default: "https://raw.githubusercontent.com/DC-Modding/WBUI2-Wiki/main/default.json"
[2024.09.06-17.53.48:674][ 14]2024.09.06_17.53.48: [WBUI] [CCA] [Json] No Errors, Valid WBUI2 Json
[2024.09.06-17.53.48:684][ 14]2024.09.06_17.53.48: [WBUI] [CCA]  Updated Settings
[2024.09.06-17.53.55:223][161]2024.09.06_17.53.55: Hugo_ai10 [UniqueNetId:0002c6ea0a8d4d98a0e229110d46577a Platform:None] joined this ARK!
[2024.09.06-17.53.56:371][190]2024.09.06_17.53.56: willyraimon [UniqueNetId:00021a6a49b34eebbaa54a8f40929a34 Platform:None] joined this ARK!
[2024.09.06-17.54.05:625][393]2024.09.06_17.54.05: DiggityDankDabz [UniqueNetId:0002d900478044c38e207a71981c97c4 Platform:None] joined this ARK!
[2024.09.06-17.54.13:864][552]2024.09.06_17.54.13: MonkeyWhisper [UniqueNetId:0002b1971bca45939cfb7acd896bb5ee Platform:None] joined this ARK!
[2024.09.06-17.54.16:802][611]2024.09.06_17.54.16: DJHAMMA808 [UniqueNetId:0002223fb8244e5aa88658bb0a12bfe0 Platform:None] joined this ARK!
[2024.09.06-17.54.19:852][653]2024.09.06_17.54.19: MartyrD0nk3y [UniqueNetId:0002789f4f984c6787a5898016eb4375 Platform:None] joined this ARK!
[2024.09.06-17.54.54:605][215]2024.09.06_17.54.54: LongtimeOak9100 [UniqueNetId:000230fc425348e29ba7dd183a0dd779 Platform:None] joined this ARK!
[2024.09.06-17.54.59:480][301]2024.09.06_17.54.59: EBK_Scorpion [UniqueNetId:0002b29fea694e3aa84ba819a4cd3297 Platform:None] joined this ARK!
[2024.09.06-17.55.10:957][445]2024.09.06_17.55.10: DepthViking [UniqueNetId:0002ea81a0154bea893e6bce16f8b238 Platform:None] joined this ARK!
[2024.09.06-17.55.27:142][628]2024.09.06_17.55.27: Guerrero_gamer_7 [UniqueNetId:00020467ddba4b51b5aeaf8694db8132 Platform:None] joined this ARK!
[2024.09.06-17.55.36:134][722]2024.09.06_17.55.36: Dark--Animal [UniqueNetId:0002bd6d12f74c40abaa6c5346389739 Platform:None] joined this ARK!
[2024.09.06-17.56.05:561][ 40]2024.09.06_17.56.05: Animals_Woman [UniqueNetId:0002f05d3f984d6c874882587e90b804 Platform:None] joined this ARK!
[2024.09.06-17.56.09:863][ 78]2024.09.06_17.56.09: LongtimeOak9100 (Chaos): You should put turret cap higher
[2024.09.06-17.56.27:511][274]2024.09.06_17.56.27: MonkeyWhisper (Rick Scott): It's at 250 right now
[2024.09.06-17.56.33:125][333]2024.09.06_17.56.33: Tribe Tribe of Jamonsito rico, ID 1029200390: Day 18, 21:33:36: <RichColor Color="1, 0, 0, 1">Tribemember Jamonsito rico - Lvl 41 was killed!</>)
[2024.09.06-17.56.33:135][333]2024.09.06_17.56.33: Jamonsito rico - Lvl 41 (Tribe of Jamonsito rico) was killed! [KillerSID: 299957008]
[2024.09.06-17.57.18:507][828]2024.09.06_17.57.18: Saving world...
[2024.09.06-17.57.18:514][828]2024.09.06_17.57.18: World Save Complete. Took: 0.602140
[2024.09.06-17.57.23:191][880]2024.09.06_17.57.23: DEAD JOKER1X [UniqueNetId:00021fc1b0504c7f91273e3fef1ef8e6 Platform:None] joined this ARK!
[2024.09.06-17.57.59:692][286]2024.09.06_17.57.59: MrPenguin2212 [UniqueNetId:0002acf37cd14844ba16e8bac3628aa8 Platform:None] joined this ARK!
[2024.09.06-17.58.38:475][740]2024.09.06_17.58.38: Tribe Tribe of Jamonsito rico, ID 1029200390: Day 18, 22:23:04: <RichColor Color="1, 0, 0, 1">Your Aberrant Moschops - Lvl 185 (Aberrant Moschops) was killed by Javivi - Lvl 65-27757710 (Tribe of Javivi)!</>)
[2024.09.06-17.58.38:477][740]2024.09.06_17.58.38: Tribe Tribe of Javivi, ID 1113665124: Day 18, 22:23:04: <RichColor Color="1, 0, 1, 1">Your Tribe killed Aberrant Moschops - Lvl 185 (Aberrant Moschops) (Tribe of Jamonsito rico)!</>)
[2024.09.06-17.58.38:487][740]2024.09.06_17.58.38: Aberrant Moschops - Lvl 185 (Aberrant Moschops) (Tribe of Jamonsito rico) was killed by Javivi - Lvl 65-27757710 (Tribe of Javivi)! [KillerSID: 27757710]
[2024.09.06-17.59.18:834][266]2024.09.06_17.59.18: Tribe Tribe of Javivi, ID 1113665124: Day 18, 22:39:12: <RichColor Color="0, 1, 1, 1">Tribe of Jamonsito rico tribe was merged in by Jamonsito rico!</>)
[2024.09.06-17.59.18:866][266]2024.09.06_17.59.18: Tribe Tribe of Jamonsito rico, ID 1029200390: Day 18, 22:39:12: <RichColor Color="1, 1, 0, 1">Jamonsito rico was removed from the Tribe!</>)
[2024.09.06-17.59.18:877][266]2024.09.06_17.59.18: Player Jamonsito rico with ID 299957008 removed from tribe Tribe of Jamonsito rico with ID 1029200390.
[2024.09.06-17.59.18:918][266]2024.09.06_17.59.18: Tribe Tribe of Javivi, ID 1113665124: Day 18, 22:39:12: <RichColor Color="0, 1, 1, 1">Jamonsito rico was added to the Tribe by Javivi!</>)
[2024.09.06-17.59.18:921][266]2024.09.06_17.59.18: Player Jamonsito rico with ID 299957008 joined tribe Tribe of Javivi with ID 1113665124 Invited by Player Javivi with ID 27757710.
[2024.09.06-18.00.06:263][874]2024.09.06_18.00.06: Tribe Tribe of Javivi, ID 1113665124: Day 18, 22:58:10: <RichColor Color="0, 1, 0, 1">Jamonsito rico Tamed an Aberrant Moschops - Lvl 217 (Aberrant Moschops)!</>)
[2024.09.06-18.00.06:273][874]2024.09.06_18.00.06: Jamonsito rico of Tribe Tribe of Javivi Tamed an Aberrant Moschops - Lvl 217 (Aberrant Moschops)!
[2024.09.06-18.00.12:412][954]2024.09.06_18.00.12: Tribe Tribe of Viking, ID 1402125346: Day 18, 23:00:38: <RichColor Color="0, 1, 0, 1">Viking Tamed a Cosmo - Lvl 52 (Cosmo)!</>)
[2024.09.06-18.00.12:420][954]2024.09.06_18.00.12: Viking of Tribe Tribe of Viking Tamed a Cosmo - Lvl 52 (Cosmo)!
[2024.09.06-18.01.49:306][131]2024.09.06_18.01.49: Tribe Tribe of Daddy Demonic, ID 1209617542: Day 18, 23:39:24: <RichColor Color="1, 0, 0, 1">Tribemember Daddy Demonic - Lvl 71 was killed by an Aberrant Pulmonoscorpius - Lvl 105!</>)
[2024.09.06-18.01.49:313][131]2024.09.06_18.01.49: Daddy Demonic - Lvl 71 (Tribe of Daddy Demonic) was killed by an Aberrant Pulmonoscorpius - Lvl 105 ()!
[2024.09.06-18.02.18:513][488]2024.09.06_18.02.18: Saving world...
[2024.09.06-18.02.18:524][488]2024.09.06_18.02.18: World Save Complete. Took: 0.596960
[2024.09.06-18.02.47:521][886]2024.09.06_18.02.47: Tribe  Tamed a Baby Ravager - Lvl 223 (Ravager)!
[2024.09.06-18.03.17:651][252]2024.09.06_18.03.17: Tribe Tribe of Javivi, ID 1113665124: Day 19, 00:14:40: <RichColor Color="1, 0, 0, 1">Tribemember Javivi - Lvl 70 was killed by Humano - Lvl 65-186200152 (Tribe of Javivi)!</>)
[2024.09.06-18.03.17:661][252]2024.09.06_18.03.17: Tribe Tribe of Javivi, ID 1113665124: Day 19, 00:14:40: <RichColor Color="1, 0, 1, 1">Your Tribe killed Javivi - Lvl 70 (Tribe of Javivi)!</>)
[2024.09.06-18.03.17:671][252]2024.09.06_18.03.17: Javivi - Lvl 70 (Tribe of Javivi) was killed by Humano - Lvl 65 (Tribe of Javivi)! [KillerSID: 186200152]
[2024.09.06-18.03.37:248][455]2024.09.06_18.03.37: SERVER: martyrd0nk3y: Hey guys, sorry I left a setting marked that allows bullets to stack too high, we need to do one more quick restart and then no more for the day.
[2024.09.06-18.04.08:272][813]2024.09.06_18.04.08: EBK_Scorpion (Seth): Lol hold on im under water rn
[2024.09.06-18.04.25:942][ 24]2024.09.06_18.04.25: DJHAMMA808 (Panda): Copy
[2024.09.06-18.04.37:011][166]2024.09.06_18.04.37: SERVER: martyrd0nk3y: luckily our restarts only take 2 minutes. No problem Just let me know when your good
[2024.09.06-18.05.20:556][721]2024.09.06_18.05.20: DepthViking [UniqueNetId:0002ea81a0154bea893e6bce16f8b238 Platform:None] left this ARK!
[2024.09.06-18.05.25:774][789]2024.09.06_18.05.25: LongtimeOak9100 [UniqueNetId:000230fc425348e29ba7dd183a0dd779 Platform:None] left this ARK!
[2024.09.06-18.05.54:959][174]2024.09.06_18.05.54: EBK_Scorpion (Seth): Im safe
[2024.09.06-18.06.16:875][534]2024.09.06_18.06.16: DJHAMMA808 (Panda): We good
[2024.09.06-18.06.21:361][607]2024.09.06_18.06.21: LongtimeOak9100 [UniqueNetId:000230fc425348e29ba7dd183a0dd779 Platform:None] joined this ARK!
[2024.09.06-18.07.18:638][310]2024.09.06_18.07.18: Saving world...
[2024.09.06-18.07.18:653][310]2024.09.06_18.07.18: World Save Complete. Took: 0.646392
[2024.09.06-18.07.20:803][333]2024.09.06_18.07.20: AdminCmd: saveworld (PlayerName: MartyrD0nk3y, ARKID: 859484274, SteamID: 0002789f4f984c6787a5898016eb4375)
[2024.09.06-18.07.21:399][333]2024.09.06_18.07.21: Saving world...
[2024.09.06-18.07.21:411][333]2024.09.06_18.07.21: World Save Complete. Took: 0.606019
