[2024.09.06-00.32.33:818][ 55]Log file open, 09/06/24 02:32:33
[2024.09.06-00.32.33:818][ 55]2024.09.06_00.32.33: [CCA_ASABot_C_2147476376] Loading INI Settings
[2024.09.06-00.32.33:831][ 55]2024.09.06_00.32.33: Version 2.1.0 --- CF Revision 117 --- Build Date Jul 8, 2024, 11:50:00 AM
[2024.09.06-00.33.41:167][ 61]2024.09.06_00.33.41: [WBUI] [CCA] [Version] Up to Date: v1.22
[2024.09.06-00.33.41:170][ 61]2024.09.06_00.33.41: [WBUI] [CCA] [INI-Setting] JsonURL= 
[2024.09.06-00.33.41:182][ 61]2024.09.06_00.33.41: [WBUI] [CCA] [INI-Settings] JsonURL empty. Settings Default: "https://raw.githubusercontent.com/DC-Modding/WBUI2-Wiki/main/default.json"
[2024.09.06-00.33.41:194][ 61]2024.09.06_00.33.41: [WBUI] [CCA] [Json] No Errors, Valid WBUI2 Json
[2024.09.06-00.33.41:204][ 61]2024.09.06_00.33.41: [WBUI] [CCA]  Updated Settings
[2024.09.06-00.33.45:794][143]2024.09.06_00.33.45: RehDragon [UniqueNetId:0002a0b12ff54d80a45035c18750b660 Platform:None] joined this ARK!
[2024.09.06-00.34.03:262][647]2024.09.06_00.34.03: MartyrD0nk3y [UniqueNetId:0002789f4f984c6787a5898016eb4375 Platform:None] joined this ARK!
[2024.09.06-00.34.06:180][724]2024.09.06_00.34.06: Dracox_x08 [UniqueNetId:00020efcab75485f83c8dff4af0974c9 Platform:None] joined this ARK!
[2024.09.06-00.34.15:601][974]2024.09.06_00.34.15: Tribe Tribe of Shwat, ID 1714227183: Day 1, 19:49:31: <RichColor Color="1, 0, 0, 1">Tribemember Shwat - Lvl 15 was killed by a Basilisk - Lvl 40!</>)
[2024.09.06-00.34.15:609][974]2024.09.06_00.34.15: Shwat - Lvl 15 (Tribe of Shwat) was killed by a Basilisk - Lvl 40 ()!
[2024.09.06-00.34.18:303][ 41]2024.09.06_00.34.18: Tribe Tribe of Relex, ID 1842602189: Day 1, 19:50:35: <RichColor Color="0, 1, 1, 1">Relex was added to the Tribe!</>)
[2024.09.06-00.34.18:315][ 41]2024.09.06_00.34.18: Player Dracox_x08 with ID 83698367 joined tribe Tribe of Relex with ID 1842602189.
[2024.09.06-00.34.28:016][283]2024.09.06_00.34.28: MartyrD0nk3y (Shwat): Much better.
[2024.09.06-00.34.48:450][814]2024.09.06_00.34.48: Dracox_x08 (Relex): Hola
[2024.09.06-00.35.09:157][306]2024.09.06_00.35.09: MartyrD0nk3y (Shwat): Hello :D trying to finish fine tuning, some mods are gonna be weird until they update them
[2024.09.06-00.35.25:653][711]2024.09.06_00.35.25: RehDragon (RehDragon): Please let us know if there any issues or fix needed to be done.
[2024.09.06-00.35.39:292][ 33]2024.09.06_00.35.39: RehDragon (RehDragon): You can find our discord in f1
[2024.09.06-00.35.41:518][ 87]2024.09.06_00.35.41: SERVER: nARKotic invite: https://discord.gg/xZZ5aD7
[2024.09.06-00.35.53:768][370]2024.09.06_00.35.53: RehDragon (RehDragon): Fixing f1 now
[2024.09.06-00.36.30:882][174]2024.09.06_00.36.30: Tribe Tribe of Relex, ID 1842602189: Day 1, 20:43:38: <RichColor Color="1, 0, 0, 1">Tribemember Relex - Lvl 10 was killed by an Aberrant Raptor - Lvl 55!</>)
[2024.09.06-00.36.30:886][174]2024.09.06_00.36.30: Relex - Lvl 10 (Tribe of Relex) was killed by an Aberrant Raptor - Lvl 55 ()!
[2024.09.06-00.36.49:690][645]2024.09.06_00.36.49: Tribe Tribe of Shwat, ID 1714227183: Day 1, 20:51:09: <RichColor Color="1, 0, 0, 1">Tribemember Shwat - Lvl 15 was killed by a Basilisk - Lvl 15!</>)
[2024.09.06-00.36.49:699][645]2024.09.06_00.36.49: Shwat - Lvl 15 (Tribe of Shwat) was killed by a Basilisk - Lvl 15 ()!
[2024.09.06-00.36.53:657][727]2024.09.06_00.36.53: BIGFOOT [UniqueNetId:00021acbaf094a78ab15ec9c1732d4d0 Platform:None] joined this ARK!
[2024.09.06-00.37.16:378][151]2024.09.06_00.37.16: Saving world...
[2024.09.06-00.37.16:389][151]2024.09.06_00.37.16: World Save Complete. Took: 0.472070
[2024.09.06-00.37.19:447][207]2024.09.06_00.37.19: Unavailable name [UniqueNetId:00022c98ee0d4e1f9ec59e9b6faea772 Platform:None] joined this ARK!
[2024.09.06-00.37.24:999][317]2024.09.06_00.37.24: Dracox_x08 [UniqueNetId:00020efcab75485f83c8dff4af0974c9 Platform:None] left this ARK!
[2024.09.06-00.37.56:314][ 68]2024.09.06_00.37.56: MartyrD0nk3y [UniqueNetId:0002789f4f984c6787a5898016eb4375 Platform:None] left this ARK!
[2024.09.06-00.38.36:925][211]2024.09.06_00.38.36: SERVER: monkeywhisper: BIGFOOT, do you need a mindwind as a courtesy?
[2024.09.06-00.38.47:358][513]2024.09.06_00.38.47: BIGFOOT (Mango): na im good
[2024.09.06-00.39.19:024][395]2024.09.06_00.39.19: Unavailable name (Banana): would it be possible to get 1 starter kit, i lost mine to the rollback
[2024.09.06-00.39.25:483][582]2024.09.06_00.39.25: DiggityDankDabz [UniqueNetId:0002d900478044c38e207a71981c97c4 Platform:None] joined this ARK!
[2024.09.06-00.39.56:157][484]2024.09.06_00.39.56: [WBUI] [CCA] [INI-Setting] JsonURL= 
[2024.09.06-00.39.56:163][484]2024.09.06_00.39.56: [WBUI] [CCA] [INI-Settings] JsonURL empty. Settings Default: "https://raw.githubusercontent.com/DC-Modding/WBUI2-Wiki/main/default.json"
[2024.09.06-00.39.56:174][484]2024.09.06_00.39.56: [WBUI] [CCA] [Json] No Errors, Valid WBUI2 Json
[2024.09.06-00.40.12:756][959]2024.09.06_00.40.12: Tribe Tribe of Diggs, ID 1646990642: Day 1, 22:12:21: <RichColor Color="0, 1, 1, 1">Diggs was added to the Tribe!</>)
[2024.09.06-00.40.12:768][959]2024.09.06_00.40.12: Player DiggityDankDabz with ID 538993423 joined tribe Tribe of Diggs with ID 1646990642.
[2024.09.06-00.40.27:848][260]2024.09.06_00.40.27: MartyrD0nk3y [UniqueNetId:0002789f4f984c6787a5898016eb4375 Platform:None] joined this ARK!
[2024.09.06-00.40.28:599][274]2024.09.06_00.40.28: SERVER: martyrd0nk3y: Yep, I can get you that.
[2024.09.06-00.40.50:020][615]2024.09.06_00.40.50: Unavailable name (Banana): Thankyou
[2024.09.06-00.41.21:528][ 71]2024.09.06_00.41.21: Tribe Tribe of Mango, ID 1773629605: Day 1, 22:39:51: <RichColor Color="1, 1, 0, 1">Mango demolished a 'Wood Foundation'!</>)
[2024.09.06-00.41.23:112][ 95]2024.09.06_00.41.23: Tribe Tribe of Mango, ID 1773629605: Day 1, 22:40:29: <RichColor Color="1, 1, 0, 1">Mango demolished a 'Wood Foundation'!</>)
[2024.09.06-00.41.24:797][119]2024.09.06_00.41.24: Tribe Tribe of Mango, ID 1773629605: Day 1, 22:41:09: <RichColor Color="1, 1, 0, 1">Mango demolished a 'Wood Foundation'!</>)
[2024.09.06-00.41.26:397][143]2024.09.06_00.41.26: Tribe Tribe of Mango, ID 1773629605: Day 1, 22:41:48: <RichColor Color="1, 1, 0, 1">Mango demolished a 'Wood Foundation'!</>)
[2024.09.06-00.41.56:057][590]2024.09.06_00.41.56: MartyrD0nk3y (Shwat): For now I removed the limit on them and made them free, once everything is more stable I will reapply
[2024.09.06-00.42.05:943][743]2024.09.06_00.42.05: MartyrD0nk3y (Shwat): Sorry about that
[2024.09.06-00.42.16:445][899]2024.09.06_00.42.16: Saving world...
[2024.09.06-00.42.16:448][899]2024.09.06_00.42.16: World Save Complete. Took: 0.467666
[2024.09.06-00.42.51:342][480]2024.09.06_00.42.51: BIGFOOT (Mango): no issues. I know how running a server goes.
[2024.09.06-00.43.04:977][723]2024.09.06_00.43.04: Tribe Tribe of Mango, ID 1773629605: Day 1, 23:21:13: <RichColor Color="0, 0, 1, 1">Banana was promoted to a Tribe Admin by Mango!</>)
[2024.09.06-00.43.30:092][266]2024.09.06_00.43.30: MartyrD0nk3y (Shwat): Server part is easy, new map is whats odd lol. Should be way less lag than most servers as I dont use nitrado.
[2024.09.06-00.43.44:417][606]2024.09.06_00.43.44: BIGFOOT (Mango): oh praise the ark gods
[2024.09.06-00.43.49:858][736]2024.09.06_00.43.49: MartyrD0nk3y (Shwat): Lol right.
[2024.09.06-00.44.03:273][ 47]2024.09.06_00.44.03: [WBUI] [CCA] [INI-Setting] JsonURL= 
[2024.09.06-00.44.03:280][ 47]2024.09.06_00.44.03: [WBUI] [CCA] [INI-Settings] JsonURL empty. Settings Default: "https://raw.githubusercontent.com/DC-Modding/WBUI2-Wiki/main/default.json"
[2024.09.06-00.44.03:291][ 47]2024.09.06_00.44.03: [WBUI] [CCA] [Json] No Errors, Valid WBUI2 Json
[2024.09.06-00.44.08:012][157]2024.09.06_00.44.08: Tribe Tribe of Mango, ID 1773629605: Day 1, 23:46:26: <RichColor Color="0, 1, 1, 1">Tribe of Diggs tribe was merged in by Diggs!</>)
[2024.09.06-00.44.08:041][157]2024.09.06_00.44.08: Tribe Tribe of Diggs, ID 1646990642: Day 1, 23:46:26: <RichColor Color="1, 1, 0, 1">Diggs was removed from the Tribe!</>)
[2024.09.06-00.44.08:052][157]2024.09.06_00.44.08: Player Diggs with ID 538993423 removed from tribe Tribe of Diggs with ID 1646990642.
[2024.09.06-00.44.08:095][157]2024.09.06_00.44.08: Tribe Tribe of Mango, ID 1773629605: Day 1, 23:46:26: <RichColor Color="0, 1, 1, 1">Diggs was added to the Tribe by Banana!</>)
[2024.09.06-00.44.08:097][157]2024.09.06_00.44.08: Player Diggs with ID 538993423 joined tribe Tribe of Mango with ID 1773629605 Invited by Player Banana with ID 588640747.
[2024.09.06-00.44.25:488][554]2024.09.06_00.44.25: [WBUI] [CCA] [INI-Setting] JsonURL= 
[2024.09.06-00.44.25:494][554]2024.09.06_00.44.25: [WBUI] [CCA] [INI-Settings] JsonURL empty. Settings Default: "https://raw.githubusercontent.com/DC-Modding/WBUI2-Wiki/main/default.json"
[2024.09.06-00.44.25:505][554]2024.09.06_00.44.25: [WBUI] [CCA] [Json] No Errors, Valid WBUI2 Json
[2024.09.06-00.44.41:004][933]2024.09.06_00.44.41: RADEMPIRE [UniqueNetId:00020a117c6947ac925819ab11fc2e3b Platform:None] joined this ARK!
[2024.09.06-00.45.05:626][524]2024.09.06_00.45.05: Tribe Tribe of Pablo, ID 1338585374: Day 2, 00:09:29: <RichColor Color="0, 1, 1, 1">Pablo was added to the Tribe!</>)
[2024.09.06-00.45.05:632][524]2024.09.06_00.45.05: Player RADEMPIRE with ID 426839757 joined tribe Tribe of Pablo with ID 1338585374.
[2024.09.06-00.45.06:113][533]2024.09.06_00.45.06: Tribe Tribe of Mango, ID 1773629605: Day 2, 00:09:40: <RichColor Color="1, 0, 0, 1">Tribemember Banana - Lvl 69 was killed!</>)
[2024.09.06-00.45.06:116][533]2024.09.06_00.45.06: Banana - Lvl 69 (Tribe of Mango) was killed!
[2024.09.06-00.45.10:758][628]2024.09.06_00.45.10: SERVER: martyrd0nk3y: Just let us know if you see any issues. Even if we are not in the server we will still see the chat. Any suggestions are welcome as well 
[2024.09.06-00.45.28:834][  3]2024.09.06_00.45.28: BIGFOOT (Mango): Will do!
[2024.09.06-00.45.29:157][  9]2024.09.06_00.45.29: RehDragon (RehDragon): F1 has been update for a holder.
[2024.09.06-00.45.42:322][265]2024.09.06_00.45.42: Tribe Tribe of Pablo, ID 1338585374: Day 2, 00:23:56: <RichColor Color="1, 0, 0, 1">Tribemember Pablo - Lvl 1 was killed by an Aberrant Raptor - Lvl 95!</>)
[2024.09.06-00.45.42:329][265]2024.09.06_00.45.42: Pablo - Lvl 1 (Tribe of Pablo) was killed by an Aberrant Raptor - Lvl 95 ()!
