[2024.09.06-00.17.33:172][ 10]Log file open, 09/06/24 02:17:33
[2024.09.06-00.17.33:172][ 10]2024.09.06_00.17.33: [CCA_ASABot_C_2147476376] Loading INI Settings
[2024.09.06-00.17.33:185][ 10]2024.09.06_00.17.33: Version 2.1.0 --- CF Revision 117 --- Build Date Jul 8, 2024, 11:50:00 AM
[2024.09.06-00.18.40:583][ 21]2024.09.06_00.18.40: [WBUI] [CCA] [Version] Up to Date: v1.22
[2024.09.06-00.18.40:593][ 21]2024.09.06_00.18.40: [WBUI] [CCA] [INI-Setting] JsonURL= 
[2024.09.06-00.18.40:605][ 21]2024.09.06_00.18.40: [WBUI] [CCA] [INI-Settings] JsonURL empty. Settings Default: "https://raw.githubusercontent.com/DC-Modding/WBUI2-Wiki/main/default.json"
[2024.09.06-00.18.40:617][ 21]2024.09.06_00.18.40: [WBUI] [CCA] [Json] No Errors, Valid WBUI2 Json
[2024.09.06-00.18.40:628][ 21]2024.09.06_00.18.40: [WBUI] [CCA]  Updated Settings
[2024.09.06-00.18.45:694][110]2024.09.06_00.18.45: TacoTuesday1477 [UniqueNetId:0002d60206864cbcb3f8bea1bc254162 Platform:None] joined this ARK!
[2024.09.06-00.18.58:660][497]2024.09.06_00.18.58: RehDragon [UniqueNetId:0002a0b12ff54d80a45035c18750b660 Platform:None] joined this ARK!
[2024.09.06-00.19.13:480][936]2024.09.06_00.19.13: MartyrD0nk3y [UniqueNetId:0002789f4f984c6787a5898016eb4375 Platform:None] joined this ARK!
[2024.09.06-00.19.46:680][909]2024.09.06_00.19.46: Unavailable name [UniqueNetId:00022c98ee0d4e1f9ec59e9b6faea772 Platform:None] joined this ARK!
[2024.09.06-00.19.56:244][191]2024.09.06_00.19.56: BIGFOOT [UniqueNetId:00021acbaf094a78ab15ec9c1732d4d0 Platform:None] joined this ARK!
[2024.09.06-00.20.03:839][413]2024.09.06_00.20.03: Tribe Tribe of Banana, ID 1256058021: Day 1, 16:43:13: <RichColor Color="0, 1, 1, 1">Banana was added to the Tribe!</>)
[2024.09.06-00.20.03:841][413]2024.09.06_00.20.03: Player Unavailable name with ID 588640747 joined tribe Tribe of Banana with ID 1256058021.
[2024.09.06-00.21.22:656][249]2024.09.06_00.21.22: Tribe Tribe of sauce, ID 1504903447: Day 1, 17:14:45: <RichColor Color="1, 0, 0, 1">Tribemember sauce - Lvl 1 was killed by a Basilisk - Lvl 110!</>)
[2024.09.06-00.21.22:663][249]2024.09.06_00.21.22: sauce - Lvl 1 (Tribe of sauce) was killed by a Basilisk - Lvl 110 ()!
[2024.09.06-00.21.37:030][408]2024.09.06_00.21.37: Tribe Tribe of Banana, ID 1256058021: Day 1, 17:20:30: <RichColor Color="1, 0, 0, 1">Tribemember Banana - Lvl 1 was killed by an Aberrant Raptor - Lvl 80!</>)
[2024.09.06-00.21.37:034][408]2024.09.06_00.21.37: Banana - Lvl 1 (Tribe of Banana) was killed by an Aberrant Raptor - Lvl 80 ()!
[2024.09.06-00.21.58:147][670]2024.09.06_00.21.58: MartyrD0nk3y (Shwat): Dying 100 times in first 5 minutes. Yup. Abb is back.
[2024.09.06-00.22.15:567][930]2024.09.06_00.22.15: Saving world...
[2024.09.06-00.22.15:580][930]2024.09.06_00.22.15: World Save Complete. Took: 0.482765
[2024.09.06-00.22.34:801][274]2024.09.06_00.22.34: Tribe Shwat Team, ID 1482354014: Day 1, 17:43:36: <RichColor Color="1, 0, 0, 1">Tribemember RehDragon - Lvl 66 was killed by a Basilisk - Lvl 40!</>)
[2024.09.06-00.22.34:811][274]2024.09.06_00.22.34: RehDragon - Lvl 66 (Shwat Team) was killed by a Basilisk - Lvl 40 ()!
[2024.09.06-00.22.42:439][401]2024.09.06_00.22.42: AAHOOOGAA [UniqueNetId:00025aec0f2144b7ac4185055d5f3cdd Platform:None] joined this ARK!
[2024.09.06-00.23.03:064][717]2024.09.06_00.23.03: Tribe Tribe of Gary, ID 1400726483: Day 1, 17:54:53: <RichColor Color="0, 1, 1, 1">Gary was added to the Tribe!</>)
[2024.09.06-00.23.03:072][717]2024.09.06_00.23.03: Player AAHOOOGAA with ID 215918650 joined tribe Tribe of Gary with ID 1400726483.
[2024.09.06-00.24.40:180][464]2024.09.06_00.24.40: Tribe Tribe of Shwat, ID 1714227183: Day 1, 18:33:45: <RichColor Color="1, 0, 0, 1">Tribemember Shwat - Lvl 15 was killed by a Basilisk - Lvl 45!</>)
[2024.09.06-00.24.40:187][464]2024.09.06_00.24.40: Shwat - Lvl 15 (Tribe of Shwat) was killed by a Basilisk - Lvl 45 ()!
[2024.09.06-00.25.11:209][114]2024.09.06_00.25.11: AAHOOOGAA [UniqueNetId:00025aec0f2144b7ac4185055d5f3cdd Platform:None] left this ARK!
[2024.09.06-00.25.53:545][ 16]2024.09.06_00.25.53: Tribe Tribe of Taco, ID 1280585111: Day 1, 19:03:05: <RichColor Color="1, 0, 0, 1">Tribemember Taco - Lvl 19 was killed by a Pyromane - Lvl 40!</>)
[2024.09.06-00.25.53:546][ 16]2024.09.06_00.25.53: Taco - Lvl 19 (Tribe of Taco) was killed by a Pyromane - Lvl 40 ()!
[2024.09.06-00.25.59:623][145]2024.09.06_00.25.59: Unavailable name [UniqueNetId:00022c98ee0d4e1f9ec59e9b6faea772 Platform:None] left this ARK!
[2024.09.06-00.26.28:664][697]2024.09.06_00.26.28: MartyrD0nk3y [UniqueNetId:0002789f4f984c6787a5898016eb4375 Platform:None] left this ARK!
[2024.09.06-00.27.02:413][355]2024.09.06_00.27.02: Unavailable name [UniqueNetId:00022c98ee0d4e1f9ec59e9b6faea772 Platform:None] joined this ARK!
[2024.09.06-00.27.15:559][603]2024.09.06_00.27.15: Saving world...
[2024.09.06-00.27.15:566][603]2024.09.06_00.27.15: World Save Complete. Took: 0.458619
[2024.09.06-00.27.15:639][604]2024.09.06_00.27.15: Tribe Tribe of Taco, ID 1280585111: Day 1, 19:35:43: <RichColor Color="1, 0, 0, 1">Tribemember Taco - Lvl 19 was killed!</>)
[2024.09.06-00.27.15:644][604]2024.09.06_00.27.15: Taco - Lvl 19 (Tribe of Taco) was killed! [KillerSID: 438631824]
[2024.09.06-00.27.37:968][  0]2024.09.06_00.27.37: BIGFOOT (Mango): crafting is 100k for 1 point but weight is 100 lol odd
[2024.09.06-00.28.15:505][688]2024.09.06_00.28.15: MartyrD0nk3y [UniqueNetId:0002789f4f984c6787a5898016eb4375 Platform:None] joined this ARK!
[2024.09.06-00.28.26:044][884]2024.09.06_00.28.26: Tribe Tribe of Mango, ID 1773629605: Day 1, 20:04:04: <RichColor Color="0, 1, 1, 1">Tribe of Banana tribe was merged in by Banana!</>)
[2024.09.06-00.28.26:074][884]2024.09.06_00.28.26: Tribe Tribe of Banana, ID 1256058021: Day 1, 20:04:04: <RichColor Color="1, 1, 0, 1">Banana was removed from the Tribe!</>)
[2024.09.06-00.28.26:085][884]2024.09.06_00.28.26: Player Banana with ID 588640747 removed from tribe Tribe of Banana with ID 1256058021.
[2024.09.06-00.28.26:130][884]2024.09.06_00.28.26: Tribe Tribe of Mango, ID 1773629605: Day 1, 20:04:04: <RichColor Color="0, 1, 1, 1">Banana was added to the Tribe by Mango!</>)
[2024.09.06-00.28.26:140][884]2024.09.06_00.28.26: Player Banana with ID 588640747 joined tribe Tribe of Mango with ID 1773629605 Invited by Player Mango with ID 371148490.
[2024.09.06-00.28.36:505][ 72]2024.09.06_00.28.36: MartyrD0nk3y (Shwat): Which would you change? lower CS or raise weight?
[2024.09.06-00.28.53:330][369]2024.09.06_00.28.53: SERVER: monkeywhisper: Raise to 1k per point for weight, that's more resonable, will be on shortly @martyrd0nk3y
[2024.09.06-00.29.10:864][690]2024.09.06_00.29.10: BIGFOOT (Mango): that's perfect
[2024.09.06-00.29.18:972][842]2024.09.06_00.29.18: Tribe Tribe of Shwat, ID 1714227183: Day 1, 20:25:15: <RichColor Color="1, 0, 0, 1">Tribemember Shwat - Lvl 15 was killed by a Basilisk - Lvl 40!</>)
[2024.09.06-00.29.18:980][842]2024.09.06_00.29.18: Shwat - Lvl 15 (Tribe of Shwat) was killed by a Basilisk - Lvl 40 ()!
[2024.09.06-00.29.36:137][181]2024.09.06_00.29.36: MartyrD0nk3y (Shwat): I can do that, going to have to restart again
[2024.09.06-00.29.54:021][540]2024.09.06_00.29.54: BIGFOOT (Mango): all good
[2024.09.06-00.29.54:140][542]2024.09.06_00.29.54: souledge59 [UniqueNetId:00029af44d1e478ebc3f0096d898865e Platform:None] joined this ARK!
[2024.09.06-00.30.18:308][ 15]2024.09.06_00.30.18: Tribe Tribe of Chico, ID 1231344733: Day 1, 20:48:58: <RichColor Color="0, 1, 1, 1">Chico was added to the Tribe!</>)
[2024.09.06-00.30.18:316][ 15]2024.09.06_00.30.18: Player souledge59 with ID 770732769 joined tribe Tribe of Chico with ID 1231344733.
[2024.09.06-00.30.22:744][ 79]2024.09.06_00.30.22: MartyrD0nk3y (Shwat): Doing it now, get somewhere safe
[2024.09.06-00.30.33:252][244]2024.09.06_00.30.33: MartyrD0nk3y (Shwat): doing it now get somewhere safe, 1k weight coming up
[2024.09.06-00.30.36:817][300]2024.09.06_00.30.36: MartyrD0nk3y [UniqueNetId:0002789f4f984c6787a5898016eb4375 Platform:None] left this ARK!
[2024.09.06-00.30.38:516][326]2024.09.06_00.30.38: RehDragon (RehDragon): Thanks for your patient and we are working on it now.
[2024.09.06-00.30.43:356][374]2024.09.06_00.30.43: Dracox_x08 [UniqueNetId:00020efcab75485f83c8dff4af0974c9 Platform:None] joined this ARK!
[2024.09.06-00.31.28:660][180]2024.09.06_00.31.28: RehDragon (RehDragon): Coming down for the update now. Will be back shortly.
[2024.09.06-00.31.33:736][282]2024.09.06_00.31.33: BIGFOOT (Mango): I know it's a pain in the ass.
[2024.09.06-00.31.43:785][481]2024.09.06_00.31.43: RehDragon (RehDragon): It's all good.
[2024.09.06-00.31.46:884][545]2024.09.06_00.31.46: TacoTuesday1477 [UniqueNetId:0002d60206864cbcb3f8bea1bc254162 Platform:None] left this ARK!
