[2024.08.29-19.23.59:122][  0]Log file open, 08/29/24 21:23:59
[2024.08.29-19.23.59:123][  0]LogMemory: Platform Memory Stats for WindowsServer
[2024.08.29-19.23.59:123][  0]LogMemory: Process Physical Memory: 226.95 MB used, 267.52 MB peak
[2024.08.29-19.23.59:123][  0]LogMemory: Process Virtual Memory: 250.68 MB used, 250.68 MB peak
[2024.08.29-19.23.59:123][  0]LogMemory: Physical Memory: 3913.42 MB used,  28759.03 MB free, 32672.45 MB total
[2024.08.29-19.23.59:123][  0]LogMemory: Virtual Memory: 8095.38 MB used,  29697.07 MB free, 37792.45 MB total
[2024.08.29-19.23.59:672][  0]11

[2024.08.29-19.23.59:682][  0]ARK Version: 51.23
[2024.08.29-19.23.59:934][  0]LogCFCore: SetSettings called:
{
	"defaultLanguage": "en",
	"gameId": 83374,
	"apiKey": "*****1aZe",
	"maxConcurrentInstallations": 3,
	"modsDirectory": "ShooterGame/Mods",
	"modsDirectoryMode": "CFCore",
	"userDataDirectory": "ShooterGame/ModsUserData",
	"isServer": true,
	"isServerPcOnly": false,
	"throttling":
	{
		"diskWriteBytesPerSec": 0
	},
	"premiumMods":
	{
		"publicKeyPem": "*****"
	},
	"logger":
	{
		"enabled": true,
		"history": 8,
		"maxSizeInMB": 2
	},
	"dynamicContentCategoryIds": [ 6844 ]
}
[2024.08.29-19.23.59:934][  0]LogCFCore: InternalSettings called:
{
	"apiBaseUrl": "https://api.curseforge.com",
	"chunkedUploadServerUrl": "https://chunk-uploads.curseforge.com",
	"analyticsUrl": "https://analyticsnew.overwolf.com/analytics/Counter",
	"userAgent": "cfcore.ue 1.0.99",
	"platform": "windows",
	"pluginVersion": "1.0.99",
	"httpFileDownloadTimeoutSecs": 1200
}
[2024.08.29-19.23.59:985][  0]LogCFCore: User context not loaded from disk
[2024.08.29-19.24.00:261][  8]LogCFCore: Query server result: 21 mods
[2024.08.29-19.24.00:297][  9]LogCFCore: No need to update existing mod: EOS ID Helper (CrossPlay) (980463)
[2024.08.29-19.24.00:297][  9]LogCFCore: No need to update existing mod: maewings (929521)
[2024.08.29-19.24.00:297][  9]LogCFCore: No need to update existing mod: Custom Dino Levels (928708)
[2024.08.29-19.24.00:297][  9]LogCFCore: No need to update existing mod: Utilities Plus (928621)
[2024.08.29-19.24.00:297][  9]LogCFCore: No need to update existing mod: CliffPlatforms (933872)
[2024.08.29-19.24.00:297][  9]LogCFCore: No need to update existing mod: QoL+ (939228)
[2024.08.29-19.24.00:297][  9]LogCFCore: No need to update existing mod: Dino+ (Nanny, Hatchey) (937546)
[2024.08.29-19.24.00:297][  9]LogCFCore: No need to update existing mod: Ammo Box Ascended (967856)
[2024.08.29-19.24.00:297][  9]LogCFCore: No need to update existing mod: PVP Scoreboard (931903)
[2024.08.29-19.24.00:297][  9]LogCFCore: No need to update existing mod: Solo Farm Mod (928501)
[2024.08.29-19.24.00:297][  9]LogCFCore: No need to update existing mod: Pull It! (940022)
[2024.08.29-19.24.00:297][  9]LogCFCore: No need to update existing mod: Resonant's Shop Mod (936660)
[2024.08.29-19.24.00:297][  9]LogCFCore: No need to update existing mod: Admin Panel (929868)
[2024.08.29-19.24.00:297][  9]LogCFCore: Mod: (931119) doesn't exist
[2024.08.29-19.24.00:297][  9]LogCFCore: No need to update existing mod: Pelayori's Cryo Storage (Crossplay!) (928793)
[2024.08.29-19.24.00:297][  9]LogCFCore: No need to update existing mod: Ez's Engram Unlocker (PC/Xbox/PS) (929912)
[2024.08.29-19.24.00:297][  9]LogCFCore: No need to update existing mod: Super Spyglass Plus (929420)
[2024.08.29-19.24.00:297][  9]LogCFCore: No need to update existing mod: ARKomatic (939055)
[2024.08.29-19.24.00:297][  9]LogCFCore: No need to update existing mod: Automated Dino Wipes (947733)
[2024.08.29-19.24.00:297][  9]LogCFCore: No need to update existing mod: TG Stacking Mod 10000-90 (929110)
[2024.08.29-19.24.00:297][  9]LogCFCore: No need to update existing mod: ASA-Bot Companion (936882)
[2024.08.29-19.24.00:297][  9]LogCFCore: Request to Install mod 'WBUI2' (modId=931119, fileId=5531437)
[2024.08.29-19.24.00:345][ 10]LogCFCore: Cleanup possible module ../../../ShooterGame/Binaries/Win64/ShooterGame/Mods/83374/931119_5531437 ...
[2024.08.29-19.24.00:345][ 10]LogCFCore: Cleaning up possible 1 output dirs ...
[2024.08.29-19.24.01:096][ 32]LogCFCore: Starting to download: https://mediafilez.forgecdn.net/files/5531/437/wbui2-windowsserver%2058.zip, file id: 1
[2024.08.29-19.24.01:369][ 41]LogCFCore: Warning: WriteBufferWithThrottling: left_to_write 140800
[2024.08.29-19.24.01:402][ 41]LogCFCore: Successfully completed chunked download for: https://mediafilez.forgecdn.net/files/5531/437/wbui2-windowsserver%2058.zip
[2024.08.29-19.24.01:436][ 42]LogCFCore: Verifying mod (931119) download ...
[2024.08.29-19.24.01:503][ 44]LogCFCore: Cleanup temp directory ../../../ShooterGame/Binaries/Win64/ShooterGame/Mods/83374/.temp/931119_5531437 ...
[2024.08.29-19.24.01:503][ 44]LogCFCore: Cleanup possible module ../../../ShooterGame/Binaries/Win64/ShooterGame/Mods/83374/.temp/931119_5531437 ...
[2024.08.29-19.24.01:538][ 45]LogCFCore: Unzipping mod=931119 to ../../../ShooterGame/Binaries/Win64/ShooterGame/Mods/83374/.temp/931119_5531437 ...
[2024.08.29-19.24.01:540][ 46]LogCFCore: Warning: WriteBufferWithThrottling: left_to_write 63
[2024.08.29-19.24.01:572][ 47]LogCFCore: Warning: WriteBufferWithThrottling: left_to_write 3054
[2024.08.29-19.24.01:606][ 48]LogCFCore: Warning: WriteBufferWithThrottling: left_to_write 542
[2024.08.29-19.24.01:641][ 49]LogCFCore: Warning: WriteBufferWithThrottling: left_to_write 3819
[2024.08.29-19.24.01:676][ 50]LogCFCore: Warning: WriteBufferWithThrottling: left_to_write 152496
[2024.08.29-19.24.01:707][ 51]LogCFCore: Warning: WriteBufferWithThrottling: left_to_write 2422
[2024.08.29-19.24.01:775][ 52]LogCFCore: Cleanup possible module ../../../ShooterGame/Binaries/Win64/ShooterGame/Mods/83374/931119_5531437 ...
[2024.08.29-19.24.01:775][ 52]LogCFCore: Cleaning up possible 1 output dirs ...
[2024.08.29-19.24.01:809][ 53]LogCFCore: Moving ../../../ShooterGame/Binaries/Win64/ShooterGame/Mods/83374/.temp/931119_5531437 to ../../../ShooterGame/Binaries/Win64/ShooterGame/Mods/83374/931119_5531437 ...
[2024.08.29-19.24.01:809][ 53]LogCFCore: Moving ../../../ShooterGame/Binaries/Win64/ShooterGame/Mods/83374/.temp/931119_5531437 to ../../../ShooterGame/Binaries/Win64/ShooterGame/Mods/83374/931119_5531437 ...
[2024.08.29-19.24.01:843][ 54]LogCFCore: Cleaning up (modId=931119, fileId=5531437) ...
[2024.08.29-19.24.01:924][ 56]LogCFCore: Mod valid: EOS ID Helper (CrossPlay) (980463)
[2024.08.29-19.24.01:924][ 56]LogCFCore: Mod valid: maewings (929521)
[2024.08.29-19.24.01:924][ 56]LogCFCore: Mod valid: Custom Dino Levels (928708)
[2024.08.29-19.24.01:924][ 56]LogCFCore: Mod valid: Utilities Plus (928621)
[2024.08.29-19.24.01:924][ 56]LogCFCore: Mod valid: CliffPlatforms (933872)
[2024.08.29-19.24.01:924][ 56]LogCFCore: Mod valid: QoL+ (939228)
[2024.08.29-19.24.01:924][ 56]LogCFCore: Mod valid: Dino+ (Nanny, Hatchey) (937546)
[2024.08.29-19.24.01:924][ 56]LogCFCore: Mod valid: Ammo Box Ascended (967856)
[2024.08.29-19.24.01:924][ 56]LogCFCore: Mod valid: PVP Scoreboard (931903)
[2024.08.29-19.24.01:924][ 56]LogCFCore: Mod valid: Solo Farm Mod (928501)
[2024.08.29-19.24.01:924][ 56]LogCFCore: Mod valid: Pull It! (940022)
[2024.08.29-19.24.01:924][ 56]LogCFCore: Mod valid: Resonant's Shop Mod (936660)
[2024.08.29-19.24.01:924][ 56]LogCFCore: Mod valid: Admin Panel (929868)
[2024.08.29-19.24.01:924][ 56]LogCFCore: Mod valid: WBUI2 (931119)
[2024.08.29-19.24.01:924][ 56]LogCFCore: Mod valid: Pelayori's Cryo Storage (Crossplay!) (928793)
[2024.08.29-19.24.01:924][ 56]LogCFCore: Mod valid: Ez's Engram Unlocker (PC/Xbox/PS) (929912)
[2024.08.29-19.24.01:924][ 56]LogCFCore: Mod valid: Super Spyglass Plus (929420)
[2024.08.29-19.24.01:924][ 56]LogCFCore: Mod valid: ARKomatic (939055)
[2024.08.29-19.24.01:924][ 56]LogCFCore: Mod valid: Automated Dino Wipes (947733)
[2024.08.29-19.24.01:924][ 56]LogCFCore: Mod valid: TG Stacking Mod 10000-90 (929110)
[2024.08.29-19.24.01:924][ 56]LogCFCore: Mod valid: ASA-Bot Companion (936882)
[2024.08.29-19.24.02:105][ 57]UShooterEngine::LoadGameMods with 21 mods
[2024.08.29-19.24.02:105][ 57]UShooterEngine::LoadGameMods Loading Mod ShooterGame/Mods/83374/929420_5509935/SuperSpyglassPlus/Content/PrimalGameData_BP_SSP_Kav.uasset : 929420
[2024.08.29-19.24.02:807][ 57]UShooterEngine::LoadGameMods Using mod asset Package /SuperSpyglassPlus/PrimalGameData_BP_SSP_Kav as PrimalGameDataOverride.
[2024.08.29-19.24.02:807][ 57]UShooterEngine::LoadGameMods Loading Mod ShooterGame/Mods/83374/928621_4856794/UtilsPlus/Content/PrimalGameData_BP_UtilPlus.uasset : 928621
[2024.08.29-19.24.02:832][ 57]UShooterEngine::LoadGameMods Merging mod asset Package /UtilsPlus/PrimalGameData_BP_UtilPlus with PrimalGameDataOverride.
[2024.08.29-19.24.02:833][ 57]UShooterEngine::LoadGameMods Loading Mod ShooterGame/Mods/83374/928708_4894074/LevelTestingMod/Content/PrimalGameData_BP_LevelTesting.uasset : 928708
[2024.08.29-19.24.03:203][ 57]UShooterEngine::LoadGameMods Merging mod asset Package /LevelTestingMod/PrimalGameData_BP_LevelTesting with PrimalGameDataOverride.
[2024.08.29-19.24.03:203][ 57]UShooterEngine::LoadGameMods Loading Mod ShooterGame/Mods/83374/928501_5509903/SoloFarmMod/Content/PrimalGameData_BP_SoloFarmMod.uasset : 928501
[2024.08.29-19.24.03:229][ 57]UShooterEngine::LoadGameMods Merging mod asset Package /SoloFarmMod/PrimalGameData_BP_SoloFarmMod with PrimalGameDataOverride.
[2024.08.29-19.24.03:229][ 57]UShooterEngine::LoadGameMods Loading Mod ShooterGame/Mods/83374/939055_5639286/ARKomatic/Content/PrimalGameData_BP_ARKomatic.uasset : 939055
[2024.08.29-19.24.03:251][ 57]UShooterEngine::LoadGameMods Merging mod asset Package /ARKomatic/PrimalGameData_BP_ARKomatic with PrimalGameDataOverride.
[2024.08.29-19.24.03:251][ 57]UShooterEngine::LoadGameMods Loading Mod ShooterGame/Mods/83374/929110_5569237/TG_Stack_10000_90/Content/PrimalGameData_TG_Stack_10000_90.uasset : 929110
[2024.08.29-19.24.03:276][ 57]UShooterEngine::LoadGameMods Merging mod asset Package /TG_Stack_10000_90/PrimalGameData_TG_Stack_10000_90 with PrimalGameDataOverride.
[2024.08.29-19.24.03:277][ 57]UShooterEngine::LoadGameMods Loading Mod ShooterGame/Mods/83374/939228_5078487/QoLPlus/Content/PrimalGameData_QoLPlus.uasset : 939228
[2024.08.29-19.24.03:395][ 57]UShooterEngine::LoadGameMods Merging mod asset Package /QoLPlus/PrimalGameData_QoLPlus with PrimalGameDataOverride.
[2024.08.29-19.24.03:395][ 57]UShooterEngine::LoadGameMods Loading Mod ShooterGame/Mods/83374/933872_5330183/CliffPlatforms/Content/PrimalGameData_BP_Cliffplatforms.uasset : 933872
[2024.08.29-19.24.03:411][ 57]UShooterEngine::LoadGameMods Merging mod asset Package /CliffPlatforms/PrimalGameData_BP_Cliffplatforms with PrimalGameDataOverride.
[2024.08.29-19.24.03:411][ 57]UShooterEngine::LoadGameMods Loading Mod ShooterGame/Mods/83374/947733_5521328/AutomatedDinoWipes/Content/PrimalGameData_BP_AutomatedDinoWipes.uasset : 947733
[2024.08.29-19.24.03:443][ 57]UShooterEngine::LoadGameMods Merging mod asset Package /AutomatedDinoWipes/PrimalGameData_BP_AutomatedDinoWipes with PrimalGameDataOverride.
[2024.08.29-19.24.03:443][ 57]UShooterEngine::LoadGameMods Loading Mod ShooterGame/Mods/83374/929912_5669096/EzEngramUnlocker/Content/PrimalGameData_BP_EzEngramUnlocker.uasset : 929912
[2024.08.29-19.24.03:469][ 57]UShooterEngine::LoadGameMods Merging mod asset Package /EzEngramUnlocker/PrimalGameData_BP_EzEngramUnlocker with PrimalGameDataOverride.
[2024.08.29-19.24.03:469][ 57]UShooterEngine::LoadGameMods Loading Mod ShooterGame/Mods/83374/940022_5102443/PullIt/Content/PrimalGameData_BP_PullIt.uasset : 940022
[2024.08.29-19.24.03:495][ 57]UShooterEngine::LoadGameMods Merging mod asset Package /PullIt/PrimalGameData_BP_PullIt with PrimalGameDataOverride.
[2024.08.29-19.24.03:495][ 57]UShooterEngine::LoadGameMods Loading Mod ShooterGame/Mods/83374/936660_5568098/ShopMod/Content/PrimalGameData_BP_BlankMod.uasset : 936660
[2024.08.29-19.24.05:558][ 57]UShooterEngine::LoadGameMods Merging mod asset Package /ShopMod/PrimalGameData_BP_BlankMod with PrimalGameDataOverride.
[2024.08.29-19.24.05:558][ 57]UShooterEngine::LoadGameMods Loading Mod ShooterGame/Mods/83374/931903_5036004/PVPScoreboard/Content/PrimalGameData_BP_PVPScoreboard.uasset : 931903
[2024.08.29-19.24.05:602][ 57]UShooterEngine::LoadGameMods Merging mod asset Package /PVPScoreboard/PrimalGameData_BP_PVPScoreboard with PrimalGameDataOverride.
[2024.08.29-19.24.05:602][ 57]UShooterEngine::LoadGameMods Loading Mod ShooterGame/Mods/83374/967856_5238619/AmmoBoxAscended/Content/PrimalGameData_BP_AmmoBoxAscended.uasset : 967856
[2024.08.29-19.24.05:622][ 57]UShooterEngine::LoadGameMods Merging mod asset Package /AmmoBoxAscended/PrimalGameData_BP_AmmoBoxAscended with PrimalGameDataOverride.
[2024.08.29-19.24.05:623][ 57]UShooterEngine::LoadGameMods Loading Mod ShooterGame/Mods/83374/928793_5622484/Cryopods/Content/PrimalGameData_BP_Cryopods.uasset : 928793
[2024.08.29-19.24.05:671][ 57]UShooterEngine::LoadGameMods Merging mod asset Package /Cryopods/PrimalGameData_BP_Cryopods with PrimalGameDataOverride.
[2024.08.29-19.24.05:671][ 57]UShooterEngine::LoadGameMods Loading Mod ShooterGame/Mods/83374/937546_4928343/DPlusMod/Content/PrimalGameData_BP_DPlusMod.uasset : 937546
[2024.08.29-19.24.05:689][ 57]UShooterEngine::LoadGameMods Merging mod asset Package /DPlusMod/PrimalGameData_BP_DPlusMod with PrimalGameDataOverride.
[2024.08.29-19.24.05:689][ 57]UShooterEngine::LoadGameMods Loading Mod ShooterGame/Mods/83374/980463_5142852/EOSIDHelper/Content/PrimalGameData_BP_EOSIDHelper.uasset : 980463
[2024.08.29-19.24.05:712][ 57]UShooterEngine::LoadGameMods Merging mod asset Package /EOSIDHelper/PrimalGameData_BP_EOSIDHelper with PrimalGameDataOverride.
[2024.08.29-19.24.05:712][ 57]UShooterEngine::LoadGameMods Loading Mod ShooterGame/Mods/83374/929521_5238433/maewings/Content/PrimalGameData_BP_Maewings.uasset : 929521
[2024.08.29-19.24.05:731][ 57]UShooterEngine::LoadGameMods Merging mod asset Package /maewings/PrimalGameData_BP_Maewings with PrimalGameDataOverride.
[2024.08.29-19.24.05:731][ 57]UShooterEngine::LoadGameMods Loading Mod ShooterGame/Mods/83374/936882_5662285/ASA-Bot-Companion/Content/PrimalGameData_BP_ASABot.uasset : 936882
[2024.08.29-19.24.05:763][ 57]UShooterEngine::LoadGameMods Merging mod asset Package /ASA-Bot-Companion/PrimalGameData_BP_ASABot with PrimalGameDataOverride.
[2024.08.29-19.24.05:763][ 57]UShooterEngine::LoadGameMods Loading Mod ShooterGame/Mods/83374/929868_5620117/AdminPanel/Content/PrimalGameData_BP_AdminPanel.uasset : 929868
[2024.08.29-19.24.05:842][ 57]UShooterEngine::LoadGameMods Merging mod asset Package /AdminPanel/PrimalGameData_BP_AdminPanel with PrimalGameDataOverride.
[2024.08.29-19.24.05:843][ 57]UShooterEngine::LoadGameMods Loading Mod ShooterGame/Mods/83374/931119_5531437/WBUI2/Content/PrimalGameData_BP_WBUI.uasset : 931119
[2024.08.29-19.24.05:872][ 57]UShooterEngine::LoadGameMods Merging mod asset Package /WBUI2/PrimalGameData_BP_WBUI with PrimalGameDataOverride.
[2024.08.29-19.24.05:872][ 57]Initialize Primal Game Data Override.
[2024.08.29-19.24.05:886][ 57]Added Explorer Note Entry: DEARJANE_EXP_NOTE_1
[2024.08.29-19.24.05:886][ 57]Added Explorer Note Entry: DEARJANE_EXP_NOTE_2
[2024.08.29-19.24.05:886][ 57]Added Explorer Note Entry: DEARJANE_EXP_NOTE_3
[2024.08.29-19.24.05:886][ 57]Added Explorer Note Entry: DEARJANE_EXP_NOTE_4
[2024.08.29-19.24.05:886][ 57]Added Explorer Note Entry: DEARJANE_EXP_NOTE_5
[2024.08.29-19.24.05:886][ 57]Added Explorer Note Entry: DEARJANE_EXP_NOTE_6
[2024.08.29-19.24.05:886][ 57]Added Explorer Note Entry: DEARJANE_EXP_NOTE_7
[2024.08.29-19.24.05:890][ 57]Primal Game Data Took 0.00 seconds
[2024.08.29-19.24.05:895][ 57]Added Explorer Note Entry: DEARJANE_EXP_NOTE_1
[2024.08.29-19.24.05:895][ 57]Added Explorer Note Entry: DEARJANE_EXP_NOTE_2
[2024.08.29-19.24.05:895][ 57]Added Explorer Note Entry: DEARJANE_EXP_NOTE_3
[2024.08.29-19.24.05:895][ 57]Added Explorer Note Entry: DEARJANE_EXP_NOTE_4
[2024.08.29-19.24.05:895][ 57]Added Explorer Note Entry: DEARJANE_EXP_NOTE_5
[2024.08.29-19.24.05:895][ 57]Added Explorer Note Entry: DEARJANE_EXP_NOTE_6
[2024.08.29-19.24.05:895][ 57]Added Explorer Note Entry: DEARJANE_EXP_NOTE_7
[2024.08.29-19.24.06:399][ 57]Server Initializing with BattlEye Anti-Cheat Protection. If you do not wish to use BattlEye, please launch with -NoBattlEye
[2024.08.29-19.24.06:405][ 57]BattlEye successfully started.
[2024.08.29-19.24.50:559][ 57]2024.08.29_19.24.50: [CCA_ASABot_C_2147186023] Loading INI Settings
[2024.08.29-19.24.50:573][ 57]2024.08.29_19.24.50: Version 2.1.0 --- CF Revision 117 --- Build Date Jul 8, 2024, 11:50:00 AM
[2024.08.29-19.24.54:256][ 57][Pelayori's Cryo Storage] Server mod version: 54
[2024.08.29-19.24.54:256][ 57]ADW_Version_v0.15
[2024.08.29-19.24.54:256][ 57]ADW_Begin (UTC Time Now = 19:24)
[2024.08.29-19.24.54:258][ 57]Admin Panel Active
[2024.08.29-19.24.54:258][ 57]Admin Panel Version:55
[2024.08.29-19.25.21:552][ 57]Server: "8/29 [NA](TI1) nARKotic 20x/4man/shop/kits/boosted" has successfully started!
[2024.08.29-19.25.31:549][ 57]Commandline:  TheIsland_WP?listen?Port=27020 -servergamelog -servergamelogincludetribelogs -ServerRCONOutputTribeLogs -Mods=929420,928621,928708,928501,939055,929110,939228,933872,947733,929912,940022,936660,931903,967856,928793,937546,980463,929521,936882,929868,931119
[2024.08.29-19.25.31:549][ 57]Full Startup: 92.87 seconds
[2024.08.29-19.25.31:549][ 57]Number of cores 28
[2024.08.29-19.25.38:344][ 70]2024.08.29_19.25.38: [WBUI] [CCA] [Version] Up to Date: v1.22
[2024.08.29-19.25.38:347][ 70]2024.08.29_19.25.38: [WBUI] [CCA] [INI-Setting] JsonURL= 
[2024.08.29-19.25.38:359][ 70]2024.08.29_19.25.38: [WBUI] [CCA] [INI-Settings] JsonURL empty. Settings Default: "https://raw.githubusercontent.com/DC-Modding/WBUI2-Wiki/main/default.json"
[2024.08.29-19.25.38:371][ 70]2024.08.29_19.25.38: [WBUI] [CCA] [Request] Sending request to: https://raw.githubusercontent.com/DC-Modding/WBUI2-Wiki/main/default.json
[2024.08.29-19.25.38:487][ 74]2024.08.29_19.25.38: [WBUI] [CCA] [Json] No Errors, Valid WBUI2 Json
[2024.08.29-19.25.38:491][ 74]2024.08.29_19.25.38: [WBUI] [CCA]  Updated Settings
[2024.08.29-19.29.06:977][296]2024.08.29_19.29.06: Saving world...
[2024.08.29-19.29.06:987][296]2024.08.29_19.29.06: World Save Complete. Took: 0.589957
[2024.08.29-19.30.14:094][321]IP for incoming account 0002789f4f984c6787a5898016eb4375 - IP 66.22.145.109
[2024.08.29-19.30.19:187][474]2024.08.29_19.30.19: MartyrD0nk3y [UniqueNetId:0002789f4f984c6787a5898016eb4375 Platform:None] joined this ARK!
[2024.08.29-19.30.31:766][848]2024.08.29_19.30.31: Tribe Tribe of Shwat, ID 1432275875: Day 2, 21:01:10: <RichColor Color="1, 0, 0, 1">Tribemember Shwat - Lvl 14 was killed!</>)
[2024.08.29-19.30.31:767][848]2024.08.29_19.30.31: Shwat - Lvl 14 (Tribe of Shwat) was killed! [KillerSID: 531296528]
[2024.08.29-19.34.06:944][269]2024.08.29_19.34.06: Saving world...
[2024.08.29-19.34.06:955][269]2024.08.29_19.34.06: World Save Complete. Took: 0.545120
[2024.08.29-19.35.38:586][ 17]FNetGUIDCache::PeriodicCleanAndCompact:   4.38ms total time [  3.73ms CleanReferences() and   0.65ms compacting]; ObjectLookup.Num()=20521 [371 removed]; NetGUIDLookup.Num()=20358 [534 removed]
[2024.08.29-19.37.38:600][615]Garbage Collection Triggered!
[2024.08.29-19.38.37:218][363]2024.08.29_19.38.37: Tribe Tribe of Shwat, ID 1432275875: Day 3, 03:07:25: <RichColor Color="1, 0, 0, 1">Tribemember Shwat - Lvl 14 was killed by a Dilophosaur - Lvl 7!</>)
[2024.08.29-19.38.37:224][363]2024.08.29_19.38.37: Shwat - Lvl 14 (Tribe of Shwat) was killed by a Dilophosaur - Lvl 7 ()!
[2024.08.29-19.39.06:962][229]2024.08.29_19.39.06: Saving world...
[2024.08.29-19.39.06:974][229]2024.08.29_19.39.06: World Save Complete. Took: 0.547487
[2024.08.29-19.44.06:959][135]2024.08.29_19.44.06: Saving world...
[2024.08.29-19.44.06:965][135]2024.08.29_19.44.06: World Save Complete. Took: 0.536532
[2024.08.29-19.45.38:594][858]FNetGUIDCache::PeriodicCleanAndCompact:   4.14ms total time [  3.32ms CleanReferences() and   0.82ms compacting]; ObjectLookup.Num()=20041 [621 removed]; NetGUIDLookup.Num()=19951 [548 removed]
[2024.08.29-19.46.35:423][550]2024.08.29_19.46.35: MartyrD0nk3y [UniqueNetId:0002789f4f984c6787a5898016eb4375 Platform:None] left this ARK!
[2024.08.29-19.49.07:001][110]2024.08.29_19.49.07: Saving world...
[2024.08.29-19.49.07:019][110]2024.08.29_19.49.07: World Save Complete. Took: 0.560568
[2024.08.29-19.54.07:016][150]2024.08.29_19.54.07: Saving world...
[2024.08.29-19.54.07:022][150]2024.08.29_19.54.07: World Save Complete. Took: 0.543099
[2024.08.29-19.55.38:737][920]FNetGUIDCache::PeriodicCleanAndCompact:   4.41ms total time [  3.74ms CleanReferences() and   0.67ms compacting]; ObjectLookup.Num()=19951 [90 removed]; NetGUIDLookup.Num()=19898 [53 removed]
[2024.08.29-19.59.07:041][194]2024.08.29_19.59.07: Saving world...
[2024.08.29-19.59.07:049][194]2024.08.29_19.59.07: World Save Complete. Took: 0.563470
[2024.08.29-20.04.07:071][236]2024.08.29_20.04.07: Saving world...
[2024.08.29-20.04.07:078][236]2024.08.29_20.04.07: World Save Complete. Took: 0.566323
[2024.08.29-20.05.38:917][ 10]FNetGUIDCache::PeriodicCleanAndCompact:   3.47ms total time [  3.25ms CleanReferences() and   0.22ms compacting]; ObjectLookup.Num()=19898 [53 removed]; NetGUIDLookup.Num()=19898 [0 removed]
[2024.08.29-20.09.07:094][279]2024.08.29_20.09.07: Saving world...
[2024.08.29-20.09.07:106][279]2024.08.29_20.09.07: World Save Complete. Took: 0.562327
[2024.08.29-20.14.07:106][326]2024.08.29_20.14.07: Saving world...
[2024.08.29-20.14.07:115][326]2024.08.29_20.14.07: World Save Complete. Took: 0.570594
[2024.08.29-20.15.39:089][104]FNetGUIDCache::PeriodicCleanAndCompact:   3.42ms total time [  3.23ms CleanReferences() and   0.20ms compacting]; ObjectLookup.Num()=19898 [0 removed]; NetGUIDLookup.Num()=19896 [2 removed]
[2024.08.29-20.19.07:129][371]2024.08.29_20.19.07: Saving world...
[2024.08.29-20.19.07:140][371]2024.08.29_20.19.07: World Save Complete. Took: 0.565114
[2024.08.29-20.24.07:170][419]2024.08.29_20.24.07: Saving world...
[2024.08.29-20.24.07:181][419]2024.08.29_20.24.07: World Save Complete. Took: 0.582478
[2024.08.29-20.25.39:266][202]FNetGUIDCache::PeriodicCleanAndCompact:   3.99ms total time [  3.74ms CleanReferences() and   0.25ms compacting]; ObjectLookup.Num()=19896 [2 removed]; NetGUIDLookup.Num()=19896 [0 removed]
[2024.08.29-20.29.07:149][465]2024.08.29_20.29.07: Saving world...
[2024.08.29-20.29.07:157][465]2024.08.29_20.29.07: World Save Complete. Took: 0.556633
[2024.08.29-20.34.07:172][513]2024.08.29_20.34.07: Saving world...
[2024.08.29-20.34.07:181][513]2024.08.29_20.34.07: World Save Complete. Took: 0.574961
[2024.08.29-20.35.39:446][301]FNetGUIDCache::PeriodicCleanAndCompact:   4.76ms total time [  4.75ms CleanReferences() and   0.01ms compacting]; ObjectLookup.Num()=19896 [0 removed]; NetGUIDLookup.Num()=19896 [0 removed]
[2024.08.29-20.39.07:198][561]2024.08.29_20.39.07: Saving world...
[2024.08.29-20.39.07:203][561]2024.08.29_20.39.07: World Save Complete. Took: 0.579961
[2024.08.29-20.42.53:724][406]Garbage Collection Triggered!
[2024.08.29-20.42.54:222][414]IP for incoming account 0002a0b12ff54d80a45035c18750b660 - IP 75.162.78.13
[2024.08.29-20.42.57:706][518]2024.08.29_20.42.57: RehDragon [UniqueNetId:0002a0b12ff54d80a45035c18750b660 Platform:None] joined this ARK!
[2024.08.29-20.43.13:971][  8]2024.08.29_20.43.13: Tribe Tribe of RehDragon, ID 1843336968: Day 3, 17:13:32: <RichColor Color="0, 1, 1, 1">RehDragon was added to the Tribe!</>)
[2024.08.29-20.43.13:982][  8]2024.08.29_20.43.13: Player RehDragon with ID 685611945 joined tribe Tribe of RehDragon with ID 1843336968.
[2024.08.29-20.44.07:190][578]2024.08.29_20.44.07: Saving world...
[2024.08.29-20.44.07:204][578]2024.08.29_20.44.07: World Save Complete. Took: 0.566184
[2024.08.29-20.45.39:558][348]FNetGUIDCache::PeriodicCleanAndCompact:   4.47ms total time [  3.62ms CleanReferences() and   0.85ms compacting]; ObjectLookup.Num()=20797 [2 removed]; NetGUIDLookup.Num()=20774 [25 removed]
[2024.08.29-20.47.25:496][526]'GiveItem': Bad or missing property 'QuantityOverride' when trying to call GiveItem
[2024.08.29-20.49.07:232][559]2024.08.29_20.49.07: Saving world...
[2024.08.29-20.49.07:238][559]2024.08.29_20.49.07: World Save Complete. Took: 0.596279
[2024.08.29-20.54.07:234][540]2024.08.29_20.54.07: Saving world...
[2024.08.29-20.54.07:240][540]2024.08.29_20.54.07: World Save Complete. Took: 0.571270
[2024.08.29-20.54.53:745][935]Garbage Collection Triggered!
[2024.08.29-20.55.39:561][304]FNetGUIDCache::PeriodicCleanAndCompact:   4.24ms total time [  3.58ms CleanReferences() and   0.66ms compacting]; ObjectLookup.Num()=20912 [122 removed]; NetGUIDLookup.Num()=20832 [179 removed]
[2024.08.29-20.59.07:230][516]2024.08.29_20.59.07: Saving world...
[2024.08.29-20.59.07:246][516]2024.08.29_20.59.07: World Save Complete. Took: 0.572524
[2024.08.29-21.04.05:271][451]2024.08.29_21.04.05: Tribe Tribe of RehDragon, ID 1843336968: Day 3, 23:46:25: <RichColor Color="1, 0, 0, 1">Tribemember RehDragon - Lvl 14 was killed!</>)
[2024.08.29-21.04.05:281][451]2024.08.29_21.04.05: RehDragon - Lvl 14 (Tribe of RehDragon) was killed!
[2024.08.29-21.04.07:245][493]2024.08.29_21.04.07: Saving world...
[2024.08.29-21.04.07:251][493]2024.08.29_21.04.07: World Save Complete. Took: 0.569528
[2024.08.29-21.05.39:590][256]FNetGUIDCache::PeriodicCleanAndCompact:   5.28ms total time [  4.35ms CleanReferences() and   0.93ms compacting]; ObjectLookup.Num()=24589 [104 removed]; NetGUIDLookup.Num()=24416 [196 removed]
[2024.08.29-21.06.53:779][480]Garbage Collection Triggered!
[2024.08.29-21.09.07:281][459]2024.08.29_21.09.07: Saving world...
[2024.08.29-21.09.07:285][459]2024.08.29_21.09.07: World Save Complete. Took: 0.600453
[2024.08.29-21.12.05:727][809]2024.08.29_21.12.05: RehDragon [UniqueNetId:0002a0b12ff54d80a45035c18750b660 Platform:None] left this ARK!
[2024.08.29-21.14.07:272][462]2024.08.29_21.14.07: Saving world...
[2024.08.29-21.14.07:285][462]2024.08.29_21.14.07: World Save Complete. Took: 0.570624
[2024.08.29-21.15.39:713][257]FNetGUIDCache::PeriodicCleanAndCompact:   5.21ms total time [  4.27ms CleanReferences() and   0.94ms compacting]; ObjectLookup.Num()=24509 [719 removed]; NetGUIDLookup.Num()=24350 [705 removed]
[2024.08.29-21.19.07:269][515]2024.08.29_21.19.07: Saving world...
[2024.08.29-21.19.07:278][515]2024.08.29_21.19.07: World Save Complete. Took: 0.534310
[2024.08.29-21.24.07:315][569]2024.08.29_21.24.07: Saving world...
[2024.08.29-21.24.07:325][569]2024.08.29_21.24.07: World Save Complete. Took: 0.575220
[2024.08.29-21.25.39:865][366]FNetGUIDCache::PeriodicCleanAndCompact:   4.63ms total time [  3.89ms CleanReferences() and   0.73ms compacting]; ObjectLookup.Num()=24350 [159 removed]; NetGUIDLookup.Num()=24338 [12 removed]
[2024.08.29-21.25.54:399][805]Garbage Collection Triggered!
[2024.08.29-21.25.54:912][816]IP for incoming account 0002a0b12ff54d80a45035c18750b660 - IP 75.162.78.13
[2024.08.29-21.25.59:095][941]2024.08.29_21.25.59: RehDragon [UniqueNetId:0002a0b12ff54d80a45035c18750b660 Platform:None] joined this ARK!
[2024.08.29-21.29.07:339][563]2024.08.29_21.29.07: Saving world...
[2024.08.29-21.29.07:349][563]2024.08.29_21.29.07: World Save Complete. Took: 0.573179
[2024.08.29-21.34.07:353][544]2024.08.29_21.34.07: Saving world...
[2024.08.29-21.34.07:362][544]2024.08.29_21.34.07: World Save Complete. Took: 0.582452
[2024.08.29-21.34.26:689][123]2024.08.29_21.34.26: RehDragon [UniqueNetId:0002a0b12ff54d80a45035c18750b660 Platform:None] left this ARK!
[2024.08.29-21.35.39:879][333]FNetGUIDCache::PeriodicCleanAndCompact:   5.20ms total time [  4.46ms CleanReferences() and   0.74ms compacting]; ObjectLookup.Num()=24856 [37 removed]; NetGUIDLookup.Num()=24687 [193 removed]
[2024.08.29-21.39.07:348][589]2024.08.29_21.39.07: Saving world...
[2024.08.29-21.39.07:358][589]2024.08.29_21.39.07: World Save Complete. Took: 0.557536
[2024.08.29-21.44.07:408][643]2024.08.29_21.44.07: Saving world...
[2024.08.29-21.44.07:422][643]2024.08.29_21.44.07: World Save Complete. Took: 0.589752
[2024.08.29-21.45.40:073][445]FNetGUIDCache::PeriodicCleanAndCompact:   4.84ms total time [  3.92ms CleanReferences() and   0.93ms compacting]; ObjectLookup.Num()=24459 [397 removed]; NetGUIDLookup.Num()=24407 [280 removed]
[2024.08.29-21.49.07:382][697]2024.08.29_21.49.07: Saving world...
[2024.08.29-21.49.07:386][697]2024.08.29_21.49.07: World Save Complete. Took: 0.551575
[2024.08.29-21.53.15:925][209]Garbage Collection Triggered!
[2024.08.29-21.53.16:374][217]IP for incoming account 0002a0b12ff54d80a45035c18750b660 - IP 75.162.78.13
[2024.08.29-21.53.20:074][327]2024.08.29_21.53.20: RehDragon [UniqueNetId:0002a0b12ff54d80a45035c18750b660 Platform:None] joined this ARK!
[2024.08.29-21.54.07:406][726]2024.08.29_21.54.07: Saving world...
[2024.08.29-21.54.07:413][726]2024.08.29_21.54.07: World Save Complete. Took: 0.556332
[2024.08.29-21.55.40:165][508]FNetGUIDCache::PeriodicCleanAndCompact:   5.28ms total time [  4.30ms CleanReferences() and   0.99ms compacting]; ObjectLookup.Num()=24820 [52 removed]; NetGUIDLookup.Num()=24807 [12 removed]
[2024.08.29-21.59.07:478][708]2024.08.29_21.59.07: Saving world...
[2024.08.29-21.59.07:487][708]2024.08.29_21.59.07: World Save Complete. Took: 0.608449
[2024.08.29-22.04.07:456][688]2024.08.29_22.04.07: Saving world...
[2024.08.29-22.04.07:462][688]2024.08.29_22.04.07: World Save Complete. Took: 0.556861
[2024.08.29-22.05.15:933][736]Garbage Collection Triggered!
[2024.08.29-22.05.35:898][329]2024.08.29_22.05.35: RehDragon [UniqueNetId:0002a0b12ff54d80a45035c18750b660 Platform:None] left this ARK!
[2024.08.29-22.05.40:182][458]FNetGUIDCache::PeriodicCleanAndCompact:   5.15ms total time [  4.41ms CleanReferences() and   0.74ms compacting]; ObjectLookup.Num()=24856 [41 removed]; NetGUIDLookup.Num()=24750 [133 removed]
[2024.08.29-22.09.07:467][701]2024.08.29_22.09.07: Saving world...
[2024.08.29-22.09.07:481][701]2024.08.29_22.09.07: World Save Complete. Took: 0.552353
