[2024.08.29-22.11.39:819][  0]Log file open, 08/30/24 00:11:39
[2024.08.29-22.11.39:819][  0]LogMemory: Platform Memory Stats for WindowsServer
[2024.08.29-22.11.39:819][  0]LogMemory: Process Physical Memory: 225.78 MB used, 267.12 MB peak
[2024.08.29-22.11.39:819][  0]LogMemory: Process Virtual Memory: 250.59 MB used, 250.59 MB peak
[2024.08.29-22.11.39:819][  0]LogMemory: Physical Memory: 4420.49 MB used,  28251.95 MB free, 32672.45 MB total
[2024.08.29-22.11.39:819][  0]LogMemory: Virtual Memory: 8801.89 MB used,  28990.56 MB free, 37792.45 MB total
[2024.08.29-22.11.40:355][  0]11

[2024.08.29-22.11.40:365][  0]ARK Version: 51.23
[2024.08.29-22.11.40:624][  0]LogCFCore: SetSettings called:
{
	"defaultLanguage": "en",
	"gameId": 83374,
	"apiKey": "*****1aZe",
	"maxConcurrentInstallations": 3,
	"modsDirectory": "ShooterGame/Mods",
	"modsDirectoryMode": "CFCore",
	"userDataDirectory": "ShooterGame/ModsUserData",
	"isServer": true,
	"isServerPcOnly": false,
	"throttling":
	{
		"diskWriteBytesPerSec": 0
	},
	"premiumMods":
	{
		"publicKeyPem": "*****"
	},
	"logger":
	{
		"enabled": true,
		"history": 8,
		"maxSizeInMB": 2
	},
	"dynamicContentCategoryIds": [ 6844 ]
}
[2024.08.29-22.11.40:624][  0]LogCFCore: InternalSettings called:
{
	"apiBaseUrl": "https://api.curseforge.com",
	"chunkedUploadServerUrl": "https://chunk-uploads.curseforge.com",
	"analyticsUrl": "https://analyticsnew.overwolf.com/analytics/Counter",
	"userAgent": "cfcore.ue 1.0.99",
	"platform": "windows",
	"pluginVersion": "1.0.99",
	"httpFileDownloadTimeoutSecs": 1200
}
[2024.08.29-22.11.40:666][  0]LogCFCore: User context not loaded from disk
[2024.08.29-22.11.40:951][  8]LogCFCore: Query server result: 21 mods
[2024.08.29-22.11.40:987][  9]LogCFCore: No need to update existing mod: EOS ID Helper (CrossPlay) (980463)
[2024.08.29-22.11.40:987][  9]LogCFCore: No need to update existing mod: maewings (929521)
[2024.08.29-22.11.40:987][  9]LogCFCore: No need to update existing mod: Pull It! (940022)
[2024.08.29-22.11.40:987][  9]LogCFCore: No need to update existing mod: Ammo Box Ascended (967856)
[2024.08.29-22.11.40:987][  9]LogCFCore: No need to update existing mod: PVP Scoreboard (931903)
[2024.08.29-22.11.40:987][  9]LogCFCore: No need to update existing mod: Solo Farm Mod (928501)
[2024.08.29-22.11.40:987][  9]LogCFCore: No need to update existing mod: CliffPlatforms (933872)
[2024.08.29-22.11.40:987][  9]LogCFCore: No need to update existing mod: Custom Dino Levels (928708)
[2024.08.29-22.11.40:987][  9]LogCFCore: No need to update existing mod: Utilities Plus (928621)
[2024.08.29-22.11.40:988][  9]LogCFCore: No need to update existing mod: QoL+ (939228)
[2024.08.29-22.11.40:988][  9]LogCFCore: No need to update existing mod: Dino+ (Nanny, Hatchey) (937546)
[2024.08.29-22.11.40:988][  9]LogCFCore: No need to update existing mod: Resonant's Shop Mod (936660)
[2024.08.29-22.11.40:988][  9]LogCFCore: No need to update existing mod: Super Spyglass Plus (929420)
[2024.08.29-22.11.40:988][  9]LogCFCore: No need to update existing mod: WBUI2 (931119)
[2024.08.29-22.11.40:988][  9]LogCFCore: No need to update existing mod: TG Stacking Mod 10000-90 (929110)
[2024.08.29-22.11.40:988][  9]LogCFCore: No need to update existing mod: Admin Panel (929868)
[2024.08.29-22.11.40:988][  9]LogCFCore: No need to update existing mod: Ez's Engram Unlocker (PC/Xbox/PS) (929912)
[2024.08.29-22.11.40:988][  9]LogCFCore: No need to update existing mod: ARKomatic (939055)
[2024.08.29-22.11.40:988][  9]LogCFCore: No need to update existing mod: Pelayori's Cryo Storage (Crossplay!) (928793)
[2024.08.29-22.11.40:988][  9]LogCFCore: No need to update existing mod: Automated Dino Wipes (947733)
[2024.08.29-22.11.40:988][  9]LogCFCore: No need to update existing mod: ASA-Bot Companion (936882)
[2024.08.29-22.11.40:988][  9]LogCFCore: Mod valid: EOS ID Helper (CrossPlay) (980463)
[2024.08.29-22.11.40:988][  9]LogCFCore: Mod valid: maewings (929521)
[2024.08.29-22.11.40:988][  9]LogCFCore: Mod valid: Pull It! (940022)
[2024.08.29-22.11.40:988][  9]LogCFCore: Mod valid: Ammo Box Ascended (967856)
[2024.08.29-22.11.40:988][  9]LogCFCore: Mod valid: PVP Scoreboard (931903)
[2024.08.29-22.11.40:988][  9]LogCFCore: Mod valid: Solo Farm Mod (928501)
[2024.08.29-22.11.40:988][  9]LogCFCore: Mod valid: CliffPlatforms (933872)
[2024.08.29-22.11.40:988][  9]LogCFCore: Mod valid: Custom Dino Levels (928708)
[2024.08.29-22.11.40:988][  9]LogCFCore: Mod valid: Utilities Plus (928621)
[2024.08.29-22.11.40:988][  9]LogCFCore: Mod valid: QoL+ (939228)
[2024.08.29-22.11.40:988][  9]LogCFCore: Mod valid: Dino+ (Nanny, Hatchey) (937546)
[2024.08.29-22.11.40:988][  9]LogCFCore: Mod valid: Resonant's Shop Mod (936660)
[2024.08.29-22.11.40:988][  9]LogCFCore: Mod valid: Super Spyglass Plus (929420)
[2024.08.29-22.11.40:988][  9]LogCFCore: Mod valid: WBUI2 (931119)
[2024.08.29-22.11.40:988][  9]LogCFCore: Mod valid: TG Stacking Mod 10000-90 (929110)
[2024.08.29-22.11.40:988][  9]LogCFCore: Mod valid: Admin Panel (929868)
[2024.08.29-22.11.40:988][  9]LogCFCore: Mod valid: Ez's Engram Unlocker (PC/Xbox/PS) (929912)
[2024.08.29-22.11.40:988][  9]LogCFCore: Mod valid: ARKomatic (939055)
[2024.08.29-22.11.40:989][  9]LogCFCore: Mod valid: Pelayori's Cryo Storage (Crossplay!) (928793)
[2024.08.29-22.11.40:989][  9]LogCFCore: Mod valid: Automated Dino Wipes (947733)
[2024.08.29-22.11.40:989][  9]LogCFCore: Mod valid: ASA-Bot Companion (936882)
[2024.08.29-22.11.41:150][ 10]UShooterEngine::LoadGameMods with 21 mods
[2024.08.29-22.11.41:150][ 10]UShooterEngine::LoadGameMods Loading Mod ShooterGame/Mods/83374/929420_5509935/SuperSpyglassPlus/Content/PrimalGameData_BP_SSP_Kav.uasset : 929420
[2024.08.29-22.11.41:798][ 10]UShooterEngine::LoadGameMods Using mod asset Package /SuperSpyglassPlus/PrimalGameData_BP_SSP_Kav as PrimalGameDataOverride.
[2024.08.29-22.11.41:798][ 10]UShooterEngine::LoadGameMods Loading Mod ShooterGame/Mods/83374/928621_4856794/UtilsPlus/Content/PrimalGameData_BP_UtilPlus.uasset : 928621
[2024.08.29-22.11.41:826][ 10]UShooterEngine::LoadGameMods Merging mod asset Package /UtilsPlus/PrimalGameData_BP_UtilPlus with PrimalGameDataOverride.
[2024.08.29-22.11.41:826][ 10]UShooterEngine::LoadGameMods Loading Mod ShooterGame/Mods/83374/928708_4894074/LevelTestingMod/Content/PrimalGameData_BP_LevelTesting.uasset : 928708
[2024.08.29-22.11.42:151][ 10]UShooterEngine::LoadGameMods Merging mod asset Package /LevelTestingMod/PrimalGameData_BP_LevelTesting with PrimalGameDataOverride.
[2024.08.29-22.11.42:152][ 10]UShooterEngine::LoadGameMods Loading Mod ShooterGame/Mods/83374/928501_5509903/SoloFarmMod/Content/PrimalGameData_BP_SoloFarmMod.uasset : 928501
[2024.08.29-22.11.42:172][ 10]UShooterEngine::LoadGameMods Merging mod asset Package /SoloFarmMod/PrimalGameData_BP_SoloFarmMod with PrimalGameDataOverride.
[2024.08.29-22.11.42:172][ 10]UShooterEngine::LoadGameMods Loading Mod ShooterGame/Mods/83374/939055_5639286/ARKomatic/Content/PrimalGameData_BP_ARKomatic.uasset : 939055
[2024.08.29-22.11.42:192][ 10]UShooterEngine::LoadGameMods Merging mod asset Package /ARKomatic/PrimalGameData_BP_ARKomatic with PrimalGameDataOverride.
[2024.08.29-22.11.42:192][ 10]UShooterEngine::LoadGameMods Loading Mod ShooterGame/Mods/83374/929110_5569237/TG_Stack_10000_90/Content/PrimalGameData_TG_Stack_10000_90.uasset : 929110
[2024.08.29-22.11.42:209][ 10]UShooterEngine::LoadGameMods Merging mod asset Package /TG_Stack_10000_90/PrimalGameData_TG_Stack_10000_90 with PrimalGameDataOverride.
[2024.08.29-22.11.42:210][ 10]UShooterEngine::LoadGameMods Loading Mod ShooterGame/Mods/83374/939228_5078487/QoLPlus/Content/PrimalGameData_QoLPlus.uasset : 939228
[2024.08.29-22.11.42:330][ 10]UShooterEngine::LoadGameMods Merging mod asset Package /QoLPlus/PrimalGameData_QoLPlus with PrimalGameDataOverride.
[2024.08.29-22.11.42:331][ 10]UShooterEngine::LoadGameMods Loading Mod ShooterGame/Mods/83374/933872_5330183/CliffPlatforms/Content/PrimalGameData_BP_Cliffplatforms.uasset : 933872
[2024.08.29-22.11.42:349][ 10]UShooterEngine::LoadGameMods Merging mod asset Package /CliffPlatforms/PrimalGameData_BP_Cliffplatforms with PrimalGameDataOverride.
[2024.08.29-22.11.42:349][ 10]UShooterEngine::LoadGameMods Loading Mod ShooterGame/Mods/83374/947733_5521328/AutomatedDinoWipes/Content/PrimalGameData_BP_AutomatedDinoWipes.uasset : 947733
[2024.08.29-22.11.42:380][ 10]UShooterEngine::LoadGameMods Merging mod asset Package /AutomatedDinoWipes/PrimalGameData_BP_AutomatedDinoWipes with PrimalGameDataOverride.
[2024.08.29-22.11.42:380][ 10]UShooterEngine::LoadGameMods Loading Mod ShooterGame/Mods/83374/929912_5669096/EzEngramUnlocker/Content/PrimalGameData_BP_EzEngramUnlocker.uasset : 929912
[2024.08.29-22.11.42:401][ 10]UShooterEngine::LoadGameMods Merging mod asset Package /EzEngramUnlocker/PrimalGameData_BP_EzEngramUnlocker with PrimalGameDataOverride.
[2024.08.29-22.11.42:401][ 10]UShooterEngine::LoadGameMods Loading Mod ShooterGame/Mods/83374/940022_5102443/PullIt/Content/PrimalGameData_BP_PullIt.uasset : 940022
[2024.08.29-22.11.42:428][ 10]UShooterEngine::LoadGameMods Merging mod asset Package /PullIt/PrimalGameData_BP_PullIt with PrimalGameDataOverride.
[2024.08.29-22.11.42:428][ 10]UShooterEngine::LoadGameMods Loading Mod ShooterGame/Mods/83374/936660_5568098/ShopMod/Content/PrimalGameData_BP_BlankMod.uasset : 936660
[2024.08.29-22.11.44:490][ 10]UShooterEngine::LoadGameMods Merging mod asset Package /ShopMod/PrimalGameData_BP_BlankMod with PrimalGameDataOverride.
[2024.08.29-22.11.44:490][ 10]UShooterEngine::LoadGameMods Loading Mod ShooterGame/Mods/83374/931903_5036004/PVPScoreboard/Content/PrimalGameData_BP_PVPScoreboard.uasset : 931903
[2024.08.29-22.11.44:515][ 10]UShooterEngine::LoadGameMods Merging mod asset Package /PVPScoreboard/PrimalGameData_BP_PVPScoreboard with PrimalGameDataOverride.
[2024.08.29-22.11.44:515][ 10]UShooterEngine::LoadGameMods Loading Mod ShooterGame/Mods/83374/967856_5238619/AmmoBoxAscended/Content/PrimalGameData_BP_AmmoBoxAscended.uasset : 967856
[2024.08.29-22.11.44:531][ 10]UShooterEngine::LoadGameMods Merging mod asset Package /AmmoBoxAscended/PrimalGameData_BP_AmmoBoxAscended with PrimalGameDataOverride.
[2024.08.29-22.11.44:531][ 10]UShooterEngine::LoadGameMods Loading Mod ShooterGame/Mods/83374/928793_5622484/Cryopods/Content/PrimalGameData_BP_Cryopods.uasset : 928793
[2024.08.29-22.11.44:573][ 10]UShooterEngine::LoadGameMods Merging mod asset Package /Cryopods/PrimalGameData_BP_Cryopods with PrimalGameDataOverride.
[2024.08.29-22.11.44:574][ 10]UShooterEngine::LoadGameMods Loading Mod ShooterGame/Mods/83374/937546_4928343/DPlusMod/Content/PrimalGameData_BP_DPlusMod.uasset : 937546
[2024.08.29-22.11.44:590][ 10]UShooterEngine::LoadGameMods Merging mod asset Package /DPlusMod/PrimalGameData_BP_DPlusMod with PrimalGameDataOverride.
[2024.08.29-22.11.44:590][ 10]UShooterEngine::LoadGameMods Loading Mod ShooterGame/Mods/83374/980463_5142852/EOSIDHelper/Content/PrimalGameData_BP_EOSIDHelper.uasset : 980463
[2024.08.29-22.11.44:607][ 10]UShooterEngine::LoadGameMods Merging mod asset Package /EOSIDHelper/PrimalGameData_BP_EOSIDHelper with PrimalGameDataOverride.
[2024.08.29-22.11.44:607][ 10]UShooterEngine::LoadGameMods Loading Mod ShooterGame/Mods/83374/929521_5238433/maewings/Content/PrimalGameData_BP_Maewings.uasset : 929521
[2024.08.29-22.11.44:625][ 10]UShooterEngine::LoadGameMods Merging mod asset Package /maewings/PrimalGameData_BP_Maewings with PrimalGameDataOverride.
[2024.08.29-22.11.44:625][ 10]UShooterEngine::LoadGameMods Loading Mod ShooterGame/Mods/83374/936882_5662285/ASA-Bot-Companion/Content/PrimalGameData_BP_ASABot.uasset : 936882
[2024.08.29-22.11.44:658][ 10]UShooterEngine::LoadGameMods Merging mod asset Package /ASA-Bot-Companion/PrimalGameData_BP_ASABot with PrimalGameDataOverride.
[2024.08.29-22.11.44:658][ 10]UShooterEngine::LoadGameMods Loading Mod ShooterGame/Mods/83374/929868_5620117/AdminPanel/Content/PrimalGameData_BP_AdminPanel.uasset : 929868
[2024.08.29-22.11.44:734][ 10]UShooterEngine::LoadGameMods Merging mod asset Package /AdminPanel/PrimalGameData_BP_AdminPanel with PrimalGameDataOverride.
[2024.08.29-22.11.44:734][ 10]UShooterEngine::LoadGameMods Loading Mod ShooterGame/Mods/83374/931119_5531437/WBUI2/Content/PrimalGameData_BP_WBUI.uasset : 931119
[2024.08.29-22.11.44:762][ 10]UShooterEngine::LoadGameMods Merging mod asset Package /WBUI2/PrimalGameData_BP_WBUI with PrimalGameDataOverride.
[2024.08.29-22.11.44:762][ 10]Initialize Primal Game Data Override.
[2024.08.29-22.11.44:776][ 10]Added Explorer Note Entry: DEARJANE_EXP_NOTE_1
[2024.08.29-22.11.44:776][ 10]Added Explorer Note Entry: DEARJANE_EXP_NOTE_2
[2024.08.29-22.11.44:776][ 10]Added Explorer Note Entry: DEARJANE_EXP_NOTE_3
[2024.08.29-22.11.44:776][ 10]Added Explorer Note Entry: DEARJANE_EXP_NOTE_4
[2024.08.29-22.11.44:776][ 10]Added Explorer Note Entry: DEARJANE_EXP_NOTE_5
[2024.08.29-22.11.44:776][ 10]Added Explorer Note Entry: DEARJANE_EXP_NOTE_6
[2024.08.29-22.11.44:776][ 10]Added Explorer Note Entry: DEARJANE_EXP_NOTE_7
[2024.08.29-22.11.44:779][ 10]Primal Game Data Took 0.00 seconds
[2024.08.29-22.11.44:783][ 10]Added Explorer Note Entry: DEARJANE_EXP_NOTE_1
[2024.08.29-22.11.44:783][ 10]Added Explorer Note Entry: DEARJANE_EXP_NOTE_2
[2024.08.29-22.11.44:783][ 10]Added Explorer Note Entry: DEARJANE_EXP_NOTE_3
[2024.08.29-22.11.44:783][ 10]Added Explorer Note Entry: DEARJANE_EXP_NOTE_4
[2024.08.29-22.11.44:783][ 10]Added Explorer Note Entry: DEARJANE_EXP_NOTE_5
[2024.08.29-22.11.44:783][ 10]Added Explorer Note Entry: DEARJANE_EXP_NOTE_6
[2024.08.29-22.11.44:783][ 10]Added Explorer Note Entry: DEARJANE_EXP_NOTE_7
[2024.08.29-22.11.45:271][ 10]Server Initializing with BattlEye Anti-Cheat Protection. If you do not wish to use BattlEye, please launch with -NoBattlEye
[2024.08.29-22.11.45:277][ 10]BattlEye successfully started.
[2024.08.29-22.12.29:276][ 10]2024.08.29_22.12.29: [CCA_ASABot_C_2147186023] Loading INI Settings
[2024.08.29-22.12.29:290][ 10]2024.08.29_22.12.29: Version 2.1.0 --- CF Revision 117 --- Build Date Jul 8, 2024, 11:50:00 AM
[2024.08.29-22.12.32:992][ 10][Pelayori's Cryo Storage] Server mod version: 54
[2024.08.29-22.12.32:993][ 10]ADW_Version_v0.15
[2024.08.29-22.12.32:993][ 10]ADW_Begin (UTC Time Now = 22:12)
[2024.08.29-22.12.32:994][ 10]Admin Panel Active
[2024.08.29-22.12.32:994][ 10]Admin Panel Version:55
[2024.08.29-22.13.00:551][ 10]Server: "8/29 [NA](TI1) nARKotic 20x/4man/shop/kits/boosted" has successfully started!
[2024.08.29-22.13.11:107][ 10]Commandline:  TheIsland_WP?listen?Port=27020 -servergamelog -servergamelogincludetribelogs -ServerRCONOutputTribeLogs -Mods=929420,928621,928708,928501,939055,929110,939228,933872,947733,929912,940022,936660,931903,967856,928793,937546,980463,929521,936882,929868,931119
[2024.08.29-22.13.11:107][ 10]Full Startup: 91.76 seconds
[2024.08.29-22.13.11:107][ 10]Number of cores 28
[2024.08.29-22.13.17:758][ 26]2024.08.29_22.13.17: [WBUI] [CCA] [Version] Up to Date: v1.22
[2024.08.29-22.13.17:762][ 26]2024.08.29_22.13.17: [WBUI] [CCA] [INI-Setting] JsonURL= 
[2024.08.29-22.13.17:774][ 26]2024.08.29_22.13.17: [WBUI] [CCA] [INI-Settings] JsonURL empty. Settings Default: "https://raw.githubusercontent.com/DC-Modding/WBUI2-Wiki/main/default.json"
[2024.08.29-22.13.17:785][ 26]2024.08.29_22.13.17: [WBUI] [CCA] [Request] Sending request to: https://raw.githubusercontent.com/DC-Modding/WBUI2-Wiki/main/default.json
[2024.08.29-22.13.17:903][ 30]2024.08.29_22.13.17: [WBUI] [CCA] [Json] No Errors, Valid WBUI2 Json
[2024.08.29-22.13.17:906][ 30]2024.08.29_22.13.17: [WBUI] [CCA]  Updated Settings
[2024.08.29-22.13.41:813][701]IP for incoming account 0002c505977d4cc0a6244607c86aa7e3 - IP 13.104.102.222
[2024.08.29-22.13.45:939][825]2024.08.29_22.13.45: Peachy Queen993 [UniqueNetId:0002c505977d4cc0a6244607c86aa7e3 Platform:None] joined this ARK!
[2024.08.29-22.13.54:608][ 85]2024.08.29_22.13.54: Tribe Tribe of Human, ID 1041603382: Day 4, 16:34:04: <RichColor Color="0, 1, 1, 1">Human was added to the Tribe!</>)
[2024.08.29-22.13.54:618][ 85]2024.08.29_22.13.54: Player Peachy Queen993 with ID 186958034 joined tribe Tribe of Human with ID 1041603382.
[2024.08.29-22.14.12:744][623]2024.08.29_22.14.12: Tribe Tribe of Human, ID 1041603382: Day 4, 16:37:45: <RichColor Color="1, 0, 0, 1">Tribemember Human - Lvl 1 was killed by a Dilophosaur - Lvl 120!</>)
[2024.08.29-22.14.12:751][623]2024.08.29_22.14.12: Human - Lvl 1 (Tribe of Human) was killed by a Dilophosaur - Lvl 120 ()!
[2024.08.29-22.14.29:192][113]IP for incoming account 00026825d8a64a5597a034520bf5e137 - IP 71.244.191.83
[2024.08.29-22.14.33:350][237]2024.08.29_22.14.33: chimera6259902 [UniqueNetId:00026825d8a64a5597a034520bf5e137 Platform:None] joined this ARK!
[2024.08.29-22.14.37:491][360]2024.08.29_22.14.37: Tribe Tribe of Human, ID 1041603382: Day 4, 16:42:24: <RichColor Color="0, 1, 0, 1">Human Tamed a Pteranodon - Lvl 150 (Pteranodon)!</>)
[2024.08.29-22.14.37:496][360]2024.08.29_22.14.37: Human of Tribe Tribe of Human Tamed a Pteranodon - Lvl 150 (Pteranodon)!
[2024.08.29-22.14.37:509][360]2024.08.29_22.14.37: Tribe Tribe of Human, ID 1041603382: Day 4, 16:42:24: Human froze Pteranodon - Lvl 150 (Pteranodon))
[2024.08.29-22.14.37:518][360]Frozen by ID: 0002c505977d4cc0a6244607c86aa7e3
[2024.08.29-22.14.45:223][590]2024.08.29_22.14.45: Tribe Tribe of Human1, ID 1315687698: Day 4, 16:43:57: <RichColor Color="0, 1, 1, 1">Human was added to the Tribe!</>)
[2024.08.29-22.14.45:226][590]2024.08.29_22.14.45: Player chimera6259902 with ID 617454475 joined tribe Tribe of Human1 with ID 1315687698.
[2024.08.29-22.15.26:357][822]IP for incoming account 0002a0b12ff54d80a45035c18750b660 - IP 75.162.78.13
[2024.08.29-22.15.30:217][937]2024.08.29_22.15.30: RehDragon [UniqueNetId:0002a0b12ff54d80a45035c18750b660 Platform:None] joined this ARK!
[2024.08.29-22.16.17:778][346]IP for incoming account 0002b1971bca45939cfb7acd896bb5ee - IP 99.108.99.105
[2024.08.29-22.16.23:376][513]2024.08.29_22.16.23: MonkeyWhisper [UniqueNetId:0002b1971bca45939cfb7acd896bb5ee Platform:None] joined this ARK!
[2024.08.29-22.16.45:819][168]2024.08.29_22.16.45: Saving world...
[2024.08.29-22.16.45:827][168]2024.08.29_22.16.45: World Save Complete. Took: 0.569592
[2024.08.29-22.16.45:979][171]2024.08.29_22.16.45: Tribe Tribe of Rick Scott, ID 1362034138: Day 4, 17:07:26: <RichColor Color="0, 1, 1, 1">Rick Scott was added to the Tribe!</>)
[2024.08.29-22.16.45:989][171]2024.08.29_22.16.45: Player MonkeyWhisper with ID 660263264 joined tribe Tribe of Rick Scott with ID 1362034138.
[2024.08.29-22.17.06:557][765]2024.08.29_22.17.06: chimera6259902 [UniqueNetId:00026825d8a64a5597a034520bf5e137 Platform:None] left this ARK!
[2024.08.29-22.17.10:111][870]2024.08.29_22.17.10: MonkeyWhisper (Rick Scott): Hey, sorry for restarting the server.
[2024.08.29-22.17.29:325][444]2024.08.29_22.17.29: MonkeyWhisper (Rick Scott): I was not aware we actually had players playing. We are still setting things up.
[2024.08.29-22.18.26:203][141]2024.08.29_22.18.26: Tribe Tribe of Human1, ID 1315687698: Day 4, 17:26:47: <RichColor Color="1, 0, 0, 1">Tribemember Human - Lvl 1 was killed by Human - Lvl 19-186958034 (Tribe of Human)!</>)
[2024.08.29-22.18.26:211][141]2024.08.29_22.18.26: Tribe Tribe of Human, ID 1041603382: Day 4, 17:26:47: <RichColor Color="1, 0, 1, 1">Your Tribe killed Human - Lvl 1 (Tribe of Human1)!</>)
[2024.08.29-22.18.26:221][141]2024.08.29_22.18.26: Human - Lvl 1 (Tribe of Human1) was killed by Human - Lvl 19 (Tribe of Human)! [KillerSID: 186958034]
[2024.08.29-22.18.36:497][444]2024.08.29_22.18.36: Peachy Queen993 [UniqueNetId:0002c505977d4cc0a6244607c86aa7e3 Platform:None] left this ARK!
[2024.08.29-22.19.44:798][489]2024.08.29_22.19.44: MonkeyWhisper [UniqueNetId:0002b1971bca45939cfb7acd896bb5ee Platform:None] left this ARK!
[2024.08.29-22.19.49:780][638]2024.08.29_22.19.49: Tribe Tribe of Human, ID 1041603382: Day 4, 17:43:04: <RichColor Color="1, 0, 0, 1">Tribemember Human - Lvl 19 was killed!</>)
[2024.08.29-22.19.49:781][638]2024.08.29_22.19.49: Human - Lvl 19 (Tribe of Human) was killed!
[2024.08.29-22.21.45:838][102]2024.08.29_22.21.45: Saving world...
[2024.08.29-22.21.45:848][102]2024.08.29_22.21.45: World Save Complete. Took: 0.566081
[2024.08.29-22.23.17:574][852]FNetGUIDCache::PeriodicCleanAndCompact:   6.81ms total time [  5.62ms CleanReferences() and   1.18ms compacting]; ObjectLookup.Num()=31939 [1227 removed]; NetGUIDLookup.Num()=31724 [1442 removed]
[2024.08.29-22.24.21:899][782]IP for incoming account 0002789f4f984c6787a5898016eb4375 - IP 66.22.145.81
[2024.08.29-22.24.27:061][936]2024.08.29_22.24.27: MartyrD0nk3y [UniqueNetId:0002789f4f984c6787a5898016eb4375 Platform:None] joined this ARK!
[2024.08.29-22.25.17:574][409]Garbage Collection Triggered!
[2024.08.29-22.26.45:862][ 27]2024.08.29_22.26.45: Saving world...
[2024.08.29-22.26.45:876][ 27]2024.08.29_22.26.45: World Save Complete. Took: 0.578645
[2024.08.29-22.27.24:567][187]2024.08.29_22.27.24: [WBUI] [CCA] [INI-Setting] JsonURL= 
[2024.08.29-22.27.24:574][187]2024.08.29_22.27.24: [WBUI] [CCA] [INI-Settings] JsonURL empty. Settings Default: "https://raw.githubusercontent.com/DC-Modding/WBUI2-Wiki/main/default.json"
[2024.08.29-22.27.24:585][187]2024.08.29_22.27.24: [WBUI] [CCA] [Json] No Errors, Valid WBUI2 Json
[2024.08.29-22.28.37:819][384]2024.08.29_22.28.37: [WBUI] [CCA] [INI-Setting] JsonURL= 
[2024.08.29-22.28.37:825][384]2024.08.29_22.28.37: [WBUI] [CCA] [INI-Settings] JsonURL empty. Settings Default: "https://raw.githubusercontent.com/DC-Modding/WBUI2-Wiki/main/default.json"
[2024.08.29-22.28.37:836][384]2024.08.29_22.28.37: [WBUI] [CCA] [Json] No Errors, Valid WBUI2 Json
[2024.08.29-22.31.45:846][  5]2024.08.29_22.31.45: Saving world...
[2024.08.29-22.31.45:859][  5]2024.08.29_22.31.45: World Save Complete. Took: 0.553822
[2024.08.29-22.33.17:592][756]FNetGUIDCache::PeriodicCleanAndCompact:   6.50ms total time [  5.24ms CleanReferences() and   1.26ms compacting]; ObjectLookup.Num()=32707 [513 removed]; NetGUIDLookup.Num()=32502 [500 removed]
[2024.08.29-22.36.45:889][983]2024.08.29_22.36.45: Saving world...
[2024.08.29-22.36.45:900][983]2024.08.29_22.36.45: World Save Complete. Took: 0.578068
[2024.08.29-22.37.17:585][933]Garbage Collection Triggered!
[2024.08.29-22.40.52:090][360]2024.08.29_22.40.52: Tribe Tribe of Shwat, ID 1432275875: Day 5, 01:48:51: <RichColor Color="1, 0, 0, 1">Tribemember Shwat - Lvl 14 was killed!</>)
[2024.08.29-22.40.52:092][360]2024.08.29_22.40.52: Shwat - Lvl 14 (Tribe of Shwat) was killed!
[2024.08.29-22.41.20:626][208]2024.08.29_22.41.20: AdminCmd: GiveCreativeMode (PlayerName: MartyrD0nk3y, ARKID: 531296528, SteamID: 0002789f4f984c6787a5898016eb4375)
[2024.08.29-22.41.45:915][948]2024.08.29_22.41.45: Saving world...
[2024.08.29-22.41.45:926][948]2024.08.29_22.41.45: World Save Complete. Took: 0.570418
[2024.08.29-22.41.55:114][224]2024.08.29_22.41.55: [WBUI] [CCA] [INI-Setting] JsonURL= 
[2024.08.29-22.41.55:122][224]2024.08.29_22.41.55: [WBUI] [CCA] [INI-Settings] JsonURL empty. Settings Default: "https://raw.githubusercontent.com/DC-Modding/WBUI2-Wiki/main/default.json"
[2024.08.29-22.41.55:134][224]2024.08.29_22.41.55: [WBUI] [CCA] [Json] No Errors, Valid WBUI2 Json
[2024.08.29-22.43.17:600][697]FNetGUIDCache::PeriodicCleanAndCompact:   6.67ms total time [  5.47ms CleanReferences() and   1.20ms compacting]; ObjectLookup.Num()=32867 [810 removed]; NetGUIDLookup.Num()=32747 [725 removed]
[2024.08.29-22.46.45:912][927]2024.08.29_22.46.45: Saving world...
[2024.08.29-22.46.45:926][927]2024.08.29_22.46.45: World Save Complete. Took: 0.567832
[2024.08.29-22.49.17:596][475]Garbage Collection Triggered!
[2024.08.29-22.51.45:936][903]2024.08.29_22.51.45: Saving world...
[2024.08.29-22.51.45:950][903]2024.08.29_22.51.45: World Save Complete. Took: 0.568890
[2024.08.29-22.53.17:618][653]FNetGUIDCache::PeriodicCleanAndCompact:   7.48ms total time [  5.27ms CleanReferences() and   2.21ms compacting]; ObjectLookup.Num()=32838 [136 removed]; NetGUIDLookup.Num()=32768 [85 removed]
[2024.08.29-22.56.45:960][887]2024.08.29_22.56.45: Saving world...
[2024.08.29-22.56.45:971][887]2024.08.29_22.56.45: World Save Complete. Took: 0.568925
[2024.08.29-22.59.42:622][187]2024.08.29_22.59.42: [WBUI] [CCA] [INI-Setting] JsonURL= 
[2024.08.29-22.59.42:630][187]2024.08.29_22.59.42: [WBUI] [CCA] [INI-Settings] JsonURL empty. Settings Default: "https://raw.githubusercontent.com/DC-Modding/WBUI2-Wiki/main/default.json"
[2024.08.29-22.59.42:642][187]2024.08.29_22.59.42: [WBUI] [CCA] [Json] No Errors, Valid WBUI2 Json
[2024.08.29-23.01.17:586][ 35]Garbage Collection Triggered!
[2024.08.29-23.01.38:166][648]2024.08.29_23.01.38: [WBUI] [CCA] [INI-Setting] JsonURL= 
[2024.08.29-23.01.38:169][648]2024.08.29_23.01.38: [WBUI] [CCA] [INI-Settings] JsonURL empty. Settings Default: "https://raw.githubusercontent.com/DC-Modding/WBUI2-Wiki/main/default.json"
[2024.08.29-23.01.38:180][648]2024.08.29_23.01.38: [WBUI] [CCA] [Json] No Errors, Valid WBUI2 Json
[2024.08.29-23.01.45:970][865]2024.08.29_23.01.45: Saving world...
[2024.08.29-23.01.45:976][865]2024.08.29_23.01.45: World Save Complete. Took: 0.563152
[2024.08.29-23.03.11:927][442]2024.08.29_23.03.11: [WBUI] [CCA] [INI-Setting] JsonURL= 
[2024.08.29-23.03.11:938][442]2024.08.29_23.03.11: [WBUI] [CCA] [INI-Settings] JsonURL empty. Settings Default: "https://raw.githubusercontent.com/DC-Modding/WBUI2-Wiki/main/default.json"
[2024.08.29-23.03.11:949][442]2024.08.29_23.03.11: [WBUI] [CCA] [Json] No Errors, Valid WBUI2 Json
[2024.08.29-23.03.17:615][612]FNetGUIDCache::PeriodicCleanAndCompact:   6.66ms total time [  5.39ms CleanReferences() and   1.26ms compacting]; ObjectLookup.Num()=32826 [93 removed]; NetGUIDLookup.Num()=32765 [84 removed]
[2024.08.29-23.04.40:016][ 83]2024.08.29_23.04.40: [WBUI] [CCA] [INI-Setting] JsonURL= 
[2024.08.29-23.04.40:027][ 83]2024.08.29_23.04.40: [WBUI] [CCA] [INI-Settings] JsonURL empty. Settings Default: "https://raw.githubusercontent.com/DC-Modding/WBUI2-Wiki/main/default.json"
[2024.08.29-23.04.40:038][ 83]2024.08.29_23.04.40: [WBUI] [CCA] [Json] No Errors, Valid WBUI2 Json
[2024.08.29-23.05.21:188][318]2024.08.29_23.05.21: [WBUI] [CCA] [INI-Setting] JsonURL= 
[2024.08.29-23.05.21:197][318]2024.08.29_23.05.21: [WBUI] [CCA] [INI-Settings] JsonURL empty. Settings Default: "https://raw.githubusercontent.com/DC-Modding/WBUI2-Wiki/main/default.json"
[2024.08.29-23.05.21:207][318]2024.08.29_23.05.21: [WBUI] [CCA] [Json] No Errors, Valid WBUI2 Json
[2024.08.29-23.06.18:093][ 24]2024.08.29_23.06.18: [WBUI] [CCA] [INI-Setting] JsonURL= 
[2024.08.29-23.06.18:101][ 24]2024.08.29_23.06.18: [WBUI] [CCA] [INI-Settings] JsonURL empty. Settings Default: "https://raw.githubusercontent.com/DC-Modding/WBUI2-Wiki/main/default.json"
[2024.08.29-23.06.18:113][ 24]2024.08.29_23.06.18: [WBUI] [CCA] [Json] No Errors, Valid WBUI2 Json
[2024.08.29-23.06.45:982][844]2024.08.29_23.06.45: Saving world...
[2024.08.29-23.06.45:996][844]2024.08.29_23.06.45: World Save Complete. Took: 0.561107
[2024.08.29-23.07.03:353][363]2024.08.29_23.07.03: MartyrD0nk3y [UniqueNetId:0002789f4f984c6787a5898016eb4375 Platform:None] left this ARK!
[2024.08.29-23.07.16:841][767]2024.08.29_23.07.16: RehDragon [UniqueNetId:0002a0b12ff54d80a45035c18750b660 Platform:None] left this ARK!
[2024.08.29-23.08.05:000][220]IP for incoming account 0002789f4f984c6787a5898016eb4375 - IP 66.22.145.81
[2024.08.29-23.08.08:813][334]2024.08.29_23.08.08: MartyrD0nk3y [UniqueNetId:0002789f4f984c6787a5898016eb4375 Platform:None] joined this ARK!
[2024.08.29-23.08.52:360][626]2024.08.29_23.08.52: MartyrD0nk3y [UniqueNetId:0002789f4f984c6787a5898016eb4375 Platform:None] left this ARK!
[2024.08.29-23.11.46:022][855]2024.08.29_23.11.46: Saving world...
[2024.08.29-23.11.46:028][855]2024.08.29_23.11.46: World Save Complete. Took: 0.566606
[2024.08.29-23.13.17:714][628]FNetGUIDCache::PeriodicCleanAndCompact:   6.83ms total time [  5.61ms CleanReferences() and   1.22ms compacting]; ObjectLookup.Num()=32481 [1002 removed]; NetGUIDLookup.Num()=32408 [1011 removed]
