[2024.09.14-10.09.07:903][  0]Log file open, 09/14/24 12:09:07
[2024.09.14-10.09.07:903][  0]LogMemory: Platform Memory Stats for WindowsServer
[2024.09.14-10.09.07:903][  0]LogMemory: Process Physical Memory: 241.18 MB used, 276.10 MB peak
[2024.09.14-10.09.07:903][  0]LogMemory: Process Virtual Memory: 263.27 MB used, 263.27 MB peak
[2024.09.14-10.09.07:903][  0]LogMemory: Physical Memory: 27953.23 MB used,  4719.22 MB free, 32672.45 MB total
[2024.09.14-10.09.07:903][  0]LogMemory: Virtual Memory: 52073.20 MB used,  35396.86 MB free, 87470.06 MB total
[2024.09.14-10.09.08:773][  0]11

[2024.09.14-10.09.08:789][  0]ARK Version: 52.5
[2024.09.14-10.09.09:137][  0]LogCFCore: SetSettings called:
{
	"defaultLanguage": "en",
	"gameId": 83374,
	"apiKey": "*****1aZe",
	"maxConcurrentInstallations": 3,
	"modsDirectory": "ShooterGame/Mods",
	"modsDirectoryMode": "CFCore",
	"userDataDirectory": "ShooterGame/ModsUserData",
	"isServer": true,
	"isServerPcOnly": false,
	"throttling":
	{
		"diskWriteBytesPerSec": 0
	},
	"premiumMods":
	{
		"publicKeyPem": "*****"
	},
	"logger":
	{
		"enabled": true,
		"history": 8,
		"maxSizeInMB": 2
	},
	"dynamicContentCategoryIds": [ 6844 ]
}
[2024.09.14-10.09.09:137][  0]LogCFCore: InternalSettings called:
{
	"apiBaseUrl": "https://api.curseforge.com",
	"chunkedUploadServerUrl": "https://chunk-uploads.curseforge.com",
	"analyticsUrl": "https://analyticsnew.overwolf.com/analytics/Counter",
	"userAgent": "cfcore.ue 1.0.99",
	"platform": "windows",
	"pluginVersion": "1.0.99",
	"httpFileDownloadTimeoutSecs": 1200
}
[2024.09.14-10.09.09:185][  0]LogCFCore: User context not loaded from disk
[2024.09.14-10.09.09:542][ 10]LogCFCore: Query server result: 21 mods
[2024.09.14-10.09.09:578][ 11]LogCFCore: No need to update existing mod: EOS ID Helper (CrossPlay) (980463)
[2024.09.14-10.09.09:578][ 11]LogCFCore: No need to update existing mod: Custom Dino Levels (928708)
[2024.09.14-10.09.09:578][ 11]LogCFCore: No need to update existing mod: Utilities Plus (928621)
[2024.09.14-10.09.09:578][ 11]LogCFCore: No need to update existing mod: maewings (929521)
[2024.09.14-10.09.09:578][ 11]LogCFCore: No need to update existing mod: PVP Scoreboard (931903)
[2024.09.14-10.09.09:578][ 11]LogCFCore: No need to update existing mod: Solo Farm Mod (928501)
[2024.09.14-10.09.09:578][ 11]LogCFCore: No need to update existing mod: CliffPlatforms (933872)
[2024.09.14-10.09.09:578][ 11]LogCFCore: No need to update existing mod: TG Stacking Mod 10000-90 (929110)
[2024.09.14-10.09.09:578][ 11]LogCFCore: No need to update existing mod: WBUI2 (931119)
[2024.09.14-10.09.09:579][ 11]LogCFCore: No need to update existing mod: ARKomatic (939055)
[2024.09.14-10.09.09:579][ 11]LogCFCore: No need to update existing mod: Automated Dino Wipes (947733)
[2024.09.14-10.09.09:579][ 11]LogCFCore: No need to update existing mod: Admin Panel (929868)
[2024.09.14-10.09.09:579][ 11]LogCFCore: No need to update existing mod: Pull It! (940022)
[2024.09.14-10.09.09:579][ 11]LogCFCore: No need to update existing mod: Dino+ (Nanny, Hatchey) (937546)
[2024.09.14-10.09.09:579][ 11]LogCFCore: No need to update existing mod: QoL+ (939228)
[2024.09.14-10.09.09:579][ 11]LogCFCore: No need to update existing mod: Ez's Engram Unlocker (PC/Xbox/PS) (929912)
[2024.09.14-10.09.09:579][ 11]LogCFCore: No need to update existing mod: Resonant's Shop Mod (936660)
[2024.09.14-10.09.09:579][ 11]LogCFCore: No need to update existing mod: Ammo Box Ascended (967856)
[2024.09.14-10.09.09:579][ 11]LogCFCore: No need to update existing mod: Pelayori's Cryo Storage (Crossplay!) (928793)
[2024.09.14-10.09.09:579][ 11]LogCFCore: No need to update existing mod: Awesome Teleporters! (950914)
[2024.09.14-10.09.09:579][ 11]LogCFCore: No need to update existing mod: ASA-Bot Companion (936882)
[2024.09.14-10.09.09:579][ 11]LogCFCore: Mod valid: EOS ID Helper (CrossPlay) (980463)
[2024.09.14-10.09.09:579][ 11]LogCFCore: Mod valid: Custom Dino Levels (928708)
[2024.09.14-10.09.09:579][ 11]LogCFCore: Mod valid: Utilities Plus (928621)
[2024.09.14-10.09.09:579][ 11]LogCFCore: Mod valid: maewings (929521)
[2024.09.14-10.09.09:579][ 11]LogCFCore: Mod valid: PVP Scoreboard (931903)
[2024.09.14-10.09.09:579][ 11]LogCFCore: Mod valid: Solo Farm Mod (928501)
[2024.09.14-10.09.09:579][ 11]LogCFCore: Mod valid: CliffPlatforms (933872)
[2024.09.14-10.09.09:579][ 11]LogCFCore: Mod valid: TG Stacking Mod 10000-90 (929110)
[2024.09.14-10.09.09:579][ 11]LogCFCore: Mod valid: WBUI2 (931119)
[2024.09.14-10.09.09:579][ 11]LogCFCore: Mod valid: ARKomatic (939055)
[2024.09.14-10.09.09:579][ 11]LogCFCore: Mod valid: Automated Dino Wipes (947733)
[2024.09.14-10.09.09:579][ 11]LogCFCore: Mod valid: Admin Panel (929868)
[2024.09.14-10.09.09:579][ 11]LogCFCore: Mod valid: Pull It! (940022)
[2024.09.14-10.09.09:579][ 11]LogCFCore: Mod valid: Dino+ (Nanny, Hatchey) (937546)
[2024.09.14-10.09.09:579][ 11]LogCFCore: Mod valid: QoL+ (939228)
[2024.09.14-10.09.09:579][ 11]LogCFCore: Mod valid: Ez's Engram Unlocker (PC/Xbox/PS) (929912)
[2024.09.14-10.09.09:579][ 11]LogCFCore: Mod valid: Resonant's Shop Mod (936660)
[2024.09.14-10.09.09:579][ 11]LogCFCore: Mod valid: Ammo Box Ascended (967856)
[2024.09.14-10.09.09:579][ 11]LogCFCore: Mod valid: Pelayori's Cryo Storage (Crossplay!) (928793)
[2024.09.14-10.09.09:579][ 11]LogCFCore: Mod valid: Awesome Teleporters! (950914)
[2024.09.14-10.09.09:579][ 11]LogCFCore: Mod valid: ASA-Bot Companion (936882)
[2024.09.14-10.09.09:799][ 12]UShooterEngine::LoadGameMods with 21 mods
[2024.09.14-10.09.09:799][ 12]UShooterEngine::LoadGameMods Loading Mod ShooterGame/Mods/83374/928621_4856794/UtilsPlus/Content/PrimalGameData_BP_UtilPlus.uasset : 928621
[2024.09.14-10.09.10:565][ 12]UShooterEngine::LoadGameMods Using mod asset Package /UtilsPlus/PrimalGameData_BP_UtilPlus as PrimalGameDataOverride.
[2024.09.14-10.09.10:565][ 12]UShooterEngine::LoadGameMods Loading Mod ShooterGame/Mods/83374/928708_4894074/LevelTestingMod/Content/PrimalGameData_BP_LevelTesting.uasset : 928708
[2024.09.14-10.09.11:059][ 12]UShooterEngine::LoadGameMods Merging mod asset Package /LevelTestingMod/PrimalGameData_BP_LevelTesting with PrimalGameDataOverride.
[2024.09.14-10.09.11:060][ 12]UShooterEngine::LoadGameMods Loading Mod ShooterGame/Mods/83374/928501_5509903/SoloFarmMod/Content/PrimalGameData_BP_SoloFarmMod.uasset : 928501
[2024.09.14-10.09.11:085][ 12]UShooterEngine::LoadGameMods Merging mod asset Package /SoloFarmMod/PrimalGameData_BP_SoloFarmMod with PrimalGameDataOverride.
[2024.09.14-10.09.11:085][ 12]UShooterEngine::LoadGameMods Loading Mod ShooterGame/Mods/83374/939055_5715678/ARKomatic/Content/PrimalGameData_BP_ARKomatic.uasset : 939055
[2024.09.14-10.09.11:112][ 12]UShooterEngine::LoadGameMods Merging mod asset Package /ARKomatic/PrimalGameData_BP_ARKomatic with PrimalGameDataOverride.
[2024.09.14-10.09.11:113][ 12]UShooterEngine::LoadGameMods Loading Mod ShooterGame/Mods/83374/929110_5711402/TG_Stack_10000_90/Content/PrimalGameData_TG_Stack_10000_90.uasset : 929110
[2024.09.14-10.09.11:139][ 12]UShooterEngine::LoadGameMods Merging mod asset Package /TG_Stack_10000_90/PrimalGameData_TG_Stack_10000_90 with PrimalGameDataOverride.
[2024.09.14-10.09.11:140][ 12]UShooterEngine::LoadGameMods Loading Mod ShooterGame/Mods/83374/939228_5078487/QoLPlus/Content/PrimalGameData_QoLPlus.uasset : 939228
[2024.09.14-10.09.11:258][ 12]UShooterEngine::LoadGameMods Merging mod asset Package /QoLPlus/PrimalGameData_QoLPlus with PrimalGameDataOverride.
[2024.09.14-10.09.11:258][ 12]UShooterEngine::LoadGameMods Loading Mod ShooterGame/Mods/83374/933872_5330183/CliffPlatforms/Content/PrimalGameData_BP_Cliffplatforms.uasset : 933872
[2024.09.14-10.09.11:283][ 12]UShooterEngine::LoadGameMods Merging mod asset Package /CliffPlatforms/PrimalGameData_BP_Cliffplatforms with PrimalGameDataOverride.
[2024.09.14-10.09.11:284][ 12]UShooterEngine::LoadGameMods Loading Mod ShooterGame/Mods/83374/947733_5521328/AutomatedDinoWipes/Content/PrimalGameData_BP_AutomatedDinoWipes.uasset : 947733
[2024.09.14-10.09.11:331][ 12]UShooterEngine::LoadGameMods Merging mod asset Package /AutomatedDinoWipes/PrimalGameData_BP_AutomatedDinoWipes with PrimalGameDataOverride.
[2024.09.14-10.09.11:331][ 12]UShooterEngine::LoadGameMods Loading Mod ShooterGame/Mods/83374/929912_5669096/EzEngramUnlocker/Content/PrimalGameData_BP_EzEngramUnlocker.uasset : 929912
[2024.09.14-10.09.11:358][ 12]UShooterEngine::LoadGameMods Merging mod asset Package /EzEngramUnlocker/PrimalGameData_BP_EzEngramUnlocker with PrimalGameDataOverride.
[2024.09.14-10.09.11:359][ 12]UShooterEngine::LoadGameMods Loading Mod ShooterGame/Mods/83374/940022_5102443/PullIt/Content/PrimalGameData_BP_PullIt.uasset : 940022
[2024.09.14-10.09.11:391][ 12]UShooterEngine::LoadGameMods Merging mod asset Package /PullIt/PrimalGameData_BP_PullIt with PrimalGameDataOverride.
[2024.09.14-10.09.11:391][ 12]UShooterEngine::LoadGameMods Loading Mod ShooterGame/Mods/83374/936660_5712351/ShopMod/Content/PrimalGameData_BP_BlankMod.uasset : 936660
[2024.09.14-10.09.13:543][ 12]UShooterEngine::LoadGameMods Merging mod asset Package /ShopMod/PrimalGameData_BP_BlankMod with PrimalGameDataOverride.
[2024.09.14-10.09.13:543][ 12]UShooterEngine::LoadGameMods Loading Mod ShooterGame/Mods/83374/931903_5036004/PVPScoreboard/Content/PrimalGameData_BP_PVPScoreboard.uasset : 931903
[2024.09.14-10.09.13:584][ 12]UShooterEngine::LoadGameMods Merging mod asset Package /PVPScoreboard/PrimalGameData_BP_PVPScoreboard with PrimalGameDataOverride.
[2024.09.14-10.09.13:584][ 12]UShooterEngine::LoadGameMods Loading Mod ShooterGame/Mods/83374/967856_5238619/AmmoBoxAscended/Content/PrimalGameData_BP_AmmoBoxAscended.uasset : 967856
[2024.09.14-10.09.13:607][ 12]UShooterEngine::LoadGameMods Merging mod asset Package /AmmoBoxAscended/PrimalGameData_BP_AmmoBoxAscended with PrimalGameDataOverride.
[2024.09.14-10.09.13:607][ 12]UShooterEngine::LoadGameMods Loading Mod ShooterGame/Mods/83374/928793_5701351/Cryopods/Content/PrimalGameData_BP_Cryopods.uasset : 928793
[2024.09.14-10.09.13:655][ 12]UShooterEngine::LoadGameMods Merging mod asset Package /Cryopods/PrimalGameData_BP_Cryopods with PrimalGameDataOverride.
[2024.09.14-10.09.13:656][ 12]UShooterEngine::LoadGameMods Loading Mod ShooterGame/Mods/83374/937546_4928343/DPlusMod/Content/PrimalGameData_BP_DPlusMod.uasset : 937546
[2024.09.14-10.09.13:676][ 12]UShooterEngine::LoadGameMods Merging mod asset Package /DPlusMod/PrimalGameData_BP_DPlusMod with PrimalGameDataOverride.
[2024.09.14-10.09.13:676][ 12]UShooterEngine::LoadGameMods Loading Mod ShooterGame/Mods/83374/980463_5142852/EOSIDHelper/Content/PrimalGameData_BP_EOSIDHelper.uasset : 980463
[2024.09.14-10.09.13:697][ 12]UShooterEngine::LoadGameMods Merging mod asset Package /EOSIDHelper/PrimalGameData_BP_EOSIDHelper with PrimalGameDataOverride.
[2024.09.14-10.09.13:697][ 12]UShooterEngine::LoadGameMods Loading Mod ShooterGame/Mods/83374/929521_5238433/maewings/Content/PrimalGameData_BP_Maewings.uasset : 929521
[2024.09.14-10.09.13:720][ 12]UShooterEngine::LoadGameMods Merging mod asset Package /maewings/PrimalGameData_BP_Maewings with PrimalGameDataOverride.
[2024.09.14-10.09.13:720][ 12]UShooterEngine::LoadGameMods Loading Mod ShooterGame/Mods/83374/936882_5721677/ASA-Bot-Companion/Content/PrimalGameData_BP_ASABot.uasset : 936882
[2024.09.14-10.09.13:761][ 12]UShooterEngine::LoadGameMods Merging mod asset Package /ASA-Bot-Companion/PrimalGameData_BP_ASABot with PrimalGameDataOverride.
[2024.09.14-10.09.13:762][ 12]UShooterEngine::LoadGameMods Loading Mod ShooterGame/Mods/83374/929868_5696131/AdminPanel/Content/PrimalGameData_BP_AdminPanel.uasset : 929868
[2024.09.14-10.09.13:882][ 12]UShooterEngine::LoadGameMods Merging mod asset Package /AdminPanel/PrimalGameData_BP_AdminPanel with PrimalGameDataOverride.
[2024.09.14-10.09.13:882][ 12]UShooterEngine::LoadGameMods Loading Mod ShooterGame/Mods/83374/931119_5531437/WBUI2/Content/PrimalGameData_BP_WBUI.uasset : 931119
[2024.09.14-10.09.13:918][ 12]UShooterEngine::LoadGameMods Merging mod asset Package /WBUI2/PrimalGameData_BP_WBUI with PrimalGameDataOverride.
[2024.09.14-10.09.13:918][ 12]UShooterEngine::LoadGameMods Loading Mod ShooterGame/Mods/83374/950914_5371339/AwesomeTeleporters/Content/PrimalGameData_BP_AwesomeTeleporters.uasset : 950914
[2024.09.14-10.09.13:944][ 12]UShooterEngine::LoadGameMods Merging mod asset Package /AwesomeTeleporters/PrimalGameData_BP_AwesomeTeleporters with PrimalGameDataOverride.
[2024.09.14-10.09.13:944][ 12]Initialize Primal Game Data Override.
[2024.09.14-10.09.13:959][ 12]Added Explorer Note Entry: DEARJANE_EXP_NOTE_1
[2024.09.14-10.09.13:959][ 12]Added Explorer Note Entry: DEARJANE_EXP_NOTE_2
[2024.09.14-10.09.13:959][ 12]Added Explorer Note Entry: DEARJANE_EXP_NOTE_3
[2024.09.14-10.09.13:959][ 12]Added Explorer Note Entry: DEARJANE_EXP_NOTE_4
[2024.09.14-10.09.13:959][ 12]Added Explorer Note Entry: DEARJANE_EXP_NOTE_5
[2024.09.14-10.09.13:959][ 12]Added Explorer Note Entry: DEARJANE_EXP_NOTE_6
[2024.09.14-10.09.13:959][ 12]Added Explorer Note Entry: DEARJANE_EXP_NOTE_7
[2024.09.14-10.09.13:964][ 12]Primal Game Data Took 0.00 seconds
[2024.09.14-10.09.13:972][ 12]Added Explorer Note Entry: DEARJANE_EXP_NOTE_1
[2024.09.14-10.09.13:972][ 12]Added Explorer Note Entry: DEARJANE_EXP_NOTE_2
[2024.09.14-10.09.13:972][ 12]Added Explorer Note Entry: DEARJANE_EXP_NOTE_3
[2024.09.14-10.09.13:972][ 12]Added Explorer Note Entry: DEARJANE_EXP_NOTE_4
[2024.09.14-10.09.13:972][ 12]Added Explorer Note Entry: DEARJANE_EXP_NOTE_5
[2024.09.14-10.09.13:972][ 12]Added Explorer Note Entry: DEARJANE_EXP_NOTE_6
[2024.09.14-10.09.13:972][ 12]Added Explorer Note Entry: DEARJANE_EXP_NOTE_7
[2024.09.14-10.09.14:601][ 12]Server Initializing with BattlEye Anti-Cheat Protection. If you do not wish to use BattlEye, please launch with -NoBattlEye
[2024.09.14-10.09.14:605][ 12]BattlEye successfully started.
[2024.09.14-10.09.47:355][ 12]2024.09.14_10.09.47: [CCA_ASABot_C_2147476545] Loading INI Settings
[2024.09.14-10.09.47:379][ 12]2024.09.14_10.09.47: Version 2.1.0 --- CF Revision 117 --- Build Date Jul 8, 2024, 11:50:00 AM
[2024.09.14-10.09.53:832][ 12][Pelayori's Cryo Storage] Server mod version: 55
[2024.09.14-10.09.53:832][ 12]ADW_Version_v0.15
[2024.09.14-10.09.53:833][ 12]ADW_Begin (UTC Time Now = 10:09)
[2024.09.14-10.09.53:833][ 12]ADW_AddedTimer (0:00 (UTC timezone)  Next Run Time Will Be In 13 hrs 51 mins )
[2024.09.14-10.09.53:833][ 12]ADW_AddedTimer (3:00 (UTC timezone)  Next Run Time Will Be In 16 hrs 51 mins )
[2024.09.14-10.09.53:833][ 12]ADW_AddedTimer (6:00 (UTC timezone)  Next Run Time Will Be In 19 hrs 51 mins )
[2024.09.14-10.09.53:833][ 12]ADW_AddedTimer (9:00 (UTC timezone)  Next Run Time Will Be In 22 hrs 51 mins )
[2024.09.14-10.09.53:833][ 12]ADW_AddedTimer (12:00 (UTC timezone)  Next Run Time Will Be In 1 hrs 51 mins )
[2024.09.14-10.09.53:833][ 12]ADW_AddedTimer (15:00 (UTC timezone)  Next Run Time Will Be In 4 hrs 51 mins )
[2024.09.14-10.09.53:833][ 12]ADW_AddedTimer (18:00 (UTC timezone)  Next Run Time Will Be In 7 hrs 51 mins )
[2024.09.14-10.09.53:833][ 12]ADW_AddedTimer (21:00 (UTC timezone)  Next Run Time Will Be In 10 hrs 51 mins )
[2024.09.14-10.09.53:833][ 12]Admin Panel Active
[2024.09.14-10.09.53:833][ 12]Admin Panel Version:56
[2024.09.14-10.09.58:583][ 12]Server: "9/7 [NA](TC1) nARKotic 20x/4man/shop/kits/boosted" has successfully started!
[2024.09.14-10.10.08:907][ 12]Commandline:  TheCenter_WP?listen?Port=27022 -servergamelog -servergamelogincludetribelogs -ServerRCONOutputTribeLogs -Mods=928621,928708,928501,939055,929110,939228,933872,947733,929912,940022,936660,931903,967856,928793,937546,980463,929521,936882,929868,931119,950914 -ClusterDirOverride=C:\nARKoticCluster -clusterid=narkotic1 -automanagedmods
[2024.09.14-10.10.08:907][ 12]Full Startup: 62.03 seconds
[2024.09.14-10.10.08:907][ 12]Number of cores 28
[2024.09.14-10.10.21:099][ 18]2024.09.14_10.10.21: [WBUI] [CCA] [Version] Up to Date: v1.22
[2024.09.14-10.10.21:102][ 18]2024.09.14_10.10.21: [WBUI] [CCA] [INI-Setting] JsonURL= 
[2024.09.14-10.10.21:114][ 18]2024.09.14_10.10.21: [WBUI] [CCA] [INI-Settings] JsonURL empty. Settings Default: "https://raw.githubusercontent.com/DC-Modding/WBUI2-Wiki/main/default.json"
[2024.09.14-10.10.21:127][ 18]2024.09.14_10.10.21: [WBUI] [CCA] [Json] No Errors, Valid WBUI2 Json
[2024.09.14-10.10.21:137][ 18]2024.09.14_10.10.21: [WBUI] [CCA]  Updated Settings
[2024.09.14-10.10.30:730][203]ADW_WipeStart: 63861905430.728996
[2024.09.14-10.10.31:779][232]Server has completed startup and is now advertising for join.
[2024.09.14-10.10.47:510][417]LogMemory: Platform Memory Stats for WindowsServer
[2024.09.14-10.10.47:510][417]LogMemory: Process Physical Memory: 8058.06 MB used, 8058.67 MB peak
[2024.09.14-10.10.47:510][417]LogMemory: Process Virtual Memory: 10908.62 MB used, 10909.37 MB peak
[2024.09.14-10.10.47:510][417]LogMemory: Physical Memory: 32188.80 MB used,  483.64 MB free, 32672.45 MB total
[2024.09.14-10.10.47:510][417]LogMemory: Virtual Memory: 62954.33 MB used,  24515.73 MB free, 87470.06 MB total
