[2024.08.29-17.00.37:948][  0]Log file open, 08/29/24 19:00:37
[2024.08.29-17.00.37:948][  0]LogMemory: Platform Memory Stats for WindowsServer
[2024.08.29-17.00.37:948][  0]LogMemory: Process Physical Memory: 260.28 MB used, 299.52 MB peak
[2024.08.29-17.00.37:948][  0]LogMemory: Process Virtual Memory: 250.65 MB used, 250.65 MB peak
[2024.08.29-17.00.37:948][  0]LogMemory: Physical Memory: 4228.22 MB used,  28444.23 MB free, 32672.45 MB total
[2024.08.29-17.00.37:948][  0]LogMemory: Virtual Memory: 8360.62 MB used,  29431.82 MB free, 37792.45 MB total
[2024.08.29-17.00.38:456][  0]11

[2024.08.29-17.00.38:464][  0]ARK Version: 51.23
[2024.08.29-17.00.38:729][  0]LogCFCore: SetSettings called:
{
	"defaultLanguage": "en",
	"gameId": 83374,
	"apiKey": "*****1aZe",
	"maxConcurrentInstallations": 3,
	"modsDirectory": "ShooterGame/Mods",
	"modsDirectoryMode": "CFCore",
	"userDataDirectory": "ShooterGame/ModsUserData",
	"isServer": true,
	"isServerPcOnly": false,
	"throttling":
	{
		"diskWriteBytesPerSec": 0
	},
	"premiumMods":
	{
		"publicKeyPem": "*****"
	},
	"logger":
	{
		"enabled": true,
		"history": 8,
		"maxSizeInMB": 2
	},
	"dynamicContentCategoryIds": [ 6844 ]
}
[2024.08.29-17.00.38:729][  0]LogCFCore: InternalSettings called:
{
	"apiBaseUrl": "https://api.curseforge.com",
	"chunkedUploadServerUrl": "https://chunk-uploads.curseforge.com",
	"analyticsUrl": "https://analyticsnew.overwolf.com/analytics/Counter",
	"userAgent": "cfcore.ue 1.0.99",
	"platform": "windows",
	"pluginVersion": "1.0.99",
	"httpFileDownloadTimeoutSecs": 1200
}
[2024.08.29-17.00.38:778][  0]LogCFCore: User context not loaded from disk
[2024.08.29-17.00.39:061][  8]LogCFCore: Query server result: 19 mods
[2024.08.29-17.00.39:096][  9]LogCFCore: No need to update existing mod: EOS ID Helper (CrossPlay) (980463)
[2024.08.29-17.00.39:096][  9]LogCFCore: No need to update existing mod: maewings (929521)
[2024.08.29-17.00.39:096][  9]LogCFCore: No need to update existing mod: Custom Dino Levels (928708)
[2024.08.29-17.00.39:096][  9]LogCFCore: No need to update existing mod: Utilities Plus (928621)
[2024.08.29-17.00.39:096][  9]LogCFCore: No need to update existing mod: CliffPlatforms (933872)
[2024.08.29-17.00.39:096][  9]LogCFCore: No need to update existing mod: QoL+ (939228)
[2024.08.29-17.00.39:096][  9]LogCFCore: No need to update existing mod: Dino+ (Nanny, Hatchey) (937546)
[2024.08.29-17.00.39:096][  9]LogCFCore: No need to update existing mod: Ammo Box Ascended (967856)
[2024.08.29-17.00.39:096][  9]LogCFCore: No need to update existing mod: PVP Scoreboard (931903)
[2024.08.29-17.00.39:096][  9]LogCFCore: No need to update existing mod: Solo Farm Mod (928501)
[2024.08.29-17.00.39:096][  9]LogCFCore: No need to update existing mod: Pull It! (940022)
[2024.08.29-17.00.39:096][  9]LogCFCore: No need to update existing mod: Resonant's Shop Mod (936660)
[2024.08.29-17.00.39:096][  9]LogCFCore: No need to update existing mod: Pelayori's Cryo Storage (Crossplay!) (928793)
[2024.08.29-17.00.39:096][  9]LogCFCore: No need to update existing mod: Automated Dino Wipes (947733)
[2024.08.29-17.00.39:096][  9]LogCFCore: No need to update existing mod: Ez's Engram Unlocker (PC/Xbox/PS) (929912)
[2024.08.29-17.00.39:096][  9]LogCFCore: No need to update existing mod: Super Spyglass Plus (929420)
[2024.08.29-17.00.39:096][  9]LogCFCore: No need to update existing mod: ARKomatic (939055)
[2024.08.29-17.00.39:096][  9]LogCFCore: No need to update existing mod: TG Stacking Mod 10000-90 (929110)
[2024.08.29-17.00.39:096][  9]LogCFCore: No need to update existing mod: ASA-Bot Companion (936882)
[2024.08.29-17.00.39:097][  9]LogCFCore: Mod valid: EOS ID Helper (CrossPlay) (980463)
[2024.08.29-17.00.39:097][  9]LogCFCore: Mod valid: maewings (929521)
[2024.08.29-17.00.39:097][  9]LogCFCore: Mod valid: Custom Dino Levels (928708)
[2024.08.29-17.00.39:097][  9]LogCFCore: Mod valid: Utilities Plus (928621)
[2024.08.29-17.00.39:097][  9]LogCFCore: Mod valid: CliffPlatforms (933872)
[2024.08.29-17.00.39:097][  9]LogCFCore: Mod valid: QoL+ (939228)
[2024.08.29-17.00.39:097][  9]LogCFCore: Mod valid: Dino+ (Nanny, Hatchey) (937546)
[2024.08.29-17.00.39:097][  9]LogCFCore: Mod valid: Ammo Box Ascended (967856)
[2024.08.29-17.00.39:097][  9]LogCFCore: Mod valid: PVP Scoreboard (931903)
[2024.08.29-17.00.39:097][  9]LogCFCore: Mod valid: Solo Farm Mod (928501)
[2024.08.29-17.00.39:097][  9]LogCFCore: Mod valid: Pull It! (940022)
[2024.08.29-17.00.39:097][  9]LogCFCore: Mod valid: Resonant's Shop Mod (936660)
[2024.08.29-17.00.39:097][  9]LogCFCore: Mod valid: Pelayori's Cryo Storage (Crossplay!) (928793)
[2024.08.29-17.00.39:097][  9]LogCFCore: Mod valid: Automated Dino Wipes (947733)
[2024.08.29-17.00.39:097][  9]LogCFCore: Mod valid: Ez's Engram Unlocker (PC/Xbox/PS) (929912)
[2024.08.29-17.00.39:097][  9]LogCFCore: Mod valid: Super Spyglass Plus (929420)
[2024.08.29-17.00.39:097][  9]LogCFCore: Mod valid: ARKomatic (939055)
[2024.08.29-17.00.39:097][  9]LogCFCore: Mod valid: TG Stacking Mod 10000-90 (929110)
[2024.08.29-17.00.39:097][  9]LogCFCore: Mod valid: ASA-Bot Companion (936882)
[2024.08.29-17.00.39:238][ 10]UShooterEngine::LoadGameMods with 19 mods
[2024.08.29-17.00.39:238][ 10]UShooterEngine::LoadGameMods Loading Mod ShooterGame/Mods/83374/929420_5509935/SuperSpyglassPlus/Content/PrimalGameData_BP_SSP_Kav.uasset : 929420
[2024.08.29-17.00.39:866][ 10]UShooterEngine::LoadGameMods Using mod asset Package /SuperSpyglassPlus/PrimalGameData_BP_SSP_Kav as PrimalGameDataOverride.
[2024.08.29-17.00.39:867][ 10]UShooterEngine::LoadGameMods Loading Mod ShooterGame/Mods/83374/928621_4856794/UtilsPlus/Content/PrimalGameData_BP_UtilPlus.uasset : 928621
[2024.08.29-17.00.39:885][ 10]UShooterEngine::LoadGameMods Merging mod asset Package /UtilsPlus/PrimalGameData_BP_UtilPlus with PrimalGameDataOverride.
[2024.08.29-17.00.39:886][ 10]UShooterEngine::LoadGameMods Loading Mod ShooterGame/Mods/83374/928708_4894074/LevelTestingMod/Content/PrimalGameData_BP_LevelTesting.uasset : 928708
[2024.08.29-17.00.40:199][ 10]UShooterEngine::LoadGameMods Merging mod asset Package /LevelTestingMod/PrimalGameData_BP_LevelTesting with PrimalGameDataOverride.
[2024.08.29-17.00.40:199][ 10]UShooterEngine::LoadGameMods Loading Mod ShooterGame/Mods/83374/928501_5509903/SoloFarmMod/Content/PrimalGameData_BP_SoloFarmMod.uasset : 928501
[2024.08.29-17.00.40:215][ 10]UShooterEngine::LoadGameMods Merging mod asset Package /SoloFarmMod/PrimalGameData_BP_SoloFarmMod with PrimalGameDataOverride.
[2024.08.29-17.00.40:215][ 10]UShooterEngine::LoadGameMods Loading Mod ShooterGame/Mods/83374/939055_5639286/ARKomatic/Content/PrimalGameData_BP_ARKomatic.uasset : 939055
[2024.08.29-17.00.40:231][ 10]UShooterEngine::LoadGameMods Merging mod asset Package /ARKomatic/PrimalGameData_BP_ARKomatic with PrimalGameDataOverride.
[2024.08.29-17.00.40:231][ 10]UShooterEngine::LoadGameMods Loading Mod ShooterGame/Mods/83374/929110_5569237/TG_Stack_10000_90/Content/PrimalGameData_TG_Stack_10000_90.uasset : 929110
[2024.08.29-17.00.40:248][ 10]UShooterEngine::LoadGameMods Merging mod asset Package /TG_Stack_10000_90/PrimalGameData_TG_Stack_10000_90 with PrimalGameDataOverride.
[2024.08.29-17.00.40:249][ 10]UShooterEngine::LoadGameMods Loading Mod ShooterGame/Mods/83374/939228_5078487/QoLPlus/Content/PrimalGameData_QoLPlus.uasset : 939228
[2024.08.29-17.00.40:363][ 10]UShooterEngine::LoadGameMods Merging mod asset Package /QoLPlus/PrimalGameData_QoLPlus with PrimalGameDataOverride.
[2024.08.29-17.00.40:364][ 10]UShooterEngine::LoadGameMods Loading Mod ShooterGame/Mods/83374/933872_5330183/CliffPlatforms/Content/PrimalGameData_BP_Cliffplatforms.uasset : 933872
[2024.08.29-17.00.40:387][ 10]UShooterEngine::LoadGameMods Merging mod asset Package /CliffPlatforms/PrimalGameData_BP_Cliffplatforms with PrimalGameDataOverride.
[2024.08.29-17.00.40:387][ 10]UShooterEngine::LoadGameMods Loading Mod ShooterGame/Mods/83374/947733_5521328/AutomatedDinoWipes/Content/PrimalGameData_BP_AutomatedDinoWipes.uasset : 947733
[2024.08.29-17.00.40:418][ 10]UShooterEngine::LoadGameMods Merging mod asset Package /AutomatedDinoWipes/PrimalGameData_BP_AutomatedDinoWipes with PrimalGameDataOverride.
[2024.08.29-17.00.40:418][ 10]UShooterEngine::LoadGameMods Loading Mod ShooterGame/Mods/83374/929912_5669096/EzEngramUnlocker/Content/PrimalGameData_BP_EzEngramUnlocker.uasset : 929912
[2024.08.29-17.00.40:434][ 10]UShooterEngine::LoadGameMods Merging mod asset Package /EzEngramUnlocker/PrimalGameData_BP_EzEngramUnlocker with PrimalGameDataOverride.
[2024.08.29-17.00.40:435][ 10]UShooterEngine::LoadGameMods Loading Mod ShooterGame/Mods/83374/940022_5102443/PullIt/Content/PrimalGameData_BP_PullIt.uasset : 940022
[2024.08.29-17.00.40:460][ 10]UShooterEngine::LoadGameMods Merging mod asset Package /PullIt/PrimalGameData_BP_PullIt with PrimalGameDataOverride.
[2024.08.29-17.00.40:460][ 10]UShooterEngine::LoadGameMods Loading Mod ShooterGame/Mods/83374/936660_5568098/ShopMod/Content/PrimalGameData_BP_BlankMod.uasset : 936660
[2024.08.29-17.00.42:531][ 10]UShooterEngine::LoadGameMods Merging mod asset Package /ShopMod/PrimalGameData_BP_BlankMod with PrimalGameDataOverride.
[2024.08.29-17.00.42:531][ 10]UShooterEngine::LoadGameMods Loading Mod ShooterGame/Mods/83374/931903_5036004/PVPScoreboard/Content/PrimalGameData_BP_PVPScoreboard.uasset : 931903
[2024.08.29-17.00.42:557][ 10]UShooterEngine::LoadGameMods Merging mod asset Package /PVPScoreboard/PrimalGameData_BP_PVPScoreboard with PrimalGameDataOverride.
[2024.08.29-17.00.42:557][ 10]UShooterEngine::LoadGameMods Loading Mod ShooterGame/Mods/83374/967856_5238619/AmmoBoxAscended/Content/PrimalGameData_BP_AmmoBoxAscended.uasset : 967856
[2024.08.29-17.00.42:572][ 10]UShooterEngine::LoadGameMods Merging mod asset Package /AmmoBoxAscended/PrimalGameData_BP_AmmoBoxAscended with PrimalGameDataOverride.
[2024.08.29-17.00.42:572][ 10]UShooterEngine::LoadGameMods Loading Mod ShooterGame/Mods/83374/928793_5622484/Cryopods/Content/PrimalGameData_BP_Cryopods.uasset : 928793
[2024.08.29-17.00.42:613][ 10]UShooterEngine::LoadGameMods Merging mod asset Package /Cryopods/PrimalGameData_BP_Cryopods with PrimalGameDataOverride.
[2024.08.29-17.00.42:613][ 10]UShooterEngine::LoadGameMods Loading Mod ShooterGame/Mods/83374/937546_4928343/DPlusMod/Content/PrimalGameData_BP_DPlusMod.uasset : 937546
[2024.08.29-17.00.42:634][ 10]UShooterEngine::LoadGameMods Merging mod asset Package /DPlusMod/PrimalGameData_BP_DPlusMod with PrimalGameDataOverride.
[2024.08.29-17.00.42:634][ 10]UShooterEngine::LoadGameMods Loading Mod ShooterGame/Mods/83374/980463_5142852/EOSIDHelper/Content/PrimalGameData_BP_EOSIDHelper.uasset : 980463
[2024.08.29-17.00.42:651][ 10]UShooterEngine::LoadGameMods Merging mod asset Package /EOSIDHelper/PrimalGameData_BP_EOSIDHelper with PrimalGameDataOverride.
[2024.08.29-17.00.42:651][ 10]UShooterEngine::LoadGameMods Loading Mod ShooterGame/Mods/83374/929521_5238433/maewings/Content/PrimalGameData_BP_Maewings.uasset : 929521
[2024.08.29-17.00.42:668][ 10]UShooterEngine::LoadGameMods Merging mod asset Package /maewings/PrimalGameData_BP_Maewings with PrimalGameDataOverride.
[2024.08.29-17.00.42:669][ 10]UShooterEngine::LoadGameMods Loading Mod ShooterGame/Mods/83374/936882_5662285/ASA-Bot-Companion/Content/PrimalGameData_BP_ASABot.uasset : 936882
[2024.08.29-17.00.42:691][ 10]UShooterEngine::LoadGameMods Merging mod asset Package /ASA-Bot-Companion/PrimalGameData_BP_ASABot with PrimalGameDataOverride.
[2024.08.29-17.00.42:691][ 10]Initialize Primal Game Data Override.
[2024.08.29-17.00.42:704][ 10]Added Explorer Note Entry: DEARJANE_EXP_NOTE_1
[2024.08.29-17.00.42:705][ 10]Added Explorer Note Entry: DEARJANE_EXP_NOTE_2
[2024.08.29-17.00.42:705][ 10]Added Explorer Note Entry: DEARJANE_EXP_NOTE_3
[2024.08.29-17.00.42:705][ 10]Added Explorer Note Entry: DEARJANE_EXP_NOTE_4
[2024.08.29-17.00.42:705][ 10]Added Explorer Note Entry: DEARJANE_EXP_NOTE_5
[2024.08.29-17.00.42:705][ 10]Added Explorer Note Entry: DEARJANE_EXP_NOTE_6
[2024.08.29-17.00.42:705][ 10]Added Explorer Note Entry: DEARJANE_EXP_NOTE_7
[2024.08.29-17.00.42:707][ 10]Primal Game Data Took 0.00 seconds
[2024.08.29-17.00.42:713][ 10]Added Explorer Note Entry: DEARJANE_EXP_NOTE_1
[2024.08.29-17.00.42:713][ 10]Added Explorer Note Entry: DEARJANE_EXP_NOTE_2
[2024.08.29-17.00.42:713][ 10]Added Explorer Note Entry: DEARJANE_EXP_NOTE_3
[2024.08.29-17.00.42:713][ 10]Added Explorer Note Entry: DEARJANE_EXP_NOTE_4
[2024.08.29-17.00.42:713][ 10]Added Explorer Note Entry: DEARJANE_EXP_NOTE_5
[2024.08.29-17.00.42:713][ 10]Added Explorer Note Entry: DEARJANE_EXP_NOTE_6
[2024.08.29-17.00.42:713][ 10]Added Explorer Note Entry: DEARJANE_EXP_NOTE_7
[2024.08.29-17.00.43:211][ 10]Server Initializing with BattlEye Anti-Cheat Protection. If you do not wish to use BattlEye, please launch with -NoBattlEye
[2024.08.29-17.00.43:216][ 10]BattlEye successfully started.
[2024.08.29-17.01.27:674][ 10]2024.08.29_17.01.27: [CCA_ASABot_C_2147186023] Loading INI Settings
[2024.08.29-17.01.27:688][ 10]2024.08.29_17.01.27: Version 2.1.0 --- CF Revision 117 --- Build Date Jul 8, 2024, 11:50:00 AM
[2024.08.29-17.01.30:666][ 10][Pelayori's Cryo Storage] Server mod version: 54
[2024.08.29-17.01.30:668][ 10]ADW_Version_v0.15
[2024.08.29-17.01.30:668][ 10]ADW_Begin (UTC Time Now = 17:01)
[2024.08.29-17.01.57:494][ 10]Server: "8/29 [US](TI1) nARKotic 20x/4man/shop/kits/boosted" has successfully started!
[2024.08.29-17.02.07:949][ 10]Commandline:  TheIsland_WP?listen?Port=27020 -servergamelog -servergamelogincludetribelogs -ServerRCONOutputTribeLogs -Mods=929420,928621,928708,928501,939055,929110,939228,933872,947733,929912,940022,936660,931903,967856,928793,937546,980463,929521,936882
[2024.08.29-17.02.07:949][ 10]Full Startup: 90.45 seconds
[2024.08.29-17.02.07:949][ 10]Number of cores 28
[2024.08.29-17.05.43:786][286]2024.08.29_17.05.43: Saving world...
[2024.08.29-17.05.43:793][286]2024.08.29_17.05.43: World Save Complete. Took: 0.599648
[2024.08.29-17.10.43:773][347]2024.08.29_17.10.43: Saving world...
[2024.08.29-17.10.43:778][347]2024.08.29_17.10.43: World Save Complete. Took: 0.579213
[2024.08.29-17.12.14:742][100]FNetGUIDCache::PeriodicCleanAndCompact:   0.03ms total time [  0.01ms CleanReferences() and   0.02ms compacting]; ObjectLookup.Num()=0 [0 removed]; NetGUIDLookup.Num()=0 [0 removed]
[2024.08.29-17.15.43:762][406]2024.08.29_17.15.43: Saving world...
[2024.08.29-17.15.43:765][406]2024.08.29_17.15.43: World Save Complete. Took: 0.557205
