[2024.08.29-13.52.23:677][  0]Log file open, 08/29/24 15:52:23
[2024.08.29-13.52.23:677][  0]LogMemory: Platform Memory Stats for WindowsServer
[2024.08.29-13.52.23:677][  0]LogMemory: Process Physical Memory: 269.51 MB used, 269.51 MB peak
[2024.08.29-13.52.23:677][  0]LogMemory: Process Virtual Memory: 297.29 MB used, 297.29 MB peak
[2024.08.29-13.52.23:677][  0]LogMemory: Physical Memory: 3303.58 MB used,  29368.87 MB free, 32672.45 MB total
[2024.08.29-13.52.23:677][  0]LogMemory: Virtual Memory: 7562.66 MB used,  30229.79 MB free, 37792.45 MB total
[2024.08.29-13.52.24:173][  0]11

[2024.08.29-13.52.24:183][  0]ARK Version: 51.23
[2024.08.29-13.52.24:466][  0]LogCFCore: SetSettings called:
{
	"defaultLanguage": "en",
	"gameId": 83374,
	"apiKey": "*****1aZe",
	"maxConcurrentInstallations": 3,
	"modsDirectory": "ShooterGame/Mods",
	"modsDirectoryMode": "CFCore",
	"userDataDirectory": "ShooterGame/ModsUserData",
	"isServer": true,
	"isServerPcOnly": false,
	"throttling":
	{
		"diskWriteBytesPerSec": 0
	},
	"premiumMods":
	{
		"publicKeyPem": "*****"
	},
	"logger":
	{
		"enabled": true,
		"history": 8,
		"maxSizeInMB": 2
	},
	"dynamicContentCategoryIds": [ 6844 ]
}
[2024.08.29-13.52.24:466][  0]LogCFCore: InternalSettings called:
{
	"apiBaseUrl": "https://api.curseforge.com",
	"chunkedUploadServerUrl": "https://chunk-uploads.curseforge.com",
	"analyticsUrl": "https://analyticsnew.overwolf.com/analytics/Counter",
	"userAgent": "cfcore.ue 1.0.99",
	"platform": "windows",
	"pluginVersion": "1.0.99",
	"httpFileDownloadTimeoutSecs": 1200
}
[2024.08.29-13.52.24:466][  0]LogCFCore: Warning: Couldn't load mods library from disk
[2024.08.29-13.52.24:467][  0]LogCFCore: User context not loaded from disk
[2024.08.29-13.52.34:480][294]LogCFCore: Error: Error querying server mods: ApiError: Failed (serverUnreachable)
[2024.08.29-13.52.36:333][295]LogMemory: Platform Memory Stats for WindowsServer
[2024.08.29-13.52.36:333][295]LogMemory: Process Physical Memory: 849.16 MB used, 849.68 MB peak
[2024.08.29-13.52.36:333][295]LogMemory: Process Virtual Memory: 863.05 MB used, 863.69 MB peak
[2024.08.29-13.52.36:333][295]LogMemory: Physical Memory: 3888.86 MB used,  28783.59 MB free, 32672.45 MB total
[2024.08.29-13.52.36:333][295]LogMemory: Virtual Memory: 8132.18 MB used,  29660.27 MB free, 37792.45 MB total
