[2024.09.06-17.52.10:802][  0]Log file open, 09/06/24 19:52:10
[2024.09.06-17.52.10:803][  0]LogMemory: Platform Memory Stats for WindowsServer
[2024.09.06-17.52.10:803][  0]LogMemory: Process Physical Memory: 258.88 MB used, 287.43 MB peak
[2024.09.06-17.52.10:803][  0]LogMemory: Process Virtual Memory: 263.16 MB used, 263.16 MB peak
[2024.09.06-17.52.10:803][  0]LogMemory: Physical Memory: 6215.23 MB used,  26457.21 MB free, 32672.45 MB total
[2024.09.06-17.52.10:803][  0]LogMemory: Virtual Memory: 10311.85 MB used,  27480.59 MB free, 37792.45 MB total
[2024.09.06-17.52.12:033][  0]11

[2024.09.06-17.52.12:099][  0]ARK Version: 52.5
[2024.09.06-17.52.12:427][  0]LogCFCore: SetSettings called:
{
	"defaultLanguage": "en",
	"gameId": 83374,
	"apiKey": "*****1aZe",
	"maxConcurrentInstallations": 3,
	"modsDirectory": "ShooterGame/Mods",
	"modsDirectoryMode": "CFCore",
	"userDataDirectory": "ShooterGame/ModsUserData",
	"isServer": true,
	"isServerPcOnly": false,
	"throttling":
	{
		"diskWriteBytesPerSec": 0
	},
	"premiumMods":
	{
		"publicKeyPem": "*****"
	},
	"logger":
	{
		"enabled": true,
		"history": 8,
		"maxSizeInMB": 2
	},
	"dynamicContentCategoryIds": [ 6844 ]
}
[2024.09.06-17.52.12:428][  0]LogCFCore: InternalSettings called:
{
	"apiBaseUrl": "https://api.curseforge.com",
	"chunkedUploadServerUrl": "https://chunk-uploads.curseforge.com",
	"analyticsUrl": "https://analyticsnew.overwolf.com/analytics/Counter",
	"userAgent": "cfcore.ue 1.0.99",
	"platform": "windows",
	"pluginVersion": "1.0.99",
	"httpFileDownloadTimeoutSecs": 1200
}
[2024.09.06-17.52.12:474][  0]LogCFCore: User context not loaded from disk
[2024.09.06-17.52.12:792][  9]LogCFCore: Query server result: 21 mods
[2024.09.06-17.52.12:828][ 10]LogCFCore: No need to update existing mod: EOS ID Helper (CrossPlay) (980463)
[2024.09.06-17.52.12:828][ 10]LogCFCore: No need to update existing mod: maewings (929521)
[2024.09.06-17.52.12:828][ 10]LogCFCore: No need to update existing mod: Pull It! (940022)
[2024.09.06-17.52.12:828][ 10]LogCFCore: No need to update existing mod: Ammo Box Ascended (967856)
[2024.09.06-17.52.12:828][ 10]LogCFCore: No need to update existing mod: PVP Scoreboard (931903)
[2024.09.06-17.52.12:828][ 10]LogCFCore: No need to update existing mod: Solo Farm Mod (928501)
[2024.09.06-17.52.12:828][ 10]LogCFCore: No need to update existing mod: CliffPlatforms (933872)
[2024.09.06-17.52.12:828][ 10]LogCFCore: No need to update existing mod: Custom Dino Levels (928708)
[2024.09.06-17.52.12:828][ 10]LogCFCore: No need to update existing mod: Utilities Plus (928621)
[2024.09.06-17.52.12:828][ 10]LogCFCore: No need to update existing mod: QoL+ (939228)
[2024.09.06-17.52.12:828][ 10]LogCFCore: No need to update existing mod: Dino+ (Nanny, Hatchey) (937546)
[2024.09.06-17.52.12:828][ 10]LogCFCore: No need to update existing mod: Resonant's Shop Mod (936660)
[2024.09.06-17.52.12:828][ 10]LogCFCore: No need to update existing mod: Super Spyglass Plus (929420)
[2024.09.06-17.52.12:828][ 10]LogCFCore: No need to update existing mod: WBUI2 (931119)
[2024.09.06-17.52.12:828][ 10]LogCFCore: No need to update existing mod: Ez's Engram Unlocker (PC/Xbox/PS) (929912)
[2024.09.06-17.52.12:828][ 10]LogCFCore: No need to update existing mod: TG Stacking Mod 10000-90 (929110)
[2024.09.06-17.52.12:828][ 10]LogCFCore: No need to update existing mod: Admin Panel (929868)
[2024.09.06-17.52.12:828][ 10]LogCFCore: No need to update existing mod: ARKomatic (939055)
[2024.09.06-17.52.12:828][ 10]LogCFCore: No need to update existing mod: Automated Dino Wipes (947733)
[2024.09.06-17.52.12:828][ 10]LogCFCore: No need to update existing mod: ASA-Bot Companion (936882)
[2024.09.06-17.52.12:828][ 10]LogCFCore: No need to update existing mod: Pelayori's Cryo Storage (Crossplay!) (928793)
[2024.09.06-17.52.12:829][ 10]LogCFCore: Mod valid: EOS ID Helper (CrossPlay) (980463)
[2024.09.06-17.52.12:829][ 10]LogCFCore: Mod valid: maewings (929521)
[2024.09.06-17.52.12:829][ 10]LogCFCore: Mod valid: Pull It! (940022)
[2024.09.06-17.52.12:829][ 10]LogCFCore: Mod valid: Ammo Box Ascended (967856)
[2024.09.06-17.52.12:829][ 10]LogCFCore: Mod valid: PVP Scoreboard (931903)
[2024.09.06-17.52.12:829][ 10]LogCFCore: Mod valid: Solo Farm Mod (928501)
[2024.09.06-17.52.12:829][ 10]LogCFCore: Mod valid: CliffPlatforms (933872)
[2024.09.06-17.52.12:829][ 10]LogCFCore: Mod valid: Custom Dino Levels (928708)
[2024.09.06-17.52.12:829][ 10]LogCFCore: Mod valid: Utilities Plus (928621)
[2024.09.06-17.52.12:829][ 10]LogCFCore: Mod valid: QoL+ (939228)
[2024.09.06-17.52.12:829][ 10]LogCFCore: Mod valid: Dino+ (Nanny, Hatchey) (937546)
[2024.09.06-17.52.12:829][ 10]LogCFCore: Mod valid: Resonant's Shop Mod (936660)
[2024.09.06-17.52.12:829][ 10]LogCFCore: Mod valid: Super Spyglass Plus (929420)
[2024.09.06-17.52.12:829][ 10]LogCFCore: Mod valid: WBUI2 (931119)
[2024.09.06-17.52.12:829][ 10]LogCFCore: Mod valid: Ez's Engram Unlocker (PC/Xbox/PS) (929912)
[2024.09.06-17.52.12:829][ 10]LogCFCore: Mod valid: TG Stacking Mod 10000-90 (929110)
[2024.09.06-17.52.12:829][ 10]LogCFCore: Mod valid: Admin Panel (929868)
[2024.09.06-17.52.12:829][ 10]LogCFCore: Mod valid: ARKomatic (939055)
[2024.09.06-17.52.12:829][ 10]LogCFCore: Mod valid: Automated Dino Wipes (947733)
[2024.09.06-17.52.12:829][ 10]LogCFCore: Mod valid: ASA-Bot Companion (936882)
[2024.09.06-17.52.12:829][ 10]LogCFCore: Mod valid: Pelayori's Cryo Storage (Crossplay!) (928793)
[2024.09.06-17.52.13:572][ 11]UShooterEngine::LoadGameMods with 21 mods
[2024.09.06-17.52.13:572][ 11]UShooterEngine::LoadGameMods Loading Mod ShooterGame/Mods/83374/929420_5509935/SuperSpyglassPlus/Content/PrimalGameData_BP_SSP_Kav.uasset : 929420
[2024.09.06-17.52.14:266][ 11]UShooterEngine::LoadGameMods Using mod asset Package /SuperSpyglassPlus/PrimalGameData_BP_SSP_Kav as PrimalGameDataOverride.
[2024.09.06-17.52.14:266][ 11]UShooterEngine::LoadGameMods Loading Mod ShooterGame/Mods/83374/928621_4856794/UtilsPlus/Content/PrimalGameData_BP_UtilPlus.uasset : 928621
[2024.09.06-17.52.14:283][ 11]UShooterEngine::LoadGameMods Merging mod asset Package /UtilsPlus/PrimalGameData_BP_UtilPlus with PrimalGameDataOverride.
[2024.09.06-17.52.14:285][ 11]UShooterEngine::LoadGameMods Loading Mod ShooterGame/Mods/83374/928708_4894074/LevelTestingMod/Content/PrimalGameData_BP_LevelTesting.uasset : 928708
[2024.09.06-17.52.14:754][ 11]UShooterEngine::LoadGameMods Merging mod asset Package /LevelTestingMod/PrimalGameData_BP_LevelTesting with PrimalGameDataOverride.
[2024.09.06-17.52.14:754][ 11]UShooterEngine::LoadGameMods Loading Mod ShooterGame/Mods/83374/928501_5509903/SoloFarmMod/Content/PrimalGameData_BP_SoloFarmMod.uasset : 928501
[2024.09.06-17.52.14:782][ 11]UShooterEngine::LoadGameMods Merging mod asset Package /SoloFarmMod/PrimalGameData_BP_SoloFarmMod with PrimalGameDataOverride.
[2024.09.06-17.52.14:782][ 11]UShooterEngine::LoadGameMods Loading Mod ShooterGame/Mods/83374/939055_5639286/ARKomatic/Content/PrimalGameData_BP_ARKomatic.uasset : 939055
[2024.09.06-17.52.14:802][ 11]UShooterEngine::LoadGameMods Merging mod asset Package /ARKomatic/PrimalGameData_BP_ARKomatic with PrimalGameDataOverride.
[2024.09.06-17.52.14:803][ 11]UShooterEngine::LoadGameMods Loading Mod ShooterGame/Mods/83374/929110_5696086/TG_Stack_10000_90/Content/PrimalGameData_TG_Stack_10000_90.uasset : 929110
[2024.09.06-17.52.14:822][ 11]UShooterEngine::LoadGameMods Merging mod asset Package /TG_Stack_10000_90/PrimalGameData_TG_Stack_10000_90 with PrimalGameDataOverride.
[2024.09.06-17.52.14:822][ 11]UShooterEngine::LoadGameMods Loading Mod ShooterGame/Mods/83374/939228_5078487/QoLPlus/Content/PrimalGameData_QoLPlus.uasset : 939228
[2024.09.06-17.52.14:951][ 11]UShooterEngine::LoadGameMods Merging mod asset Package /QoLPlus/PrimalGameData_QoLPlus with PrimalGameDataOverride.
[2024.09.06-17.52.14:951][ 11]UShooterEngine::LoadGameMods Loading Mod ShooterGame/Mods/83374/933872_5330183/CliffPlatforms/Content/PrimalGameData_BP_Cliffplatforms.uasset : 933872
[2024.09.06-17.52.14:967][ 11]UShooterEngine::LoadGameMods Merging mod asset Package /CliffPlatforms/PrimalGameData_BP_Cliffplatforms with PrimalGameDataOverride.
[2024.09.06-17.52.14:968][ 11]UShooterEngine::LoadGameMods Loading Mod ShooterGame/Mods/83374/947733_5521328/AutomatedDinoWipes/Content/PrimalGameData_BP_AutomatedDinoWipes.uasset : 947733
[2024.09.06-17.52.15:006][ 11]UShooterEngine::LoadGameMods Merging mod asset Package /AutomatedDinoWipes/PrimalGameData_BP_AutomatedDinoWipes with PrimalGameDataOverride.
[2024.09.06-17.52.15:006][ 11]UShooterEngine::LoadGameMods Loading Mod ShooterGame/Mods/83374/929912_5669096/EzEngramUnlocker/Content/PrimalGameData_BP_EzEngramUnlocker.uasset : 929912
[2024.09.06-17.52.15:030][ 11]UShooterEngine::LoadGameMods Merging mod asset Package /EzEngramUnlocker/PrimalGameData_BP_EzEngramUnlocker with PrimalGameDataOverride.
[2024.09.06-17.52.15:030][ 11]UShooterEngine::LoadGameMods Loading Mod ShooterGame/Mods/83374/940022_5102443/PullIt/Content/PrimalGameData_BP_PullIt.uasset : 940022
[2024.09.06-17.52.15:058][ 11]UShooterEngine::LoadGameMods Merging mod asset Package /PullIt/PrimalGameData_BP_PullIt with PrimalGameDataOverride.
[2024.09.06-17.52.15:058][ 11]UShooterEngine::LoadGameMods Loading Mod ShooterGame/Mods/83374/936660_5568098/ShopMod/Content/PrimalGameData_BP_BlankMod.uasset : 936660
[2024.09.06-17.52.16:968][ 11]UShooterEngine::LoadGameMods Merging mod asset Package /ShopMod/PrimalGameData_BP_BlankMod with PrimalGameDataOverride.
[2024.09.06-17.52.16:968][ 11]UShooterEngine::LoadGameMods Loading Mod ShooterGame/Mods/83374/931903_5036004/PVPScoreboard/Content/PrimalGameData_BP_PVPScoreboard.uasset : 931903
[2024.09.06-17.52.16:992][ 11]UShooterEngine::LoadGameMods Merging mod asset Package /PVPScoreboard/PrimalGameData_BP_PVPScoreboard with PrimalGameDataOverride.
[2024.09.06-17.52.16:992][ 11]UShooterEngine::LoadGameMods Loading Mod ShooterGame/Mods/83374/967856_5238619/AmmoBoxAscended/Content/PrimalGameData_BP_AmmoBoxAscended.uasset : 967856
[2024.09.06-17.52.17:007][ 11]UShooterEngine::LoadGameMods Merging mod asset Package /AmmoBoxAscended/PrimalGameData_BP_AmmoBoxAscended with PrimalGameDataOverride.
[2024.09.06-17.52.17:008][ 11]UShooterEngine::LoadGameMods Loading Mod ShooterGame/Mods/83374/928793_5622484/Cryopods/Content/PrimalGameData_BP_Cryopods.uasset : 928793
[2024.09.06-17.52.17:048][ 11]UShooterEngine::LoadGameMods Merging mod asset Package /Cryopods/PrimalGameData_BP_Cryopods with PrimalGameDataOverride.
[2024.09.06-17.52.17:048][ 11]UShooterEngine::LoadGameMods Loading Mod ShooterGame/Mods/83374/937546_4928343/DPlusMod/Content/PrimalGameData_BP_DPlusMod.uasset : 937546
[2024.09.06-17.52.17:065][ 11]UShooterEngine::LoadGameMods Merging mod asset Package /DPlusMod/PrimalGameData_BP_DPlusMod with PrimalGameDataOverride.
[2024.09.06-17.52.17:066][ 11]UShooterEngine::LoadGameMods Loading Mod ShooterGame/Mods/83374/980463_5142852/EOSIDHelper/Content/PrimalGameData_BP_EOSIDHelper.uasset : 980463
[2024.09.06-17.52.17:083][ 11]UShooterEngine::LoadGameMods Merging mod asset Package /EOSIDHelper/PrimalGameData_BP_EOSIDHelper with PrimalGameDataOverride.
[2024.09.06-17.52.17:084][ 11]UShooterEngine::LoadGameMods Loading Mod ShooterGame/Mods/83374/929521_5238433/maewings/Content/PrimalGameData_BP_Maewings.uasset : 929521
[2024.09.06-17.52.17:105][ 11]UShooterEngine::LoadGameMods Merging mod asset Package /maewings/PrimalGameData_BP_Maewings with PrimalGameDataOverride.
[2024.09.06-17.52.17:105][ 11]UShooterEngine::LoadGameMods Loading Mod ShooterGame/Mods/83374/936882_5662285/ASA-Bot-Companion/Content/PrimalGameData_BP_ASABot.uasset : 936882
[2024.09.06-17.52.17:129][ 11]UShooterEngine::LoadGameMods Merging mod asset Package /ASA-Bot-Companion/PrimalGameData_BP_ASABot with PrimalGameDataOverride.
[2024.09.06-17.52.17:129][ 11]UShooterEngine::LoadGameMods Loading Mod ShooterGame/Mods/83374/929868_5696131/AdminPanel/Content/PrimalGameData_BP_AdminPanel.uasset : 929868
[2024.09.06-17.52.17:212][ 11]UShooterEngine::LoadGameMods Merging mod asset Package /AdminPanel/PrimalGameData_BP_AdminPanel with PrimalGameDataOverride.
[2024.09.06-17.52.17:212][ 11]UShooterEngine::LoadGameMods Loading Mod ShooterGame/Mods/83374/931119_5531437/WBUI2/Content/PrimalGameData_BP_WBUI.uasset : 931119
[2024.09.06-17.52.17:258][ 11]UShooterEngine::LoadGameMods Merging mod asset Package /WBUI2/PrimalGameData_BP_WBUI with PrimalGameDataOverride.
[2024.09.06-17.52.17:258][ 11]Initialize Primal Game Data Override.
[2024.09.06-17.52.17:280][ 11]Added Explorer Note Entry: DEARJANE_EXP_NOTE_1
[2024.09.06-17.52.17:280][ 11]Added Explorer Note Entry: DEARJANE_EXP_NOTE_2
[2024.09.06-17.52.17:280][ 11]Added Explorer Note Entry: DEARJANE_EXP_NOTE_3
[2024.09.06-17.52.17:280][ 11]Added Explorer Note Entry: DEARJANE_EXP_NOTE_4
[2024.09.06-17.52.17:280][ 11]Added Explorer Note Entry: DEARJANE_EXP_NOTE_5
[2024.09.06-17.52.17:280][ 11]Added Explorer Note Entry: DEARJANE_EXP_NOTE_6
[2024.09.06-17.52.17:280][ 11]Added Explorer Note Entry: DEARJANE_EXP_NOTE_7
[2024.09.06-17.52.17:283][ 11]Primal Game Data Took 0.00 seconds
[2024.09.06-17.52.17:287][ 11]Added Explorer Note Entry: DEARJANE_EXP_NOTE_1
[2024.09.06-17.52.17:287][ 11]Added Explorer Note Entry: DEARJANE_EXP_NOTE_2
[2024.09.06-17.52.17:287][ 11]Added Explorer Note Entry: DEARJANE_EXP_NOTE_3
[2024.09.06-17.52.17:287][ 11]Added Explorer Note Entry: DEARJANE_EXP_NOTE_4
[2024.09.06-17.52.17:287][ 11]Added Explorer Note Entry: DEARJANE_EXP_NOTE_5
[2024.09.06-17.52.17:287][ 11]Added Explorer Note Entry: DEARJANE_EXP_NOTE_6
[2024.09.06-17.52.17:287][ 11]Added Explorer Note Entry: DEARJANE_EXP_NOTE_7
[2024.09.06-17.52.17:912][ 11]Server Initializing with BattlEye Anti-Cheat Protection. If you do not wish to use BattlEye, please launch with -NoBattlEye
[2024.09.06-17.52.17:971][ 11]BattlEye successfully started.
[2024.09.06-17.52.37:171][ 11]2024.09.06_17.52.37: [CCA_ASABot_C_2147476376] Loading INI Settings
[2024.09.06-17.52.37:188][ 11]2024.09.06_17.52.37: Version 2.1.0 --- CF Revision 117 --- Build Date Jul 8, 2024, 11:50:00 AM
[2024.09.06-17.53.03:739][ 11][Pelayori's Cryo Storage] Server mod version: 54
[2024.09.06-17.53.03:739][ 11]ADW_Version_v0.15
[2024.09.06-17.53.03:739][ 11]ADW_Begin (UTC Time Now = 17:53)
[2024.09.06-17.53.03:739][ 11]Admin Panel Active
[2024.09.06-17.53.03:739][ 11]Admin Panel Version:56
[2024.09.06-17.53.35:610][ 11]Server: "9/6 [NA](AB1) nARKotic 20x/4man/shop/kits/boosted" has successfully started!
[2024.09.06-17.53.45:596][ 11]Commandline:  Aberration_WP?listen?Port=27020 -servergamelog -servergamelogincludetribelogs -ServerRCONOutputTribeLogs -Mods=929420,928621,928708,928501,939055,929110,939228,933872,947733,929912,940022,936660,931903,967856,928793,937546,980463,929521,936882,929868,931119
[2024.09.06-17.53.45:596][ 11]Full Startup: 95.94 seconds
[2024.09.06-17.53.45:596][ 11]Number of cores 28
[2024.09.06-17.53.48:645][ 14]2024.09.06_17.53.48: [WBUI] [CCA] [Version] Up to Date: v1.22
[2024.09.06-17.53.48:650][ 14]2024.09.06_17.53.48: [WBUI] [CCA] [INI-Setting] JsonURL= 
[2024.09.06-17.53.48:662][ 14]2024.09.06_17.53.48: [WBUI] [CCA] [INI-Settings] JsonURL empty. Settings Default: "https://raw.githubusercontent.com/DC-Modding/WBUI2-Wiki/main/default.json"
[2024.09.06-17.53.48:674][ 14]2024.09.06_17.53.48: [WBUI] [CCA] [Json] No Errors, Valid WBUI2 Json
[2024.09.06-17.53.48:684][ 14]2024.09.06_17.53.48: [WBUI] [CCA]  Updated Settings
[2024.09.06-17.53.49:184][ 24]IP for incoming account 00021a6a49b34eebbaa54a8f40929a34 - IP 88.17.85.55
[2024.09.06-17.53.49:262][ 26]IP for incoming account 0002c6ea0a8d4d98a0e229110d46577a - IP 83.49.12.223
[2024.09.06-17.53.55:223][161]2024.09.06_17.53.55: Hugo_ai10 [UniqueNetId:0002c6ea0a8d4d98a0e229110d46577a Platform:None] joined this ARK!
[2024.09.06-17.53.55:821][174]UNetConnection::UpdateLevelVisibilityInternal: ERROR! Missing level package /Game/Maps/Aberration/Aberration_WP/_Generated_/Aberration_WP_MainGrid_L8_X0_Y0_DL1283C98C,/Game/Maps/Aberration/Aberration_WP/_Generated_/Aberration_WP_MainGrid_L8_X0_Y0_DL1283C98C
[2024.09.06-17.53.56:371][190]2024.09.06_17.53.56: willyraimon [UniqueNetId:00021a6a49b34eebbaa54a8f40929a34 Platform:None] joined this ARK!
[2024.09.06-17.53.57:097][203]UNetConnection::UpdateLevelVisibilityInternal: ERROR! Missing level package /Game/Maps/Aberration/Aberration_WP/_Generated_/Aberration_WP_MainGrid_L8_X0_Y0_DL1283C98C,/Game/Maps/Aberration/Aberration_WP/_Generated_/Aberration_WP_MainGrid_L8_X0_Y0_DL1283C98C
[2024.09.06-17.53.59:055][229]IP for incoming account 0002d900478044c38e207a71981c97c4 - IP 47.42.134.47
[2024.09.06-17.53.59:062][229]Server has completed startup and is now advertising for join.
[2024.09.06-17.54.05:625][393]2024.09.06_17.54.05: DiggityDankDabz [UniqueNetId:0002d900478044c38e207a71981c97c4 Platform:None] joined this ARK!
[2024.09.06-17.54.06:645][407]UNetConnection::UpdateLevelVisibilityInternal: ERROR! Missing level package /Game/Maps/Aberration/Aberration_WP/_Generated_/Aberration_WP_MainGrid_L8_X0_Y0_DL1283C98C,/Game/Maps/Aberration/Aberration_WP/_Generated_/Aberration_WP_MainGrid_L8_X0_Y0_DL1283C98C
[2024.09.06-17.54.09:114][440]UNetConnection::UpdateLevelVisibilityInternal: ERROR! Missing level package /Game/Maps/Aberration/Aberration_WP/_Generated_/Aberration_WP_MainGrid_L1_X6_Y0,/Game/Maps/Aberration/Aberration_WP/_Generated_/Aberration_WP_MainGrid_L1_X6_Y0
[2024.09.06-17.54.09:902][457]IP for incoming account 0002b1971bca45939cfb7acd896bb5ee - IP 104.28.159.117
[2024.09.06-17.54.10:953][481]IP for incoming account 0002223fb8244e5aa88658bb0a12bfe0 - IP 76.83.187.110
[2024.09.06-17.54.13:864][552]2024.09.06_17.54.13: MonkeyWhisper [UniqueNetId:0002b1971bca45939cfb7acd896bb5ee Platform:None] joined this ARK!
[2024.09.06-17.54.15:594][587]IP for incoming account 0002789f4f984c6787a5898016eb4375 - IP 66.22.146.109
[2024.09.06-17.54.16:802][611]2024.09.06_17.54.16: DJHAMMA808 [UniqueNetId:0002223fb8244e5aa88658bb0a12bfe0 Platform:None] joined this ARK!
[2024.09.06-17.54.17:896][621]UNetConnection::UpdateLevelVisibilityInternal: ERROR! Missing level package /Game/Maps/Aberration/Aberration_WP/_Generated_/Aberration_WP_MainGrid_L8_X0_Y0_DL1283C98C,/Game/Maps/Aberration/Aberration_WP/_Generated_/Aberration_WP_MainGrid_L8_X0_Y0_DL1283C98C
[2024.09.06-17.54.19:852][653]2024.09.06_17.54.19: MartyrD0nk3y [UniqueNetId:0002789f4f984c6787a5898016eb4375 Platform:None] joined this ARK!
[2024.09.06-17.54.49:615][121]IP for incoming account 000230fc425348e29ba7dd183a0dd779 - IP 172.92.104.68
[2024.09.06-17.54.53:383][193]IP for incoming account 0002b29fea694e3aa84ba819a4cd3297 - IP 24.115.157.65
[2024.09.06-17.54.54:605][215]2024.09.06_17.54.54: LongtimeOak9100 [UniqueNetId:000230fc425348e29ba7dd183a0dd779 Platform:None] joined this ARK!
[2024.09.06-17.54.55:816][237]UNetConnection::UpdateLevelVisibilityInternal: ERROR! Missing level package /Game/Maps/Aberration/Aberration_WP/_Generated_/Aberration_WP_MainGrid_L8_X0_Y0_DL1283C98C,/Game/Maps/Aberration/Aberration_WP/_Generated_/Aberration_WP_MainGrid_L8_X0_Y0_DL1283C98C
[2024.09.06-17.54.59:480][301]2024.09.06_17.54.59: EBK_Scorpion [UniqueNetId:0002b29fea694e3aa84ba819a4cd3297 Platform:None] joined this ARK!
[2024.09.06-17.55.00:956][309]UNetConnection::UpdateLevelVisibilityInternal: ERROR! Missing level package /Game/Maps/Aberration/Aberration_WP/_Generated_/Aberration_WP_MainGrid_L8_X0_Y0_DL1283C98C,/Game/Maps/Aberration/Aberration_WP/_Generated_/Aberration_WP_MainGrid_L8_X0_Y0_DL1283C98C
[2024.09.06-17.55.04:256][344]IP for incoming account 0002ea81a0154bea893e6bce16f8b238 - IP 174.171.134.20
[2024.09.06-17.55.10:957][445]2024.09.06_17.55.10: DepthViking [UniqueNetId:0002ea81a0154bea893e6bce16f8b238 Platform:None] joined this ARK!
[2024.09.06-17.55.19:696][541]IP for incoming account 00020467ddba4b51b5aeaf8694db8132 - IP 87.221.164.105
[2024.09.06-17.55.27:142][628]2024.09.06_17.55.27: Guerrero_gamer_7 [UniqueNetId:00020467ddba4b51b5aeaf8694db8132 Platform:None] joined this ARK!
[2024.09.06-17.55.28:054][638]UNetConnection::UpdateLevelVisibilityInternal: ERROR! Missing level package /Game/Maps/Aberration/Aberration_WP/_Generated_/Aberration_WP_MainGrid_L8_X0_Y0_DL1283C98C,/Game/Maps/Aberration/Aberration_WP/_Generated_/Aberration_WP_MainGrid_L8_X0_Y0_DL1283C98C
[2024.09.06-17.55.29:630][657]IP for incoming account 0002bd6d12f74c40abaa6c5346389739 - IP 70.15.190.33
[2024.09.06-17.55.36:134][722]2024.09.06_17.55.36: Dark--Animal [UniqueNetId:0002bd6d12f74c40abaa6c5346389739 Platform:None] joined this ARK!
[2024.09.06-17.55.36:956][729]UNetConnection::UpdateLevelVisibilityInternal: ERROR! Missing level package /Game/Maps/Aberration/Aberration_WP/_Generated_/Aberration_WP_MainGrid_L8_X0_Y0_DL1283C98C,/Game/Maps/Aberration/Aberration_WP/_Generated_/Aberration_WP_MainGrid_L8_X0_Y0_DL1283C98C
[2024.09.06-17.56.00:473][982]IP for incoming account 0002f05d3f984d6c874882587e90b804 - IP 70.15.190.33
[2024.09.06-17.56.05:561][ 40]2024.09.06_17.56.05: Animals_Woman [UniqueNetId:0002f05d3f984d6c874882587e90b804 Platform:None] joined this ARK!
[2024.09.06-17.56.06:539][ 51]UNetConnection::UpdateLevelVisibilityInternal: ERROR! Missing level package /Game/Maps/Aberration/Aberration_WP/_Generated_/Aberration_WP_MainGrid_L8_X0_Y0_DL1283C98C,/Game/Maps/Aberration/Aberration_WP/_Generated_/Aberration_WP_MainGrid_L8_X0_Y0_DL1283C98C
[2024.09.06-17.56.09:863][ 78]2024.09.06_17.56.09: LongtimeOak9100 (Chaos): You should put turret cap higher
[2024.09.06-17.56.27:511][274]2024.09.06_17.56.27: MonkeyWhisper (Rick Scott): It's at 250 right now
[2024.09.06-17.56.33:125][333]2024.09.06_17.56.33: Tribe Tribe of Jamonsito rico, ID 1029200390: Day 18, 21:33:36: <RichColor Color="1, 0, 0, 1">Tribemember Jamonsito rico - Lvl 41 was killed!</>)
[2024.09.06-17.56.33:135][333]2024.09.06_17.56.33: Jamonsito rico - Lvl 41 (Tribe of Jamonsito rico) was killed! [KillerSID: 299957008]
[2024.09.06-17.57.16:443][812]IP for incoming account 00021fc1b0504c7f91273e3fef1ef8e6 - IP 68.131.58.204
[2024.09.06-17.57.18:507][828]2024.09.06_17.57.18: Saving world...
[2024.09.06-17.57.18:514][828]2024.09.06_17.57.18: World Save Complete. Took: 0.602140
[2024.09.06-17.57.23:191][880]2024.09.06_17.57.23: DEAD JOKER1X [UniqueNetId:00021fc1b0504c7f91273e3fef1ef8e6 Platform:None] joined this ARK!
[2024.09.06-17.57.24:299][891]UNetConnection::UpdateLevelVisibilityInternal: ERROR! Missing level package /Game/Maps/Aberration/Aberration_WP/_Generated_/Aberration_WP_MainGrid_L8_X0_Y0_DL1283C98C,/Game/Maps/Aberration/Aberration_WP/_Generated_/Aberration_WP_MainGrid_L8_X0_Y0_DL1283C98C
[2024.09.06-17.57.54:922][227]IP for incoming account 0002acf37cd14844ba16e8bac3628aa8 - IP 24.181.235.32
[2024.09.06-17.57.59:692][286]2024.09.06_17.57.59: MrPenguin2212 [UniqueNetId:0002acf37cd14844ba16e8bac3628aa8 Platform:None] joined this ARK!
[2024.09.06-17.58.00:953][299]UNetConnection::UpdateLevelVisibilityInternal: ERROR! Missing level package /Game/Maps/Aberration/Aberration_WP/_Generated_/Aberration_WP_MainGrid_L8_X0_Y0_DL1283C98C,/Game/Maps/Aberration/Aberration_WP/_Generated_/Aberration_WP_MainGrid_L8_X0_Y0_DL1283C98C
[2024.09.06-17.58.38:475][740]2024.09.06_17.58.38: Tribe Tribe of Jamonsito rico, ID 1029200390: Day 18, 22:23:04: <RichColor Color="1, 0, 0, 1">Your Aberrant Moschops - Lvl 185 (Aberrant Moschops) was killed by Javivi - Lvl 65-27757710 (Tribe of Javivi)!</>)
[2024.09.06-17.58.38:477][740]2024.09.06_17.58.38: Tribe Tribe of Javivi, ID 1113665124: Day 18, 22:23:04: <RichColor Color="1, 0, 1, 1">Your Tribe killed Aberrant Moschops - Lvl 185 (Aberrant Moschops) (Tribe of Jamonsito rico)!</>)
[2024.09.06-17.58.38:487][740]2024.09.06_17.58.38: Aberrant Moschops - Lvl 185 (Aberrant Moschops) (Tribe of Jamonsito rico) was killed by Javivi - Lvl 65-27757710 (Tribe of Javivi)! [KillerSID: 27757710]
[2024.09.06-17.59.18:834][266]2024.09.06_17.59.18: Tribe Tribe of Javivi, ID 1113665124: Day 18, 22:39:12: <RichColor Color="0, 1, 1, 1">Tribe of Jamonsito rico tribe was merged in by Jamonsito rico!</>)
[2024.09.06-17.59.18:866][266]2024.09.06_17.59.18: Tribe Tribe of Jamonsito rico, ID 1029200390: Day 18, 22:39:12: <RichColor Color="1, 1, 0, 1">Jamonsito rico was removed from the Tribe!</>)
[2024.09.06-17.59.18:877][266]2024.09.06_17.59.18: Player Jamonsito rico with ID 299957008 removed from tribe Tribe of Jamonsito rico with ID 1029200390.
[2024.09.06-17.59.18:918][266]2024.09.06_17.59.18: Tribe Tribe of Javivi, ID 1113665124: Day 18, 22:39:12: <RichColor Color="0, 1, 1, 1">Jamonsito rico was added to the Tribe by Javivi!</>)
[2024.09.06-17.59.18:921][266]2024.09.06_17.59.18: Player Jamonsito rico with ID 299957008 joined tribe Tribe of Javivi with ID 1113665124 Invited by Player Javivi with ID 27757710.
[2024.09.06-18.00.06:263][874]2024.09.06_18.00.06: Tribe Tribe of Javivi, ID 1113665124: Day 18, 22:58:10: <RichColor Color="0, 1, 0, 1">Jamonsito rico Tamed an Aberrant Moschops - Lvl 217 (Aberrant Moschops)!</>)
[2024.09.06-18.00.06:273][874]2024.09.06_18.00.06: Jamonsito rico of Tribe Tribe of Javivi Tamed an Aberrant Moschops - Lvl 217 (Aberrant Moschops)!
[2024.09.06-18.00.12:412][954]2024.09.06_18.00.12: Tribe Tribe of Viking, ID 1402125346: Day 18, 23:00:38: <RichColor Color="0, 1, 0, 1">Viking Tamed a Cosmo - Lvl 52 (Cosmo)!</>)
[2024.09.06-18.00.12:420][954]2024.09.06_18.00.12: Viking of Tribe Tribe of Viking Tamed a Cosmo - Lvl 52 (Cosmo)!
[2024.09.06-18.01.49:306][131]2024.09.06_18.01.49: Tribe Tribe of Daddy Demonic, ID 1209617542: Day 18, 23:39:24: <RichColor Color="1, 0, 0, 1">Tribemember Daddy Demonic - Lvl 71 was killed by an Aberrant Pulmonoscorpius - Lvl 105!</>)
[2024.09.06-18.01.49:313][131]2024.09.06_18.01.49: Daddy Demonic - Lvl 71 (Tribe of Daddy Demonic) was killed by an Aberrant Pulmonoscorpius - Lvl 105 ()!
[2024.09.06-18.02.18:513][488]2024.09.06_18.02.18: Saving world...
[2024.09.06-18.02.18:524][488]2024.09.06_18.02.18: World Save Complete. Took: 0.596960
[2024.09.06-18.02.47:521][886]2024.09.06_18.02.47: Tribe  Tamed a Baby Ravager - Lvl 223 (Ravager)!
[2024.09.06-18.03.17:651][252]2024.09.06_18.03.17: Tribe Tribe of Javivi, ID 1113665124: Day 19, 00:14:40: <RichColor Color="1, 0, 0, 1">Tribemember Javivi - Lvl 70 was killed by Humano - Lvl 65-186200152 (Tribe of Javivi)!</>)
[2024.09.06-18.03.17:661][252]2024.09.06_18.03.17: Tribe Tribe of Javivi, ID 1113665124: Day 19, 00:14:40: <RichColor Color="1, 0, 1, 1">Your Tribe killed Javivi - Lvl 70 (Tribe of Javivi)!</>)
[2024.09.06-18.03.17:671][252]2024.09.06_18.03.17: Javivi - Lvl 70 (Tribe of Javivi) was killed by Humano - Lvl 65 (Tribe of Javivi)! [KillerSID: 186200152]
[2024.09.06-18.03.23:209][313]UNetConnection::UpdateLevelVisibilityInternal: ERROR! Missing level package /Game/Maps/Aberration/Aberration_WP/_Generated_/Aberration_WP_MainGrid_L1_X6_Y0,/Game/Maps/Aberration/Aberration_WP/_Generated_/Aberration_WP_MainGrid_L1_X6_Y0
[2024.09.06-18.03.37:248][455]2024.09.06_18.03.37: SERVER: martyrd0nk3y: Hey guys, sorry I left a setting marked that allows bullets to stack too high, we need to do one more quick restart and then no more for the day.
[2024.09.06-18.03.48:440][580]FNetGUIDCache::PeriodicCleanAndCompact:   3.70ms total time [  3.03ms CleanReferences() and   0.67ms compacting]; ObjectLookup.Num()=16664 [1428 removed]; NetGUIDLookup.Num()=15365 [2724 removed]
[2024.09.06-18.04.08:272][813]2024.09.06_18.04.08: EBK_Scorpion (Seth): Lol hold on im under water rn
[2024.09.06-18.04.15:693][901]UNetConnection::UpdateLevelVisibilityInternal: ERROR! Missing level package /Game/Maps/Aberration/Aberration_WP/_Generated_/Aberration_WP_MainGrid_L1_X6_Y0,/Game/Maps/Aberration/Aberration_WP/_Generated_/Aberration_WP_MainGrid_L1_X6_Y0
[2024.09.06-18.04.16:221][907]UNetConnection::UpdateLevelVisibilityInternal: ERROR! Missing level package /Game/Maps/Aberration/Aberration_WP/_Generated_/Aberration_WP_MainGrid_L1_X6_Y0,/Game/Maps/Aberration/Aberration_WP/_Generated_/Aberration_WP_MainGrid_L1_X6_Y0
[2024.09.06-18.04.25:942][ 24]2024.09.06_18.04.25: DJHAMMA808 (Panda): Copy
[2024.09.06-18.04.37:011][166]2024.09.06_18.04.37: SERVER: martyrd0nk3y: luckily our restarts only take 2 minutes. No problem Just let me know when your good
[2024.09.06-18.05.20:556][721]2024.09.06_18.05.20: DepthViking [UniqueNetId:0002ea81a0154bea893e6bce16f8b238 Platform:None] left this ARK!
[2024.09.06-18.05.25:774][789]2024.09.06_18.05.25: LongtimeOak9100 [UniqueNetId:000230fc425348e29ba7dd183a0dd779 Platform:None] left this ARK!
[2024.09.06-18.05.48:419][ 96]Garbage Collection Triggered!
[2024.09.06-18.05.54:959][174]2024.09.06_18.05.54: EBK_Scorpion (Seth): Im safe
[2024.09.06-18.06.15:690][515]IP for incoming account 000230fc425348e29ba7dd183a0dd779 - IP 172.92.104.68
[2024.09.06-18.06.16:875][534]2024.09.06_18.06.16: DJHAMMA808 (Panda): We good
[2024.09.06-18.06.21:361][607]2024.09.06_18.06.21: LongtimeOak9100 [UniqueNetId:000230fc425348e29ba7dd183a0dd779 Platform:None] joined this ARK!
[2024.09.06-18.06.21:936][611]UNetConnection::UpdateLevelVisibilityInternal: ERROR! Missing level package /Game/Maps/Aberration/Aberration_WP/_Generated_/Aberration_WP_MainGrid_L8_X0_Y0_DL1283C98C,/Game/Maps/Aberration/Aberration_WP/_Generated_/Aberration_WP_MainGrid_L8_X0_Y0_DL1283C98C
[2024.09.06-18.07.18:638][310]2024.09.06_18.07.18: Saving world...
[2024.09.06-18.07.18:653][310]2024.09.06_18.07.18: World Save Complete. Took: 0.646392
[2024.09.06-18.07.20:803][333]2024.09.06_18.07.20: AdminCmd: saveworld (PlayerName: MartyrD0nk3y, ARKID: 859484274, SteamID: 0002789f4f984c6787a5898016eb4375)
[2024.09.06-18.07.21:399][333]2024.09.06_18.07.21: Saving world...
[2024.09.06-18.07.21:411][333]2024.09.06_18.07.21: World Save Complete. Took: 0.606019
