[2024.09.06-00.32.08:743][  0]Log file open, 09/06/24 02:32:08
[2024.09.06-00.32.08:743][  0]LogMemory: Platform Memory Stats for WindowsServer
[2024.09.06-00.32.08:743][  0]LogMemory: Process Physical Memory: 277.27 MB used, 308.07 MB peak
[2024.09.06-00.32.08:743][  0]LogMemory: Process Virtual Memory: 296.87 MB used, 296.87 MB peak
[2024.09.06-00.32.08:743][  0]LogMemory: Physical Memory: 5369.77 MB used,  27302.68 MB free, 32672.45 MB total
[2024.09.06-00.32.08:743][  0]LogMemory: Virtual Memory: 9630.32 MB used,  28162.12 MB free, 37792.45 MB total
[2024.09.06-00.32.09:330][  0]11

[2024.09.06-00.32.09:338][  0]ARK Version: 52.5
[2024.09.06-00.32.09:613][  0]LogCFCore: SetSettings called:
{
	"defaultLanguage": "en",
	"gameId": 83374,
	"apiKey": "*****1aZe",
	"maxConcurrentInstallations": 3,
	"modsDirectory": "ShooterGame/Mods",
	"modsDirectoryMode": "CFCore",
	"userDataDirectory": "ShooterGame/ModsUserData",
	"isServer": true,
	"isServerPcOnly": false,
	"throttling":
	{
		"diskWriteBytesPerSec": 0
	},
	"premiumMods":
	{
		"publicKeyPem": "*****"
	},
	"logger":
	{
		"enabled": true,
		"history": 8,
		"maxSizeInMB": 2
	},
	"dynamicContentCategoryIds": [ 6844 ]
}
[2024.09.06-00.32.09:613][  0]LogCFCore: InternalSettings called:
{
	"apiBaseUrl": "https://api.curseforge.com",
	"chunkedUploadServerUrl": "https://chunk-uploads.curseforge.com",
	"analyticsUrl": "https://analyticsnew.overwolf.com/analytics/Counter",
	"userAgent": "cfcore.ue 1.0.99",
	"platform": "windows",
	"pluginVersion": "1.0.99",
	"httpFileDownloadTimeoutSecs": 1200
}
[2024.09.06-00.32.09:660][  0]LogCFCore: User context not loaded from disk
[2024.09.06-00.32.09:973][  9]LogCFCore: Query server result: 21 mods
[2024.09.06-00.32.10:009][ 10]LogCFCore: No need to update existing mod: EOS ID Helper (CrossPlay) (980463)
[2024.09.06-00.32.10:009][ 10]LogCFCore: No need to update existing mod: maewings (929521)
[2024.09.06-00.32.10:009][ 10]LogCFCore: No need to update existing mod: Custom Dino Levels (928708)
[2024.09.06-00.32.10:009][ 10]LogCFCore: No need to update existing mod: Utilities Plus (928621)
[2024.09.06-00.32.10:009][ 10]LogCFCore: No need to update existing mod: CliffPlatforms (933872)
[2024.09.06-00.32.10:009][ 10]LogCFCore: No need to update existing mod: QoL+ (939228)
[2024.09.06-00.32.10:009][ 10]LogCFCore: No need to update existing mod: Dino+ (Nanny, Hatchey) (937546)
[2024.09.06-00.32.10:009][ 10]LogCFCore: No need to update existing mod: Ammo Box Ascended (967856)
[2024.09.06-00.32.10:009][ 10]LogCFCore: No need to update existing mod: PVP Scoreboard (931903)
[2024.09.06-00.32.10:009][ 10]LogCFCore: No need to update existing mod: Solo Farm Mod (928501)
[2024.09.06-00.32.10:009][ 10]LogCFCore: No need to update existing mod: Pull It! (940022)
[2024.09.06-00.32.10:009][ 10]LogCFCore: No need to update existing mod: Resonant's Shop Mod (936660)
[2024.09.06-00.32.10:009][ 10]LogCFCore: No need to update existing mod: WBUI2 (931119)
[2024.09.06-00.32.10:009][ 10]LogCFCore: No need to update existing mod: Admin Panel (929868)
[2024.09.06-00.32.10:009][ 10]LogCFCore: No need to update existing mod: Ez's Engram Unlocker (PC/Xbox/PS) (929912)
[2024.09.06-00.32.10:009][ 10]LogCFCore: No need to update existing mod: Super Spyglass Plus (929420)
[2024.09.06-00.32.10:009][ 10]LogCFCore: No need to update existing mod: ARKomatic (939055)
[2024.09.06-00.32.10:009][ 10]LogCFCore: No need to update existing mod: Automated Dino Wipes (947733)
[2024.09.06-00.32.10:009][ 10]LogCFCore: Mod: TG Stacking Mod 10000-90 (929110) requires upgrade/downgrade (5569237 -> 5696086)
[2024.09.06-00.32.10:009][ 10]LogCFCore: No need to update existing mod: ASA-Bot Companion (936882)
[2024.09.06-00.32.10:009][ 10]LogCFCore: No need to update existing mod: Pelayori's Cryo Storage (Crossplay!) (928793)
[2024.09.06-00.32.10:009][ 10]LogCFCore: Request to Install mod 'TG Stacking Mod 10000-90' (modId=929110, fileId=5696086)
[2024.09.06-00.32.10:056][ 11]LogCFCore: Cleanup possible module ../../../ShooterGame/Binaries/Win64/ShooterGame/Mods/83374/929110_5569237 ...
[2024.09.06-00.32.10:056][ 11]LogCFCore: Cleanup possible module ../../../ShooterGame/Binaries/Win64/ShooterGame/Mods/83374/929110_5696086 ...
[2024.09.06-00.32.10:056][ 11]LogCFCore: Cleaning up possible 2 output dirs ...
[2024.09.06-00.32.10:840][ 34]LogCFCore: Starting to download: https://mediafilez.forgecdn.net/files/5696/86/tg%20stacking%20mod%201000090-windowsserver%2018.zip, file id: 1
[2024.09.06-00.32.10:910][ 37]LogCFCore: Warning: WriteBufferWithThrottling: left_to_write 2126932
[2024.09.06-00.32.10:942][ 37]LogCFCore: Successfully completed chunked download for: https://mediafilez.forgecdn.net/files/5696/86/tg%20stacking%20mod%201000090-windowsserver%2018.zip
[2024.09.06-00.32.10:976][ 38]LogCFCore: Verifying mod (929110) download ...
[2024.09.06-00.32.11:052][ 40]LogCFCore: Cleanup temp directory ../../../ShooterGame/Binaries/Win64/ShooterGame/Mods/83374/.temp/929110_5696086 ...
[2024.09.06-00.32.11:052][ 40]LogCFCore: Cleanup possible module ../../../ShooterGame/Binaries/Win64/ShooterGame/Mods/83374/.temp/929110_5696086 ...
[2024.09.06-00.32.11:086][ 41]LogCFCore: Unzipping mod=929110 to ../../../ShooterGame/Binaries/Win64/ShooterGame/Mods/83374/.temp/929110_5696086 ...
[2024.09.06-00.32.11:088][ 42]LogCFCore: Warning: WriteBufferWithThrottling: left_to_write 87
[2024.09.06-00.32.11:120][ 43]LogCFCore: Warning: WriteBufferWithThrottling: left_to_write 54666
[2024.09.06-00.32.11:155][ 44]LogCFCore: Warning: WriteBufferWithThrottling: left_to_write 566
[2024.09.06-00.32.11:189][ 45]LogCFCore: Warning: WriteBufferWithThrottling: left_to_write 24547
[2024.09.06-00.32.11:224][ 46]LogCFCore: Warning: WriteBufferWithThrottling: left_to_write 273712
[2024.09.06-00.32.11:256][ 47]LogCFCore: Warning: WriteBufferWithThrottling: left_to_write 29057
[2024.09.06-00.32.11:291][ 48]LogCFCore: Warning: WriteBufferWithThrottling: left_to_write 58
[2024.09.06-00.32.11:331][ 49]LogCFCore: Warning: WriteBufferWithThrottling: left_to_write 1996669
[2024.09.06-00.32.11:391][ 50]LogCFCore: Cleanup possible module ../../../ShooterGame/Binaries/Win64/ShooterGame/Mods/83374/929110_5569237 ...
[2024.09.06-00.32.11:391][ 50]LogCFCore: Cleanup possible module ../../../ShooterGame/Binaries/Win64/ShooterGame/Mods/83374/929110_5696086 ...
[2024.09.06-00.32.11:391][ 50]LogCFCore: Cleaning up possible 2 output dirs ...
[2024.09.06-00.32.11:425][ 51]LogCFCore: Moving ../../../ShooterGame/Binaries/Win64/ShooterGame/Mods/83374/.temp/929110_5696086 to ../../../ShooterGame/Binaries/Win64/ShooterGame/Mods/83374/929110_5696086 ...
[2024.09.06-00.32.11:425][ 51]LogCFCore: Moving ../../../ShooterGame/Binaries/Win64/ShooterGame/Mods/83374/.temp/929110_5696086 to ../../../ShooterGame/Binaries/Win64/ShooterGame/Mods/83374/929110_5696086 ...
[2024.09.06-00.32.11:459][ 52]LogCFCore: Cleaning up (modId=929110, fileId=5696086) ...
[2024.09.06-00.32.11:538][ 54]LogCFCore: Mod valid: EOS ID Helper (CrossPlay) (980463)
[2024.09.06-00.32.11:538][ 54]LogCFCore: Mod valid: maewings (929521)
[2024.09.06-00.32.11:538][ 54]LogCFCore: Mod valid: Custom Dino Levels (928708)
[2024.09.06-00.32.11:538][ 54]LogCFCore: Mod valid: Utilities Plus (928621)
[2024.09.06-00.32.11:538][ 54]LogCFCore: Mod valid: CliffPlatforms (933872)
[2024.09.06-00.32.11:538][ 54]LogCFCore: Mod valid: QoL+ (939228)
[2024.09.06-00.32.11:538][ 54]LogCFCore: Mod valid: Dino+ (Nanny, Hatchey) (937546)
[2024.09.06-00.32.11:538][ 54]LogCFCore: Mod valid: Ammo Box Ascended (967856)
[2024.09.06-00.32.11:538][ 54]LogCFCore: Mod valid: PVP Scoreboard (931903)
[2024.09.06-00.32.11:538][ 54]LogCFCore: Mod valid: Solo Farm Mod (928501)
[2024.09.06-00.32.11:538][ 54]LogCFCore: Mod valid: Pull It! (940022)
[2024.09.06-00.32.11:538][ 54]LogCFCore: Mod valid: Resonant's Shop Mod (936660)
[2024.09.06-00.32.11:538][ 54]LogCFCore: Mod valid: WBUI2 (931119)
[2024.09.06-00.32.11:538][ 54]LogCFCore: Mod valid: Admin Panel (929868)
[2024.09.06-00.32.11:538][ 54]LogCFCore: Mod valid: Ez's Engram Unlocker (PC/Xbox/PS) (929912)
[2024.09.06-00.32.11:538][ 54]LogCFCore: Mod valid: Super Spyglass Plus (929420)
[2024.09.06-00.32.11:538][ 54]LogCFCore: Mod valid: ARKomatic (939055)
[2024.09.06-00.32.11:538][ 54]LogCFCore: Mod valid: Automated Dino Wipes (947733)
[2024.09.06-00.32.11:538][ 54]LogCFCore: Mod valid: TG Stacking Mod 10000-90 (929110)
[2024.09.06-00.32.11:538][ 54]LogCFCore: Mod valid: ASA-Bot Companion (936882)
[2024.09.06-00.32.11:538][ 54]LogCFCore: Mod valid: Pelayori's Cryo Storage (Crossplay!) (928793)
[2024.09.06-00.32.11:717][ 55]UShooterEngine::LoadGameMods with 21 mods
[2024.09.06-00.32.11:717][ 55]UShooterEngine::LoadGameMods Loading Mod ShooterGame/Mods/83374/929420_5509935/SuperSpyglassPlus/Content/PrimalGameData_BP_SSP_Kav.uasset : 929420
[2024.09.06-00.32.12:447][ 55]UShooterEngine::LoadGameMods Using mod asset Package /SuperSpyglassPlus/PrimalGameData_BP_SSP_Kav as PrimalGameDataOverride.
[2024.09.06-00.32.12:447][ 55]UShooterEngine::LoadGameMods Loading Mod ShooterGame/Mods/83374/928621_4856794/UtilsPlus/Content/PrimalGameData_BP_UtilPlus.uasset : 928621
[2024.09.06-00.32.12:465][ 55]UShooterEngine::LoadGameMods Merging mod asset Package /UtilsPlus/PrimalGameData_BP_UtilPlus with PrimalGameDataOverride.
[2024.09.06-00.32.12:465][ 55]UShooterEngine::LoadGameMods Loading Mod ShooterGame/Mods/83374/928708_4894074/LevelTestingMod/Content/PrimalGameData_BP_LevelTesting.uasset : 928708
[2024.09.06-00.32.12:829][ 55]UShooterEngine::LoadGameMods Merging mod asset Package /LevelTestingMod/PrimalGameData_BP_LevelTesting with PrimalGameDataOverride.
[2024.09.06-00.32.12:830][ 55]UShooterEngine::LoadGameMods Loading Mod ShooterGame/Mods/83374/928501_5509903/SoloFarmMod/Content/PrimalGameData_BP_SoloFarmMod.uasset : 928501
[2024.09.06-00.32.12:847][ 55]UShooterEngine::LoadGameMods Merging mod asset Package /SoloFarmMod/PrimalGameData_BP_SoloFarmMod with PrimalGameDataOverride.
[2024.09.06-00.32.12:847][ 55]UShooterEngine::LoadGameMods Loading Mod ShooterGame/Mods/83374/939055_5639286/ARKomatic/Content/PrimalGameData_BP_ARKomatic.uasset : 939055
[2024.09.06-00.32.12:863][ 55]UShooterEngine::LoadGameMods Merging mod asset Package /ARKomatic/PrimalGameData_BP_ARKomatic with PrimalGameDataOverride.
[2024.09.06-00.32.12:863][ 55]UShooterEngine::LoadGameMods Loading Mod ShooterGame/Mods/83374/929110_5696086/TG_Stack_10000_90/Content/PrimalGameData_TG_Stack_10000_90.uasset : 929110
[2024.09.06-00.32.12:886][ 55]UShooterEngine::LoadGameMods Merging mod asset Package /TG_Stack_10000_90/PrimalGameData_TG_Stack_10000_90 with PrimalGameDataOverride.
[2024.09.06-00.32.12:886][ 55]UShooterEngine::LoadGameMods Loading Mod ShooterGame/Mods/83374/939228_5078487/QoLPlus/Content/PrimalGameData_QoLPlus.uasset : 939228
[2024.09.06-00.32.12:999][ 55]UShooterEngine::LoadGameMods Merging mod asset Package /QoLPlus/PrimalGameData_QoLPlus with PrimalGameDataOverride.
[2024.09.06-00.32.12:999][ 55]UShooterEngine::LoadGameMods Loading Mod ShooterGame/Mods/83374/933872_5330183/CliffPlatforms/Content/PrimalGameData_BP_Cliffplatforms.uasset : 933872
[2024.09.06-00.32.13:022][ 55]UShooterEngine::LoadGameMods Merging mod asset Package /CliffPlatforms/PrimalGameData_BP_Cliffplatforms with PrimalGameDataOverride.
[2024.09.06-00.32.13:022][ 55]UShooterEngine::LoadGameMods Loading Mod ShooterGame/Mods/83374/947733_5521328/AutomatedDinoWipes/Content/PrimalGameData_BP_AutomatedDinoWipes.uasset : 947733
[2024.09.06-00.32.13:064][ 55]UShooterEngine::LoadGameMods Merging mod asset Package /AutomatedDinoWipes/PrimalGameData_BP_AutomatedDinoWipes with PrimalGameDataOverride.
[2024.09.06-00.32.13:064][ 55]UShooterEngine::LoadGameMods Loading Mod ShooterGame/Mods/83374/929912_5669096/EzEngramUnlocker/Content/PrimalGameData_BP_EzEngramUnlocker.uasset : 929912
[2024.09.06-00.32.13:082][ 55]UShooterEngine::LoadGameMods Merging mod asset Package /EzEngramUnlocker/PrimalGameData_BP_EzEngramUnlocker with PrimalGameDataOverride.
[2024.09.06-00.32.13:082][ 55]UShooterEngine::LoadGameMods Loading Mod ShooterGame/Mods/83374/940022_5102443/PullIt/Content/PrimalGameData_BP_PullIt.uasset : 940022
[2024.09.06-00.32.13:108][ 55]UShooterEngine::LoadGameMods Merging mod asset Package /PullIt/PrimalGameData_BP_PullIt with PrimalGameDataOverride.
[2024.09.06-00.32.13:108][ 55]UShooterEngine::LoadGameMods Loading Mod ShooterGame/Mods/83374/936660_5568098/ShopMod/Content/PrimalGameData_BP_BlankMod.uasset : 936660
[2024.09.06-00.32.15:087][ 55]UShooterEngine::LoadGameMods Merging mod asset Package /ShopMod/PrimalGameData_BP_BlankMod with PrimalGameDataOverride.
[2024.09.06-00.32.15:088][ 55]UShooterEngine::LoadGameMods Loading Mod ShooterGame/Mods/83374/931903_5036004/PVPScoreboard/Content/PrimalGameData_BP_PVPScoreboard.uasset : 931903
[2024.09.06-00.32.15:116][ 55]UShooterEngine::LoadGameMods Merging mod asset Package /PVPScoreboard/PrimalGameData_BP_PVPScoreboard with PrimalGameDataOverride.
[2024.09.06-00.32.15:116][ 55]UShooterEngine::LoadGameMods Loading Mod ShooterGame/Mods/83374/967856_5238619/AmmoBoxAscended/Content/PrimalGameData_BP_AmmoBoxAscended.uasset : 967856
[2024.09.06-00.32.15:137][ 55]UShooterEngine::LoadGameMods Merging mod asset Package /AmmoBoxAscended/PrimalGameData_BP_AmmoBoxAscended with PrimalGameDataOverride.
[2024.09.06-00.32.15:137][ 55]UShooterEngine::LoadGameMods Loading Mod ShooterGame/Mods/83374/928793_5622484/Cryopods/Content/PrimalGameData_BP_Cryopods.uasset : 928793
[2024.09.06-00.32.15:179][ 55]UShooterEngine::LoadGameMods Merging mod asset Package /Cryopods/PrimalGameData_BP_Cryopods with PrimalGameDataOverride.
[2024.09.06-00.32.15:179][ 55]UShooterEngine::LoadGameMods Loading Mod ShooterGame/Mods/83374/937546_4928343/DPlusMod/Content/PrimalGameData_BP_DPlusMod.uasset : 937546
[2024.09.06-00.32.15:208][ 55]UShooterEngine::LoadGameMods Merging mod asset Package /DPlusMod/PrimalGameData_BP_DPlusMod with PrimalGameDataOverride.
[2024.09.06-00.32.15:208][ 55]UShooterEngine::LoadGameMods Loading Mod ShooterGame/Mods/83374/980463_5142852/EOSIDHelper/Content/PrimalGameData_BP_EOSIDHelper.uasset : 980463
[2024.09.06-00.32.15:229][ 55]UShooterEngine::LoadGameMods Merging mod asset Package /EOSIDHelper/PrimalGameData_BP_EOSIDHelper with PrimalGameDataOverride.
[2024.09.06-00.32.15:229][ 55]UShooterEngine::LoadGameMods Loading Mod ShooterGame/Mods/83374/929521_5238433/maewings/Content/PrimalGameData_BP_Maewings.uasset : 929521
[2024.09.06-00.32.15:248][ 55]UShooterEngine::LoadGameMods Merging mod asset Package /maewings/PrimalGameData_BP_Maewings with PrimalGameDataOverride.
[2024.09.06-00.32.15:248][ 55]UShooterEngine::LoadGameMods Loading Mod ShooterGame/Mods/83374/936882_5662285/ASA-Bot-Companion/Content/PrimalGameData_BP_ASABot.uasset : 936882
[2024.09.06-00.32.15:272][ 55]UShooterEngine::LoadGameMods Merging mod asset Package /ASA-Bot-Companion/PrimalGameData_BP_ASABot with PrimalGameDataOverride.
[2024.09.06-00.32.15:272][ 55]UShooterEngine::LoadGameMods Loading Mod ShooterGame/Mods/83374/929868_5620117/AdminPanel/Content/PrimalGameData_BP_AdminPanel.uasset : 929868
[2024.09.06-00.32.15:348][ 55]UShooterEngine::LoadGameMods Merging mod asset Package /AdminPanel/PrimalGameData_BP_AdminPanel with PrimalGameDataOverride.
[2024.09.06-00.32.15:348][ 55]UShooterEngine::LoadGameMods Loading Mod ShooterGame/Mods/83374/931119_5531437/WBUI2/Content/PrimalGameData_BP_WBUI.uasset : 931119
[2024.09.06-00.32.15:377][ 55]UShooterEngine::LoadGameMods Merging mod asset Package /WBUI2/PrimalGameData_BP_WBUI with PrimalGameDataOverride.
[2024.09.06-00.32.15:377][ 55]Initialize Primal Game Data Override.
[2024.09.06-00.32.15:390][ 55]Added Explorer Note Entry: DEARJANE_EXP_NOTE_1
[2024.09.06-00.32.15:390][ 55]Added Explorer Note Entry: DEARJANE_EXP_NOTE_2
[2024.09.06-00.32.15:390][ 55]Added Explorer Note Entry: DEARJANE_EXP_NOTE_3
[2024.09.06-00.32.15:390][ 55]Added Explorer Note Entry: DEARJANE_EXP_NOTE_4
[2024.09.06-00.32.15:390][ 55]Added Explorer Note Entry: DEARJANE_EXP_NOTE_5
[2024.09.06-00.32.15:390][ 55]Added Explorer Note Entry: DEARJANE_EXP_NOTE_6
[2024.09.06-00.32.15:390][ 55]Added Explorer Note Entry: DEARJANE_EXP_NOTE_7
[2024.09.06-00.32.15:393][ 55]Primal Game Data Took 0.00 seconds
[2024.09.06-00.32.15:397][ 55]Added Explorer Note Entry: DEARJANE_EXP_NOTE_1
[2024.09.06-00.32.15:397][ 55]Added Explorer Note Entry: DEARJANE_EXP_NOTE_2
[2024.09.06-00.32.15:397][ 55]Added Explorer Note Entry: DEARJANE_EXP_NOTE_3
[2024.09.06-00.32.15:397][ 55]Added Explorer Note Entry: DEARJANE_EXP_NOTE_4
[2024.09.06-00.32.15:397][ 55]Added Explorer Note Entry: DEARJANE_EXP_NOTE_5
[2024.09.06-00.32.15:397][ 55]Added Explorer Note Entry: DEARJANE_EXP_NOTE_6
[2024.09.06-00.32.15:397][ 55]Added Explorer Note Entry: DEARJANE_EXP_NOTE_7
[2024.09.06-00.32.15:978][ 55]Server Initializing with BattlEye Anti-Cheat Protection. If you do not wish to use BattlEye, please launch with -NoBattlEye
[2024.09.06-00.32.15:984][ 55]BattlEye successfully started.
[2024.09.06-00.32.33:817][ 55]2024.09.06_00.32.33: [CCA_ASABot_C_2147476376] Loading INI Settings
[2024.09.06-00.32.33:831][ 55]2024.09.06_00.32.33: Version 2.1.0 --- CF Revision 117 --- Build Date Jul 8, 2024, 11:50:00 AM
[2024.09.06-00.32.57:413][ 55][Pelayori's Cryo Storage] Server mod version: 54
[2024.09.06-00.32.57:414][ 55]ADW_Version_v0.15
[2024.09.06-00.32.57:414][ 55]ADW_Begin (UTC Time Now = 0:32)
[2024.09.06-00.32.57:414][ 55]Admin Panel Active
[2024.09.06-00.32.57:414][ 55]Admin Panel Version:55
[2024.09.06-00.33.28:671][ 55]Server: "9/6 [NA](AB1) nARKotic 20x/4man/shop/kits/boosted" has successfully started!
[2024.09.06-00.33.38:247][ 55]Commandline:  Aberration_WP?listen?Port=27020 -servergamelog -servergamelogincludetribelogs -ServerRCONOutputTribeLogs -Mods=929420,928621,928708,928501,939055,929110,939228,933872,947733,929912,940022,936660,931903,967856,928793,937546,980463,929521,936882,929868,931119
[2024.09.06-00.33.38:247][ 55]Full Startup: 89.97 seconds
[2024.09.06-00.33.38:247][ 55]Number of cores 28
[2024.09.06-00.33.41:167][ 61]2024.09.06_00.33.41: [WBUI] [CCA] [Version] Up to Date: v1.22
[2024.09.06-00.33.41:170][ 61]2024.09.06_00.33.41: [WBUI] [CCA] [INI-Setting] JsonURL= 
[2024.09.06-00.33.41:182][ 61]2024.09.06_00.33.41: [WBUI] [CCA] [INI-Settings] JsonURL empty. Settings Default: "https://raw.githubusercontent.com/DC-Modding/WBUI2-Wiki/main/default.json"
[2024.09.06-00.33.41:194][ 61]2024.09.06_00.33.41: [WBUI] [CCA] [Json] No Errors, Valid WBUI2 Json
[2024.09.06-00.33.41:204][ 61]2024.09.06_00.33.41: [WBUI] [CCA]  Updated Settings
[2024.09.06-00.33.41:328][ 63]IP for incoming account 0002a0b12ff54d80a45035c18750b660 - IP 75.162.76.100
[2024.09.06-00.33.45:794][143]2024.09.06_00.33.45: RehDragon [UniqueNetId:0002a0b12ff54d80a45035c18750b660 Platform:None] joined this ARK!
[2024.09.06-00.33.50:841][279]Server has completed startup and is now advertising for join.
[2024.09.06-00.33.54:067][375]IP for incoming account 00020efcab75485f83c8dff4af0974c9 - IP 190.234.175.25
[2024.09.06-00.33.58:895][518]IP for incoming account 0002789f4f984c6787a5898016eb4375 - IP 66.22.146.90
[2024.09.06-00.34.03:262][647]2024.09.06_00.34.03: MartyrD0nk3y [UniqueNetId:0002789f4f984c6787a5898016eb4375 Platform:None] joined this ARK!
[2024.09.06-00.34.06:180][724]2024.09.06_00.34.06: Dracox_x08 [UniqueNetId:00020efcab75485f83c8dff4af0974c9 Platform:None] joined this ARK!
[2024.09.06-00.34.07:031][748]UNetConnection::UpdateLevelVisibilityInternal: ERROR! Missing level package /Game/Maps/Aberration/Aberration_WP/_Generated_/Aberration_WP_MainGrid_L8_X0_Y0_DL1283C98C,/Game/Maps/Aberration/Aberration_WP/_Generated_/Aberration_WP_MainGrid_L8_X0_Y0_DL1283C98C
[2024.09.06-00.34.15:601][974]2024.09.06_00.34.15: Tribe Tribe of Shwat, ID 1714227183: Day 1, 19:49:31: <RichColor Color="1, 0, 0, 1">Tribemember Shwat - Lvl 15 was killed by a Basilisk - Lvl 40!</>)
[2024.09.06-00.34.15:609][974]2024.09.06_00.34.15: Shwat - Lvl 15 (Tribe of Shwat) was killed by a Basilisk - Lvl 40 ()!
[2024.09.06-00.34.18:303][ 41]2024.09.06_00.34.18: Tribe Tribe of Relex, ID 1842602189: Day 1, 19:50:35: <RichColor Color="0, 1, 1, 1">Relex was added to the Tribe!</>)
[2024.09.06-00.34.18:315][ 41]2024.09.06_00.34.18: Player Dracox_x08 with ID 83698367 joined tribe Tribe of Relex with ID 1842602189.
[2024.09.06-00.34.28:016][283]2024.09.06_00.34.28: MartyrD0nk3y (Shwat): Much better.
[2024.09.06-00.34.48:450][814]2024.09.06_00.34.48: Dracox_x08 (Relex): Hola
[2024.09.06-00.35.09:157][306]2024.09.06_00.35.09: MartyrD0nk3y (Shwat): Hello :D trying to finish fine tuning, some mods are gonna be weird until they update them
[2024.09.06-00.35.25:653][711]2024.09.06_00.35.25: RehDragon (RehDragon): Please let us know if there any issues or fix needed to be done.
[2024.09.06-00.35.39:292][ 33]2024.09.06_00.35.39: RehDragon (RehDragon): You can find our discord in f1
[2024.09.06-00.35.41:518][ 87]2024.09.06_00.35.41: SERVER: nARKotic invite: https://discord.gg/xZZ5aD7
[2024.09.06-00.35.53:768][370]2024.09.06_00.35.53: RehDragon (RehDragon): Fixing f1 now
[2024.09.06-00.36.30:882][174]2024.09.06_00.36.30: Tribe Tribe of Relex, ID 1842602189: Day 1, 20:43:38: <RichColor Color="1, 0, 0, 1">Tribemember Relex - Lvl 10 was killed by an Aberrant Raptor - Lvl 55!</>)
[2024.09.06-00.36.30:886][174]2024.09.06_00.36.30: Relex - Lvl 10 (Tribe of Relex) was killed by an Aberrant Raptor - Lvl 55 ()!
[2024.09.06-00.36.47:345][593]IP for incoming account 00021acbaf094a78ab15ec9c1732d4d0 - IP 107.11.184.93
[2024.09.06-00.36.49:690][645]2024.09.06_00.36.49: Tribe Tribe of Shwat, ID 1714227183: Day 1, 20:51:09: <RichColor Color="1, 0, 0, 1">Tribemember Shwat - Lvl 15 was killed by a Basilisk - Lvl 15!</>)
[2024.09.06-00.36.49:699][645]2024.09.06_00.36.49: Shwat - Lvl 15 (Tribe of Shwat) was killed by a Basilisk - Lvl 15 ()!
[2024.09.06-00.36.53:657][727]2024.09.06_00.36.53: BIGFOOT [UniqueNetId:00021acbaf094a78ab15ec9c1732d4d0 Platform:None] joined this ARK!
[2024.09.06-00.37.05:886][958]IP for incoming account 00022c98ee0d4e1f9ec59e9b6faea772 - IP 73.183.86.150
[2024.09.06-00.37.16:378][151]2024.09.06_00.37.16: Saving world...
[2024.09.06-00.37.16:389][151]2024.09.06_00.37.16: World Save Complete. Took: 0.472070
[2024.09.06-00.37.19:447][207]2024.09.06_00.37.19: Unavailable name [UniqueNetId:00022c98ee0d4e1f9ec59e9b6faea772 Platform:None] joined this ARK!
[2024.09.06-00.37.24:999][317]2024.09.06_00.37.24: Dracox_x08 [UniqueNetId:00020efcab75485f83c8dff4af0974c9 Platform:None] left this ARK!
[2024.09.06-00.37.56:314][ 68]2024.09.06_00.37.56: MartyrD0nk3y [UniqueNetId:0002789f4f984c6787a5898016eb4375 Platform:None] left this ARK!
[2024.09.06-00.38.36:925][211]2024.09.06_00.38.36: SERVER: monkeywhisper: BIGFOOT, do you need a mindwind as a courtesy?
[2024.09.06-00.38.47:358][513]2024.09.06_00.38.47: BIGFOOT (Mango): na im good
[2024.09.06-00.39.19:024][395]2024.09.06_00.39.19: Unavailable name (Banana): would it be possible to get 1 starter kit, i lost mine to the rollback
[2024.09.06-00.39.19:135][398]IP for incoming account 0002d900478044c38e207a71981c97c4 - IP 47.42.134.47
[2024.09.06-00.39.25:483][582]2024.09.06_00.39.25: DiggityDankDabz [UniqueNetId:0002d900478044c38e207a71981c97c4 Platform:None] joined this ARK!
[2024.09.06-00.39.26:720][618]UNetConnection::UpdateLevelVisibilityInternal: ERROR! Missing level package /Game/Maps/Aberration/Aberration_WP/_Generated_/Aberration_WP_MainGrid_L8_X0_Y0_DL1283C98C,/Game/Maps/Aberration/Aberration_WP/_Generated_/Aberration_WP_MainGrid_L8_X0_Y0_DL1283C98C
[2024.09.06-00.39.56:157][484]2024.09.06_00.39.56: [WBUI] [CCA] [INI-Setting] JsonURL= 
[2024.09.06-00.39.56:163][484]2024.09.06_00.39.56: [WBUI] [CCA] [INI-Settings] JsonURL empty. Settings Default: "https://raw.githubusercontent.com/DC-Modding/WBUI2-Wiki/main/default.json"
[2024.09.06-00.39.56:174][484]2024.09.06_00.39.56: [WBUI] [CCA] [Json] No Errors, Valid WBUI2 Json
[2024.09.06-00.40.12:756][959]2024.09.06_00.40.12: Tribe Tribe of Diggs, ID 1646990642: Day 1, 22:12:21: <RichColor Color="0, 1, 1, 1">Diggs was added to the Tribe!</>)
[2024.09.06-00.40.12:768][959]2024.09.06_00.40.12: Player DiggityDankDabz with ID 538993423 joined tribe Tribe of Diggs with ID 1646990642.
[2024.09.06-00.40.21:412][131]IP for incoming account 0002789f4f984c6787a5898016eb4375 - IP 66.22.146.109
[2024.09.06-00.40.27:848][260]2024.09.06_00.40.27: MartyrD0nk3y [UniqueNetId:0002789f4f984c6787a5898016eb4375 Platform:None] joined this ARK!
[2024.09.06-00.40.28:599][274]2024.09.06_00.40.28: SERVER: martyrd0nk3y: Yep, I can get you that.
[2024.09.06-00.40.50:020][615]2024.09.06_00.40.50: Unavailable name (Banana): Thankyou
[2024.09.06-00.41.21:528][ 71]2024.09.06_00.41.21: Tribe Tribe of Mango, ID 1773629605: Day 1, 22:39:51: <RichColor Color="1, 1, 0, 1">Mango demolished a 'Wood Foundation'!</>)
[2024.09.06-00.41.23:112][ 95]2024.09.06_00.41.23: Tribe Tribe of Mango, ID 1773629605: Day 1, 22:40:29: <RichColor Color="1, 1, 0, 1">Mango demolished a 'Wood Foundation'!</>)
[2024.09.06-00.41.24:797][119]2024.09.06_00.41.24: Tribe Tribe of Mango, ID 1773629605: Day 1, 22:41:09: <RichColor Color="1, 1, 0, 1">Mango demolished a 'Wood Foundation'!</>)
[2024.09.06-00.41.26:397][143]2024.09.06_00.41.26: Tribe Tribe of Mango, ID 1773629605: Day 1, 22:41:48: <RichColor Color="1, 1, 0, 1">Mango demolished a 'Wood Foundation'!</>)
[2024.09.06-00.41.56:057][590]2024.09.06_00.41.56: MartyrD0nk3y (Shwat): For now I removed the limit on them and made them free, once everything is more stable I will reapply
[2024.09.06-00.42.05:943][743]2024.09.06_00.42.05: MartyrD0nk3y (Shwat): Sorry about that
[2024.09.06-00.42.16:445][899]2024.09.06_00.42.16: Saving world...
[2024.09.06-00.42.16:448][899]2024.09.06_00.42.16: World Save Complete. Took: 0.467666
[2024.09.06-00.42.51:342][480]2024.09.06_00.42.51: BIGFOOT (Mango): no issues. I know how running a server goes.
[2024.09.06-00.43.04:977][723]2024.09.06_00.43.04: Tribe Tribe of Mango, ID 1773629605: Day 1, 23:21:13: <RichColor Color="0, 0, 1, 1">Banana was promoted to a Tribe Admin by Mango!</>)
[2024.09.06-00.43.30:092][266]2024.09.06_00.43.30: MartyrD0nk3y (Shwat): Server part is easy, new map is whats odd lol. Should be way less lag than most servers as I dont use nitrado.
[2024.09.06-00.43.41:074][526]FNetGUIDCache::PeriodicCleanAndCompact:   2.31ms total time [  1.96ms CleanReferences() and   0.35ms compacting]; ObjectLookup.Num()=9943 [2089 removed]; NetGUIDLookup.Num()=8600 [3408 removed]
[2024.09.06-00.43.44:417][606]2024.09.06_00.43.44: BIGFOOT (Mango): oh praise the ark gods
[2024.09.06-00.43.49:858][736]2024.09.06_00.43.49: MartyrD0nk3y (Shwat): Lol right.
[2024.09.06-00.44.03:273][ 47]2024.09.06_00.44.03: [WBUI] [CCA] [INI-Setting] JsonURL= 
[2024.09.06-00.44.03:280][ 47]2024.09.06_00.44.03: [WBUI] [CCA] [INI-Settings] JsonURL empty. Settings Default: "https://raw.githubusercontent.com/DC-Modding/WBUI2-Wiki/main/default.json"
[2024.09.06-00.44.03:291][ 47]2024.09.06_00.44.03: [WBUI] [CCA] [Json] No Errors, Valid WBUI2 Json
[2024.09.06-00.44.08:012][157]2024.09.06_00.44.08: Tribe Tribe of Mango, ID 1773629605: Day 1, 23:46:26: <RichColor Color="0, 1, 1, 1">Tribe of Diggs tribe was merged in by Diggs!</>)
[2024.09.06-00.44.08:041][157]2024.09.06_00.44.08: Tribe Tribe of Diggs, ID 1646990642: Day 1, 23:46:26: <RichColor Color="1, 1, 0, 1">Diggs was removed from the Tribe!</>)
[2024.09.06-00.44.08:052][157]2024.09.06_00.44.08: Player Diggs with ID 538993423 removed from tribe Tribe of Diggs with ID 1646990642.
[2024.09.06-00.44.08:095][157]2024.09.06_00.44.08: Tribe Tribe of Mango, ID 1773629605: Day 1, 23:46:26: <RichColor Color="0, 1, 1, 1">Diggs was added to the Tribe by Banana!</>)
[2024.09.06-00.44.08:099][157]2024.09.06_00.44.08: Player Diggs with ID 538993423 joined tribe Tribe of Mango with ID 1773629605 Invited by Player Banana with ID 588640747.
[2024.09.06-00.44.25:488][554]2024.09.06_00.44.25: [WBUI] [CCA] [INI-Setting] JsonURL= 
[2024.09.06-00.44.25:494][554]2024.09.06_00.44.25: [WBUI] [CCA] [INI-Settings] JsonURL empty. Settings Default: "https://raw.githubusercontent.com/DC-Modding/WBUI2-Wiki/main/default.json"
[2024.09.06-00.44.25:505][554]2024.09.06_00.44.25: [WBUI] [CCA] [Json] No Errors, Valid WBUI2 Json
[2024.09.06-00.44.36:374][820]IP for incoming account 00020a117c6947ac925819ab11fc2e3b - IP 174.117.228.103
[2024.09.06-00.44.41:004][933]2024.09.06_00.44.41: RADEMPIRE [UniqueNetId:00020a117c6947ac925819ab11fc2e3b Platform:None] joined this ARK!
[2024.09.06-00.44.41:826][952]UNetConnection::UpdateLevelVisibilityInternal: ERROR! Missing level package /Game/Maps/Aberration/Aberration_WP/_Generated_/Aberration_WP_MainGrid_L8_X0_Y0_DL1283C98C,/Game/Maps/Aberration/Aberration_WP/_Generated_/Aberration_WP_MainGrid_L8_X0_Y0_DL1283C98C
[2024.09.06-00.45.05:626][524]2024.09.06_00.45.05: Tribe Tribe of Pablo, ID 1338585374: Day 2, 00:09:29: <RichColor Color="0, 1, 1, 1">Pablo was added to the Tribe!</>)
[2024.09.06-00.45.05:632][524]2024.09.06_00.45.05: Player RADEMPIRE with ID 426839757 joined tribe Tribe of Pablo with ID 1338585374.
[2024.09.06-00.45.06:113][533]2024.09.06_00.45.06: Tribe Tribe of Mango, ID 1773629605: Day 2, 00:09:40: <RichColor Color="1, 0, 0, 1">Tribemember Banana - Lvl 69 was killed!</>)
[2024.09.06-00.45.06:116][533]2024.09.06_00.45.06: Banana - Lvl 69 (Tribe of Mango) was killed!
[2024.09.06-00.45.10:758][628]2024.09.06_00.45.10: SERVER: martyrd0nk3y: Just let us know if you see any issues. Even if we are not in the server we will still see the chat. Any suggestions are welcome as well 
[2024.09.06-00.45.28:834][  3]2024.09.06_00.45.28: BIGFOOT (Mango): Will do!
[2024.09.06-00.45.29:157][  9]2024.09.06_00.45.29: RehDragon (RehDragon): F1 has been update for a holder.
[2024.09.06-00.45.41:127][263]Garbage Collection Triggered!
[2024.09.06-00.45.42:322][265]2024.09.06_00.45.42: Tribe Tribe of Pablo, ID 1338585374: Day 2, 00:23:56: <RichColor Color="1, 0, 0, 1">Tribemember Pablo - Lvl 1 was killed by an Aberrant Raptor - Lvl 95!</>)
[2024.09.06-00.45.42:329][265]2024.09.06_00.45.42: Pablo - Lvl 1 (Tribe of Pablo) was killed by an Aberrant Raptor - Lvl 95 ()!
