[2024.09.06-00.02.35:318][  0]Log file open, 09/06/24 02:02:35
[2024.09.06-00.02.35:319][  0]LogMemory: Platform Memory Stats for WindowsServer
[2024.09.06-00.02.35:319][  0]LogMemory: Process Physical Memory: 244.66 MB used, 297.86 MB peak
[2024.09.06-00.02.35:319][  0]LogMemory: Process Virtual Memory: 263.92 MB used, 263.92 MB peak
[2024.09.06-00.02.35:319][  0]LogMemory: Physical Memory: 5384.47 MB used,  27287.98 MB free, 32672.45 MB total
[2024.09.06-00.02.35:319][  0]LogMemory: Virtual Memory: 9647.63 MB used,  28144.81 MB free, 37792.45 MB total
[2024.09.06-00.02.35:871][  0]11

[2024.09.06-00.02.35:880][  0]ARK Version: 52.5
[2024.09.06-00.02.36:150][  0]LogCFCore: SetSettings called:
{
	"defaultLanguage": "en",
	"gameId": 83374,
	"apiKey": "*****1aZe",
	"maxConcurrentInstallations": 3,
	"modsDirectory": "ShooterGame/Mods",
	"modsDirectoryMode": "CFCore",
	"userDataDirectory": "ShooterGame/ModsUserData",
	"isServer": true,
	"isServerPcOnly": false,
	"throttling":
	{
		"diskWriteBytesPerSec": 0
	},
	"premiumMods":
	{
		"publicKeyPem": "*****"
	},
	"logger":
	{
		"enabled": true,
		"history": 8,
		"maxSizeInMB": 2
	},
	"dynamicContentCategoryIds": [ 6844 ]
}
[2024.09.06-00.02.36:150][  0]LogCFCore: InternalSettings called:
{
	"apiBaseUrl": "https://api.curseforge.com",
	"chunkedUploadServerUrl": "https://chunk-uploads.curseforge.com",
	"analyticsUrl": "https://analyticsnew.overwolf.com/analytics/Counter",
	"userAgent": "cfcore.ue 1.0.99",
	"platform": "windows",
	"pluginVersion": "1.0.99",
	"httpFileDownloadTimeoutSecs": 1200
}
[2024.09.06-00.02.36:192][  0]LogCFCore: User context not loaded from disk
[2024.09.06-00.02.36:476][  8]LogCFCore: Query server result: 21 mods
[2024.09.06-00.02.36:512][  9]LogCFCore: No need to update existing mod: EOS ID Helper (CrossPlay) (980463)
[2024.09.06-00.02.36:512][  9]LogCFCore: No need to update existing mod: maewings (929521)
[2024.09.06-00.02.36:512][  9]LogCFCore: No need to update existing mod: Pull It! (940022)
[2024.09.06-00.02.36:512][  9]LogCFCore: No need to update existing mod: Ammo Box Ascended (967856)
[2024.09.06-00.02.36:512][  9]LogCFCore: No need to update existing mod: PVP Scoreboard (931903)
[2024.09.06-00.02.36:512][  9]LogCFCore: No need to update existing mod: Solo Farm Mod (928501)
[2024.09.06-00.02.36:512][  9]LogCFCore: No need to update existing mod: CliffPlatforms (933872)
[2024.09.06-00.02.36:512][  9]LogCFCore: No need to update existing mod: Custom Dino Levels (928708)
[2024.09.06-00.02.36:512][  9]LogCFCore: No need to update existing mod: Utilities Plus (928621)
[2024.09.06-00.02.36:512][  9]LogCFCore: No need to update existing mod: QoL+ (939228)
[2024.09.06-00.02.36:512][  9]LogCFCore: No need to update existing mod: Dino+ (Nanny, Hatchey) (937546)
[2024.09.06-00.02.36:512][  9]LogCFCore: No need to update existing mod: Resonant's Shop Mod (936660)
[2024.09.06-00.02.36:512][  9]LogCFCore: No need to update existing mod: Super Spyglass Plus (929420)
[2024.09.06-00.02.36:512][  9]LogCFCore: No need to update existing mod: WBUI2 (931119)
[2024.09.06-00.02.36:512][  9]LogCFCore: No need to update existing mod: TG Stacking Mod 10000-90 (929110)
[2024.09.06-00.02.36:512][  9]LogCFCore: No need to update existing mod: Admin Panel (929868)
[2024.09.06-00.02.36:512][  9]LogCFCore: No need to update existing mod: Ez's Engram Unlocker (PC/Xbox/PS) (929912)
[2024.09.06-00.02.36:512][  9]LogCFCore: No need to update existing mod: ARKomatic (939055)
[2024.09.06-00.02.36:512][  9]LogCFCore: No need to update existing mod: Automated Dino Wipes (947733)
[2024.09.06-00.02.36:512][  9]LogCFCore: No need to update existing mod: ASA-Bot Companion (936882)
[2024.09.06-00.02.36:512][  9]LogCFCore: No need to update existing mod: Pelayori's Cryo Storage (Crossplay!) (928793)
[2024.09.06-00.02.36:513][  9]LogCFCore: Mod valid: EOS ID Helper (CrossPlay) (980463)
[2024.09.06-00.02.36:513][  9]LogCFCore: Mod valid: maewings (929521)
[2024.09.06-00.02.36:513][  9]LogCFCore: Mod valid: Pull It! (940022)
[2024.09.06-00.02.36:513][  9]LogCFCore: Mod valid: Ammo Box Ascended (967856)
[2024.09.06-00.02.36:513][  9]LogCFCore: Mod valid: PVP Scoreboard (931903)
[2024.09.06-00.02.36:513][  9]LogCFCore: Mod valid: Solo Farm Mod (928501)
[2024.09.06-00.02.36:513][  9]LogCFCore: Mod valid: CliffPlatforms (933872)
[2024.09.06-00.02.36:513][  9]LogCFCore: Mod valid: Custom Dino Levels (928708)
[2024.09.06-00.02.36:513][  9]LogCFCore: Mod valid: Utilities Plus (928621)
[2024.09.06-00.02.36:513][  9]LogCFCore: Mod valid: QoL+ (939228)
[2024.09.06-00.02.36:513][  9]LogCFCore: Mod valid: Dino+ (Nanny, Hatchey) (937546)
[2024.09.06-00.02.36:513][  9]LogCFCore: Mod valid: Resonant's Shop Mod (936660)
[2024.09.06-00.02.36:513][  9]LogCFCore: Mod valid: Super Spyglass Plus (929420)
[2024.09.06-00.02.36:513][  9]LogCFCore: Mod valid: WBUI2 (931119)
[2024.09.06-00.02.36:513][  9]LogCFCore: Mod valid: TG Stacking Mod 10000-90 (929110)
[2024.09.06-00.02.36:513][  9]LogCFCore: Mod valid: Admin Panel (929868)
[2024.09.06-00.02.36:513][  9]LogCFCore: Mod valid: Ez's Engram Unlocker (PC/Xbox/PS) (929912)
[2024.09.06-00.02.36:513][  9]LogCFCore: Mod valid: ARKomatic (939055)
[2024.09.06-00.02.36:513][  9]LogCFCore: Mod valid: Automated Dino Wipes (947733)
[2024.09.06-00.02.36:513][  9]LogCFCore: Mod valid: ASA-Bot Companion (936882)
[2024.09.06-00.02.36:513][  9]LogCFCore: Mod valid: Pelayori's Cryo Storage (Crossplay!) (928793)
[2024.09.06-00.02.36:691][ 10]UShooterEngine::LoadGameMods with 21 mods
[2024.09.06-00.02.36:691][ 10]UShooterEngine::LoadGameMods Loading Mod ShooterGame/Mods/83374/929420_5509935/SuperSpyglassPlus/Content/PrimalGameData_BP_SSP_Kav.uasset : 929420
[2024.09.06-00.02.37:374][ 10]UShooterEngine::LoadGameMods Using mod asset Package /SuperSpyglassPlus/PrimalGameData_BP_SSP_Kav as PrimalGameDataOverride.
[2024.09.06-00.02.37:374][ 10]UShooterEngine::LoadGameMods Loading Mod ShooterGame/Mods/83374/928621_4856794/UtilsPlus/Content/PrimalGameData_BP_UtilPlus.uasset : 928621
[2024.09.06-00.02.37:403][ 10]UShooterEngine::LoadGameMods Merging mod asset Package /UtilsPlus/PrimalGameData_BP_UtilPlus with PrimalGameDataOverride.
[2024.09.06-00.02.37:403][ 10]UShooterEngine::LoadGameMods Loading Mod ShooterGame/Mods/83374/928708_4894074/LevelTestingMod/Content/PrimalGameData_BP_LevelTesting.uasset : 928708
[2024.09.06-00.02.37:825][ 10]UShooterEngine::LoadGameMods Merging mod asset Package /LevelTestingMod/PrimalGameData_BP_LevelTesting with PrimalGameDataOverride.
[2024.09.06-00.02.37:825][ 10]UShooterEngine::LoadGameMods Loading Mod ShooterGame/Mods/83374/928501_5509903/SoloFarmMod/Content/PrimalGameData_BP_SoloFarmMod.uasset : 928501
[2024.09.06-00.02.37:850][ 10]UShooterEngine::LoadGameMods Merging mod asset Package /SoloFarmMod/PrimalGameData_BP_SoloFarmMod with PrimalGameDataOverride.
[2024.09.06-00.02.37:850][ 10]UShooterEngine::LoadGameMods Loading Mod ShooterGame/Mods/83374/939055_5639286/ARKomatic/Content/PrimalGameData_BP_ARKomatic.uasset : 939055
[2024.09.06-00.02.37:867][ 10]UShooterEngine::LoadGameMods Merging mod asset Package /ARKomatic/PrimalGameData_BP_ARKomatic with PrimalGameDataOverride.
[2024.09.06-00.02.37:867][ 10]UShooterEngine::LoadGameMods Loading Mod ShooterGame/Mods/83374/929110_5569237/TG_Stack_10000_90/Content/PrimalGameData_TG_Stack_10000_90.uasset : 929110
[2024.09.06-00.02.37:885][ 10]UShooterEngine::LoadGameMods Merging mod asset Package /TG_Stack_10000_90/PrimalGameData_TG_Stack_10000_90 with PrimalGameDataOverride.
[2024.09.06-00.02.37:885][ 10]UShooterEngine::LoadGameMods Loading Mod ShooterGame/Mods/83374/939228_5078487/QoLPlus/Content/PrimalGameData_QoLPlus.uasset : 939228
[2024.09.06-00.02.38:002][ 10]UShooterEngine::LoadGameMods Merging mod asset Package /QoLPlus/PrimalGameData_QoLPlus with PrimalGameDataOverride.
[2024.09.06-00.02.38:003][ 10]UShooterEngine::LoadGameMods Loading Mod ShooterGame/Mods/83374/933872_5330183/CliffPlatforms/Content/PrimalGameData_BP_Cliffplatforms.uasset : 933872
[2024.09.06-00.02.38:027][ 10]UShooterEngine::LoadGameMods Merging mod asset Package /CliffPlatforms/PrimalGameData_BP_Cliffplatforms with PrimalGameDataOverride.
[2024.09.06-00.02.38:027][ 10]UShooterEngine::LoadGameMods Loading Mod ShooterGame/Mods/83374/947733_5521328/AutomatedDinoWipes/Content/PrimalGameData_BP_AutomatedDinoWipes.uasset : 947733
[2024.09.06-00.02.38:076][ 10]UShooterEngine::LoadGameMods Merging mod asset Package /AutomatedDinoWipes/PrimalGameData_BP_AutomatedDinoWipes with PrimalGameDataOverride.
[2024.09.06-00.02.38:076][ 10]UShooterEngine::LoadGameMods Loading Mod ShooterGame/Mods/83374/929912_5669096/EzEngramUnlocker/Content/PrimalGameData_BP_EzEngramUnlocker.uasset : 929912
[2024.09.06-00.02.38:094][ 10]UShooterEngine::LoadGameMods Merging mod asset Package /EzEngramUnlocker/PrimalGameData_BP_EzEngramUnlocker with PrimalGameDataOverride.
[2024.09.06-00.02.38:094][ 10]UShooterEngine::LoadGameMods Loading Mod ShooterGame/Mods/83374/940022_5102443/PullIt/Content/PrimalGameData_BP_PullIt.uasset : 940022
[2024.09.06-00.02.38:128][ 10]UShooterEngine::LoadGameMods Merging mod asset Package /PullIt/PrimalGameData_BP_PullIt with PrimalGameDataOverride.
[2024.09.06-00.02.38:128][ 10]UShooterEngine::LoadGameMods Loading Mod ShooterGame/Mods/83374/936660_5568098/ShopMod/Content/PrimalGameData_BP_BlankMod.uasset : 936660
[2024.09.06-00.02.40:059][ 10]UShooterEngine::LoadGameMods Merging mod asset Package /ShopMod/PrimalGameData_BP_BlankMod with PrimalGameDataOverride.
[2024.09.06-00.02.40:060][ 10]UShooterEngine::LoadGameMods Loading Mod ShooterGame/Mods/83374/931903_5036004/PVPScoreboard/Content/PrimalGameData_BP_PVPScoreboard.uasset : 931903
[2024.09.06-00.02.40:093][ 10]UShooterEngine::LoadGameMods Merging mod asset Package /PVPScoreboard/PrimalGameData_BP_PVPScoreboard with PrimalGameDataOverride.
[2024.09.06-00.02.40:094][ 10]UShooterEngine::LoadGameMods Loading Mod ShooterGame/Mods/83374/967856_5238619/AmmoBoxAscended/Content/PrimalGameData_BP_AmmoBoxAscended.uasset : 967856
[2024.09.06-00.02.40:111][ 10]UShooterEngine::LoadGameMods Merging mod asset Package /AmmoBoxAscended/PrimalGameData_BP_AmmoBoxAscended with PrimalGameDataOverride.
[2024.09.06-00.02.40:111][ 10]UShooterEngine::LoadGameMods Loading Mod ShooterGame/Mods/83374/928793_5622484/Cryopods/Content/PrimalGameData_BP_Cryopods.uasset : 928793
[2024.09.06-00.02.40:156][ 10]UShooterEngine::LoadGameMods Merging mod asset Package /Cryopods/PrimalGameData_BP_Cryopods with PrimalGameDataOverride.
[2024.09.06-00.02.40:156][ 10]UShooterEngine::LoadGameMods Loading Mod ShooterGame/Mods/83374/937546_4928343/DPlusMod/Content/PrimalGameData_BP_DPlusMod.uasset : 937546
[2024.09.06-00.02.40:175][ 10]UShooterEngine::LoadGameMods Merging mod asset Package /DPlusMod/PrimalGameData_BP_DPlusMod with PrimalGameDataOverride.
[2024.09.06-00.02.40:175][ 10]UShooterEngine::LoadGameMods Loading Mod ShooterGame/Mods/83374/980463_5142852/EOSIDHelper/Content/PrimalGameData_BP_EOSIDHelper.uasset : 980463
[2024.09.06-00.02.40:194][ 10]UShooterEngine::LoadGameMods Merging mod asset Package /EOSIDHelper/PrimalGameData_BP_EOSIDHelper with PrimalGameDataOverride.
[2024.09.06-00.02.40:194][ 10]UShooterEngine::LoadGameMods Loading Mod ShooterGame/Mods/83374/929521_5238433/maewings/Content/PrimalGameData_BP_Maewings.uasset : 929521
[2024.09.06-00.02.40:212][ 10]UShooterEngine::LoadGameMods Merging mod asset Package /maewings/PrimalGameData_BP_Maewings with PrimalGameDataOverride.
[2024.09.06-00.02.40:212][ 10]UShooterEngine::LoadGameMods Loading Mod ShooterGame/Mods/83374/936882_5662285/ASA-Bot-Companion/Content/PrimalGameData_BP_ASABot.uasset : 936882
[2024.09.06-00.02.40:238][ 10]UShooterEngine::LoadGameMods Merging mod asset Package /ASA-Bot-Companion/PrimalGameData_BP_ASABot with PrimalGameDataOverride.
[2024.09.06-00.02.40:238][ 10]UShooterEngine::LoadGameMods Loading Mod ShooterGame/Mods/83374/929868_5620117/AdminPanel/Content/PrimalGameData_BP_AdminPanel.uasset : 929868
[2024.09.06-00.02.40:313][ 10]UShooterEngine::LoadGameMods Merging mod asset Package /AdminPanel/PrimalGameData_BP_AdminPanel with PrimalGameDataOverride.
[2024.09.06-00.02.40:313][ 10]UShooterEngine::LoadGameMods Loading Mod ShooterGame/Mods/83374/931119_5531437/WBUI2/Content/PrimalGameData_BP_WBUI.uasset : 931119
[2024.09.06-00.02.40:343][ 10]UShooterEngine::LoadGameMods Merging mod asset Package /WBUI2/PrimalGameData_BP_WBUI with PrimalGameDataOverride.
[2024.09.06-00.02.40:343][ 10]Initialize Primal Game Data Override.
[2024.09.06-00.02.40:357][ 10]Added Explorer Note Entry: DEARJANE_EXP_NOTE_1
[2024.09.06-00.02.40:357][ 10]Added Explorer Note Entry: DEARJANE_EXP_NOTE_2
[2024.09.06-00.02.40:357][ 10]Added Explorer Note Entry: DEARJANE_EXP_NOTE_3
[2024.09.06-00.02.40:357][ 10]Added Explorer Note Entry: DEARJANE_EXP_NOTE_4
[2024.09.06-00.02.40:357][ 10]Added Explorer Note Entry: DEARJANE_EXP_NOTE_5
[2024.09.06-00.02.40:357][ 10]Added Explorer Note Entry: DEARJANE_EXP_NOTE_6
[2024.09.06-00.02.40:357][ 10]Added Explorer Note Entry: DEARJANE_EXP_NOTE_7
[2024.09.06-00.02.40:359][ 10]Primal Game Data Took 0.00 seconds
[2024.09.06-00.02.40:364][ 10]Added Explorer Note Entry: DEARJANE_EXP_NOTE_1
[2024.09.06-00.02.40:364][ 10]Added Explorer Note Entry: DEARJANE_EXP_NOTE_2
[2024.09.06-00.02.40:364][ 10]Added Explorer Note Entry: DEARJANE_EXP_NOTE_3
[2024.09.06-00.02.40:364][ 10]Added Explorer Note Entry: DEARJANE_EXP_NOTE_4
[2024.09.06-00.02.40:364][ 10]Added Explorer Note Entry: DEARJANE_EXP_NOTE_5
[2024.09.06-00.02.40:364][ 10]Added Explorer Note Entry: DEARJANE_EXP_NOTE_6
[2024.09.06-00.02.40:364][ 10]Added Explorer Note Entry: DEARJANE_EXP_NOTE_7
[2024.09.06-00.02.41:026][ 10]Server Initializing with BattlEye Anti-Cheat Protection. If you do not wish to use BattlEye, please launch with -NoBattlEye
[2024.09.06-00.02.41:032][ 10]BattlEye successfully started.
[2024.09.06-00.03.15:561][ 10]2024.09.06_00.03.15: [CCA_ASABot_C_2147476376] Loading INI Settings
[2024.09.06-00.03.15:575][ 10]2024.09.06_00.03.15: Version 2.1.0 --- CF Revision 117 --- Build Date Jul 8, 2024, 11:50:00 AM
[2024.09.06-00.03.21:876][ 10][Pelayori's Cryo Storage] Server mod version: 54
[2024.09.06-00.03.21:876][ 10]ADW_Version_v0.15
[2024.09.06-00.03.21:876][ 10]ADW_Begin (UTC Time Now = 0:03)
[2024.09.06-00.03.21:876][ 10]Admin Panel Active
[2024.09.06-00.03.21:876][ 10]Admin Panel Version:55
[2024.09.06-00.03.52:750][ 10]Server: "9/6 [NA](AB1) nARKotic 20x/4man/shop/kits/boosted" has successfully started!
[2024.09.06-00.04.02:276][ 10]Commandline:  Aberration_WP?listen?Port=27020 -servergamelog -servergamelogincludetribelogs -ServerRCONOutputTribeLogs -Mods=929420,928621,928708,928501,939055,929110,939228,933872,947733,929912,940022,936660,931903,967856,928793,937546,980463,929521,936882,929868,931119
[2024.09.06-00.04.02:276][ 10]Full Startup: 87.43 seconds
[2024.09.06-00.04.02:276][ 10]Number of cores 28
[2024.09.06-00.04.05:029][ 24]2024.09.06_00.04.05: [WBUI] [CCA] [Version] Up to Date: v1.22
[2024.09.06-00.04.05:038][ 24]2024.09.06_00.04.05: [WBUI] [CCA] [INI-Setting] JsonURL= 
[2024.09.06-00.04.05:050][ 24]2024.09.06_00.04.05: [WBUI] [CCA] [INI-Settings] JsonURL empty. Settings Default: "https://raw.githubusercontent.com/DC-Modding/WBUI2-Wiki/main/default.json"
[2024.09.06-00.04.05:062][ 24]2024.09.06_00.04.05: [WBUI] [CCA] [Request] Sending request to: https://raw.githubusercontent.com/DC-Modding/WBUI2-Wiki/main/default.json
[2024.09.06-00.04.05:108][ 25]2024.09.06_00.04.05: [WBUI] [CCA] [Json] No Errors, Valid WBUI2 Json
[2024.09.06-00.04.05:116][ 25]2024.09.06_00.04.05: [WBUI] [CCA]  Updated Settings
[2024.09.06-00.04.05:128][ 25]IP for incoming account 0002a0b12ff54d80a45035c18750b660 - IP 75.162.76.100
[2024.09.06-00.04.10:199][109]2024.09.06_00.04.10: RehDragon [UniqueNetId:0002a0b12ff54d80a45035c18750b660 Platform:None] joined this ARK!
[2024.09.06-00.04.14:419][233]Server has completed startup and is now advertising for join.
[2024.09.06-00.05.05:093][753]IP for incoming account 00022720309a47abaa857509b3d93774 - IP 24.64.80.167
[2024.09.06-00.05.10:060][901]2024.09.06_00.05.10: MulletMaster932 [UniqueNetId:00022720309a47abaa857509b3d93774 Platform:None] joined this ARK!
[2024.09.06-00.05.10:531][915]2024.09.06_00.05.10: [WBUI] [CCA] [INI-Setting] JsonURL= 
[2024.09.06-00.05.10:536][915]2024.09.06_00.05.10: [WBUI] [CCA] [INI-Settings] JsonURL empty. Settings Default: "https://raw.githubusercontent.com/DC-Modding/WBUI2-Wiki/main/default.json"
[2024.09.06-00.05.10:547][915]2024.09.06_00.05.10: [WBUI] [CCA] [Json] No Errors, Valid WBUI2 Json
[2024.09.06-00.05.11:273][937]UNetConnection::UpdateLevelVisibilityInternal: ERROR! Missing level package /Game/Maps/Aberration/Aberration_WP/_Generated_/Aberration_WP_MainGrid_L8_X0_Y0_DL1283C98C,/Game/Maps/Aberration/Aberration_WP/_Generated_/Aberration_WP_MainGrid_L8_X0_Y0_DL1283C98C
[2024.09.06-00.05.40:057][801]2024.09.06_00.05.40: [WBUI] [CCA] [INI-Setting] JsonURL= 
[2024.09.06-00.05.40:068][801]2024.09.06_00.05.40: [WBUI] [CCA] [INI-Settings] JsonURL empty. Settings Default: "https://raw.githubusercontent.com/DC-Modding/WBUI2-Wiki/main/default.json"
[2024.09.06-00.05.40:080][801]2024.09.06_00.05.40: [WBUI] [CCA] [Json] No Errors, Valid WBUI2 Json
[2024.09.06-00.06.03:978][517]2024.09.06_00.06.03: Tribe Tribe of Sniggin, ID 1792631149: Day 1, 13:31:15: <RichColor Color="0, 1, 1, 1">Sniggin was added to the Tribe!</>)
[2024.09.06-00.06.03:987][517]2024.09.06_00.06.03: Player MulletMaster932 with ID 634679569 joined tribe Tribe of Sniggin with ID 1792631149.
[2024.09.06-00.06.13:158][741]2024.09.06_00.06.13: RehDragon [UniqueNetId:0002a0b12ff54d80a45035c18750b660 Platform:None] left this ARK!
[2024.09.06-00.06.29:606][143]IP for incoming account 0002a0b12ff54d80a45035c18750b660 - IP 75.162.76.100
[2024.09.06-00.06.31:086][181]2024.09.06_00.06.31: Tribe Tribe of Sniggin, ID 1792631149: Day 1, 13:42:06: <RichColor Color="1, 0, 0, 1">Tribemember Sniggin - Lvl 1 was killed by an Aberrant Pulmonoscorpius - Lvl 35!</>)
[2024.09.06-00.06.31:092][181]2024.09.06_00.06.31: Sniggin - Lvl 1 (Tribe of Sniggin) was killed by an Aberrant Pulmonoscorpius - Lvl 35 ()!
[2024.09.06-00.06.35:066][285]2024.09.06_00.06.35: RehDragon [UniqueNetId:0002a0b12ff54d80a45035c18750b660 Platform:None] joined this ARK!
[2024.09.06-00.07.41:409][ 34]2024.09.06_00.07.41: Saving world...
[2024.09.06-00.07.41:418][ 34]2024.09.06_00.07.41: World Save Complete. Took: 0.463897
[2024.09.06-00.08.47:892][837]2024.09.06_00.08.47: MulletMaster932 [UniqueNetId:00022720309a47abaa857509b3d93774 Platform:None] left this ARK!
[2024.09.06-00.09.01:113][219]IP for incoming account 0002687cb3d249f9a9eaf387e9019816 - IP 89.240.237.77
[2024.09.06-00.09.08:211][430]2024.09.06_00.09.08: ABN GRANDMA [UniqueNetId:0002687cb3d249f9a9eaf387e9019816 Platform:None] joined this ARK!
[2024.09.06-00.09.09:488][468]UNetConnection::UpdateLevelVisibilityInternal: ERROR! Missing level package /Game/Maps/Aberration/Aberration_WP/_Generated_/Aberration_WP_MainGrid_L8_X0_Y0_DL1283C98C,/Game/Maps/Aberration/Aberration_WP/_Generated_/Aberration_WP_MainGrid_L8_X0_Y0_DL1283C98C
[2024.09.06-00.09.56:392][874]2024.09.06_00.09.56: Tribe Tribe of Sniggin, ID 1792631149: Day 1, 15:04:13: <RichColor Color="1, 0, 0, 1">Tribemember Sniggin - Lvl 2 was killed!</>)
[2024.09.06-00.09.56:396][874]2024.09.06_00.09.56: Sniggin - Lvl 2 (Tribe of Sniggin) was killed!
[2024.09.06-00.10.49:974][479]2024.09.06_00.10.49: Tribe Tribe of EAT ME, ID 1907183865: Day 1, 15:25:38: <RichColor Color="0, 1, 1, 1">EAT ME was added to the Tribe!</>)
[2024.09.06-00.10.49:976][479]2024.09.06_00.10.49: Player ABN GRANDMA with ID 23940367 joined tribe Tribe of EAT ME with ID 1907183865.
[2024.09.06-00.11.21:399][419]IP for incoming account 00024f7de7944284a4017e2b97df06e3 - IP 13.104.113.93
[2024.09.06-00.11.26:092][559]2024.09.06_00.11.26: HiAssJiveTurkey [UniqueNetId:00024f7de7944284a4017e2b97df06e3 Platform:None] joined this ARK!
[2024.09.06-00.11.27:165][591]UNetConnection::UpdateLevelVisibilityInternal: ERROR! Missing level package /Game/Maps/Aberration/Aberration_WP/_Generated_/Aberration_WP_MainGrid_L8_X0_Y0_DL1283C98C,/Game/Maps/Aberration/Aberration_WP/_Generated_/Aberration_WP_MainGrid_L8_X0_Y0_DL1283C98C
[2024.09.06-00.11.31:713][728]IP for incoming account 0002af44dbb24634ab866790967c5c1e - IP 99.225.213.153
[2024.09.06-00.11.37:010][886]2024.09.06_00.11.37: SilkySauce [UniqueNetId:0002af44dbb24634ab866790967c5c1e Platform:None] joined this ARK!
[2024.09.06-00.11.38:089][918]UNetConnection::UpdateLevelVisibilityInternal: ERROR! Missing level package /Game/Maps/Aberration/Aberration_WP/_Generated_/Aberration_WP_MainGrid_L8_X0_Y0_DL1283C98C,/Game/Maps/Aberration/Aberration_WP/_Generated_/Aberration_WP_MainGrid_L8_X0_Y0_DL1283C98C
[2024.09.06-00.11.56:144][460]IP for incoming account 0002d60206864cbcb3f8bea1bc254162 - IP 104.218.215.232
[2024.09.06-00.12.01:103][608]2024.09.06_00.12.01: TacoTuesday1477 [UniqueNetId:0002d60206864cbcb3f8bea1bc254162 Platform:None] joined this ARK!
[2024.09.06-00.12.01:952][633]UNetConnection::UpdateLevelVisibilityInternal: ERROR! Missing level package /Game/Maps/Aberration/Aberration_WP/_Generated_/Aberration_WP_MainGrid_L8_X0_Y0_DL1283C98C,/Game/Maps/Aberration/Aberration_WP/_Generated_/Aberration_WP_MainGrid_L8_X0_Y0_DL1283C98C
[2024.09.06-00.12.28:285][421]2024.09.06_00.12.28: Tribe Tribe of sauce, ID 1504903447: Day 1, 16:04:58: <RichColor Color="0, 1, 1, 1">sauce was added to the Tribe!</>)
[2024.09.06-00.12.28:288][421]2024.09.06_00.12.28: Player SilkySauce with ID 16115455 joined tribe Tribe of sauce with ID 1504903447.
[2024.09.06-00.12.41:426][785]2024.09.06_00.12.41: Saving world...
[2024.09.06-00.12.41:429][785]2024.09.06_00.12.41: World Save Complete. Took: 0.437904
[2024.09.06-00.13.18:515][802]IP for incoming account 00021acbaf094a78ab15ec9c1732d4d0 - IP 107.11.184.93
[2024.09.06-00.13.24:679][976]2024.09.06_00.13.24: Tribe Tribe of sauce, ID 1504903447: Day 1, 16:27:32: <RichColor Color="1, 0, 0, 1">Tribemember sauce - Lvl 1 was killed by a Basilisk - Lvl 15!</>)
[2024.09.06-00.13.24:690][976]2024.09.06_00.13.24: sauce - Lvl 1 (Tribe of sauce) was killed by a Basilisk - Lvl 15 ()!
[2024.09.06-00.13.27:557][ 58]2024.09.06_00.13.27: BIGFOOT [UniqueNetId:00021acbaf094a78ab15ec9c1732d4d0 Platform:None] joined this ARK!
[2024.09.06-00.13.41:854][466]IP for incoming account 0002789f4f984c6787a5898016eb4375 - IP 66.22.137.97
[2024.09.06-00.13.47:612][636]2024.09.06_00.13.47: Tribe Tribe of Mango, ID 1773629605: Day 1, 16:36:41: <RichColor Color="0, 1, 1, 1">Mango was added to the Tribe!</>)
[2024.09.06-00.13.47:617][636]2024.09.06_00.13.47: Player BIGFOOT with ID 371148490 joined tribe Tribe of Mango with ID 1773629605.
[2024.09.06-00.13.49:347][680]2024.09.06_00.13.49: MartyrD0nk3y [UniqueNetId:0002789f4f984c6787a5898016eb4375 Platform:None] joined this ARK!
[2024.09.06-00.14.05:614][118]FNetGUIDCache::PeriodicCleanAndCompact:   1.43ms total time [  1.19ms CleanReferences() and   0.24ms compacting]; ObjectLookup.Num()=6316 [1192 removed]; NetGUIDLookup.Num()=5573 [1929 removed]
[2024.09.06-00.14.20:057][497]2024.09.06_00.14.20: SilkySauce [UniqueNetId:0002af44dbb24634ab866790967c5c1e Platform:None] left this ARK!
[2024.09.06-00.14.26:740][657]2024.09.06_00.14.26: Tribe Tribe of Shwat, ID 1714227183: Day 1, 16:52:20: <RichColor Color="0, 1, 1, 1">Shwat was added to the Tribe!</>)
[2024.09.06-00.14.26:743][657]2024.09.06_00.14.26: Player MartyrD0nk3y with ID 859484274 joined tribe Tribe of Shwat with ID 1714227183.
[2024.09.06-00.14.28:192][676]2024.09.06_00.14.28: HiAssJiveTurkey [UniqueNetId:00024f7de7944284a4017e2b97df06e3 Platform:None] left this ARK!
[2024.09.06-00.16.00:689][627]2024.09.06_00.16.00: Tribe Tribe of Taco, ID 1280585111: Day 1, 17:29:55: <RichColor Color="0, 1, 1, 1">Taco was added to the Tribe!</>)
[2024.09.06-00.16.00:701][627]2024.09.06_00.16.00: Player TacoTuesday1477 with ID 438631824 joined tribe Tribe of Taco with ID 1280585111.
[2024.09.06-00.16.05:656][735]Garbage Collection Triggered!
