[2024.08.29-13.53.32:077][  0]Log file open, 08/29/24 15:53:32
[2024.08.29-13.53.32:077][  0]LogMemory: Platform Memory Stats for WindowsServer
[2024.08.29-13.53.32:077][  0]LogMemory: Process Physical Memory: 284.56 MB used, 284.56 MB peak
[2024.08.29-13.53.32:077][  0]LogMemory: Process Virtual Memory: 308.54 MB used, 308.54 MB peak
[2024.08.29-13.53.32:077][  0]LogMemory: Physical Memory: 3291.60 MB used,  29380.84 MB free, 32672.45 MB total
[2024.08.29-13.53.32:077][  0]LogMemory: Virtual Memory: 7582.43 MB used,  30210.02 MB free, 37792.45 MB total
[2024.08.29-13.53.32:581][  0]11

[2024.08.29-13.53.32:587][  0]ARK Version: 51.23
[2024.08.29-13.53.32:849][  0]LogCFCore: SetSettings called:
{
	"defaultLanguage": "en",
	"gameId": 83374,
	"apiKey": "*****1aZe",
	"maxConcurrentInstallations": 3,
	"modsDirectory": "ShooterGame/Mods",
	"modsDirectoryMode": "CFCore",
	"userDataDirectory": "ShooterGame/ModsUserData",
	"isServer": true,
	"isServerPcOnly": false,
	"throttling":
	{
		"diskWriteBytesPerSec": 0
	},
	"premiumMods":
	{
		"publicKeyPem": "*****"
	},
	"logger":
	{
		"enabled": true,
		"history": 8,
		"maxSizeInMB": 2
	},
	"dynamicContentCategoryIds": [ 6844 ]
}
[2024.08.29-13.53.32:849][  0]LogCFCore: InternalSettings called:
{
	"apiBaseUrl": "https://api.curseforge.com",
	"chunkedUploadServerUrl": "https://chunk-uploads.curseforge.com",
	"analyticsUrl": "https://analyticsnew.overwolf.com/analytics/Counter",
	"userAgent": "cfcore.ue 1.0.99",
	"platform": "windows",
	"pluginVersion": "1.0.99",
	"httpFileDownloadTimeoutSecs": 1200
}
[2024.08.29-13.53.32:849][  0]LogCFCore: Warning: Couldn't load mods library from disk
[2024.08.29-13.53.32:850][  0]LogCFCore: User context not loaded from disk
[2024.08.29-13.53.42:865][294]LogCFCore: Error: Error querying server mods: ApiError: Failed (serverUnreachable)
[2024.08.29-13.53.44:786][295]LogMemory: Platform Memory Stats for WindowsServer
[2024.08.29-13.53.44:786][295]LogMemory: Process Physical Memory: 849.66 MB used, 850.18 MB peak
[2024.08.29-13.53.44:786][295]LogMemory: Process Virtual Memory: 864.30 MB used, 864.93 MB peak
[2024.08.29-13.53.44:786][295]LogMemory: Physical Memory: 3859.22 MB used,  28813.23 MB free, 32672.45 MB total
[2024.08.29-13.53.44:786][295]LogMemory: Virtual Memory: 8134.57 MB used,  29657.88 MB free, 37792.45 MB total
