[2024.08.29-13.56.46:876][  0]Log file open, 08/29/24 15:56:46
[2024.08.29-13.56.46:876][  0]LogMemory: Platform Memory Stats for WindowsServer
[2024.08.29-13.56.46:876][  0]LogMemory: Process Physical Memory: 281.31 MB used, 281.31 MB peak
[2024.08.29-13.56.46:876][  0]LogMemory: Process Virtual Memory: 304.87 MB used, 304.87 MB peak
[2024.08.29-13.56.46:876][  0]LogMemory: Physical Memory: 3298.66 MB used,  29373.78 MB free, 32672.45 MB total
[2024.08.29-13.56.46:876][  0]LogMemory: Virtual Memory: 7569.09 MB used,  30223.36 MB free, 37792.45 MB total
[2024.08.29-13.56.47:429][  0]11

[2024.08.29-13.56.47:435][  0]ARK Version: 51.23
[2024.08.29-13.56.47:677][  0]LogCFCore: SetSettings called:
{
	"defaultLanguage": "en",
	"gameId": 83374,
	"apiKey": "*****1aZe",
	"maxConcurrentInstallations": 3,
	"modsDirectory": "ShooterGame/Mods",
	"modsDirectoryMode": "CFCore",
	"userDataDirectory": "ShooterGame/ModsUserData",
	"isServer": true,
	"isServerPcOnly": false,
	"throttling":
	{
		"diskWriteBytesPerSec": 0
	},
	"premiumMods":
	{
		"publicKeyPem": "*****"
	},
	"logger":
	{
		"enabled": true,
		"history": 8,
		"maxSizeInMB": 2
	},
	"dynamicContentCategoryIds": [ 6844 ]
}
[2024.08.29-13.56.47:677][  0]LogCFCore: InternalSettings called:
{
	"apiBaseUrl": "https://api.curseforge.com",
	"chunkedUploadServerUrl": "https://chunk-uploads.curseforge.com",
	"analyticsUrl": "https://analyticsnew.overwolf.com/analytics/Counter",
	"userAgent": "cfcore.ue 1.0.99",
	"platform": "windows",
	"pluginVersion": "1.0.99",
	"httpFileDownloadTimeoutSecs": 1200
}
[2024.08.29-13.56.47:677][  0]LogCFCore: Warning: Couldn't load mods library from disk
[2024.08.29-13.56.47:678][  0]LogCFCore: User context not loaded from disk
[2024.08.29-13.56.57:692][294]LogCFCore: Error: Error querying server mods: ApiError: Failed (serverUnreachable)
[2024.08.29-13.56.59:432][295]LogMemory: Platform Memory Stats for WindowsServer
[2024.08.29-13.56.59:432][295]LogMemory: Process Physical Memory: 848.15 MB used, 848.68 MB peak
[2024.08.29-13.56.59:432][295]LogMemory: Process Virtual Memory: 860.88 MB used, 861.52 MB peak
[2024.08.29-13.56.59:432][295]LogMemory: Physical Memory: 3860.02 MB used,  28812.43 MB free, 32672.45 MB total
[2024.08.29-13.56.59:432][295]LogMemory: Virtual Memory: 8126.53 MB used,  29665.91 MB free, 37792.45 MB total
