[2024.08.29-17.28.29:877][  0]Log file open, 08/29/24 19:28:29
[2024.08.29-17.28.29:877][  0]LogMemory: Platform Memory Stats for WindowsServer
[2024.08.29-17.28.29:877][  0]LogMemory: Process Physical Memory: 231.11 MB used, 267.80 MB peak
[2024.08.29-17.28.29:877][  0]LogMemory: Process Virtual Memory: 250.92 MB used, 250.92 MB peak
[2024.08.29-17.28.29:877][  0]LogMemory: Physical Memory: 4134.50 MB used,  28537.94 MB free, 32672.45 MB total
[2024.08.29-17.28.29:877][  0]LogMemory: Virtual Memory: 8304.98 MB used,  29487.46 MB free, 37792.45 MB total
[2024.08.29-17.28.30:446][  0]11

[2024.08.29-17.28.30:454][  0]ARK Version: 51.23
[2024.08.29-17.28.30:703][  0]LogCFCore: SetSettings called:
{
	"defaultLanguage": "en",
	"gameId": 83374,
	"apiKey": "*****1aZe",
	"maxConcurrentInstallations": 3,
	"modsDirectory": "ShooterGame/Mods",
	"modsDirectoryMode": "CFCore",
	"userDataDirectory": "ShooterGame/ModsUserData",
	"isServer": true,
	"isServerPcOnly": false,
	"throttling":
	{
		"diskWriteBytesPerSec": 0
	},
	"premiumMods":
	{
		"publicKeyPem": "*****"
	},
	"logger":
	{
		"enabled": true,
		"history": 8,
		"maxSizeInMB": 2
	},
	"dynamicContentCategoryIds": [ 6844 ]
}
[2024.08.29-17.28.30:703][  0]LogCFCore: InternalSettings called:
{
	"apiBaseUrl": "https://api.curseforge.com",
	"chunkedUploadServerUrl": "https://chunk-uploads.curseforge.com",
	"analyticsUrl": "https://analyticsnew.overwolf.com/analytics/Counter",
	"userAgent": "cfcore.ue 1.0.99",
	"platform": "windows",
	"pluginVersion": "1.0.99",
	"httpFileDownloadTimeoutSecs": 1200
}
[2024.08.29-17.28.30:744][  0]LogCFCore: User context not loaded from disk
[2024.08.29-17.28.30:989][  7]LogCFCore: Query server result: 19 mods
[2024.08.29-17.28.31:024][  8]LogCFCore: No need to update existing mod: EOS ID Helper (CrossPlay) (980463)
[2024.08.29-17.28.31:024][  8]LogCFCore: No need to update existing mod: maewings (929521)
[2024.08.29-17.28.31:024][  8]LogCFCore: No need to update existing mod: Pull It! (940022)
[2024.08.29-17.28.31:024][  8]LogCFCore: No need to update existing mod: Ammo Box Ascended (967856)
[2024.08.29-17.28.31:024][  8]LogCFCore: No need to update existing mod: PVP Scoreboard (931903)
[2024.08.29-17.28.31:024][  8]LogCFCore: No need to update existing mod: Solo Farm Mod (928501)
[2024.08.29-17.28.31:024][  8]LogCFCore: No need to update existing mod: CliffPlatforms (933872)
[2024.08.29-17.28.31:024][  8]LogCFCore: No need to update existing mod: Custom Dino Levels (928708)
[2024.08.29-17.28.31:024][  8]LogCFCore: No need to update existing mod: Utilities Plus (928621)
[2024.08.29-17.28.31:024][  8]LogCFCore: No need to update existing mod: QoL+ (939228)
[2024.08.29-17.28.31:024][  8]LogCFCore: No need to update existing mod: Dino+ (Nanny, Hatchey) (937546)
[2024.08.29-17.28.31:024][  8]LogCFCore: No need to update existing mod: Resonant's Shop Mod (936660)
[2024.08.29-17.28.31:024][  8]LogCFCore: No need to update existing mod: Super Spyglass Plus (929420)
[2024.08.29-17.28.31:024][  8]LogCFCore: No need to update existing mod: TG Stacking Mod 10000-90 (929110)
[2024.08.29-17.28.31:024][  8]LogCFCore: No need to update existing mod: Ez's Engram Unlocker (PC/Xbox/PS) (929912)
[2024.08.29-17.28.31:024][  8]LogCFCore: No need to update existing mod: ARKomatic (939055)
[2024.08.29-17.28.31:024][  8]LogCFCore: No need to update existing mod: Pelayori's Cryo Storage (Crossplay!) (928793)
[2024.08.29-17.28.31:024][  8]LogCFCore: No need to update existing mod: Automated Dino Wipes (947733)
[2024.08.29-17.28.31:024][  8]LogCFCore: No need to update existing mod: ASA-Bot Companion (936882)
[2024.08.29-17.28.31:025][  8]LogCFCore: Mod valid: EOS ID Helper (CrossPlay) (980463)
[2024.08.29-17.28.31:025][  8]LogCFCore: Mod valid: maewings (929521)
[2024.08.29-17.28.31:025][  8]LogCFCore: Mod valid: Pull It! (940022)
[2024.08.29-17.28.31:025][  8]LogCFCore: Mod valid: Ammo Box Ascended (967856)
[2024.08.29-17.28.31:025][  8]LogCFCore: Mod valid: PVP Scoreboard (931903)
[2024.08.29-17.28.31:025][  8]LogCFCore: Mod valid: Solo Farm Mod (928501)
[2024.08.29-17.28.31:025][  8]LogCFCore: Mod valid: CliffPlatforms (933872)
[2024.08.29-17.28.31:025][  8]LogCFCore: Mod valid: Custom Dino Levels (928708)
[2024.08.29-17.28.31:025][  8]LogCFCore: Mod valid: Utilities Plus (928621)
[2024.08.29-17.28.31:025][  8]LogCFCore: Mod valid: QoL+ (939228)
[2024.08.29-17.28.31:025][  8]LogCFCore: Mod valid: Dino+ (Nanny, Hatchey) (937546)
[2024.08.29-17.28.31:025][  8]LogCFCore: Mod valid: Resonant's Shop Mod (936660)
[2024.08.29-17.28.31:025][  8]LogCFCore: Mod valid: Super Spyglass Plus (929420)
[2024.08.29-17.28.31:025][  8]LogCFCore: Mod valid: TG Stacking Mod 10000-90 (929110)
[2024.08.29-17.28.31:025][  8]LogCFCore: Mod valid: Ez's Engram Unlocker (PC/Xbox/PS) (929912)
[2024.08.29-17.28.31:025][  8]LogCFCore: Mod valid: ARKomatic (939055)
[2024.08.29-17.28.31:025][  8]LogCFCore: Mod valid: Pelayori's Cryo Storage (Crossplay!) (928793)
[2024.08.29-17.28.31:025][  8]LogCFCore: Mod valid: Automated Dino Wipes (947733)
[2024.08.29-17.28.31:025][  8]LogCFCore: Mod valid: ASA-Bot Companion (936882)
[2024.08.29-17.28.31:164][  9]UShooterEngine::LoadGameMods with 19 mods
[2024.08.29-17.28.31:164][  9]UShooterEngine::LoadGameMods Loading Mod ShooterGame/Mods/83374/929420_5509935/SuperSpyglassPlus/Content/PrimalGameData_BP_SSP_Kav.uasset : 929420
[2024.08.29-17.28.31:788][  9]UShooterEngine::LoadGameMods Using mod asset Package /SuperSpyglassPlus/PrimalGameData_BP_SSP_Kav as PrimalGameDataOverride.
[2024.08.29-17.28.31:788][  9]UShooterEngine::LoadGameMods Loading Mod ShooterGame/Mods/83374/928621_4856794/UtilsPlus/Content/PrimalGameData_BP_UtilPlus.uasset : 928621
[2024.08.29-17.28.31:815][  9]UShooterEngine::LoadGameMods Merging mod asset Package /UtilsPlus/PrimalGameData_BP_UtilPlus with PrimalGameDataOverride.
[2024.08.29-17.28.31:815][  9]UShooterEngine::LoadGameMods Loading Mod ShooterGame/Mods/83374/928708_4894074/LevelTestingMod/Content/PrimalGameData_BP_LevelTesting.uasset : 928708
[2024.08.29-17.28.32:154][  9]UShooterEngine::LoadGameMods Merging mod asset Package /LevelTestingMod/PrimalGameData_BP_LevelTesting with PrimalGameDataOverride.
[2024.08.29-17.28.32:154][  9]UShooterEngine::LoadGameMods Loading Mod ShooterGame/Mods/83374/928501_5509903/SoloFarmMod/Content/PrimalGameData_BP_SoloFarmMod.uasset : 928501
[2024.08.29-17.28.32:178][  9]UShooterEngine::LoadGameMods Merging mod asset Package /SoloFarmMod/PrimalGameData_BP_SoloFarmMod with PrimalGameDataOverride.
[2024.08.29-17.28.32:178][  9]UShooterEngine::LoadGameMods Loading Mod ShooterGame/Mods/83374/939055_5639286/ARKomatic/Content/PrimalGameData_BP_ARKomatic.uasset : 939055
[2024.08.29-17.28.32:199][  9]UShooterEngine::LoadGameMods Merging mod asset Package /ARKomatic/PrimalGameData_BP_ARKomatic with PrimalGameDataOverride.
[2024.08.29-17.28.32:199][  9]UShooterEngine::LoadGameMods Loading Mod ShooterGame/Mods/83374/929110_5569237/TG_Stack_10000_90/Content/PrimalGameData_TG_Stack_10000_90.uasset : 929110
[2024.08.29-17.28.32:215][  9]UShooterEngine::LoadGameMods Merging mod asset Package /TG_Stack_10000_90/PrimalGameData_TG_Stack_10000_90 with PrimalGameDataOverride.
[2024.08.29-17.28.32:216][  9]UShooterEngine::LoadGameMods Loading Mod ShooterGame/Mods/83374/939228_5078487/QoLPlus/Content/PrimalGameData_QoLPlus.uasset : 939228
[2024.08.29-17.28.32:314][  9]UShooterEngine::LoadGameMods Merging mod asset Package /QoLPlus/PrimalGameData_QoLPlus with PrimalGameDataOverride.
[2024.08.29-17.28.32:314][  9]UShooterEngine::LoadGameMods Loading Mod ShooterGame/Mods/83374/933872_5330183/CliffPlatforms/Content/PrimalGameData_BP_Cliffplatforms.uasset : 933872
[2024.08.29-17.28.32:330][  9]UShooterEngine::LoadGameMods Merging mod asset Package /CliffPlatforms/PrimalGameData_BP_Cliffplatforms with PrimalGameDataOverride.
[2024.08.29-17.28.32:330][  9]UShooterEngine::LoadGameMods Loading Mod ShooterGame/Mods/83374/947733_5521328/AutomatedDinoWipes/Content/PrimalGameData_BP_AutomatedDinoWipes.uasset : 947733
[2024.08.29-17.28.32:362][  9]UShooterEngine::LoadGameMods Merging mod asset Package /AutomatedDinoWipes/PrimalGameData_BP_AutomatedDinoWipes with PrimalGameDataOverride.
[2024.08.29-17.28.32:362][  9]UShooterEngine::LoadGameMods Loading Mod ShooterGame/Mods/83374/929912_5669096/EzEngramUnlocker/Content/PrimalGameData_BP_EzEngramUnlocker.uasset : 929912
[2024.08.29-17.28.32:383][  9]UShooterEngine::LoadGameMods Merging mod asset Package /EzEngramUnlocker/PrimalGameData_BP_EzEngramUnlocker with PrimalGameDataOverride.
[2024.08.29-17.28.32:383][  9]UShooterEngine::LoadGameMods Loading Mod ShooterGame/Mods/83374/940022_5102443/PullIt/Content/PrimalGameData_BP_PullIt.uasset : 940022
[2024.08.29-17.28.32:408][  9]UShooterEngine::LoadGameMods Merging mod asset Package /PullIt/PrimalGameData_BP_PullIt with PrimalGameDataOverride.
[2024.08.29-17.28.32:408][  9]UShooterEngine::LoadGameMods Loading Mod ShooterGame/Mods/83374/936660_5568098/ShopMod/Content/PrimalGameData_BP_BlankMod.uasset : 936660
[2024.08.29-17.28.34:500][  9]UShooterEngine::LoadGameMods Merging mod asset Package /ShopMod/PrimalGameData_BP_BlankMod with PrimalGameDataOverride.
[2024.08.29-17.28.34:500][  9]UShooterEngine::LoadGameMods Loading Mod ShooterGame/Mods/83374/931903_5036004/PVPScoreboard/Content/PrimalGameData_BP_PVPScoreboard.uasset : 931903
[2024.08.29-17.28.34:526][  9]UShooterEngine::LoadGameMods Merging mod asset Package /PVPScoreboard/PrimalGameData_BP_PVPScoreboard with PrimalGameDataOverride.
[2024.08.29-17.28.34:526][  9]UShooterEngine::LoadGameMods Loading Mod ShooterGame/Mods/83374/967856_5238619/AmmoBoxAscended/Content/PrimalGameData_BP_AmmoBoxAscended.uasset : 967856
[2024.08.29-17.28.34:543][  9]UShooterEngine::LoadGameMods Merging mod asset Package /AmmoBoxAscended/PrimalGameData_BP_AmmoBoxAscended with PrimalGameDataOverride.
[2024.08.29-17.28.34:543][  9]UShooterEngine::LoadGameMods Loading Mod ShooterGame/Mods/83374/928793_5622484/Cryopods/Content/PrimalGameData_BP_Cryopods.uasset : 928793
[2024.08.29-17.28.34:594][  9]UShooterEngine::LoadGameMods Merging mod asset Package /Cryopods/PrimalGameData_BP_Cryopods with PrimalGameDataOverride.
[2024.08.29-17.28.34:595][  9]UShooterEngine::LoadGameMods Loading Mod ShooterGame/Mods/83374/937546_4928343/DPlusMod/Content/PrimalGameData_BP_DPlusMod.uasset : 937546
[2024.08.29-17.28.34:612][  9]UShooterEngine::LoadGameMods Merging mod asset Package /DPlusMod/PrimalGameData_BP_DPlusMod with PrimalGameDataOverride.
[2024.08.29-17.28.34:612][  9]UShooterEngine::LoadGameMods Loading Mod ShooterGame/Mods/83374/980463_5142852/EOSIDHelper/Content/PrimalGameData_BP_EOSIDHelper.uasset : 980463
[2024.08.29-17.28.34:629][  9]UShooterEngine::LoadGameMods Merging mod asset Package /EOSIDHelper/PrimalGameData_BP_EOSIDHelper with PrimalGameDataOverride.
[2024.08.29-17.28.34:629][  9]UShooterEngine::LoadGameMods Loading Mod ShooterGame/Mods/83374/929521_5238433/maewings/Content/PrimalGameData_BP_Maewings.uasset : 929521
[2024.08.29-17.28.34:649][  9]UShooterEngine::LoadGameMods Merging mod asset Package /maewings/PrimalGameData_BP_Maewings with PrimalGameDataOverride.
[2024.08.29-17.28.34:649][  9]UShooterEngine::LoadGameMods Loading Mod ShooterGame/Mods/83374/936882_5662285/ASA-Bot-Companion/Content/PrimalGameData_BP_ASABot.uasset : 936882
[2024.08.29-17.28.34:673][  9]UShooterEngine::LoadGameMods Merging mod asset Package /ASA-Bot-Companion/PrimalGameData_BP_ASABot with PrimalGameDataOverride.
[2024.08.29-17.28.34:673][  9]Initialize Primal Game Data Override.
[2024.08.29-17.28.34:687][  9]Added Explorer Note Entry: DEARJANE_EXP_NOTE_1
[2024.08.29-17.28.34:687][  9]Added Explorer Note Entry: DEARJANE_EXP_NOTE_2
[2024.08.29-17.28.34:687][  9]Added Explorer Note Entry: DEARJANE_EXP_NOTE_3
[2024.08.29-17.28.34:687][  9]Added Explorer Note Entry: DEARJANE_EXP_NOTE_4
[2024.08.29-17.28.34:687][  9]Added Explorer Note Entry: DEARJANE_EXP_NOTE_5
[2024.08.29-17.28.34:687][  9]Added Explorer Note Entry: DEARJANE_EXP_NOTE_6
[2024.08.29-17.28.34:687][  9]Added Explorer Note Entry: DEARJANE_EXP_NOTE_7
[2024.08.29-17.28.34:689][  9]Primal Game Data Took 0.00 seconds
[2024.08.29-17.28.34:693][  9]Added Explorer Note Entry: DEARJANE_EXP_NOTE_1
[2024.08.29-17.28.34:693][  9]Added Explorer Note Entry: DEARJANE_EXP_NOTE_2
[2024.08.29-17.28.34:693][  9]Added Explorer Note Entry: DEARJANE_EXP_NOTE_3
[2024.08.29-17.28.34:693][  9]Added Explorer Note Entry: DEARJANE_EXP_NOTE_4
[2024.08.29-17.28.34:693][  9]Added Explorer Note Entry: DEARJANE_EXP_NOTE_5
[2024.08.29-17.28.34:693][  9]Added Explorer Note Entry: DEARJANE_EXP_NOTE_6
[2024.08.29-17.28.34:693][  9]Added Explorer Note Entry: DEARJANE_EXP_NOTE_7
[2024.08.29-17.28.35:189][  9]Server Initializing with BattlEye Anti-Cheat Protection. If you do not wish to use BattlEye, please launch with -NoBattlEye
[2024.08.29-17.28.35:194][  9]BattlEye successfully started.
[2024.08.29-17.29.12:401][  9]2024.08.29_17.29.12: [CCA_ASABot_C_2147186023] Loading INI Settings
[2024.08.29-17.29.12:415][  9]2024.08.29_17.29.12: Version 2.1.0 --- CF Revision 117 --- Build Date Jul 8, 2024, 11:50:00 AM
[2024.08.29-17.29.23:308][  9][Pelayori's Cryo Storage] Server mod version: 54
[2024.08.29-17.29.23:308][  9]ADW_Version_v0.15
[2024.08.29-17.29.23:308][  9]ADW_Begin (UTC Time Now = 17:29)
[2024.08.29-17.29.50:527][  9]Server: "8/29 [NA](TI1) nARKotic 20x/4man/shop/kits/boosted" has successfully started!
[2024.08.29-17.30.01:013][  9]Commandline:  TheIsland_WP?listen?Port=27020 -servergamelog -servergamelogincludetribelogs -ServerRCONOutputTribeLogs -Mods=929420,928621,928708,928501,939055,929110,939228,933872,947733,929912,940022,936660,931903,967856,928793,937546,980463,929521,936882
[2024.08.29-17.30.01:013][  9]Full Startup: 91.60 seconds
[2024.08.29-17.30.01:013][  9]Number of cores 28
[2024.08.29-17.33.35:721][248]2024.08.29_17.33.35: Saving world...
[2024.08.29-17.33.35:727][248]2024.08.29_17.33.35: World Save Complete. Took: 0.569285
[2024.08.29-17.36.22:863][301]IP for incoming account 0002789f4f984c6787a5898016eb4375 - IP 66.22.146.113
[2024.08.29-17.36.27:857][451]2024.08.29_17.36.27: MartyrD0nk3y [UniqueNetId:0002789f4f984c6787a5898016eb4375 Platform:None] joined this ARK!
[2024.08.29-17.38.02:600][300]2024.08.29_17.38.02: MartyrD0nk3y (Shwat): ayo
[2024.08.29-17.38.35:732][276]2024.08.29_17.38.35: Saving world...
[2024.08.29-17.38.35:738][276]2024.08.29_17.38.35: World Save Complete. Took: 0.570235
[2024.08.29-17.40.07:665][ 34]FNetGUIDCache::PeriodicCleanAndCompact:   2.15ms total time [  1.80ms CleanReferences() and   0.35ms compacting]; ObjectLookup.Num()=10237 [1 removed]; NetGUIDLookup.Num()=10149 [89 removed]
[2024.08.29-17.40.40:761][ 26]2024.08.29_17.40.40: Tribe Tribe of Shwat, ID 1432275875: Day 1, 23:47:12: <RichColor Color="1, 0, 0, 1">Tribemember Shwat - Lvl 14 was killed by a Dilophosaur - Lvl 2!</>)
[2024.08.29-17.40.40:767][ 26]2024.08.29_17.40.40: Shwat - Lvl 14 (Tribe of Shwat) was killed by a Dilophosaur - Lvl 2 ()!
[2024.08.29-17.42.07:675][620]Garbage Collection Triggered!
[2024.08.29-17.42.56:895][ 89]2024.08.29_17.42.56: SERVER: monkeywhisper: yo
[2024.08.29-17.43.35:732][238]2024.08.29_17.43.35: Saving world...
[2024.08.29-17.43.35:745][238]2024.08.29_17.43.35: World Save Complete. Took: 0.570215
[2024.08.29-17.48.35:737][219]2024.08.29_17.48.35: Saving world...
[2024.08.29-17.48.35:742][219]2024.08.29_17.48.35: World Save Complete. Took: 0.561282
[2024.08.29-17.50.07:669][976]FNetGUIDCache::PeriodicCleanAndCompact:   4.74ms total time [  3.89ms CleanReferences() and   0.85ms compacting]; ObjectLookup.Num()=21930 [566 removed]; NetGUIDLookup.Num()=21655 [753 removed]
[2024.08.29-17.52.32:132][309]2024.08.29_17.52.32: MartyrD0nk3y (Shwat): fghj
[2024.08.29-17.53.20:744][767]2024.08.29_17.53.20: Tribe Tribe of Shwat, ID 1432275875: Day 2, 06:18:41: <RichColor Color="1, 0, 0, 1">Tribemember Shwat - Lvl 14 was killed by a Piranha | 1.0x!</>)
[2024.08.29-17.53.20:751][767]2024.08.29_17.53.20: Shwat - Lvl 14 (Tribe of Shwat) was killed by a Piranha | 1.0x ()!
[2024.08.29-17.53.35:738][191]2024.08.29_17.53.35: Saving world...
[2024.08.29-17.53.35:749][191]2024.08.29_17.53.35: World Save Complete. Took: 0.562206
[2024.08.29-17.54.06:094][100]2024.08.29_17.54.06: MartyrD0nk3y [UniqueNetId:0002789f4f984c6787a5898016eb4375 Platform:None] left this ARK!
[2024.08.29-17.54.19:929][515]Garbage Collection Triggered!
[2024.08.29-17.54.20:430][524]IP for incoming account 0002789f4f984c6787a5898016eb4375 - IP 66.22.146.113
[2024.08.29-17.54.24:182][636]2024.08.29_17.54.24: MartyrD0nk3y [UniqueNetId:0002789f4f984c6787a5898016eb4375 Platform:None] joined this ARK!
[2024.08.29-17.58.35:765][152]2024.08.29_17.58.35: Saving world...
[2024.08.29-17.58.35:771][152]2024.08.29_17.58.35: World Save Complete. Took: 0.580309
[2024.08.29-18.00.07:688][907]FNetGUIDCache::PeriodicCleanAndCompact:   6.81ms total time [  5.61ms CleanReferences() and   1.20ms compacting]; ObjectLookup.Num()=31140 [1098 removed]; NetGUIDLookup.Num()=30925 [1036 removed]
[2024.08.29-18.03.35:749][131]2024.08.29_18.03.35: Saving world...
[2024.08.29-18.03.35:754][131]2024.08.29_18.03.35: World Save Complete. Took: 0.546219
[2024.08.29-18.06.19:939][ 56]Garbage Collection Triggered!
[2024.08.29-18.08.35:769][107]2024.08.29_18.08.35: Saving world...
[2024.08.29-18.08.35:780][107]2024.08.29_18.08.35: World Save Complete. Took: 0.571766
[2024.08.29-18.10.07:700][863]FNetGUIDCache::PeriodicCleanAndCompact:   6.20ms total time [  5.40ms CleanReferences() and   0.80ms compacting]; ObjectLookup.Num()=31080 [250 removed]; NetGUIDLookup.Num()=30925 [190 removed]
[2024.08.29-18.13.14:765][474]2024.08.29_18.13.14: MartyrD0nk3y [UniqueNetId:0002789f4f984c6787a5898016eb4375 Platform:None] left this ARK!
[2024.08.29-18.13.35:790][ 89]2024.08.29_18.13.35: Saving world...
[2024.08.29-18.13.35:796][ 89]2024.08.29_18.13.35: World Save Complete. Took: 0.579850
