[2024.08.29-14.06.58:787][  0]Log file open, 08/29/24 16:06:58
[2024.08.29-14.06.58:787][  0]LogMemory: Platform Memory Stats for WindowsServer
[2024.08.29-14.06.58:787][  0]LogMemory: Process Physical Memory: 225.64 MB used, 267.18 MB peak
[2024.08.29-14.06.58:787][  0]LogMemory: Process Virtual Memory: 250.64 MB used, 250.64 MB peak
[2024.08.29-14.06.58:787][  0]LogMemory: Physical Memory: 3969.86 MB used,  28702.59 MB free, 32672.45 MB total
[2024.08.29-14.06.58:787][  0]LogMemory: Virtual Memory: 8146.55 MB used,  29645.89 MB free, 37792.45 MB total
[2024.08.29-14.06.59:314][  0]11

[2024.08.29-14.06.59:328][  0]ARK Version: 51.23
[2024.08.29-14.06.59:597][  0]LogCFCore: SetSettings called:
{
	"defaultLanguage": "en",
	"gameId": 83374,
	"apiKey": "*****1aZe",
	"maxConcurrentInstallations": 3,
	"modsDirectory": "ShooterGame/Mods",
	"modsDirectoryMode": "CFCore",
	"userDataDirectory": "ShooterGame/ModsUserData",
	"isServer": true,
	"isServerPcOnly": false,
	"throttling":
	{
		"diskWriteBytesPerSec": 0
	},
	"premiumMods":
	{
		"publicKeyPem": "*****"
	},
	"logger":
	{
		"enabled": true,
		"history": 8,
		"maxSizeInMB": 2
	},
	"dynamicContentCategoryIds": [ 6844 ]
}
[2024.08.29-14.06.59:597][  0]LogCFCore: InternalSettings called:
{
	"apiBaseUrl": "https://api.curseforge.com",
	"chunkedUploadServerUrl": "https://chunk-uploads.curseforge.com",
	"analyticsUrl": "https://analyticsnew.overwolf.com/analytics/Counter",
	"userAgent": "cfcore.ue 1.0.99",
	"platform": "windows",
	"pluginVersion": "1.0.99",
	"httpFileDownloadTimeoutSecs": 1200
}
[2024.08.29-14.06.59:597][  0]LogCFCore: Warning: Couldn't load mods library from disk
[2024.08.29-14.06.59:598][  0]LogCFCore: User context not loaded from disk
[2024.08.29-14.06.59:841][  6]LogCFCore: Query server result: 19 mods
[2024.08.29-14.06.59:842][  6]LogCFCore: Request to Install mod 'EOS ID Helper (CrossPlay)' (modId=980463, fileId=5142852)
[2024.08.29-14.06.59:842][  6]LogCFCore: Request to Install mod 'maewings' (modId=929521, fileId=5238433)
[2024.08.29-14.06.59:843][  6]LogCFCore: Request to Install mod 'Custom Dino Levels' (modId=928708, fileId=4894074)
[2024.08.29-14.06.59:844][  6]LogCFCore: Request to Install mod 'Utilities Plus' (modId=928621, fileId=4856794)
[2024.08.29-14.06.59:845][  6]LogCFCore: Request to Install mod 'Dino+ (Nanny, Hatchey)' (modId=937546, fileId=4928343)
[2024.08.29-14.06.59:847][  6]LogCFCore: Request to Install mod 'Ammo Box Ascended' (modId=967856, fileId=5238619)
[2024.08.29-14.06.59:849][  6]LogCFCore: Request to Install mod 'QoL+' (modId=939228, fileId=5078487)
[2024.08.29-14.06.59:851][  6]LogCFCore: Request to Install mod 'PVP Scoreboard' (modId=931903, fileId=5036004)
[2024.08.29-14.06.59:854][  6]LogCFCore: Request to Install mod 'CliffPlatforms' (modId=933872, fileId=5330183)
[2024.08.29-14.06.59:857][  6]LogCFCore: Request to Install mod 'Solo Farm Mod' (modId=928501, fileId=5509903)
[2024.08.29-14.06.59:860][  6]LogCFCore: Request to Install mod 'Pull It!' (modId=940022, fileId=5102443)
[2024.08.29-14.06.59:864][  6]LogCFCore: Request to Install mod 'Resonant's Shop Mod' (modId=936660, fileId=5568098)
[2024.08.29-14.06.59:868][  6]LogCFCore: Request to Install mod 'Automated Dino Wipes' (modId=947733, fileId=5521328)
[2024.08.29-14.06.59:872][  6]LogCFCore: Request to Install mod 'ARKomatic' (modId=939055, fileId=5639286)
[2024.08.29-14.06.59:877][  6]LogCFCore: Request to Install mod 'Pelayori's Cryo Storage (Crossplay!)' (modId=928793, fileId=5622484)
[2024.08.29-14.06.59:882][  6]LogCFCore: Request to Install mod 'Ez's Engram Unlocker (PC/Xbox/PS)' (modId=929912, fileId=5669096)
[2024.08.29-14.06.59:888][  6]LogCFCore: Request to Install mod 'Super Spyglass Plus' (modId=929420, fileId=5509935)
[2024.08.29-14.06.59:899][  6]LogCFCore: Request to Install mod 'TG Stacking Mod 10000-90' (modId=929110, fileId=5569237)
[2024.08.29-14.06.59:905][  6]LogCFCore: Request to Install mod 'ASA-Bot Companion' (modId=936882, fileId=5662285)
[2024.08.29-14.06.59:946][  7]LogCFCore: Cleanup possible module ../../../ShooterGame/Binaries/Win64/ShooterGame/Mods/83374/980463_5142852 ...
[2024.08.29-14.06.59:946][  7]LogCFCore: Cleaning up possible 1 output dirs ...
[2024.08.29-14.06.59:946][  7]LogCFCore: Cleanup possible module ../../../ShooterGame/Binaries/Win64/ShooterGame/Mods/83374/929521_5238433 ...
[2024.08.29-14.06.59:946][  7]LogCFCore: Cleaning up possible 1 output dirs ...
[2024.08.29-14.06.59:946][  7]LogCFCore: Cleanup possible module ../../../ShooterGame/Binaries/Win64/ShooterGame/Mods/83374/928708_4894074 ...
[2024.08.29-14.06.59:946][  7]LogCFCore: Cleaning up possible 1 output dirs ...
[2024.08.29-14.07.00:606][ 26]LogCFCore: Starting to download: https://mediafilez.forgecdn.net/files/5142/852/eos%20id%20helper%20(crossplay)-windowsserver%202.zip, file id: 1
[2024.08.29-14.07.00:606][ 26]LogCFCore: Starting to download: https://mediafilez.forgecdn.net/files/4894/74/custom%20dino%20levels-windowsserver%203.zip, file id: 2
[2024.08.29-14.07.00:641][ 28]LogCFCore: Warning: WriteBufferWithThrottling: left_to_write 25852
[2024.08.29-14.07.00:674][ 28]LogCFCore: Successfully completed chunked download for: https://mediafilez.forgecdn.net/files/5142/852/eos%20id%20helper%20(crossplay)-windowsserver%202.zip
[2024.08.29-14.07.00:708][ 29]LogCFCore: Verifying mod (980463) download ...
[2024.08.29-14.07.00:708][ 29]LogCFCore: Starting to download: https://mediafilez.forgecdn.net/files/5238/433/maewings-windowsserver%208.zip, file id: 3
[2024.08.29-14.07.00:776][ 31]LogCFCore: Cleanup temp directory ../../../ShooterGame/Binaries/Win64/ShooterGame/Mods/83374/.temp/980463_5142852 ...
[2024.08.29-14.07.00:776][ 31]LogCFCore: Cleanup possible module ../../../ShooterGame/Binaries/Win64/ShooterGame/Mods/83374/.temp/980463_5142852 ...
[2024.08.29-14.07.00:810][ 32]LogCFCore: Unzipping mod=980463 to ../../../ShooterGame/Binaries/Win64/ShooterGame/Mods/83374/.temp/980463_5142852 ...
[2024.08.29-14.07.00:811][ 33]LogCFCore: Warning: WriteBufferWithThrottling: left_to_write 580
[2024.08.29-14.07.00:845][ 34]LogCFCore: Warning: WriteBufferWithThrottling: left_to_write 51157
[2024.08.29-14.07.00:846][ 34]LogCFCore: Warning: WriteBufferWithThrottling: left_to_write 75
[2024.08.29-14.07.00:878][ 34]LogCFCore: Successfully completed chunked download for: https://mediafilez.forgecdn.net/files/5238/433/maewings-windowsserver%208.zip
[2024.08.29-14.07.00:879][ 35]LogCFCore: Warning: WriteBufferWithThrottling: left_to_write 718454
[2024.08.29-14.07.00:881][ 35]LogCFCore: Warning: WriteBufferWithThrottling: left_to_write 1746
[2024.08.29-14.07.00:912][ 35]LogCFCore: Verifying mod (929521) download ...
[2024.08.29-14.07.00:912][ 35]LogCFCore: Successfully completed chunked download for: https://mediafilez.forgecdn.net/files/4894/74/custom%20dino%20levels-windowsserver%203.zip
[2024.08.29-14.07.00:913][ 36]LogCFCore: Warning: WriteBufferWithThrottling: left_to_write 2913
[2024.08.29-14.07.00:946][ 36]LogCFCore: Verifying mod (928708) download ...
[2024.08.29-14.07.00:947][ 37]LogCFCore: Warning: WriteBufferWithThrottling: left_to_write 30112
[2024.08.29-14.07.00:980][ 37]LogCFCore: Cleanup temp directory ../../../ShooterGame/Binaries/Win64/ShooterGame/Mods/83374/.temp/929521_5238433 ...
[2024.08.29-14.07.00:980][ 37]LogCFCore: Cleanup possible module ../../../ShooterGame/Binaries/Win64/ShooterGame/Mods/83374/.temp/929521_5238433 ...
[2024.08.29-14.07.00:981][ 38]LogCFCore: Warning: WriteBufferWithThrottling: left_to_write 1357
[2024.08.29-14.07.01:014][ 38]LogCFCore: Unzipping mod=929521 to ../../../ShooterGame/Binaries/Win64/ShooterGame/Mods/83374/.temp/929521_5238433 ...
[2024.08.29-14.07.01:018][ 38]LogCFCore: Cleanup temp directory ../../../ShooterGame/Binaries/Win64/ShooterGame/Mods/83374/.temp/928708_4894074 ...
[2024.08.29-14.07.01:018][ 38]LogCFCore: Cleanup possible module ../../../ShooterGame/Binaries/Win64/ShooterGame/Mods/83374/.temp/928708_4894074 ...
[2024.08.29-14.07.01:019][ 39]LogCFCore: Warning: WriteBufferWithThrottling: left_to_write 584
[2024.08.29-14.07.01:052][ 39]LogCFCore: Cleanup possible module ../../../ShooterGame/Binaries/Win64/ShooterGame/Mods/83374/980463_5142852 ...
[2024.08.29-14.07.01:052][ 39]LogCFCore: Cleaning up possible 1 output dirs ...
[2024.08.29-14.07.01:052][ 39]LogCFCore: Unzipping mod=928708 to ../../../ShooterGame/Binaries/Win64/ShooterGame/Mods/83374/.temp/928708_4894074 ...
[2024.08.29-14.07.01:052][ 40]LogCFCore: Warning: WriteBufferWithThrottling: left_to_write 69
[2024.08.29-14.07.01:086][ 40]LogCFCore: Moving ../../../ShooterGame/Binaries/Win64/ShooterGame/Mods/83374/.temp/980463_5142852 to ../../../ShooterGame/Binaries/Win64/ShooterGame/Mods/83374/980463_5142852 ...
[2024.08.29-14.07.01:086][ 40]LogCFCore: Moving ../../../ShooterGame/Binaries/Win64/ShooterGame/Mods/83374/.temp/980463_5142852 to ../../../ShooterGame/Binaries/Win64/ShooterGame/Mods/83374/980463_5142852 ...
[2024.08.29-14.07.01:090][ 41]LogCFCore: Warning: WriteBufferWithThrottling: left_to_write 7731
[2024.08.29-14.07.01:120][ 41]LogCFCore: Cleaning up (modId=980463, fileId=5142852) ...
[2024.08.29-14.07.01:122][ 42]LogCFCore: Warning: WriteBufferWithThrottling: left_to_write 5307
[2024.08.29-14.07.01:165][ 42]LogCFCore: Cleanup possible module ../../../ShooterGame/Binaries/Win64/ShooterGame/Mods/83374/928621_4856794 ...
[2024.08.29-14.07.01:165][ 42]LogCFCore: Cleaning up possible 1 output dirs ...
[2024.08.29-14.07.01:166][ 43]LogCFCore: Warning: WriteBufferWithThrottling: left_to_write 90880
[2024.08.29-14.07.01:199][ 44]LogCFCore: Warning: WriteBufferWithThrottling: left_to_write 5076
[2024.08.29-14.07.01:234][ 45]LogCFCore: Warning: WriteBufferWithThrottling: left_to_write 554
[2024.08.29-14.07.01:267][ 45]LogCFCore: Cleanup possible module ../../../ShooterGame/Binaries/Win64/ShooterGame/Mods/83374/929521_5238433 ...
[2024.08.29-14.07.01:267][ 45]LogCFCore: Cleaning up possible 1 output dirs ...
[2024.08.29-14.07.01:267][ 46]LogCFCore: Warning: WriteBufferWithThrottling: left_to_write 83
[2024.08.29-14.07.01:301][ 46]LogCFCore: Moving ../../../ShooterGame/Binaries/Win64/ShooterGame/Mods/83374/.temp/929521_5238433 to ../../../ShooterGame/Binaries/Win64/ShooterGame/Mods/83374/929521_5238433 ...
[2024.08.29-14.07.01:301][ 46]LogCFCore: Moving ../../../ShooterGame/Binaries/Win64/ShooterGame/Mods/83374/.temp/929521_5238433 to ../../../ShooterGame/Binaries/Win64/ShooterGame/Mods/83374/929521_5238433 ...
[2024.08.29-14.07.01:305][ 47]LogCFCore: Warning: WriteBufferWithThrottling: left_to_write 616
[2024.08.29-14.07.01:335][ 47]LogCFCore: Cleaning up (modId=929521, fileId=5238433) ...
[2024.08.29-14.07.01:337][ 48]LogCFCore: Warning: WriteBufferWithThrottling: left_to_write 1488
[2024.08.29-14.07.01:375][ 48]LogCFCore: Cleanup possible module ../../../ShooterGame/Binaries/Win64/ShooterGame/Mods/83374/937546_4928343 ...
[2024.08.29-14.07.01:375][ 48]LogCFCore: Cleaning up possible 1 output dirs ...
[2024.08.29-14.07.01:377][ 49]LogCFCore: Warning: WriteBufferWithThrottling: left_to_write 8432
[2024.08.29-14.07.01:410][ 50]LogCFCore: Warning: WriteBufferWithThrottling: left_to_write 573
[2024.08.29-14.07.01:443][ 50]LogCFCore: Starting to download: https://mediafilez.forgecdn.net/files/4856/794/utilities%20plus-windowsserver%207.zip, file id: 4
[2024.08.29-14.07.01:444][ 51]LogCFCore: Warning: WriteBufferWithThrottling: left_to_write 74
[2024.08.29-14.07.01:481][ 52]LogCFCore: Warning: WriteBufferWithThrottling: left_to_write 708213
[2024.08.29-14.07.01:545][ 53]LogCFCore: Cleanup possible module ../../../ShooterGame/Binaries/Win64/ShooterGame/Mods/83374/928708_4894074 ...
[2024.08.29-14.07.01:545][ 53]LogCFCore: Cleaning up possible 1 output dirs ...
[2024.08.29-14.07.01:579][ 54]LogCFCore: Moving ../../../ShooterGame/Binaries/Win64/ShooterGame/Mods/83374/.temp/928708_4894074 to ../../../ShooterGame/Binaries/Win64/ShooterGame/Mods/83374/928708_4894074 ...
[2024.08.29-14.07.01:579][ 54]LogCFCore: Moving ../../../ShooterGame/Binaries/Win64/ShooterGame/Mods/83374/.temp/928708_4894074 to ../../../ShooterGame/Binaries/Win64/ShooterGame/Mods/83374/928708_4894074 ...
[2024.08.29-14.07.01:579][ 54]LogCFCore: Starting to download: https://mediafilez.forgecdn.net/files/4928/343/dino%2b%20(nanny%2c%20hatchey)-windowsserver%2041.zip, file id: 5
[2024.08.29-14.07.01:613][ 55]LogCFCore: Cleaning up (modId=928708, fileId=4894074) ...
[2024.08.29-14.07.01:616][ 56]LogCFCore: Warning: WriteBufferWithThrottling: left_to_write 3132389
[2024.08.29-14.07.01:639][ 56]LogCFCore: Warning: WriteBufferWithThrottling: left_to_write 224809
[2024.08.29-14.07.01:660][ 56]LogCFCore: Cleanup possible module ../../../ShooterGame/Binaries/Win64/ShooterGame/Mods/83374/967856_5238619 ...
[2024.08.29-14.07.01:660][ 56]LogCFCore: Cleaning up possible 1 output dirs ...
[2024.08.29-14.07.01:660][ 56]LogCFCore: Successfully completed chunked download for: https://mediafilez.forgecdn.net/files/4856/794/utilities%20plus-windowsserver%207.zip
[2024.08.29-14.07.01:660][ 56]LogCFCore: Successfully completed chunked download for: https://mediafilez.forgecdn.net/files/4928/343/dino%2b%20(nanny%2c%20hatchey)-windowsserver%2041.zip
[2024.08.29-14.07.01:694][ 57]LogCFCore: Verifying mod (928621) download ...
[2024.08.29-14.07.01:694][ 57]LogCFCore: Verifying mod (937546) download ...
[2024.08.29-14.07.01:779][ 59]LogCFCore: Cleanup temp directory ../../../ShooterGame/Binaries/Win64/ShooterGame/Mods/83374/.temp/928621_4856794 ...
[2024.08.29-14.07.01:779][ 59]LogCFCore: Cleanup possible module ../../../ShooterGame/Binaries/Win64/ShooterGame/Mods/83374/.temp/928621_4856794 ...
[2024.08.29-14.07.01:780][ 59]LogCFCore: Cleanup temp directory ../../../ShooterGame/Binaries/Win64/ShooterGame/Mods/83374/.temp/937546_4928343 ...
[2024.08.29-14.07.01:780][ 59]LogCFCore: Cleanup possible module ../../../ShooterGame/Binaries/Win64/ShooterGame/Mods/83374/.temp/937546_4928343 ...
[2024.08.29-14.07.01:781][ 59]LogCFCore: Unzipping mod=928621 to ../../../ShooterGame/Binaries/Win64/ShooterGame/Mods/83374/.temp/928621_4856794 ...
[2024.08.29-14.07.01:781][ 59]LogCFCore: Unzipping mod=937546 to ../../../ShooterGame/Binaries/Win64/ShooterGame/Mods/83374/.temp/937546_4928343 ...
[2024.08.29-14.07.01:782][ 60]LogCFCore: Warning: WriteBufferWithThrottling: left_to_write 71
[2024.08.29-14.07.01:815][ 61]LogCFCore: Warning: WriteBufferWithThrottling: left_to_write 12428
[2024.08.29-14.07.01:849][ 62]LogCFCore: Warning: WriteBufferWithThrottling: left_to_write 549
[2024.08.29-14.07.01:883][ 62]LogCFCore: Starting to download: https://mediafilez.forgecdn.net/files/5238/619/ammo%20box%20ascended-windowsserver%205.zip, file id: 6
[2024.08.29-14.07.01:884][ 63]LogCFCore: Warning: WriteBufferWithThrottling: left_to_write 7345
[2024.08.29-14.07.01:919][ 64]LogCFCore: Warning: WriteBufferWithThrottling: left_to_write 193008
[2024.08.29-14.07.01:951][ 65]LogCFCore: Warning: WriteBufferWithThrottling: left_to_write 7866
[2024.08.29-14.07.01:985][ 66]LogCFCore: Warning: WriteBufferWithThrottling: left_to_write 24
[2024.08.29-14.07.02:030][ 67]LogCFCore: Warning: WriteBufferWithThrottling: left_to_write 3005842
[2024.08.29-14.07.02:054][ 68]LogCFCore: Warning: WriteBufferWithThrottling: left_to_write 533
[2024.08.29-14.07.02:087][ 68]LogCFCore: Cleanup possible module ../../../ShooterGame/Binaries/Win64/ShooterGame/Mods/83374/928621_4856794 ...
[2024.08.29-14.07.02:087][ 68]LogCFCore: Cleaning up possible 1 output dirs ...
[2024.08.29-14.07.02:087][ 69]LogCFCore: Warning: WriteBufferWithThrottling: left_to_write 69
[2024.08.29-14.07.02:121][ 69]LogCFCore: Moving ../../../ShooterGame/Binaries/Win64/ShooterGame/Mods/83374/.temp/928621_4856794 to ../../../ShooterGame/Binaries/Win64/ShooterGame/Mods/83374/928621_4856794 ...
[2024.08.29-14.07.02:121][ 69]LogCFCore: Moving ../../../ShooterGame/Binaries/Win64/ShooterGame/Mods/83374/.temp/928621_4856794 to ../../../ShooterGame/Binaries/Win64/ShooterGame/Mods/83374/928621_4856794 ...
[2024.08.29-14.07.02:126][ 70]LogCFCore: Warning: WriteBufferWithThrottling: left_to_write 22371
[2024.08.29-14.07.02:155][ 70]LogCFCore: Cleaning up (modId=928621, fileId=4856794) ...
[2024.08.29-14.07.02:157][ 71]LogCFCore: Warning: WriteBufferWithThrottling: left_to_write 13782
[2024.08.29-14.07.02:202][ 71]LogCFCore: Cleanup possible module ../../../ShooterGame/Binaries/Win64/ShooterGame/Mods/83374/939228_5078487 ...
[2024.08.29-14.07.02:202][ 71]LogCFCore: Cleaning up possible 1 output dirs ...
[2024.08.29-14.07.02:206][ 72]LogCFCore: Warning: WriteBufferWithThrottling: left_to_write 322768
[2024.08.29-14.07.02:236][ 73]LogCFCore: Warning: WriteBufferWithThrottling: left_to_write 13076
[2024.08.29-14.07.02:304][ 74]LogCFCore: Cleanup possible module ../../../ShooterGame/Binaries/Win64/ShooterGame/Mods/83374/937546_4928343 ...
[2024.08.29-14.07.02:304][ 74]LogCFCore: Cleaning up possible 1 output dirs ...
[2024.08.29-14.07.02:338][ 75]LogCFCore: Moving ../../../ShooterGame/Binaries/Win64/ShooterGame/Mods/83374/.temp/937546_4928343 to ../../../ShooterGame/Binaries/Win64/ShooterGame/Mods/83374/937546_4928343 ...
[2024.08.29-14.07.02:338][ 75]LogCFCore: Moving ../../../ShooterGame/Binaries/Win64/ShooterGame/Mods/83374/.temp/937546_4928343 to ../../../ShooterGame/Binaries/Win64/ShooterGame/Mods/83374/937546_4928343 ...
[2024.08.29-14.07.02:372][ 76]LogCFCore: Cleaning up (modId=937546, fileId=4928343) ...
[2024.08.29-14.07.02:374][ 77]LogCFCore: Warning: WriteBufferWithThrottling: left_to_write 122765
[2024.08.29-14.07.02:419][ 77]LogCFCore: Cleanup possible module ../../../ShooterGame/Binaries/Win64/ShooterGame/Mods/83374/931903_5036004 ...
[2024.08.29-14.07.02:419][ 77]LogCFCore: Cleaning up possible 1 output dirs ...
[2024.08.29-14.07.02:419][ 77]LogCFCore: Successfully completed chunked download for: https://mediafilez.forgecdn.net/files/5238/619/ammo%20box%20ascended-windowsserver%205.zip
[2024.08.29-14.07.02:453][ 78]LogCFCore: Verifying mod (967856) download ...
[2024.08.29-14.07.02:521][ 80]LogCFCore: Cleanup temp directory ../../../ShooterGame/Binaries/Win64/ShooterGame/Mods/83374/.temp/967856_5238619 ...
[2024.08.29-14.07.02:521][ 80]LogCFCore: Cleanup possible module ../../../ShooterGame/Binaries/Win64/ShooterGame/Mods/83374/.temp/967856_5238619 ...
[2024.08.29-14.07.02:521][ 80]LogCFCore: Starting to download: https://mediafilez.forgecdn.net/files/5078/487/qol%2b-windowsserver%2035.zip, file id: 7
[2024.08.29-14.07.02:555][ 81]LogCFCore: Unzipping mod=967856 to ../../../ShooterGame/Binaries/Win64/ShooterGame/Mods/83374/.temp/967856_5238619 ...
[2024.08.29-14.07.02:556][ 82]LogCFCore: Warning: WriteBufferWithThrottling: left_to_write 553
[2024.08.29-14.07.02:589][ 83]LogCFCore: Warning: WriteBufferWithThrottling: left_to_write 83
[2024.08.29-14.07.02:623][ 84]LogCFCore: Warning: WriteBufferWithThrottling: left_to_write 10174
[2024.08.29-14.07.02:658][ 85]LogCFCore: Warning: WriteBufferWithThrottling: left_to_write 10288
[2024.08.29-14.07.02:691][ 85]LogCFCore: Starting to download: https://mediafilez.forgecdn.net/files/5036/4/pvp%20scoreboard-windowsserver%209.zip, file id: 8
[2024.08.29-14.07.02:692][ 86]LogCFCore: Warning: WriteBufferWithThrottling: left_to_write 152880
[2024.08.29-14.07.02:725][ 87]LogCFCore: Warning: WriteBufferWithThrottling: left_to_write 32953
[2024.08.29-14.07.02:726][ 87]LogCFCore: Warning: WriteBufferWithThrottling: left_to_write 6247
[2024.08.29-14.07.02:759][ 87]LogCFCore: Successfully completed chunked download for: https://mediafilez.forgecdn.net/files/5036/4/pvp%20scoreboard-windowsserver%209.zip
[2024.08.29-14.07.02:793][ 88]LogCFCore: Cleanup possible module ../../../ShooterGame/Binaries/Win64/ShooterGame/Mods/83374/967856_5238619 ...
[2024.08.29-14.07.02:793][ 88]LogCFCore: Cleaning up possible 1 output dirs ...
[2024.08.29-14.07.02:793][ 88]LogCFCore: Verifying mod (931903) download ...
[2024.08.29-14.07.02:827][ 89]LogCFCore: Moving ../../../ShooterGame/Binaries/Win64/ShooterGame/Mods/83374/.temp/967856_5238619 to ../../../ShooterGame/Binaries/Win64/ShooterGame/Mods/83374/967856_5238619 ...
[2024.08.29-14.07.02:827][ 89]LogCFCore: Moving ../../../ShooterGame/Binaries/Win64/ShooterGame/Mods/83374/.temp/967856_5238619 to ../../../ShooterGame/Binaries/Win64/ShooterGame/Mods/83374/967856_5238619 ...
[2024.08.29-14.07.02:861][ 90]LogCFCore: Cleaning up (modId=967856, fileId=5238619) ...
[2024.08.29-14.07.02:861][ 90]LogCFCore: Cleanup temp directory ../../../ShooterGame/Binaries/Win64/ShooterGame/Mods/83374/.temp/931903_5036004 ...
[2024.08.29-14.07.02:861][ 90]LogCFCore: Cleanup possible module ../../../ShooterGame/Binaries/Win64/ShooterGame/Mods/83374/.temp/931903_5036004 ...
[2024.08.29-14.07.02:905][ 91]LogCFCore: Cleanup possible module ../../../ShooterGame/Binaries/Win64/ShooterGame/Mods/83374/933872_5330183 ...
[2024.08.29-14.07.02:905][ 91]LogCFCore: Cleaning up possible 1 output dirs ...
[2024.08.29-14.07.02:905][ 91]LogCFCore: Unzipping mod=931903 to ../../../ShooterGame/Binaries/Win64/ShooterGame/Mods/83374/.temp/931903_5036004 ...
[2024.08.29-14.07.02:908][ 92]LogCFCore: Warning: WriteBufferWithThrottling: left_to_write 79
[2024.08.29-14.07.02:939][ 93]LogCFCore: Warning: WriteBufferWithThrottling: left_to_write 1766
[2024.08.29-14.07.02:973][ 94]LogCFCore: Warning: WriteBufferWithThrottling: left_to_write 552
[2024.08.29-14.07.03:008][ 95]LogCFCore: Warning: WriteBufferWithThrottling: left_to_write 2792
[2024.08.29-14.07.03:042][ 96]LogCFCore: Warning: WriteBufferWithThrottling: left_to_write 35872
[2024.08.29-14.07.03:077][ 97]LogCFCore: Warning: WriteBufferWithThrottling: left_to_write 2991964
[2024.08.29-14.07.03:084][ 97]LogCFCore: Warning: WriteBufferWithThrottling: left_to_write 1251
[2024.08.29-14.07.03:109][ 97]LogCFCore: Successfully completed chunked download for: https://mediafilez.forgecdn.net/files/5078/487/qol%2b-windowsserver%2035.zip
[2024.08.29-14.07.03:143][ 98]LogCFCore: Cleanup possible module ../../../ShooterGame/Binaries/Win64/ShooterGame/Mods/83374/931903_5036004 ...
[2024.08.29-14.07.03:143][ 98]LogCFCore: Cleaning up possible 1 output dirs ...
[2024.08.29-14.07.03:143][ 98]LogCFCore: Verifying mod (939228) download ...
[2024.08.29-14.07.03:177][ 99]LogCFCore: Moving ../../../ShooterGame/Binaries/Win64/ShooterGame/Mods/83374/.temp/931903_5036004 to ../../../ShooterGame/Binaries/Win64/ShooterGame/Mods/83374/931903_5036004 ...
[2024.08.29-14.07.03:177][ 99]LogCFCore: Moving ../../../ShooterGame/Binaries/Win64/ShooterGame/Mods/83374/.temp/931903_5036004 to ../../../ShooterGame/Binaries/Win64/ShooterGame/Mods/83374/931903_5036004 ...
[2024.08.29-14.07.03:211][100]LogCFCore: Cleaning up (modId=931903, fileId=5036004) ...
[2024.08.29-14.07.03:227][100]LogCFCore: Cleanup temp directory ../../../ShooterGame/Binaries/Win64/ShooterGame/Mods/83374/.temp/939228_5078487 ...
[2024.08.29-14.07.03:227][100]LogCFCore: Cleanup possible module ../../../ShooterGame/Binaries/Win64/ShooterGame/Mods/83374/.temp/939228_5078487 ...
[2024.08.29-14.07.03:238][100]LogCFCore: Cleanup possible module ../../../ShooterGame/Binaries/Win64/ShooterGame/Mods/83374/928501_5509903 ...
[2024.08.29-14.07.03:238][100]LogCFCore: Cleaning up possible 1 output dirs ...
[2024.08.29-14.07.03:238][100]LogCFCore: Unzipping mod=939228 to ../../../ShooterGame/Binaries/Win64/ShooterGame/Mods/83374/.temp/939228_5078487 ...
[2024.08.29-14.07.03:238][100]LogCFCore: Starting to download: https://mediafilez.forgecdn.net/files/5330/183/cliffplatforms-windowsserver%2012.zip, file id: 9
[2024.08.29-14.07.03:241][101]LogCFCore: Warning: WriteBufferWithThrottling: left_to_write 67
[2024.08.29-14.07.03:274][102]LogCFCore: Warning: WriteBufferWithThrottling: left_to_write 185982
[2024.08.29-14.07.03:307][103]LogCFCore: Warning: WriteBufferWithThrottling: left_to_write 532
[2024.08.29-14.07.03:342][104]LogCFCore: Warning: WriteBufferWithThrottling: left_to_write 60512
[2024.08.29-14.07.03:401][105]LogCFCore: Warning: WriteBufferWithThrottling: left_to_write 3947728
[2024.08.29-14.07.03:411][106]LogCFCore: Warning: WriteBufferWithThrottling: left_to_write 38575
[2024.08.29-14.07.03:443][106]LogCFCore: Successfully completed chunked download for: https://mediafilez.forgecdn.net/files/5330/183/cliffplatforms-windowsserver%2012.zip
[2024.08.29-14.07.03:444][107]LogCFCore: Warning: WriteBufferWithThrottling: left_to_write 107970
[2024.08.29-14.07.03:477][107]LogCFCore: Verifying mod (933872) download ...
[2024.08.29-14.07.03:511][108]LogCFCore: Cleanup possible module ../../../ShooterGame/Binaries/Win64/ShooterGame/Mods/83374/939228_5078487 ...
[2024.08.29-14.07.03:511][108]LogCFCore: Cleaning up possible 1 output dirs ...
[2024.08.29-14.07.03:545][109]LogCFCore: Moving ../../../ShooterGame/Binaries/Win64/ShooterGame/Mods/83374/.temp/939228_5078487 to ../../../ShooterGame/Binaries/Win64/ShooterGame/Mods/83374/939228_5078487 ...
[2024.08.29-14.07.03:545][109]LogCFCore: Moving ../../../ShooterGame/Binaries/Win64/ShooterGame/Mods/83374/.temp/939228_5078487 to ../../../ShooterGame/Binaries/Win64/ShooterGame/Mods/83374/939228_5078487 ...
[2024.08.29-14.07.03:545][109]LogCFCore: Cleanup temp directory ../../../ShooterGame/Binaries/Win64/ShooterGame/Mods/83374/.temp/933872_5330183 ...
[2024.08.29-14.07.03:545][109]LogCFCore: Cleanup possible module ../../../ShooterGame/Binaries/Win64/ShooterGame/Mods/83374/.temp/933872_5330183 ...
[2024.08.29-14.07.03:545][109]LogCFCore: Starting to download: https://mediafilez.forgecdn.net/files/5509/903/solo%20farm%20mod-windowsserver%2029.zip, file id: 10
[2024.08.29-14.07.03:579][110]LogCFCore: Cleaning up (modId=939228, fileId=5078487) ...
[2024.08.29-14.07.03:579][110]LogCFCore: Unzipping mod=933872 to ../../../ShooterGame/Binaries/Win64/ShooterGame/Mods/83374/.temp/933872_5330183 ...
[2024.08.29-14.07.03:583][111]LogCFCore: Warning: WriteBufferWithThrottling: left_to_write 553
[2024.08.29-14.07.03:622][111]LogCFCore: Cleanup possible module ../../../ShooterGame/Binaries/Win64/ShooterGame/Mods/83374/940022_5102443 ...
[2024.08.29-14.07.03:622][111]LogCFCore: Cleaning up possible 1 output dirs ...
[2024.08.29-14.07.03:625][112]LogCFCore: Warning: WriteBufferWithThrottling: left_to_write 81
[2024.08.29-14.07.03:656][113]LogCFCore: Warning: WriteBufferWithThrottling: left_to_write 5417
[2024.08.29-14.07.03:691][114]LogCFCore: Warning: WriteBufferWithThrottling: left_to_write 4184
[2024.08.29-14.07.03:725][115]LogCFCore: Warning: WriteBufferWithThrottling: left_to_write 58672
[2024.08.29-14.07.03:758][116]LogCFCore: Warning: WriteBufferWithThrottling: left_to_write 3462
[2024.08.29-14.07.03:826][117]LogCFCore: Cleanup possible module ../../../ShooterGame/Binaries/Win64/ShooterGame/Mods/83374/933872_5330183 ...
[2024.08.29-14.07.03:826][117]LogCFCore: Cleaning up possible 1 output dirs ...
[2024.08.29-14.07.03:826][117]LogCFCore: Starting to download: https://mediafilez.forgecdn.net/files/5102/443/pull%20it!-windowsserver%2041.zip, file id: 11
[2024.08.29-14.07.03:860][118]LogCFCore: Moving ../../../ShooterGame/Binaries/Win64/ShooterGame/Mods/83374/.temp/933872_5330183 to ../../../ShooterGame/Binaries/Win64/ShooterGame/Mods/83374/933872_5330183 ...
[2024.08.29-14.07.03:860][118]LogCFCore: Moving ../../../ShooterGame/Binaries/Win64/ShooterGame/Mods/83374/.temp/933872_5330183 to ../../../ShooterGame/Binaries/Win64/ShooterGame/Mods/83374/933872_5330183 ...
[2024.08.29-14.07.03:894][119]LogCFCore: Cleaning up (modId=933872, fileId=5330183) ...
[2024.08.29-14.07.03:941][120]LogCFCore: Cleanup possible module ../../../ShooterGame/Binaries/Win64/ShooterGame/Mods/83374/936660_5568098 ...
[2024.08.29-14.07.03:941][120]LogCFCore: Cleaning up possible 1 output dirs ...
[2024.08.29-14.07.03:943][121]LogCFCore: Warning: WriteBufferWithThrottling: left_to_write 153122
[2024.08.29-14.07.03:975][121]LogCFCore: Successfully completed chunked download for: https://mediafilez.forgecdn.net/files/5102/443/pull%20it!-windowsserver%2041.zip
[2024.08.29-14.07.04:009][122]LogCFCore: Verifying mod (940022) download ...
[2024.08.29-14.07.04:077][124]LogCFCore: Cleanup temp directory ../../../ShooterGame/Binaries/Win64/ShooterGame/Mods/83374/.temp/940022_5102443 ...
[2024.08.29-14.07.04:077][124]LogCFCore: Cleanup possible module ../../../ShooterGame/Binaries/Win64/ShooterGame/Mods/83374/.temp/940022_5102443 ...
[2024.08.29-14.07.04:078][124]LogCFCore: Starting to download: https://mediafilez.forgecdn.net/files/5568/98/resonants%20shop%20mod-windowsserver%2072.zip, file id: 12
[2024.08.29-14.07.04:112][125]LogCFCore: Unzipping mod=940022 to ../../../ShooterGame/Binaries/Win64/ShooterGame/Mods/83374/.temp/940022_5102443 ...
[2024.08.29-14.07.04:112][126]LogCFCore: Warning: WriteBufferWithThrottling: left_to_write 372136
[2024.08.29-14.07.04:115][126]LogCFCore: Warning: WriteBufferWithThrottling: left_to_write 65
[2024.08.29-14.07.04:146][126]LogCFCore: Successfully completed chunked download for: https://mediafilez.forgecdn.net/files/5568/98/resonants%20shop%20mod-windowsserver%2072.zip
[2024.08.29-14.07.04:146][127]LogCFCore: Warning: WriteBufferWithThrottling: left_to_write 5135
[2024.08.29-14.07.04:180][127]LogCFCore: Verifying mod (936660) download ...
[2024.08.29-14.07.04:180][128]LogCFCore: Warning: WriteBufferWithThrottling: left_to_write 546
[2024.08.29-14.07.04:215][129]LogCFCore: Warning: WriteBufferWithThrottling: left_to_write 7725
[2024.08.29-14.07.04:250][129]LogCFCore: Cleanup temp directory ../../../ShooterGame/Binaries/Win64/ShooterGame/Mods/83374/.temp/936660_5568098 ...
[2024.08.29-14.07.04:250][129]LogCFCore: Cleanup possible module ../../../ShooterGame/Binaries/Win64/ShooterGame/Mods/83374/.temp/936660_5568098 ...
[2024.08.29-14.07.04:252][130]LogCFCore: Warning: WriteBufferWithThrottling: left_to_write 168496
[2024.08.29-14.07.04:284][130]LogCFCore: Unzipping mod=936660 to ../../../ShooterGame/Binaries/Win64/ShooterGame/Mods/83374/.temp/936660_5568098 ...
[2024.08.29-14.07.04:284][131]LogCFCore: Warning: WriteBufferWithThrottling: left_to_write 186525
[2024.08.29-14.07.04:286][131]LogCFCore: Warning: WriteBufferWithThrottling: left_to_write 3559
[2024.08.29-14.07.04:318][131]LogCFCore: Successfully completed chunked download for: https://mediafilez.forgecdn.net/files/5509/903/solo%20farm%20mod-windowsserver%2029.zip
[2024.08.29-14.07.04:318][132]LogCFCore: Warning: WriteBufferWithThrottling: left_to_write 7
[2024.08.29-14.07.04:352][132]LogCFCore: Verifying mod (928501) download ...
[2024.08.29-14.07.04:354][133]LogCFCore: Warning: WriteBufferWithThrottling: left_to_write 67
[2024.08.29-14.07.04:386][133]LogCFCore: Cleanup possible module ../../../ShooterGame/Binaries/Win64/ShooterGame/Mods/83374/940022_5102443 ...
[2024.08.29-14.07.04:386][133]LogCFCore: Cleaning up possible 1 output dirs ...
[2024.08.29-14.07.04:386][134]LogCFCore: Warning: WriteBufferWithThrottling: left_to_write 10618
[2024.08.29-14.07.04:419][134]LogCFCore: Moving ../../../ShooterGame/Binaries/Win64/ShooterGame/Mods/83374/.temp/940022_5102443 to ../../../ShooterGame/Binaries/Win64/ShooterGame/Mods/83374/940022_5102443 ...
[2024.08.29-14.07.04:419][134]LogCFCore: Moving ../../../ShooterGame/Binaries/Win64/ShooterGame/Mods/83374/.temp/940022_5102443 to ../../../ShooterGame/Binaries/Win64/ShooterGame/Mods/83374/940022_5102443 ...
[2024.08.29-14.07.04:420][134]LogCFCore: Cleanup temp directory ../../../ShooterGame/Binaries/Win64/ShooterGame/Mods/83374/.temp/928501_5509903 ...
[2024.08.29-14.07.04:420][134]LogCFCore: Cleanup possible module ../../../ShooterGame/Binaries/Win64/ShooterGame/Mods/83374/.temp/928501_5509903 ...
[2024.08.29-14.07.04:424][135]LogCFCore: Warning: WriteBufferWithThrottling: left_to_write 667
[2024.08.29-14.07.04:454][135]LogCFCore: Cleaning up (modId=940022, fileId=5102443) ...
[2024.08.29-14.07.04:454][135]LogCFCore: Unzipping mod=928501 to ../../../ShooterGame/Binaries/Win64/ShooterGame/Mods/83374/.temp/928501_5509903 ...
[2024.08.29-14.07.04:456][136]LogCFCore: Warning: WriteBufferWithThrottling: left_to_write 9711
[2024.08.29-14.07.04:498][136]LogCFCore: Cleanup possible module ../../../ShooterGame/Binaries/Win64/ShooterGame/Mods/83374/947733_5521328 ...
[2024.08.29-14.07.04:498][136]LogCFCore: Cleaning up possible 1 output dirs ...
[2024.08.29-14.07.04:502][137]LogCFCore: Warning: WriteBufferWithThrottling: left_to_write 419728
[2024.08.29-14.07.04:532][138]LogCFCore: Warning: WriteBufferWithThrottling: left_to_write 7280
[2024.08.29-14.07.04:567][139]LogCFCore: Warning: WriteBufferWithThrottling: left_to_write 75
[2024.08.29-14.07.04:600][139]LogCFCore: Cleanup possible module ../../../ShooterGame/Binaries/Win64/ShooterGame/Mods/83374/936660_5568098 ...
[2024.08.29-14.07.04:600][139]LogCFCore: Cleaning up possible 1 output dirs ...
[2024.08.29-14.07.04:600][140]LogCFCore: Warning: WriteBufferWithThrottling: left_to_write 8922
[2024.08.29-14.07.04:634][140]LogCFCore: Moving ../../../ShooterGame/Binaries/Win64/ShooterGame/Mods/83374/.temp/936660_5568098 to ../../../ShooterGame/Binaries/Win64/ShooterGame/Mods/83374/936660_5568098 ...
[2024.08.29-14.07.04:634][140]LogCFCore: Moving ../../../ShooterGame/Binaries/Win64/ShooterGame/Mods/83374/.temp/936660_5568098 to ../../../ShooterGame/Binaries/Win64/ShooterGame/Mods/83374/936660_5568098 ...
[2024.08.29-14.07.04:638][141]LogCFCore: Warning: WriteBufferWithThrottling: left_to_write 548
[2024.08.29-14.07.04:668][141]LogCFCore: Cleaning up (modId=936660, fileId=5568098) ...
[2024.08.29-14.07.04:670][142]LogCFCore: Warning: WriteBufferWithThrottling: left_to_write 6209
[2024.08.29-14.07.04:709][142]LogCFCore: Cleanup possible module ../../../ShooterGame/Binaries/Win64/ShooterGame/Mods/83374/939055_5639286 ...
[2024.08.29-14.07.04:709][142]LogCFCore: Cleaning up possible 1 output dirs ...
[2024.08.29-14.07.04:709][142]LogCFCore: Starting to download: https://mediafilez.forgecdn.net/files/5521/328/automated%20dino%20wipes-windowsserver%2043.zip, file id: 13
[2024.08.29-14.07.04:711][143]LogCFCore: Warning: WriteBufferWithThrottling: left_to_write 209104
[2024.08.29-14.07.04:743][144]LogCFCore: Warning: WriteBufferWithThrottling: left_to_write 22299
[2024.08.29-14.07.04:744][144]LogCFCore: Warning: WriteBufferWithThrottling: left_to_write 5632
[2024.08.29-14.07.04:777][144]LogCFCore: Successfully completed chunked download for: https://mediafilez.forgecdn.net/files/5521/328/automated%20dino%20wipes-windowsserver%2043.zip
[2024.08.29-14.07.04:777][145]LogCFCore: Warning: WriteBufferWithThrottling: left_to_write 71
[2024.08.29-14.07.04:811][145]LogCFCore: Verifying mod (947733) download ...
[2024.08.29-14.07.04:811][146]LogCFCore: Warning: WriteBufferWithThrottling: left_to_write 24166
[2024.08.29-14.07.04:879][147]LogCFCore: Cleanup possible module ../../../ShooterGame/Binaries/Win64/ShooterGame/Mods/83374/928501_5509903 ...
[2024.08.29-14.07.04:879][147]LogCFCore: Cleaning up possible 1 output dirs ...
[2024.08.29-14.07.04:879][147]LogCFCore: Cleanup temp directory ../../../ShooterGame/Binaries/Win64/ShooterGame/Mods/83374/.temp/947733_5521328 ...
[2024.08.29-14.07.04:879][147]LogCFCore: Cleanup possible module ../../../ShooterGame/Binaries/Win64/ShooterGame/Mods/83374/.temp/947733_5521328 ...
[2024.08.29-14.07.04:913][148]LogCFCore: Moving ../../../ShooterGame/Binaries/Win64/ShooterGame/Mods/83374/.temp/928501_5509903 to ../../../ShooterGame/Binaries/Win64/ShooterGame/Mods/83374/928501_5509903 ...
[2024.08.29-14.07.04:913][148]LogCFCore: Moving ../../../ShooterGame/Binaries/Win64/ShooterGame/Mods/83374/.temp/928501_5509903 to ../../../ShooterGame/Binaries/Win64/ShooterGame/Mods/83374/928501_5509903 ...
[2024.08.29-14.07.04:913][148]LogCFCore: Unzipping mod=947733 to ../../../ShooterGame/Binaries/Win64/ShooterGame/Mods/83374/.temp/947733_5521328 ...
[2024.08.29-14.07.04:913][148]LogCFCore: Starting to download: https://mediafilez.forgecdn.net/files/5639/286/arkomatic-windowsserver%2056.zip, file id: 14
[2024.08.29-14.07.04:921][149]LogCFCore: Warning: WriteBufferWithThrottling: left_to_write 570
[2024.08.29-14.07.04:947][149]LogCFCore: Cleaning up (modId=928501, fileId=5509903) ...
[2024.08.29-14.07.04:948][150]LogCFCore: Warning: WriteBufferWithThrottling: left_to_write 89
[2024.08.29-14.07.04:994][150]LogCFCore: Cleanup possible module ../../../ShooterGame/Binaries/Win64/ShooterGame/Mods/83374/928793_5622484 ...
[2024.08.29-14.07.04:994][150]LogCFCore: Cleaning up possible 1 output dirs ...
[2024.08.29-14.07.04:996][151]LogCFCore: Warning: WriteBufferWithThrottling: left_to_write 855
[2024.08.29-14.07.05:029][152]LogCFCore: Warning: WriteBufferWithThrottling: left_to_write 1599
[2024.08.29-14.07.05:063][153]LogCFCore: Warning: WriteBufferWithThrottling: left_to_write 19392
[2024.08.29-14.07.05:096][154]LogCFCore: Warning: WriteBufferWithThrottling: left_to_write 711
[2024.08.29-14.07.05:164][155]LogCFCore: Cleanup possible module ../../../ShooterGame/Binaries/Win64/ShooterGame/Mods/83374/947733_5521328 ...
[2024.08.29-14.07.05:164][155]LogCFCore: Cleaning up possible 1 output dirs ...
[2024.08.29-14.07.05:165][156]LogCFCore: Warning: WriteBufferWithThrottling: left_to_write 1028907
[2024.08.29-14.07.05:198][156]LogCFCore: Moving ../../../ShooterGame/Binaries/Win64/ShooterGame/Mods/83374/.temp/947733_5521328 to ../../../ShooterGame/Binaries/Win64/ShooterGame/Mods/83374/947733_5521328 ...
[2024.08.29-14.07.05:198][156]LogCFCore: Moving ../../../ShooterGame/Binaries/Win64/ShooterGame/Mods/83374/.temp/947733_5521328 to ../../../ShooterGame/Binaries/Win64/ShooterGame/Mods/83374/947733_5521328 ...
[2024.08.29-14.07.05:198][156]LogCFCore: Successfully completed chunked download for: https://mediafilez.forgecdn.net/files/5639/286/arkomatic-windowsserver%2056.zip
[2024.08.29-14.07.05:198][156]LogCFCore: Starting to download: https://mediafilez.forgecdn.net/files/5622/484/pelayoris%20cryo%20storage%20crossplay-windowsserver%2054.zip, file id: 15
[2024.08.29-14.07.05:232][157]LogCFCore: Cleaning up (modId=947733, fileId=5521328) ...
[2024.08.29-14.07.05:232][157]LogCFCore: Verifying mod (939055) download ...
[2024.08.29-14.07.05:233][158]LogCFCore: Warning: WriteBufferWithThrottling: left_to_write 443449
[2024.08.29-14.07.05:279][158]LogCFCore: Cleanup possible module ../../../ShooterGame/Binaries/Win64/ShooterGame/Mods/83374/929912_5669096 ...
[2024.08.29-14.07.05:279][158]LogCFCore: Cleaning up possible 1 output dirs ...
[2024.08.29-14.07.05:279][158]LogCFCore: Successfully completed chunked download for: https://mediafilez.forgecdn.net/files/5622/484/pelayoris%20cryo%20storage%20crossplay-windowsserver%2054.zip
[2024.08.29-14.07.05:317][159]LogCFCore: Cleanup temp directory ../../../ShooterGame/Binaries/Win64/ShooterGame/Mods/83374/.temp/939055_5639286 ...
[2024.08.29-14.07.05:317][159]LogCFCore: Cleanup possible module ../../../ShooterGame/Binaries/Win64/ShooterGame/Mods/83374/.temp/939055_5639286 ...
[2024.08.29-14.07.05:317][159]LogCFCore: Verifying mod (928793) download ...
[2024.08.29-14.07.05:351][160]LogCFCore: Unzipping mod=939055 to ../../../ShooterGame/Binaries/Win64/ShooterGame/Mods/83374/.temp/939055_5639286 ...
[2024.08.29-14.07.05:353][161]LogCFCore: Warning: WriteBufferWithThrottling: left_to_write 661
[2024.08.29-14.07.05:386][161]LogCFCore: Cleanup temp directory ../../../ShooterGame/Binaries/Win64/ShooterGame/Mods/83374/.temp/928793_5622484 ...
[2024.08.29-14.07.05:386][161]LogCFCore: Cleanup possible module ../../../ShooterGame/Binaries/Win64/ShooterGame/Mods/83374/.temp/928793_5622484 ...
[2024.08.29-14.07.05:386][162]LogCFCore: Warning: WriteBufferWithThrottling: left_to_write 71
[2024.08.29-14.07.05:420][162]LogCFCore: Unzipping mod=928793 to ../../../ShooterGame/Binaries/Win64/ShooterGame/Mods/83374/.temp/928793_5622484 ...
[2024.08.29-14.07.05:420][162]LogCFCore: Starting to download: https://mediafilez.forgecdn.net/files/5669/96/ezs%20engram%20unlocker%20pcxboxps-windowsserver%2034.zip, file id: 16
[2024.08.29-14.07.05:420][163]LogCFCore: Warning: WriteBufferWithThrottling: left_to_write 58156
[2024.08.29-14.07.05:455][164]LogCFCore: Warning: WriteBufferWithThrottling: left_to_write 18395
[2024.08.29-14.07.05:488][165]LogCFCore: Warning: WriteBufferWithThrottling: left_to_write 20778
[2024.08.29-14.07.05:494][165]LogCFCore: Warning: WriteBufferWithThrottling: left_to_write 622432
[2024.08.29-14.07.05:522][165]LogCFCore: Successfully completed chunked download for: https://mediafilez.forgecdn.net/files/5669/96/ezs%20engram%20unlocker%20pcxboxps-windowsserver%2034.zip
[2024.08.29-14.07.05:522][166]LogCFCore: Warning: WriteBufferWithThrottling: left_to_write 30632
[2024.08.29-14.07.05:556][166]LogCFCore: Verifying mod (929912) download ...
[2024.08.29-14.07.05:556][167]LogCFCore: Warning: WriteBufferWithThrottling: left_to_write 74
[2024.08.29-14.07.05:590][168]LogCFCore: Warning: WriteBufferWithThrottling: left_to_write 142
[2024.08.29-14.07.05:624][168]LogCFCore: Cleanup temp directory ../../../ShooterGame/Binaries/Win64/ShooterGame/Mods/83374/.temp/929912_5669096 ...
[2024.08.29-14.07.05:624][168]LogCFCore: Cleanup possible module ../../../ShooterGame/Binaries/Win64/ShooterGame/Mods/83374/.temp/929912_5669096 ...
[2024.08.29-14.07.05:630][169]LogCFCore: Warning: WriteBufferWithThrottling: left_to_write 667547
[2024.08.29-14.07.05:658][169]LogCFCore: Unzipping mod=929912 to ../../../ShooterGame/Binaries/Win64/ShooterGame/Mods/83374/.temp/929912_5669096 ...
[2024.08.29-14.07.05:659][170]LogCFCore: Warning: WriteBufferWithThrottling: left_to_write 548
[2024.08.29-14.07.05:692][170]LogCFCore: Cleanup possible module ../../../ShooterGame/Binaries/Win64/ShooterGame/Mods/83374/939055_5639286 ...
[2024.08.29-14.07.05:692][170]LogCFCore: Cleaning up possible 1 output dirs ...
[2024.08.29-14.07.05:692][171]LogCFCore: Warning: WriteBufferWithThrottling: left_to_write 69
[2024.08.29-14.07.05:726][171]LogCFCore: Moving ../../../ShooterGame/Binaries/Win64/ShooterGame/Mods/83374/.temp/939055_5639286 to ../../../ShooterGame/Binaries/Win64/ShooterGame/Mods/83374/939055_5639286 ...
[2024.08.29-14.07.05:726][171]LogCFCore: Moving ../../../ShooterGame/Binaries/Win64/ShooterGame/Mods/83374/.temp/939055_5639286 to ../../../ShooterGame/Binaries/Win64/ShooterGame/Mods/83374/939055_5639286 ...
[2024.08.29-14.07.05:731][172]LogCFCore: Warning: WriteBufferWithThrottling: left_to_write 22221
[2024.08.29-14.07.05:760][172]LogCFCore: Cleaning up (modId=939055, fileId=5639286) ...
[2024.08.29-14.07.05:762][173]LogCFCore: Warning: WriteBufferWithThrottling: left_to_write 11501
[2024.08.29-14.07.05:807][173]LogCFCore: Cleanup possible module ../../../ShooterGame/Binaries/Win64/ShooterGame/Mods/83374/929420_5509935 ...
[2024.08.29-14.07.05:807][173]LogCFCore: Cleaning up possible 1 output dirs ...
[2024.08.29-14.07.05:813][174]LogCFCore: Warning: WriteBufferWithThrottling: left_to_write 547888
[2024.08.29-14.07.05:843][175]LogCFCore: Warning: WriteBufferWithThrottling: left_to_write 13377
[2024.08.29-14.07.05:877][176]LogCFCore: Warning: WriteBufferWithThrottling: left_to_write 548
[2024.08.29-14.07.05:910][176]LogCFCore: Cleanup possible module ../../../ShooterGame/Binaries/Win64/ShooterGame/Mods/83374/928793_5622484 ...
[2024.08.29-14.07.05:910][176]LogCFCore: Cleaning up possible 1 output dirs ...
[2024.08.29-14.07.05:910][177]LogCFCore: Warning: WriteBufferWithThrottling: left_to_write 85
[2024.08.29-14.07.05:944][177]LogCFCore: Moving ../../../ShooterGame/Binaries/Win64/ShooterGame/Mods/83374/.temp/928793_5622484 to ../../../ShooterGame/Binaries/Win64/ShooterGame/Mods/83374/928793_5622484 ...
[2024.08.29-14.07.05:944][177]LogCFCore: Moving ../../../ShooterGame/Binaries/Win64/ShooterGame/Mods/83374/.temp/928793_5622484 to ../../../ShooterGame/Binaries/Win64/ShooterGame/Mods/83374/928793_5622484 ...
[2024.08.29-14.07.05:948][178]LogCFCore: Warning: WriteBufferWithThrottling: left_to_write 1235
[2024.08.29-14.07.05:978][178]LogCFCore: Cleaning up (modId=928793, fileId=5622484) ...
[2024.08.29-14.07.05:978][178]LogCFCore: Starting to download: https://mediafilez.forgecdn.net/files/5509/935/super%20spyglass%20plus-windowsserver%2040.zip, file id: 17
[2024.08.29-14.07.05:980][179]LogCFCore: Warning: WriteBufferWithThrottling: left_to_write 1869
[2024.08.29-14.07.06:023][179]LogCFCore: Cleanup possible module ../../../ShooterGame/Binaries/Win64/ShooterGame/Mods/83374/929110_5569237 ...
[2024.08.29-14.07.06:023][179]LogCFCore: Cleaning up possible 1 output dirs ...
[2024.08.29-14.07.06:025][180]LogCFCore: Warning: WriteBufferWithThrottling: left_to_write 21776
[2024.08.29-14.07.06:058][181]LogCFCore: Warning: WriteBufferWithThrottling: left_to_write 922
[2024.08.29-14.07.06:092][182]LogCFCore: Warning: WriteBufferWithThrottling: left_to_write 931665
[2024.08.29-14.07.06:125][182]LogCFCore: Cleanup possible module ../../../ShooterGame/Binaries/Win64/ShooterGame/Mods/83374/929912_5669096 ...
[2024.08.29-14.07.06:125][182]LogCFCore: Cleaning up possible 1 output dirs ...
[2024.08.29-14.07.06:125][182]LogCFCore: Successfully completed chunked download for: https://mediafilez.forgecdn.net/files/5509/935/super%20spyglass%20plus-windowsserver%2040.zip
[2024.08.29-14.07.06:159][183]LogCFCore: Moving ../../../ShooterGame/Binaries/Win64/ShooterGame/Mods/83374/.temp/929912_5669096 to ../../../ShooterGame/Binaries/Win64/ShooterGame/Mods/83374/929912_5669096 ...
[2024.08.29-14.07.06:159][183]LogCFCore: Moving ../../../ShooterGame/Binaries/Win64/ShooterGame/Mods/83374/.temp/929912_5669096 to ../../../ShooterGame/Binaries/Win64/ShooterGame/Mods/83374/929912_5669096 ...
[2024.08.29-14.07.06:159][183]LogCFCore: Verifying mod (929420) download ...
[2024.08.29-14.07.06:193][184]LogCFCore: Cleaning up (modId=929912, fileId=5669096) ...
[2024.08.29-14.07.06:193][184]LogCFCore: Starting to download: https://mediafilez.forgecdn.net/files/5569/237/tg%20stacking%20mod%201000090-windowsserver%2017.zip, file id: 18
[2024.08.29-14.07.06:237][185]LogCFCore: Cleanup possible module ../../../ShooterGame/Binaries/Win64/ShooterGame/Mods/83374/936882_5662285 ...
[2024.08.29-14.07.06:237][185]LogCFCore: Cleaning up possible 1 output dirs ...
[2024.08.29-14.07.06:239][185]LogCFCore: Cleanup temp directory ../../../ShooterGame/Binaries/Win64/ShooterGame/Mods/83374/.temp/929420_5509935 ...
[2024.08.29-14.07.06:239][185]LogCFCore: Cleanup possible module ../../../ShooterGame/Binaries/Win64/ShooterGame/Mods/83374/.temp/929420_5509935 ...
[2024.08.29-14.07.06:273][186]LogCFCore: Unzipping mod=929420 to ../../../ShooterGame/Binaries/Win64/ShooterGame/Mods/83374/.temp/929420_5509935 ...
[2024.08.29-14.07.06:275][187]LogCFCore: Warning: WriteBufferWithThrottling: left_to_write 87
[2024.08.29-14.07.06:308][188]LogCFCore: Warning: WriteBufferWithThrottling: left_to_write 2124925
[2024.08.29-14.07.06:314][188]LogCFCore: Warning: WriteBufferWithThrottling: left_to_write 21080
[2024.08.29-14.07.06:341][188]LogCFCore: Successfully completed chunked download for: https://mediafilez.forgecdn.net/files/5569/237/tg%20stacking%20mod%201000090-windowsserver%2017.zip
[2024.08.29-14.07.06:341][189]LogCFCore: Warning: WriteBufferWithThrottling: left_to_write 614
[2024.08.29-14.07.06:375][189]LogCFCore: Verifying mod (929110) download ...
[2024.08.29-14.07.06:375][189]LogCFCore: Starting to download: https://mediafilez.forgecdn.net/files/5662/285/asabot%20companion-windowsserver%20146.zip, file id: 19
[2024.08.29-14.07.06:376][190]LogCFCore: Warning: WriteBufferWithThrottling: left_to_write 9703
[2024.08.29-14.07.06:413][191]LogCFCore: Warning: WriteBufferWithThrottling: left_to_write 427936
[2024.08.29-14.07.06:454][191]LogCFCore: Cleanup temp directory ../../../ShooterGame/Binaries/Win64/ShooterGame/Mods/83374/.temp/929110_5569237 ...
[2024.08.29-14.07.06:454][191]LogCFCore: Cleanup possible module ../../../ShooterGame/Binaries/Win64/ShooterGame/Mods/83374/.temp/929110_5569237 ...
[2024.08.29-14.07.06:455][192]LogCFCore: Warning: WriteBufferWithThrottling: left_to_write 11876
[2024.08.29-14.07.06:489][192]LogCFCore: Unzipping mod=929110 to ../../../ShooterGame/Binaries/Win64/ShooterGame/Mods/83374/.temp/929110_5569237 ...
[2024.08.29-14.07.06:489][193]LogCFCore: Warning: WriteBufferWithThrottling: left_to_write 19
[2024.08.29-14.07.06:529][194]LogCFCore: Warning: WriteBufferWithThrottling: left_to_write 588901
[2024.08.29-14.07.06:556][195]LogCFCore: Warning: WriteBufferWithThrottling: left_to_write 133768
[2024.08.29-14.07.06:558][195]LogCFCore: Warning: WriteBufferWithThrottling: left_to_write 87
[2024.08.29-14.07.06:590][195]LogCFCore: Cleanup possible module ../../../ShooterGame/Binaries/Win64/ShooterGame/Mods/83374/929420_5509935 ...
[2024.08.29-14.07.06:590][195]LogCFCore: Cleaning up possible 1 output dirs ...
[2024.08.29-14.07.06:590][195]LogCFCore: Successfully completed chunked download for: https://mediafilez.forgecdn.net/files/5662/285/asabot%20companion-windowsserver%20146.zip
[2024.08.29-14.07.06:591][196]LogCFCore: Warning: WriteBufferWithThrottling: left_to_write 54422
[2024.08.29-14.07.06:624][196]LogCFCore: Moving ../../../ShooterGame/Binaries/Win64/ShooterGame/Mods/83374/.temp/929420_5509935 to ../../../ShooterGame/Binaries/Win64/ShooterGame/Mods/83374/929420_5509935 ...
[2024.08.29-14.07.06:624][196]LogCFCore: Moving ../../../ShooterGame/Binaries/Win64/ShooterGame/Mods/83374/.temp/929420_5509935 to ../../../ShooterGame/Binaries/Win64/ShooterGame/Mods/83374/929420_5509935 ...
[2024.08.29-14.07.06:624][196]LogCFCore: Verifying mod (936882) download ...
[2024.08.29-14.07.06:629][197]LogCFCore: Warning: WriteBufferWithThrottling: left_to_write 566
[2024.08.29-14.07.06:658][197]LogCFCore: Cleaning up (modId=929420, fileId=5509935) ...
[2024.08.29-14.07.06:660][198]LogCFCore: Warning: WriteBufferWithThrottling: left_to_write 24381
[2024.08.29-14.07.06:706][198]LogCFCore: Cleanup temp directory ../../../ShooterGame/Binaries/Win64/ShooterGame/Mods/83374/.temp/936882_5662285 ...
[2024.08.29-14.07.06:706][198]LogCFCore: Cleanup possible module ../../../ShooterGame/Binaries/Win64/ShooterGame/Mods/83374/.temp/936882_5662285 ...
[2024.08.29-14.07.06:709][199]LogCFCore: Warning: WriteBufferWithThrottling: left_to_write 271616
[2024.08.29-14.07.06:741][199]LogCFCore: Unzipping mod=936882 to ../../../ShooterGame/Binaries/Win64/ShooterGame/Mods/83374/.temp/936882_5662285 ...
[2024.08.29-14.07.06:741][200]LogCFCore: Warning: WriteBufferWithThrottling: left_to_write 28895
[2024.08.29-14.07.06:775][201]LogCFCore: Warning: WriteBufferWithThrottling: left_to_write 58
[2024.08.29-14.07.06:819][202]LogCFCore: Warning: WriteBufferWithThrottling: left_to_write 1996669
[2024.08.29-14.07.06:844][203]LogCFCore: Warning: WriteBufferWithThrottling: left_to_write 685
[2024.08.29-14.07.06:877][203]LogCFCore: Cleanup possible module ../../../ShooterGame/Binaries/Win64/ShooterGame/Mods/83374/929110_5569237 ...
[2024.08.29-14.07.06:877][203]LogCFCore: Cleaning up possible 1 output dirs ...
[2024.08.29-14.07.06:877][204]LogCFCore: Warning: WriteBufferWithThrottling: left_to_write 87
[2024.08.29-14.07.06:911][204]LogCFCore: Moving ../../../ShooterGame/Binaries/Win64/ShooterGame/Mods/83374/.temp/929110_5569237 to ../../../ShooterGame/Binaries/Win64/ShooterGame/Mods/83374/929110_5569237 ...
[2024.08.29-14.07.06:911][204]LogCFCore: Moving ../../../ShooterGame/Binaries/Win64/ShooterGame/Mods/83374/.temp/929110_5569237 to ../../../ShooterGame/Binaries/Win64/ShooterGame/Mods/83374/929110_5569237 ...
[2024.08.29-14.07.06:916][205]LogCFCore: Warning: WriteBufferWithThrottling: left_to_write 5056
[2024.08.29-14.07.06:945][205]LogCFCore: Cleaning up (modId=929110, fileId=5569237) ...
[2024.08.29-14.07.06:947][206]LogCFCore: Warning: WriteBufferWithThrottling: left_to_write 8091
[2024.08.29-14.07.06:989][207]LogCFCore: Warning: WriteBufferWithThrottling: left_to_write 140864
[2024.08.29-14.07.07:021][208]LogCFCore: Warning: WriteBufferWithThrottling: left_to_write 3298
[2024.08.29-14.07.07:089][209]LogCFCore: Cleanup possible module ../../../ShooterGame/Binaries/Win64/ShooterGame/Mods/83374/936882_5662285 ...
[2024.08.29-14.07.07:089][209]LogCFCore: Cleaning up possible 1 output dirs ...
[2024.08.29-14.07.07:123][210]LogCFCore: Moving ../../../ShooterGame/Binaries/Win64/ShooterGame/Mods/83374/.temp/936882_5662285 to ../../../ShooterGame/Binaries/Win64/ShooterGame/Mods/83374/936882_5662285 ...
[2024.08.29-14.07.07:123][210]LogCFCore: Moving ../../../ShooterGame/Binaries/Win64/ShooterGame/Mods/83374/.temp/936882_5662285 to ../../../ShooterGame/Binaries/Win64/ShooterGame/Mods/83374/936882_5662285 ...
[2024.08.29-14.07.07:157][211]LogCFCore: Cleaning up (modId=936882, fileId=5662285) ...
[2024.08.29-14.07.07:238][213]LogCFCore: Mod valid: EOS ID Helper (CrossPlay) (980463)
[2024.08.29-14.07.07:238][213]LogCFCore: Mod valid: maewings (929521)
[2024.08.29-14.07.07:238][213]LogCFCore: Mod valid: Custom Dino Levels (928708)
[2024.08.29-14.07.07:238][213]LogCFCore: Mod valid: Utilities Plus (928621)
[2024.08.29-14.07.07:238][213]LogCFCore: Mod valid: Dino+ (Nanny, Hatchey) (937546)
[2024.08.29-14.07.07:238][213]LogCFCore: Mod valid: Ammo Box Ascended (967856)
[2024.08.29-14.07.07:238][213]LogCFCore: Mod valid: QoL+ (939228)
[2024.08.29-14.07.07:238][213]LogCFCore: Mod valid: PVP Scoreboard (931903)
[2024.08.29-14.07.07:238][213]LogCFCore: Mod valid: CliffPlatforms (933872)
[2024.08.29-14.07.07:238][213]LogCFCore: Mod valid: Solo Farm Mod (928501)
[2024.08.29-14.07.07:238][213]LogCFCore: Mod valid: Pull It! (940022)
[2024.08.29-14.07.07:238][213]LogCFCore: Mod valid: Resonant's Shop Mod (936660)
[2024.08.29-14.07.07:238][213]LogCFCore: Mod valid: Automated Dino Wipes (947733)
[2024.08.29-14.07.07:238][213]LogCFCore: Mod valid: ARKomatic (939055)
[2024.08.29-14.07.07:238][213]LogCFCore: Mod valid: Pelayori's Cryo Storage (Crossplay!) (928793)
[2024.08.29-14.07.07:238][213]LogCFCore: Mod valid: Ez's Engram Unlocker (PC/Xbox/PS) (929912)
[2024.08.29-14.07.07:238][213]LogCFCore: Mod valid: Super Spyglass Plus (929420)
[2024.08.29-14.07.07:238][213]LogCFCore: Mod valid: TG Stacking Mod 10000-90 (929110)
[2024.08.29-14.07.07:238][213]LogCFCore: Mod valid: ASA-Bot Companion (936882)
[2024.08.29-14.07.07:408][214]UShooterEngine::LoadGameMods with 19 mods
[2024.08.29-14.07.07:408][214]UShooterEngine::LoadGameMods Loading Mod ShooterGame/Mods/83374/929420_5509935/SuperSpyglassPlus/Content/PrimalGameData_BP_SSP_Kav.uasset : 929420
[2024.08.29-14.07.08:082][214]UShooterEngine::LoadGameMods Using mod asset Package /SuperSpyglassPlus/PrimalGameData_BP_SSP_Kav as PrimalGameDataOverride.
[2024.08.29-14.07.08:082][214]UShooterEngine::LoadGameMods Loading Mod ShooterGame/Mods/83374/928621_4856794/UtilsPlus/Content/PrimalGameData_BP_UtilPlus.uasset : 928621
[2024.08.29-14.07.08:102][214]UShooterEngine::LoadGameMods Merging mod asset Package /UtilsPlus/PrimalGameData_BP_UtilPlus with PrimalGameDataOverride.
[2024.08.29-14.07.08:103][214]UShooterEngine::LoadGameMods Loading Mod ShooterGame/Mods/83374/928708_4894074/LevelTestingMod/Content/PrimalGameData_BP_LevelTesting.uasset : 928708
[2024.08.29-14.07.08:460][214]UShooterEngine::LoadGameMods Merging mod asset Package /LevelTestingMod/PrimalGameData_BP_LevelTesting with PrimalGameDataOverride.
[2024.08.29-14.07.08:460][214]UShooterEngine::LoadGameMods Loading Mod ShooterGame/Mods/83374/928501_5509903/SoloFarmMod/Content/PrimalGameData_BP_SoloFarmMod.uasset : 928501
[2024.08.29-14.07.08:478][214]UShooterEngine::LoadGameMods Merging mod asset Package /SoloFarmMod/PrimalGameData_BP_SoloFarmMod with PrimalGameDataOverride.
[2024.08.29-14.07.08:478][214]UShooterEngine::LoadGameMods Loading Mod ShooterGame/Mods/83374/939055_5639286/ARKomatic/Content/PrimalGameData_BP_ARKomatic.uasset : 939055
[2024.08.29-14.07.08:496][214]UShooterEngine::LoadGameMods Merging mod asset Package /ARKomatic/PrimalGameData_BP_ARKomatic with PrimalGameDataOverride.
[2024.08.29-14.07.08:496][214]UShooterEngine::LoadGameMods Loading Mod ShooterGame/Mods/83374/929110_5569237/TG_Stack_10000_90/Content/PrimalGameData_TG_Stack_10000_90.uasset : 929110
[2024.08.29-14.07.08:512][214]UShooterEngine::LoadGameMods Merging mod asset Package /TG_Stack_10000_90/PrimalGameData_TG_Stack_10000_90 with PrimalGameDataOverride.
[2024.08.29-14.07.08:512][214]UShooterEngine::LoadGameMods Loading Mod ShooterGame/Mods/83374/939228_5078487/QoLPlus/Content/PrimalGameData_QoLPlus.uasset : 939228
[2024.08.29-14.07.08:609][214]UShooterEngine::LoadGameMods Merging mod asset Package /QoLPlus/PrimalGameData_QoLPlus with PrimalGameDataOverride.
[2024.08.29-14.07.08:609][214]UShooterEngine::LoadGameMods Loading Mod ShooterGame/Mods/83374/933872_5330183/CliffPlatforms/Content/PrimalGameData_BP_Cliffplatforms.uasset : 933872
[2024.08.29-14.07.08:633][214]UShooterEngine::LoadGameMods Merging mod asset Package /CliffPlatforms/PrimalGameData_BP_Cliffplatforms with PrimalGameDataOverride.
[2024.08.29-14.07.08:633][214]UShooterEngine::LoadGameMods Loading Mod ShooterGame/Mods/83374/947733_5521328/AutomatedDinoWipes/Content/PrimalGameData_BP_AutomatedDinoWipes.uasset : 947733
[2024.08.29-14.07.08:681][214]UShooterEngine::LoadGameMods Merging mod asset Package /AutomatedDinoWipes/PrimalGameData_BP_AutomatedDinoWipes with PrimalGameDataOverride.
[2024.08.29-14.07.08:681][214]UShooterEngine::LoadGameMods Loading Mod ShooterGame/Mods/83374/929912_5669096/EzEngramUnlocker/Content/PrimalGameData_BP_EzEngramUnlocker.uasset : 929912
[2024.08.29-14.07.08:703][214]UShooterEngine::LoadGameMods Merging mod asset Package /EzEngramUnlocker/PrimalGameData_BP_EzEngramUnlocker with PrimalGameDataOverride.
[2024.08.29-14.07.08:704][214]UShooterEngine::LoadGameMods Loading Mod ShooterGame/Mods/83374/940022_5102443/PullIt/Content/PrimalGameData_BP_PullIt.uasset : 940022
[2024.08.29-14.07.08:731][214]UShooterEngine::LoadGameMods Merging mod asset Package /PullIt/PrimalGameData_BP_PullIt with PrimalGameDataOverride.
[2024.08.29-14.07.08:732][214]UShooterEngine::LoadGameMods Loading Mod ShooterGame/Mods/83374/936660_5568098/ShopMod/Content/PrimalGameData_BP_BlankMod.uasset : 936660
[2024.08.29-14.07.10:762][214]UShooterEngine::LoadGameMods Merging mod asset Package /ShopMod/PrimalGameData_BP_BlankMod with PrimalGameDataOverride.
[2024.08.29-14.07.10:763][214]UShooterEngine::LoadGameMods Loading Mod ShooterGame/Mods/83374/931903_5036004/PVPScoreboard/Content/PrimalGameData_BP_PVPScoreboard.uasset : 931903
[2024.08.29-14.07.10:792][214]UShooterEngine::LoadGameMods Merging mod asset Package /PVPScoreboard/PrimalGameData_BP_PVPScoreboard with PrimalGameDataOverride.
[2024.08.29-14.07.10:792][214]UShooterEngine::LoadGameMods Loading Mod ShooterGame/Mods/83374/967856_5238619/AmmoBoxAscended/Content/PrimalGameData_BP_AmmoBoxAscended.uasset : 967856
[2024.08.29-14.07.10:807][214]UShooterEngine::LoadGameMods Merging mod asset Package /AmmoBoxAscended/PrimalGameData_BP_AmmoBoxAscended with PrimalGameDataOverride.
[2024.08.29-14.07.10:807][214]UShooterEngine::LoadGameMods Loading Mod ShooterGame/Mods/83374/928793_5622484/Cryopods/Content/PrimalGameData_BP_Cryopods.uasset : 928793
[2024.08.29-14.07.10:849][214]UShooterEngine::LoadGameMods Merging mod asset Package /Cryopods/PrimalGameData_BP_Cryopods with PrimalGameDataOverride.
[2024.08.29-14.07.10:849][214]UShooterEngine::LoadGameMods Loading Mod ShooterGame/Mods/83374/937546_4928343/DPlusMod/Content/PrimalGameData_BP_DPlusMod.uasset : 937546
[2024.08.29-14.07.10:867][214]UShooterEngine::LoadGameMods Merging mod asset Package /DPlusMod/PrimalGameData_BP_DPlusMod with PrimalGameDataOverride.
[2024.08.29-14.07.10:867][214]UShooterEngine::LoadGameMods Loading Mod ShooterGame/Mods/83374/980463_5142852/EOSIDHelper/Content/PrimalGameData_BP_EOSIDHelper.uasset : 980463
[2024.08.29-14.07.10:884][214]UShooterEngine::LoadGameMods Merging mod asset Package /EOSIDHelper/PrimalGameData_BP_EOSIDHelper with PrimalGameDataOverride.
[2024.08.29-14.07.10:884][214]UShooterEngine::LoadGameMods Loading Mod ShooterGame/Mods/83374/929521_5238433/maewings/Content/PrimalGameData_BP_Maewings.uasset : 929521
[2024.08.29-14.07.10:900][214]UShooterEngine::LoadGameMods Merging mod asset Package /maewings/PrimalGameData_BP_Maewings with PrimalGameDataOverride.
[2024.08.29-14.07.10:900][214]UShooterEngine::LoadGameMods Loading Mod ShooterGame/Mods/83374/936882_5662285/ASA-Bot-Companion/Content/PrimalGameData_BP_ASABot.uasset : 936882
[2024.08.29-14.07.10:923][214]UShooterEngine::LoadGameMods Merging mod asset Package /ASA-Bot-Companion/PrimalGameData_BP_ASABot with PrimalGameDataOverride.
[2024.08.29-14.07.10:923][214]Initialize Primal Game Data Override.
[2024.08.29-14.07.10:936][214]Added Explorer Note Entry: DEARJANE_EXP_NOTE_1
[2024.08.29-14.07.10:937][214]Added Explorer Note Entry: DEARJANE_EXP_NOTE_2
[2024.08.29-14.07.10:937][214]Added Explorer Note Entry: DEARJANE_EXP_NOTE_3
[2024.08.29-14.07.10:937][214]Added Explorer Note Entry: DEARJANE_EXP_NOTE_4
[2024.08.29-14.07.10:937][214]Added Explorer Note Entry: DEARJANE_EXP_NOTE_5
[2024.08.29-14.07.10:937][214]Added Explorer Note Entry: DEARJANE_EXP_NOTE_6
[2024.08.29-14.07.10:937][214]Added Explorer Note Entry: DEARJANE_EXP_NOTE_7
[2024.08.29-14.07.10:939][214]Primal Game Data Took 0.00 seconds
[2024.08.29-14.07.10:943][214]Added Explorer Note Entry: DEARJANE_EXP_NOTE_1
[2024.08.29-14.07.10:943][214]Added Explorer Note Entry: DEARJANE_EXP_NOTE_2
[2024.08.29-14.07.10:943][214]Added Explorer Note Entry: DEARJANE_EXP_NOTE_3
[2024.08.29-14.07.10:943][214]Added Explorer Note Entry: DEARJANE_EXP_NOTE_4
[2024.08.29-14.07.10:943][214]Added Explorer Note Entry: DEARJANE_EXP_NOTE_5
[2024.08.29-14.07.10:943][214]Added Explorer Note Entry: DEARJANE_EXP_NOTE_6
[2024.08.29-14.07.10:943][214]Added Explorer Note Entry: DEARJANE_EXP_NOTE_7
[2024.08.29-14.07.11:443][214]Server Initializing with BattlEye Anti-Cheat Protection. If you do not wish to use BattlEye, please launch with -NoBattlEye
[2024.08.29-14.07.11:449][214]BattlEye successfully started.
[2024.08.29-14.08.27:406][214]Server: "[US] nARKotic 20x" has successfully started!
[2024.08.29-14.08.27:406][214]2024.08.29_14.08.27: [CCA_ASABot_C_2147186036] Loading INI Settings
[2024.08.29-14.08.27:422][214]2024.08.29_14.08.27: Version 2.1.0 --- CF Revision 117 --- Build Date Jul 8, 2024, 11:50:00 AM
[2024.08.29-14.08.29:498][214][Pelayori's Cryo Storage] Server mod version: 54
[2024.08.29-14.08.29:577][214]ADW_Version_v0.15
[2024.08.29-14.08.29:577][214]ADW_Begin (UTC Time Now = 14:08)
[2024.08.29-14.08.37:798][214]Commandline:  TheIsland_WP?listen?Port=27500 -servergamelog -servergamelogincludetribelogs -ServerRCONOutputTribeLogs -Mods=929420,928621,928708,928501,939055,929110,939228,933872,947733,929912,940022,936660,931903,967856,928793,937546,980463,929521,936882
[2024.08.29-14.08.37:798][214]Full Startup: 99.53 seconds
[2024.08.29-14.08.37:798][214]Number of cores 28
