[2024.08.29-04.36.39:334][  0]Log file open, 08/29/24 06:36:39
[2024.08.29-04.36.39:334][  0]LogMemory: Platform Memory Stats for WindowsServer
[2024.08.29-04.36.39:334][  0]LogMemory: Process Physical Memory: 265.68 MB used, 265.68 MB peak
[2024.08.29-04.36.39:334][  0]LogMemory: Process Virtual Memory: 295.16 MB used, 295.16 MB peak
[2024.08.29-04.36.39:334][  0]LogMemory: Physical Memory: 3187.03 MB used,  29485.42 MB free, 32672.45 MB total
[2024.08.29-04.36.39:334][  0]LogMemory: Virtual Memory: 7175.77 MB used,  30616.67 MB free, 37792.45 MB total
[2024.08.29-04.36.39:771][  0]11

[2024.08.29-04.36.39:777][  0]ARK Version: 51.23
[2024.08.29-04.36.40:054][  0]LogCFCore: SetSettings called:
{
	"defaultLanguage": "en",
	"gameId": 83374,
	"apiKey": "*****1aZe",
	"maxConcurrentInstallations": 3,
	"modsDirectory": "ShooterGame/Mods",
	"modsDirectoryMode": "CFCore",
	"userDataDirectory": "ShooterGame/ModsUserData",
	"isServer": true,
	"isServerPcOnly": false,
	"throttling":
	{
		"diskWriteBytesPerSec": 0
	},
	"premiumMods":
	{
		"publicKeyPem": "*****"
	},
	"logger":
	{
		"enabled": true,
		"history": 8,
		"maxSizeInMB": 2
	},
	"dynamicContentCategoryIds": [ 6844 ]
}
[2024.08.29-04.36.40:054][  0]LogCFCore: InternalSettings called:
{
	"apiBaseUrl": "https://api.curseforge.com",
	"chunkedUploadServerUrl": "https://chunk-uploads.curseforge.com",
	"analyticsUrl": "https://analyticsnew.overwolf.com/analytics/Counter",
	"userAgent": "cfcore.ue 1.0.99",
	"platform": "windows",
	"pluginVersion": "1.0.99",
	"httpFileDownloadTimeoutSecs": 1200
}
[2024.08.29-04.36.40:054][  0]LogCFCore: Warning: Couldn't load mods library from disk
[2024.08.29-04.36.40:055][  0]LogCFCore: User context not loaded from disk
[2024.08.29-04.36.40:055][  0]UShooterEngine::LoadGameMods with 0 mods
[2024.08.29-04.36.40:055][  0]No Primal Game Data Override, using default PrimalGameDataAsset.
[2024.08.29-04.36.40:720][  0]Default PrimalGameDataAsset instance created. Class is PrimalGameDataARKNX_BP_C_2147482302.
[2024.08.29-04.36.40:721][  0]Initialize Primal Game Data Override.
[2024.08.29-04.36.40:723][  0]Added Explorer Note Entry: DEARJANE_EXP_NOTE_1
[2024.08.29-04.36.40:723][  0]Added Explorer Note Entry: DEARJANE_EXP_NOTE_2
[2024.08.29-04.36.40:723][  0]Added Explorer Note Entry: DEARJANE_EXP_NOTE_3
[2024.08.29-04.36.40:723][  0]Added Explorer Note Entry: DEARJANE_EXP_NOTE_4
[2024.08.29-04.36.40:723][  0]Added Explorer Note Entry: DEARJANE_EXP_NOTE_5
[2024.08.29-04.36.40:723][  0]Added Explorer Note Entry: DEARJANE_EXP_NOTE_6
[2024.08.29-04.36.40:723][  0]Added Explorer Note Entry: DEARJANE_EXP_NOTE_7
[2024.08.29-04.36.40:725][  0]Primal Game Data Took 0.00 seconds
[2024.08.29-04.36.40:728][  0]Added Explorer Note Entry: DEARJANE_EXP_NOTE_1
[2024.08.29-04.36.40:728][  0]Added Explorer Note Entry: DEARJANE_EXP_NOTE_2
[2024.08.29-04.36.40:728][  0]Added Explorer Note Entry: DEARJANE_EXP_NOTE_3
[2024.08.29-04.36.40:728][  0]Added Explorer Note Entry: DEARJANE_EXP_NOTE_4
[2024.08.29-04.36.40:728][  0]Added Explorer Note Entry: DEARJANE_EXP_NOTE_5
[2024.08.29-04.36.40:728][  0]Added Explorer Note Entry: DEARJANE_EXP_NOTE_6
[2024.08.29-04.36.40:728][  0]Added Explorer Note Entry: DEARJANE_EXP_NOTE_7
[2024.08.29-04.36.41:201][  0]Server Initializing with BattlEye Anti-Cheat Protection. If you do not wish to use BattlEye, please launch with -NoBattlEye
[2024.08.29-04.36.41:203][  0]BattlEye successfully started.
[2024.08.29-04.36.41:220][  0]Server: "ARK #919462" has successfully started!
[2024.08.29-04.37.10:970][  0]Commandline:  TheIsland_WP?listen?Port=27500 -servergamelog -servergamelogincludetribelogs -ServerRCONOutputTribeLogs -Mods=
[2024.08.29-04.37.10:970][  0]Full Startup: 31.95 seconds
[2024.08.29-04.37.10:970][  0]Number of cores 28
[2024.08.29-04.48.15:078][738]FNetGUIDCache::PeriodicCleanAndCompact:   0.02ms total time [  0.01ms CleanReferences() and   0.01ms compacting]; ObjectLookup.Num()=0 [0 removed]; NetGUIDLookup.Num()=0 [0 removed]
[2024.08.29-04.51.41:763][956]2024.08.29_04.51.41: Saving world...
[2024.08.29-04.51.41:788][956]2024.08.29_04.51.41: World Save Complete. Took: 0.599438
[2024.08.29-04.58.15:221][833]FNetGUIDCache::PeriodicCleanAndCompact:   0.01ms total time [  0.00ms CleanReferences() and   0.01ms compacting]; ObjectLookup.Num()=0 [0 removed]; NetGUIDLookup.Num()=0 [0 removed]
