[2024.09.14-07.02.10:350][  0]Log file open, 09/14/24 09:02:10
[2024.09.14-07.02.10:350][  0]LogMemory: Platform Memory Stats for WindowsServer
[2024.09.14-07.02.10:350][  0]LogMemory: Process Physical Memory: 241.02 MB used, 280.74 MB peak
[2024.09.14-07.02.10:350][  0]LogMemory: Process Virtual Memory: 263.49 MB used, 263.49 MB peak
[2024.09.14-07.02.10:350][  0]LogMemory: Physical Memory: 17808.19 MB used,  14864.25 MB free, 32672.45 MB total
[2024.09.14-07.02.10:350][  0]LogMemory: Virtual Memory: 37304.98 MB used,  50165.08 MB free, 87470.06 MB total
[2024.09.14-07.02.11:028][  0]11

[2024.09.14-07.02.11:040][  0]ARK Version: 52.5
[2024.09.14-07.02.11:340][  0]LogCFCore: SetSettings called:
{
	"defaultLanguage": "en",
	"gameId": 83374,
	"apiKey": "*****1aZe",
	"maxConcurrentInstallations": 3,
	"modsDirectory": "ShooterGame/Mods",
	"modsDirectoryMode": "CFCore",
	"userDataDirectory": "ShooterGame/ModsUserData",
	"isServer": true,
	"isServerPcOnly": false,
	"throttling":
	{
		"diskWriteBytesPerSec": 0
	},
	"premiumMods":
	{
		"publicKeyPem": "*****"
	},
	"logger":
	{
		"enabled": true,
		"history": 8,
		"maxSizeInMB": 2
	},
	"dynamicContentCategoryIds": [ 6844 ]
}
[2024.09.14-07.02.11:340][  0]LogCFCore: InternalSettings called:
{
	"apiBaseUrl": "https://api.curseforge.com",
	"chunkedUploadServerUrl": "https://chunk-uploads.curseforge.com",
	"analyticsUrl": "https://analyticsnew.overwolf.com/analytics/Counter",
	"userAgent": "cfcore.ue 1.0.99",
	"platform": "windows",
	"pluginVersion": "1.0.99",
	"httpFileDownloadTimeoutSecs": 1200
}
[2024.09.14-07.02.11:383][  0]LogCFCore: User context not loaded from disk
[2024.09.14-07.02.11:630][  7]LogCFCore: Query server result: 21 mods
[2024.09.14-07.02.11:665][  8]LogCFCore: No need to update existing mod: EOS ID Helper (CrossPlay) (980463)
[2024.09.14-07.02.11:665][  8]LogCFCore: No need to update existing mod: maewings (929521)
[2024.09.14-07.02.11:665][  8]LogCFCore: No need to update existing mod: Pull It! (940022)
[2024.09.14-07.02.11:665][  8]LogCFCore: No need to update existing mod: QoL+ (939228)
[2024.09.14-07.02.11:665][  8]LogCFCore: No need to update existing mod: Solo Farm Mod (928501)
[2024.09.14-07.02.11:665][  8]LogCFCore: No need to update existing mod: ASA-Bot Companion (936882)
[2024.09.14-07.02.11:665][  8]LogCFCore: No need to update existing mod: Admin Panel (929868)
[2024.09.14-07.02.11:665][  8]LogCFCore: No need to update existing mod: Custom Dino Levels (928708)
[2024.09.14-07.02.11:665][  8]LogCFCore: No need to update existing mod: PVP Scoreboard (931903)
[2024.09.14-07.02.11:665][  8]LogCFCore: No need to update existing mod: Pelayori's Cryo Storage (Crossplay!) (928793)
[2024.09.14-07.02.11:665][  8]LogCFCore: No need to update existing mod: Resonant's Shop Mod (936660)
[2024.09.14-07.02.11:665][  8]LogCFCore: No need to update existing mod: Ez's Engram Unlocker (PC/Xbox/PS) (929912)
[2024.09.14-07.02.11:665][  8]LogCFCore: No need to update existing mod: ARKomatic (939055)
[2024.09.14-07.02.11:665][  8]LogCFCore: No need to update existing mod: Utilities Plus (928621)
[2024.09.14-07.02.11:665][  8]LogCFCore: No need to update existing mod: Automated Dino Wipes (947733)
[2024.09.14-07.02.11:665][  8]LogCFCore: No need to update existing mod: WBUI2 (931119)
[2024.09.14-07.02.11:665][  8]LogCFCore: No need to update existing mod: CliffPlatforms (933872)
[2024.09.14-07.02.11:665][  8]LogCFCore: No need to update existing mod: TG Stacking Mod 10000-90 (929110)
[2024.09.14-07.02.11:665][  8]LogCFCore: No need to update existing mod: Dino+ (Nanny, Hatchey) (937546)
[2024.09.14-07.02.11:665][  8]LogCFCore: No need to update existing mod: Ammo Box Ascended (967856)
[2024.09.14-07.02.11:665][  8]LogCFCore: No need to update existing mod: Awesome Teleporters! (950914)
[2024.09.14-07.02.11:665][  8]LogCFCore: Mod valid: EOS ID Helper (CrossPlay) (980463)
[2024.09.14-07.02.11:665][  8]LogCFCore: Mod valid: maewings (929521)
[2024.09.14-07.02.11:665][  8]LogCFCore: Mod valid: Pull It! (940022)
[2024.09.14-07.02.11:665][  8]LogCFCore: Mod valid: QoL+ (939228)
[2024.09.14-07.02.11:665][  8]LogCFCore: Mod valid: Solo Farm Mod (928501)
[2024.09.14-07.02.11:666][  8]LogCFCore: Mod valid: ASA-Bot Companion (936882)
[2024.09.14-07.02.11:666][  8]LogCFCore: Mod valid: Admin Panel (929868)
[2024.09.14-07.02.11:666][  8]LogCFCore: Mod valid: Custom Dino Levels (928708)
[2024.09.14-07.02.11:666][  8]LogCFCore: Mod valid: PVP Scoreboard (931903)
[2024.09.14-07.02.11:666][  8]LogCFCore: Mod valid: Pelayori's Cryo Storage (Crossplay!) (928793)
[2024.09.14-07.02.11:666][  8]LogCFCore: Mod valid: Resonant's Shop Mod (936660)
[2024.09.14-07.02.11:666][  8]LogCFCore: Mod valid: Ez's Engram Unlocker (PC/Xbox/PS) (929912)
[2024.09.14-07.02.11:666][  8]LogCFCore: Mod valid: ARKomatic (939055)
[2024.09.14-07.02.11:666][  8]LogCFCore: Mod valid: Utilities Plus (928621)
[2024.09.14-07.02.11:666][  8]LogCFCore: Mod valid: Automated Dino Wipes (947733)
[2024.09.14-07.02.11:666][  8]LogCFCore: Mod valid: WBUI2 (931119)
[2024.09.14-07.02.11:666][  8]LogCFCore: Mod valid: CliffPlatforms (933872)
[2024.09.14-07.02.11:666][  8]LogCFCore: Mod valid: TG Stacking Mod 10000-90 (929110)
[2024.09.14-07.02.11:666][  8]LogCFCore: Mod valid: Dino+ (Nanny, Hatchey) (937546)
[2024.09.14-07.02.11:666][  8]LogCFCore: Mod valid: Ammo Box Ascended (967856)
[2024.09.14-07.02.11:666][  8]LogCFCore: Mod valid: Awesome Teleporters! (950914)
[2024.09.14-07.02.12:323][  9]UShooterEngine::LoadGameMods with 21 mods
[2024.09.14-07.02.12:323][  9]UShooterEngine::LoadGameMods Loading Mod ShooterGame/Mods/83374/928621_4856794/UtilsPlus/Content/PrimalGameData_BP_UtilPlus.uasset : 928621
[2024.09.14-07.02.13:101][  9]UShooterEngine::LoadGameMods Using mod asset Package /UtilsPlus/PrimalGameData_BP_UtilPlus as PrimalGameDataOverride.
[2024.09.14-07.02.13:101][  9]UShooterEngine::LoadGameMods Loading Mod ShooterGame/Mods/83374/928708_4894074/LevelTestingMod/Content/PrimalGameData_BP_LevelTesting.uasset : 928708
[2024.09.14-07.02.13:534][  9]UShooterEngine::LoadGameMods Merging mod asset Package /LevelTestingMod/PrimalGameData_BP_LevelTesting with PrimalGameDataOverride.
[2024.09.14-07.02.13:534][  9]UShooterEngine::LoadGameMods Loading Mod ShooterGame/Mods/83374/928501_5509903/SoloFarmMod/Content/PrimalGameData_BP_SoloFarmMod.uasset : 928501
[2024.09.14-07.02.13:557][  9]UShooterEngine::LoadGameMods Merging mod asset Package /SoloFarmMod/PrimalGameData_BP_SoloFarmMod with PrimalGameDataOverride.
[2024.09.14-07.02.13:557][  9]UShooterEngine::LoadGameMods Loading Mod ShooterGame/Mods/83374/939055_5715678/ARKomatic/Content/PrimalGameData_BP_ARKomatic.uasset : 939055
[2024.09.14-07.02.13:576][  9]UShooterEngine::LoadGameMods Merging mod asset Package /ARKomatic/PrimalGameData_BP_ARKomatic with PrimalGameDataOverride.
[2024.09.14-07.02.13:576][  9]UShooterEngine::LoadGameMods Loading Mod ShooterGame/Mods/83374/929110_5711402/TG_Stack_10000_90/Content/PrimalGameData_TG_Stack_10000_90.uasset : 929110
[2024.09.14-07.02.13:595][  9]UShooterEngine::LoadGameMods Merging mod asset Package /TG_Stack_10000_90/PrimalGameData_TG_Stack_10000_90 with PrimalGameDataOverride.
[2024.09.14-07.02.13:596][  9]UShooterEngine::LoadGameMods Loading Mod ShooterGame/Mods/83374/939228_5078487/QoLPlus/Content/PrimalGameData_QoLPlus.uasset : 939228
[2024.09.14-07.02.13:747][  9]UShooterEngine::LoadGameMods Merging mod asset Package /QoLPlus/PrimalGameData_QoLPlus with PrimalGameDataOverride.
[2024.09.14-07.02.13:747][  9]UShooterEngine::LoadGameMods Loading Mod ShooterGame/Mods/83374/933872_5330183/CliffPlatforms/Content/PrimalGameData_BP_Cliffplatforms.uasset : 933872
[2024.09.14-07.02.13:776][  9]UShooterEngine::LoadGameMods Merging mod asset Package /CliffPlatforms/PrimalGameData_BP_Cliffplatforms with PrimalGameDataOverride.
[2024.09.14-07.02.13:776][  9]UShooterEngine::LoadGameMods Loading Mod ShooterGame/Mods/83374/947733_5521328/AutomatedDinoWipes/Content/PrimalGameData_BP_AutomatedDinoWipes.uasset : 947733
[2024.09.14-07.02.13:839][  9]UShooterEngine::LoadGameMods Merging mod asset Package /AutomatedDinoWipes/PrimalGameData_BP_AutomatedDinoWipes with PrimalGameDataOverride.
[2024.09.14-07.02.13:840][  9]UShooterEngine::LoadGameMods Loading Mod ShooterGame/Mods/83374/929912_5669096/EzEngramUnlocker/Content/PrimalGameData_BP_EzEngramUnlocker.uasset : 929912
[2024.09.14-07.02.13:867][  9]UShooterEngine::LoadGameMods Merging mod asset Package /EzEngramUnlocker/PrimalGameData_BP_EzEngramUnlocker with PrimalGameDataOverride.
[2024.09.14-07.02.13:867][  9]UShooterEngine::LoadGameMods Loading Mod ShooterGame/Mods/83374/940022_5102443/PullIt/Content/PrimalGameData_BP_PullIt.uasset : 940022
[2024.09.14-07.02.13:905][  9]UShooterEngine::LoadGameMods Merging mod asset Package /PullIt/PrimalGameData_BP_PullIt with PrimalGameDataOverride.
[2024.09.14-07.02.13:905][  9]UShooterEngine::LoadGameMods Loading Mod ShooterGame/Mods/83374/936660_5712351/ShopMod/Content/PrimalGameData_BP_BlankMod.uasset : 936660
[2024.09.14-07.02.16:192][  9]UShooterEngine::LoadGameMods Merging mod asset Package /ShopMod/PrimalGameData_BP_BlankMod with PrimalGameDataOverride.
[2024.09.14-07.02.16:193][  9]UShooterEngine::LoadGameMods Loading Mod ShooterGame/Mods/83374/931903_5036004/PVPScoreboard/Content/PrimalGameData_BP_PVPScoreboard.uasset : 931903
[2024.09.14-07.02.16:226][  9]UShooterEngine::LoadGameMods Merging mod asset Package /PVPScoreboard/PrimalGameData_BP_PVPScoreboard with PrimalGameDataOverride.
[2024.09.14-07.02.16:226][  9]UShooterEngine::LoadGameMods Loading Mod ShooterGame/Mods/83374/967856_5238619/AmmoBoxAscended/Content/PrimalGameData_BP_AmmoBoxAscended.uasset : 967856
[2024.09.14-07.02.16:250][  9]UShooterEngine::LoadGameMods Merging mod asset Package /AmmoBoxAscended/PrimalGameData_BP_AmmoBoxAscended with PrimalGameDataOverride.
[2024.09.14-07.02.16:250][  9]UShooterEngine::LoadGameMods Loading Mod ShooterGame/Mods/83374/928793_5701351/Cryopods/Content/PrimalGameData_BP_Cryopods.uasset : 928793
[2024.09.14-07.02.16:303][  9]UShooterEngine::LoadGameMods Merging mod asset Package /Cryopods/PrimalGameData_BP_Cryopods with PrimalGameDataOverride.
[2024.09.14-07.02.16:303][  9]UShooterEngine::LoadGameMods Loading Mod ShooterGame/Mods/83374/937546_4928343/DPlusMod/Content/PrimalGameData_BP_DPlusMod.uasset : 937546
[2024.09.14-07.02.16:330][  9]UShooterEngine::LoadGameMods Merging mod asset Package /DPlusMod/PrimalGameData_BP_DPlusMod with PrimalGameDataOverride.
[2024.09.14-07.02.16:331][  9]UShooterEngine::LoadGameMods Loading Mod ShooterGame/Mods/83374/980463_5142852/EOSIDHelper/Content/PrimalGameData_BP_EOSIDHelper.uasset : 980463
[2024.09.14-07.02.16:351][  9]UShooterEngine::LoadGameMods Merging mod asset Package /EOSIDHelper/PrimalGameData_BP_EOSIDHelper with PrimalGameDataOverride.
[2024.09.14-07.02.16:351][  9]UShooterEngine::LoadGameMods Loading Mod ShooterGame/Mods/83374/929521_5238433/maewings/Content/PrimalGameData_BP_Maewings.uasset : 929521
[2024.09.14-07.02.16:378][  9]UShooterEngine::LoadGameMods Merging mod asset Package /maewings/PrimalGameData_BP_Maewings with PrimalGameDataOverride.
[2024.09.14-07.02.16:379][  9]UShooterEngine::LoadGameMods Loading Mod ShooterGame/Mods/83374/936882_5716820/ASA-Bot-Companion/Content/PrimalGameData_BP_ASABot.uasset : 936882
[2024.09.14-07.02.16:410][  9]UShooterEngine::LoadGameMods Merging mod asset Package /ASA-Bot-Companion/PrimalGameData_BP_ASABot with PrimalGameDataOverride.
[2024.09.14-07.02.16:411][  9]UShooterEngine::LoadGameMods Loading Mod ShooterGame/Mods/83374/929868_5696131/AdminPanel/Content/PrimalGameData_BP_AdminPanel.uasset : 929868
[2024.09.14-07.02.16:522][  9]UShooterEngine::LoadGameMods Merging mod asset Package /AdminPanel/PrimalGameData_BP_AdminPanel with PrimalGameDataOverride.
[2024.09.14-07.02.16:523][  9]UShooterEngine::LoadGameMods Loading Mod ShooterGame/Mods/83374/931119_5531437/WBUI2/Content/PrimalGameData_BP_WBUI.uasset : 931119
[2024.09.14-07.02.16:570][  9]UShooterEngine::LoadGameMods Merging mod asset Package /WBUI2/PrimalGameData_BP_WBUI with PrimalGameDataOverride.
[2024.09.14-07.02.16:570][  9]UShooterEngine::LoadGameMods Loading Mod ShooterGame/Mods/83374/950914_5371339/AwesomeTeleporters/Content/PrimalGameData_BP_AwesomeTeleporters.uasset : 950914
[2024.09.14-07.02.16:598][  9]UShooterEngine::LoadGameMods Merging mod asset Package /AwesomeTeleporters/PrimalGameData_BP_AwesomeTeleporters with PrimalGameDataOverride.
[2024.09.14-07.02.16:598][  9]Initialize Primal Game Data Override.
[2024.09.14-07.02.16:616][  9]Added Explorer Note Entry: DEARJANE_EXP_NOTE_1
[2024.09.14-07.02.16:616][  9]Added Explorer Note Entry: DEARJANE_EXP_NOTE_2
[2024.09.14-07.02.16:616][  9]Added Explorer Note Entry: DEARJANE_EXP_NOTE_3
[2024.09.14-07.02.16:616][  9]Added Explorer Note Entry: DEARJANE_EXP_NOTE_4
[2024.09.14-07.02.16:616][  9]Added Explorer Note Entry: DEARJANE_EXP_NOTE_5
[2024.09.14-07.02.16:616][  9]Added Explorer Note Entry: DEARJANE_EXP_NOTE_6
[2024.09.14-07.02.16:616][  9]Added Explorer Note Entry: DEARJANE_EXP_NOTE_7
[2024.09.14-07.02.16:619][  9]Primal Game Data Took 0.00 seconds
[2024.09.14-07.02.16:624][  9]Added Explorer Note Entry: DEARJANE_EXP_NOTE_1
[2024.09.14-07.02.16:624][  9]Added Explorer Note Entry: DEARJANE_EXP_NOTE_2
[2024.09.14-07.02.16:624][  9]Added Explorer Note Entry: DEARJANE_EXP_NOTE_3
[2024.09.14-07.02.16:624][  9]Added Explorer Note Entry: DEARJANE_EXP_NOTE_4
[2024.09.14-07.02.16:624][  9]Added Explorer Note Entry: DEARJANE_EXP_NOTE_5
[2024.09.14-07.02.16:624][  9]Added Explorer Note Entry: DEARJANE_EXP_NOTE_6
[2024.09.14-07.02.16:624][  9]Added Explorer Note Entry: DEARJANE_EXP_NOTE_7
[2024.09.14-07.02.17:301][  9]Server Initializing with BattlEye Anti-Cheat Protection. If you do not wish to use BattlEye, please launch with -NoBattlEye
[2024.09.14-07.02.17:310][  9]BattlEye successfully started.
[2024.09.14-07.02.46:381][  9]2024.09.14_07.02.46: [CCA_ASABot_C_2147476545] Loading INI Settings
[2024.09.14-07.02.46:395][  9]2024.09.14_07.02.46: Version 2.1.0 --- CF Revision 117 --- Build Date Jul 8, 2024, 11:50:00 AM
[2024.09.14-07.03.12:452][  9][Pelayori's Cryo Storage] Server mod version: 55
[2024.09.14-07.03.12:452][  9]ADW_Version_v0.15
[2024.09.14-07.03.12:452][  9]ADW_Begin (UTC Time Now = 7:03)
[2024.09.14-07.03.12:452][  9]ADW_AddedTimer (0:00 (UTC timezone)  Next Run Time Will Be In 16 hrs 57 mins )
[2024.09.14-07.03.12:452][  9]ADW_AddedTimer (3:00 (UTC timezone)  Next Run Time Will Be In 19 hrs 57 mins )
[2024.09.14-07.03.12:452][  9]ADW_AddedTimer (6:00 (UTC timezone)  Next Run Time Will Be In 22 hrs 57 mins )
[2024.09.14-07.03.12:452][  9]ADW_AddedTimer (9:00 (UTC timezone)  Next Run Time Will Be In 1 hrs 57 mins )
[2024.09.14-07.03.12:452][  9]ADW_AddedTimer (12:00 (UTC timezone)  Next Run Time Will Be In 4 hrs 57 mins )
[2024.09.14-07.03.12:452][  9]ADW_AddedTimer (15:00 (UTC timezone)  Next Run Time Will Be In 7 hrs 57 mins )
[2024.09.14-07.03.12:452][  9]ADW_AddedTimer (18:00 (UTC timezone)  Next Run Time Will Be In 10 hrs 57 mins )
[2024.09.14-07.03.12:452][  9]ADW_AddedTimer (21:00 (UTC timezone)  Next Run Time Will Be In 13 hrs 57 mins )
[2024.09.14-07.03.12:452][  9]Admin Panel Active
[2024.09.14-07.03.12:452][  9]Admin Panel Version:56
[2024.09.14-07.03.41:652][  9]Server: "9/7 [NA](TC1) nARKotic 20x/4man/shop/kits/boosted" has successfully started!
[2024.09.14-07.03.51:603][  9]Commandline:  TheCenter_WP?listen?Port=27022 -servergamelog -servergamelogincludetribelogs -ServerRCONOutputTribeLogs -Mods=928621,928708,928501,939055,929110,939228,933872,947733,929912,940022,936660,931903,967856,928793,937546,980463,929521,936882,929868,931119,950914 -ClusterDirOverride=C:\nARKoticCluster -clusterid=narkotic1 -automanagedmods
[2024.09.14-07.03.51:603][  9]Full Startup: 102.09 seconds
[2024.09.14-07.03.51:603][  9]Number of cores 28
[2024.09.14-07.03.55:999][ 16]2024.09.14_07.03.55: [WBUI] [CCA] [Version] Up to Date: v1.22
[2024.09.14-07.03.56:038][ 16]2024.09.14_07.03.56: [WBUI] [CCA] [INI-Setting] JsonURL= 
[2024.09.14-07.03.56:098][ 16]2024.09.14_07.03.56: [WBUI] [CCA] [INI-Settings] JsonURL empty. Settings Default: "https://raw.githubusercontent.com/DC-Modding/WBUI2-Wiki/main/default.json"
[2024.09.14-07.03.56:125][ 16]2024.09.14_07.03.56: [WBUI] [CCA] [Json] No Errors, Valid WBUI2 Json
[2024.09.14-07.03.56:151][ 16]2024.09.14_07.03.56: [WBUI] [CCA]  Updated Settings
[2024.09.14-07.04.04:745][220]Server has completed startup and is now advertising for join.
[2024.09.14-07.04.05:972][256]ADW_WipeStart: 63861894245.971992
