[2024.08.29-13.27.55:083][  0]Log file open, 08/29/24 15:27:55
[2024.08.29-13.27.55:084][  0]LogMemory: Platform Memory Stats for WindowsServer
[2024.08.29-13.27.55:084][  0]LogMemory: Process Physical Memory: 282.20 MB used, 282.20 MB peak
[2024.08.29-13.27.55:084][  0]LogMemory: Process Virtual Memory: 309.00 MB used, 309.00 MB peak
[2024.08.29-13.27.55:084][  0]LogMemory: Physical Memory: 3362.97 MB used,  29309.47 MB free, 32672.45 MB total
[2024.08.29-13.27.55:084][  0]LogMemory: Virtual Memory: 7653.28 MB used,  30139.17 MB free, 37792.45 MB total
[2024.08.29-13.27.55:551][  0]11

[2024.08.29-13.27.55:557][  0]ARK Version: 51.23
[2024.08.29-13.27.55:818][  0]LogCFCore: SetSettings called:
{
	"defaultLanguage": "en",
	"gameId": 83374,
	"apiKey": "*****1aZe",
	"maxConcurrentInstallations": 3,
	"modsDirectory": "ShooterGame/Mods",
	"modsDirectoryMode": "CFCore",
	"userDataDirectory": "ShooterGame/ModsUserData",
	"isServer": true,
	"isServerPcOnly": false,
	"throttling":
	{
		"diskWriteBytesPerSec": 0
	},
	"premiumMods":
	{
		"publicKeyPem": "*****"
	},
	"logger":
	{
		"enabled": true,
		"history": 8,
		"maxSizeInMB": 2
	},
	"dynamicContentCategoryIds": [ 6844 ]
}
[2024.08.29-13.27.55:818][  0]LogCFCore: InternalSettings called:
{
	"apiBaseUrl": "https://api.curseforge.com",
	"chunkedUploadServerUrl": "https://chunk-uploads.curseforge.com",
	"analyticsUrl": "https://analyticsnew.overwolf.com/analytics/Counter",
	"userAgent": "cfcore.ue 1.0.99",
	"platform": "windows",
	"pluginVersion": "1.0.99",
	"httpFileDownloadTimeoutSecs": 1200
}
[2024.08.29-13.27.55:819][  0]LogCFCore: Warning: Couldn't load mods library from disk
[2024.08.29-13.27.55:819][  0]LogCFCore: User context not loaded from disk
[2024.08.29-13.27.55:820][  0]UShooterEngine::LoadGameMods with 0 mods
[2024.08.29-13.27.55:820][  0]No Primal Game Data Override, using default PrimalGameDataAsset.
[2024.08.29-13.27.56:432][  0]Default PrimalGameDataAsset instance created. Class is PrimalGameDataARKNX_BP_C_2147482302.
[2024.08.29-13.27.56:432][  0]Initialize Primal Game Data Override.
[2024.08.29-13.27.56:434][  0]Added Explorer Note Entry: DEARJANE_EXP_NOTE_1
[2024.08.29-13.27.56:434][  0]Added Explorer Note Entry: DEARJANE_EXP_NOTE_2
[2024.08.29-13.27.56:434][  0]Added Explorer Note Entry: DEARJANE_EXP_NOTE_3
[2024.08.29-13.27.56:434][  0]Added Explorer Note Entry: DEARJANE_EXP_NOTE_4
[2024.08.29-13.27.56:434][  0]Added Explorer Note Entry: DEARJANE_EXP_NOTE_5
[2024.08.29-13.27.56:434][  0]Added Explorer Note Entry: DEARJANE_EXP_NOTE_6
[2024.08.29-13.27.56:434][  0]Added Explorer Note Entry: DEARJANE_EXP_NOTE_7
[2024.08.29-13.27.56:436][  0]Primal Game Data Took 0.00 seconds
[2024.08.29-13.27.56:439][  0]Added Explorer Note Entry: DEARJANE_EXP_NOTE_1
[2024.08.29-13.27.56:439][  0]Added Explorer Note Entry: DEARJANE_EXP_NOTE_2
[2024.08.29-13.27.56:439][  0]Added Explorer Note Entry: DEARJANE_EXP_NOTE_3
[2024.08.29-13.27.56:439][  0]Added Explorer Note Entry: DEARJANE_EXP_NOTE_4
[2024.08.29-13.27.56:439][  0]Added Explorer Note Entry: DEARJANE_EXP_NOTE_5
[2024.08.29-13.27.56:439][  0]Added Explorer Note Entry: DEARJANE_EXP_NOTE_6
[2024.08.29-13.27.56:439][  0]Added Explorer Note Entry: DEARJANE_EXP_NOTE_7
[2024.08.29-13.27.56:889][  0]Server Initializing with BattlEye Anti-Cheat Protection. If you do not wish to use BattlEye, please launch with -NoBattlEye
[2024.08.29-13.27.56:891][  0]BattlEye successfully started.
[2024.08.29-13.29.13:524][  0]Server: "[US] nARKotic 20x" has successfully started!
[2024.08.29-13.29.23:889][  0]Commandline:  TheIsland_WP?listen?Port=27500 -servergamelog -servergamelogincludetribelogs -ServerRCONOutputTribeLogs -Mods=
[2024.08.29-13.29.23:889][  0]Full Startup: 89.20 seconds
[2024.08.29-13.29.23:889][  0]Number of cores 28
[2024.08.29-13.39.30:297][100]FNetGUIDCache::PeriodicCleanAndCompact:   0.03ms total time [  0.02ms CleanReferences() and   0.02ms compacting]; ObjectLookup.Num()=0 [0 removed]; NetGUIDLookup.Num()=0 [0 removed]
[2024.08.29-13.41.56:472][520]Closing by request
[2024.08.29-13.41.57:128][521]2024.08.29_13.41.57: Saving world...
[2024.08.29-13.41.57:144][521]2024.08.29_13.41.57: World Save Complete. Took: 0.613419
[2024.08.29-13.42.08:093][521]Log file closed, 08/29/24 15:42:08
