[2024.08.29-16.48.30:455][  0]Log file open, 08/29/24 18:48:30
[2024.08.29-16.48.30:455][  0]LogMemory: Platform Memory Stats for WindowsServer
[2024.08.29-16.48.30:455][  0]LogMemory: Process Physical Memory: 225.73 MB used, 265.96 MB peak
[2024.08.29-16.48.30:455][  0]LogMemory: Process Virtual Memory: 250.71 MB used, 250.71 MB peak
[2024.08.29-16.48.30:455][  0]LogMemory: Physical Memory: 4080.48 MB used,  28591.96 MB free, 32672.45 MB total
[2024.08.29-16.48.30:455][  0]LogMemory: Virtual Memory: 8275.45 MB used,  29517.00 MB free, 37792.45 MB total
[2024.08.29-16.48.30:971][  0]11

[2024.08.29-16.48.30:978][  0]ARK Version: 51.23
[2024.08.29-16.48.31:232][  0]LogCFCore: SetSettings called:
{
	"defaultLanguage": "en",
	"gameId": 83374,
	"apiKey": "*****1aZe",
	"maxConcurrentInstallations": 3,
	"modsDirectory": "ShooterGame/Mods",
	"modsDirectoryMode": "CFCore",
	"userDataDirectory": "ShooterGame/ModsUserData",
	"isServer": true,
	"isServerPcOnly": false,
	"throttling":
	{
		"diskWriteBytesPerSec": 0
	},
	"premiumMods":
	{
		"publicKeyPem": "*****"
	},
	"logger":
	{
		"enabled": true,
		"history": 8,
		"maxSizeInMB": 2
	},
	"dynamicContentCategoryIds": [ 6844 ]
}
[2024.08.29-16.48.31:232][  0]LogCFCore: InternalSettings called:
{
	"apiBaseUrl": "https://api.curseforge.com",
	"chunkedUploadServerUrl": "https://chunk-uploads.curseforge.com",
	"analyticsUrl": "https://analyticsnew.overwolf.com/analytics/Counter",
	"userAgent": "cfcore.ue 1.0.99",
	"platform": "windows",
	"pluginVersion": "1.0.99",
	"httpFileDownloadTimeoutSecs": 1200
}
[2024.08.29-16.48.31:273][  0]LogCFCore: User context not loaded from disk
[2024.08.29-16.48.31:516][  7]LogCFCore: Query server result: 19 mods
[2024.08.29-16.48.31:550][  8]LogCFCore: No need to update existing mod: EOS ID Helper (CrossPlay) (980463)
[2024.08.29-16.48.31:550][  8]LogCFCore: No need to update existing mod: maewings (929521)
[2024.08.29-16.48.31:550][  8]LogCFCore: No need to update existing mod: Pull It! (940022)
[2024.08.29-16.48.31:550][  8]LogCFCore: No need to update existing mod: Ammo Box Ascended (967856)
[2024.08.29-16.48.31:550][  8]LogCFCore: No need to update existing mod: PVP Scoreboard (931903)
[2024.08.29-16.48.31:550][  8]LogCFCore: No need to update existing mod: Solo Farm Mod (928501)
[2024.08.29-16.48.31:550][  8]LogCFCore: No need to update existing mod: CliffPlatforms (933872)
[2024.08.29-16.48.31:550][  8]LogCFCore: No need to update existing mod: Custom Dino Levels (928708)
[2024.08.29-16.48.31:550][  8]LogCFCore: No need to update existing mod: Utilities Plus (928621)
[2024.08.29-16.48.31:550][  8]LogCFCore: No need to update existing mod: QoL+ (939228)
[2024.08.29-16.48.31:550][  8]LogCFCore: No need to update existing mod: Dino+ (Nanny, Hatchey) (937546)
[2024.08.29-16.48.31:550][  8]LogCFCore: No need to update existing mod: Resonant's Shop Mod (936660)
[2024.08.29-16.48.31:550][  8]LogCFCore: No need to update existing mod: Super Spyglass Plus (929420)
[2024.08.29-16.48.31:550][  8]LogCFCore: No need to update existing mod: TG Stacking Mod 10000-90 (929110)
[2024.08.29-16.48.31:550][  8]LogCFCore: No need to update existing mod: Automated Dino Wipes (947733)
[2024.08.29-16.48.31:550][  8]LogCFCore: No need to update existing mod: Ez's Engram Unlocker (PC/Xbox/PS) (929912)
[2024.08.29-16.48.31:550][  8]LogCFCore: No need to update existing mod: Pelayori's Cryo Storage (Crossplay!) (928793)
[2024.08.29-16.48.31:550][  8]LogCFCore: No need to update existing mod: ARKomatic (939055)
[2024.08.29-16.48.31:550][  8]LogCFCore: No need to update existing mod: ASA-Bot Companion (936882)
[2024.08.29-16.48.31:551][  8]LogCFCore: Mod valid: EOS ID Helper (CrossPlay) (980463)
[2024.08.29-16.48.31:551][  8]LogCFCore: Mod valid: maewings (929521)
[2024.08.29-16.48.31:551][  8]LogCFCore: Mod valid: Pull It! (940022)
[2024.08.29-16.48.31:551][  8]LogCFCore: Mod valid: Ammo Box Ascended (967856)
[2024.08.29-16.48.31:551][  8]LogCFCore: Mod valid: PVP Scoreboard (931903)
[2024.08.29-16.48.31:551][  8]LogCFCore: Mod valid: Solo Farm Mod (928501)
[2024.08.29-16.48.31:551][  8]LogCFCore: Mod valid: CliffPlatforms (933872)
[2024.08.29-16.48.31:551][  8]LogCFCore: Mod valid: Custom Dino Levels (928708)
[2024.08.29-16.48.31:551][  8]LogCFCore: Mod valid: Utilities Plus (928621)
[2024.08.29-16.48.31:551][  8]LogCFCore: Mod valid: QoL+ (939228)
[2024.08.29-16.48.31:551][  8]LogCFCore: Mod valid: Dino+ (Nanny, Hatchey) (937546)
[2024.08.29-16.48.31:551][  8]LogCFCore: Mod valid: Resonant's Shop Mod (936660)
[2024.08.29-16.48.31:551][  8]LogCFCore: Mod valid: Super Spyglass Plus (929420)
[2024.08.29-16.48.31:551][  8]LogCFCore: Mod valid: TG Stacking Mod 10000-90 (929110)
[2024.08.29-16.48.31:551][  8]LogCFCore: Mod valid: Automated Dino Wipes (947733)
[2024.08.29-16.48.31:551][  8]LogCFCore: Mod valid: Ez's Engram Unlocker (PC/Xbox/PS) (929912)
[2024.08.29-16.48.31:551][  8]LogCFCore: Mod valid: Pelayori's Cryo Storage (Crossplay!) (928793)
[2024.08.29-16.48.31:551][  8]LogCFCore: Mod valid: ARKomatic (939055)
[2024.08.29-16.48.31:551][  8]LogCFCore: Mod valid: ASA-Bot Companion (936882)
[2024.08.29-16.48.31:693][  9]UShooterEngine::LoadGameMods with 19 mods
[2024.08.29-16.48.31:693][  9]UShooterEngine::LoadGameMods Loading Mod ShooterGame/Mods/83374/929420_5509935/SuperSpyglassPlus/Content/PrimalGameData_BP_SSP_Kav.uasset : 929420
[2024.08.29-16.48.32:306][  9]UShooterEngine::LoadGameMods Using mod asset Package /SuperSpyglassPlus/PrimalGameData_BP_SSP_Kav as PrimalGameDataOverride.
[2024.08.29-16.48.32:306][  9]UShooterEngine::LoadGameMods Loading Mod ShooterGame/Mods/83374/928621_4856794/UtilsPlus/Content/PrimalGameData_BP_UtilPlus.uasset : 928621
[2024.08.29-16.48.32:333][  9]UShooterEngine::LoadGameMods Merging mod asset Package /UtilsPlus/PrimalGameData_BP_UtilPlus with PrimalGameDataOverride.
[2024.08.29-16.48.32:333][  9]UShooterEngine::LoadGameMods Loading Mod ShooterGame/Mods/83374/928708_4894074/LevelTestingMod/Content/PrimalGameData_BP_LevelTesting.uasset : 928708
[2024.08.29-16.48.32:690][  9]UShooterEngine::LoadGameMods Merging mod asset Package /LevelTestingMod/PrimalGameData_BP_LevelTesting with PrimalGameDataOverride.
[2024.08.29-16.48.32:690][  9]UShooterEngine::LoadGameMods Loading Mod ShooterGame/Mods/83374/928501_5509903/SoloFarmMod/Content/PrimalGameData_BP_SoloFarmMod.uasset : 928501
[2024.08.29-16.48.32:706][  9]UShooterEngine::LoadGameMods Merging mod asset Package /SoloFarmMod/PrimalGameData_BP_SoloFarmMod with PrimalGameDataOverride.
[2024.08.29-16.48.32:707][  9]UShooterEngine::LoadGameMods Loading Mod ShooterGame/Mods/83374/939055_5639286/ARKomatic/Content/PrimalGameData_BP_ARKomatic.uasset : 939055
[2024.08.29-16.48.32:723][  9]UShooterEngine::LoadGameMods Merging mod asset Package /ARKomatic/PrimalGameData_BP_ARKomatic with PrimalGameDataOverride.
[2024.08.29-16.48.32:723][  9]UShooterEngine::LoadGameMods Loading Mod ShooterGame/Mods/83374/929110_5569237/TG_Stack_10000_90/Content/PrimalGameData_TG_Stack_10000_90.uasset : 929110
[2024.08.29-16.48.32:740][  9]UShooterEngine::LoadGameMods Merging mod asset Package /TG_Stack_10000_90/PrimalGameData_TG_Stack_10000_90 with PrimalGameDataOverride.
[2024.08.29-16.48.32:741][  9]UShooterEngine::LoadGameMods Loading Mod ShooterGame/Mods/83374/939228_5078487/QoLPlus/Content/PrimalGameData_QoLPlus.uasset : 939228
[2024.08.29-16.48.32:856][  9]UShooterEngine::LoadGameMods Merging mod asset Package /QoLPlus/PrimalGameData_QoLPlus with PrimalGameDataOverride.
[2024.08.29-16.48.32:857][  9]UShooterEngine::LoadGameMods Loading Mod ShooterGame/Mods/83374/933872_5330183/CliffPlatforms/Content/PrimalGameData_BP_Cliffplatforms.uasset : 933872
[2024.08.29-16.48.32:879][  9]UShooterEngine::LoadGameMods Merging mod asset Package /CliffPlatforms/PrimalGameData_BP_Cliffplatforms with PrimalGameDataOverride.
[2024.08.29-16.48.32:879][  9]UShooterEngine::LoadGameMods Loading Mod ShooterGame/Mods/83374/947733_5521328/AutomatedDinoWipes/Content/PrimalGameData_BP_AutomatedDinoWipes.uasset : 947733
[2024.08.29-16.48.32:911][  9]UShooterEngine::LoadGameMods Merging mod asset Package /AutomatedDinoWipes/PrimalGameData_BP_AutomatedDinoWipes with PrimalGameDataOverride.
[2024.08.29-16.48.32:911][  9]UShooterEngine::LoadGameMods Loading Mod ShooterGame/Mods/83374/929912_5669096/EzEngramUnlocker/Content/PrimalGameData_BP_EzEngramUnlocker.uasset : 929912
[2024.08.29-16.48.32:928][  9]UShooterEngine::LoadGameMods Merging mod asset Package /EzEngramUnlocker/PrimalGameData_BP_EzEngramUnlocker with PrimalGameDataOverride.
[2024.08.29-16.48.32:928][  9]UShooterEngine::LoadGameMods Loading Mod ShooterGame/Mods/83374/940022_5102443/PullIt/Content/PrimalGameData_BP_PullIt.uasset : 940022
[2024.08.29-16.48.32:953][  9]UShooterEngine::LoadGameMods Merging mod asset Package /PullIt/PrimalGameData_BP_PullIt with PrimalGameDataOverride.
[2024.08.29-16.48.32:953][  9]UShooterEngine::LoadGameMods Loading Mod ShooterGame/Mods/83374/936660_5568098/ShopMod/Content/PrimalGameData_BP_BlankMod.uasset : 936660
[2024.08.29-16.48.35:097][  9]UShooterEngine::LoadGameMods Merging mod asset Package /ShopMod/PrimalGameData_BP_BlankMod with PrimalGameDataOverride.
[2024.08.29-16.48.35:097][  9]UShooterEngine::LoadGameMods Loading Mod ShooterGame/Mods/83374/931903_5036004/PVPScoreboard/Content/PrimalGameData_BP_PVPScoreboard.uasset : 931903
[2024.08.29-16.48.35:122][  9]UShooterEngine::LoadGameMods Merging mod asset Package /PVPScoreboard/PrimalGameData_BP_PVPScoreboard with PrimalGameDataOverride.
[2024.08.29-16.48.35:122][  9]UShooterEngine::LoadGameMods Loading Mod ShooterGame/Mods/83374/967856_5238619/AmmoBoxAscended/Content/PrimalGameData_BP_AmmoBoxAscended.uasset : 967856
[2024.08.29-16.48.35:137][  9]UShooterEngine::LoadGameMods Merging mod asset Package /AmmoBoxAscended/PrimalGameData_BP_AmmoBoxAscended with PrimalGameDataOverride.
[2024.08.29-16.48.35:137][  9]UShooterEngine::LoadGameMods Loading Mod ShooterGame/Mods/83374/928793_5622484/Cryopods/Content/PrimalGameData_BP_Cryopods.uasset : 928793
[2024.08.29-16.48.35:179][  9]UShooterEngine::LoadGameMods Merging mod asset Package /Cryopods/PrimalGameData_BP_Cryopods with PrimalGameDataOverride.
[2024.08.29-16.48.35:180][  9]UShooterEngine::LoadGameMods Loading Mod ShooterGame/Mods/83374/937546_4928343/DPlusMod/Content/PrimalGameData_BP_DPlusMod.uasset : 937546
[2024.08.29-16.48.35:196][  9]UShooterEngine::LoadGameMods Merging mod asset Package /DPlusMod/PrimalGameData_BP_DPlusMod with PrimalGameDataOverride.
[2024.08.29-16.48.35:196][  9]UShooterEngine::LoadGameMods Loading Mod ShooterGame/Mods/83374/980463_5142852/EOSIDHelper/Content/PrimalGameData_BP_EOSIDHelper.uasset : 980463
[2024.08.29-16.48.35:213][  9]UShooterEngine::LoadGameMods Merging mod asset Package /EOSIDHelper/PrimalGameData_BP_EOSIDHelper with PrimalGameDataOverride.
[2024.08.29-16.48.35:214][  9]UShooterEngine::LoadGameMods Loading Mod ShooterGame/Mods/83374/929521_5238433/maewings/Content/PrimalGameData_BP_Maewings.uasset : 929521
[2024.08.29-16.48.35:230][  9]UShooterEngine::LoadGameMods Merging mod asset Package /maewings/PrimalGameData_BP_Maewings with PrimalGameDataOverride.
[2024.08.29-16.48.35:230][  9]UShooterEngine::LoadGameMods Loading Mod ShooterGame/Mods/83374/936882_5662285/ASA-Bot-Companion/Content/PrimalGameData_BP_ASABot.uasset : 936882
[2024.08.29-16.48.35:253][  9]UShooterEngine::LoadGameMods Merging mod asset Package /ASA-Bot-Companion/PrimalGameData_BP_ASABot with PrimalGameDataOverride.
[2024.08.29-16.48.35:254][  9]Initialize Primal Game Data Override.
[2024.08.29-16.48.35:266][  9]Added Explorer Note Entry: DEARJANE_EXP_NOTE_1
[2024.08.29-16.48.35:267][  9]Added Explorer Note Entry: DEARJANE_EXP_NOTE_2
[2024.08.29-16.48.35:267][  9]Added Explorer Note Entry: DEARJANE_EXP_NOTE_3
[2024.08.29-16.48.35:267][  9]Added Explorer Note Entry: DEARJANE_EXP_NOTE_4
[2024.08.29-16.48.35:267][  9]Added Explorer Note Entry: DEARJANE_EXP_NOTE_5
[2024.08.29-16.48.35:267][  9]Added Explorer Note Entry: DEARJANE_EXP_NOTE_6
[2024.08.29-16.48.35:267][  9]Added Explorer Note Entry: DEARJANE_EXP_NOTE_7
[2024.08.29-16.48.35:269][  9]Primal Game Data Took 0.00 seconds
[2024.08.29-16.48.35:273][  9]Added Explorer Note Entry: DEARJANE_EXP_NOTE_1
[2024.08.29-16.48.35:273][  9]Added Explorer Note Entry: DEARJANE_EXP_NOTE_2
[2024.08.29-16.48.35:273][  9]Added Explorer Note Entry: DEARJANE_EXP_NOTE_3
[2024.08.29-16.48.35:273][  9]Added Explorer Note Entry: DEARJANE_EXP_NOTE_4
[2024.08.29-16.48.35:273][  9]Added Explorer Note Entry: DEARJANE_EXP_NOTE_5
[2024.08.29-16.48.35:273][  9]Added Explorer Note Entry: DEARJANE_EXP_NOTE_6
[2024.08.29-16.48.35:273][  9]Added Explorer Note Entry: DEARJANE_EXP_NOTE_7
[2024.08.29-16.48.35:736][  9]Server Initializing with BattlEye Anti-Cheat Protection. If you do not wish to use BattlEye, please launch with -NoBattlEye
[2024.08.29-16.48.35:741][  9]BattlEye successfully started.
[2024.08.29-16.49.20:232][  9]2024.08.29_16.49.20: [CCA_ASABot_C_2147186023] Loading INI Settings
[2024.08.29-16.49.20:247][  9]2024.08.29_16.49.20: Version 2.1.0 --- CF Revision 117 --- Build Date Jul 8, 2024, 11:50:00 AM
[2024.08.29-16.49.23:565][  9]ADW_Version_v0.15
[2024.08.29-16.49.23:565][  9]ADW_Begin (UTC Time Now = 16:49)
[2024.08.29-16.49.23:569][  9][Pelayori's Cryo Storage] Server mod version: 54
[2024.08.29-16.49.50:985][  9]Server: "8/29 [US](TI1) nARKotic 20x/4man/shop/kits/boosted" has successfully started!
[2024.08.29-16.50.01:364][  9]Commandline:  TheIsland_WP?listen?Port=27500 -servergamelog -servergamelogincludetribelogs -ServerRCONOutputTribeLogs -Mods=929420,928621,928708,928501,939055,929110,939228,933872,947733,929912,940022,936660,931903,967856,928793,937546,980463,929521,936882
[2024.08.29-16.50.01:364][  9]Full Startup: 91.39 seconds
[2024.08.29-16.50.01:364][  9]Number of cores 28
[2024.08.29-16.52.53:030][960]IP for incoming account 0002789f4f984c6787a5898016eb4375 - IP 66.22.146.92
[2024.08.29-16.52.58:090][111]2024.08.29_16.52.58: MartyrD0nk3y [UniqueNetId:0002789f4f984c6787a5898016eb4375 Platform:None] joined this ARK!
[2024.08.29-16.53.16:795][656]2024.08.29_16.53.16: Tribe Tribe of Shwat, ID 1432275875: Day 1, 16:33:24: <RichColor Color="1, 0, 0, 1">Tribemember Shwat - Lvl 14 was killed by a Dilophosaur - Lvl 145!</>)
[2024.08.29-16.53.16:800][656]2024.08.29_16.53.16: Shwat - Lvl 14 (Tribe of Shwat) was killed by a Dilophosaur - Lvl 145 ()!
[2024.08.29-16.53.36:289][228]2024.08.29_16.53.36: Saving world...
[2024.08.29-16.53.36:299][228]2024.08.29_16.53.36: World Save Complete. Took: 0.570492
[2024.08.29-16.55.25:730][504]2024.08.29_16.55.25: MartyrD0nk3y (Shwat): .
[2024.08.29-16.57.31:137][263]2024.08.29_16.57.31: MartyrD0nk3y [UniqueNetId:0002789f4f984c6787a5898016eb4375 Platform:None] left this ARK!
[2024.08.29-16.57.35:394][391]2024.08.29_16.57.35: Tribe Tribe of Shwat, ID 1432275875: Day 1, 17:23:36: <RichColor Color="1, 0, 0, 1">Tribemember Shwat - Lvl 14 was killed by a Raptor - Lvl 5!</>)
[2024.08.29-16.57.35:400][391]2024.08.29_16.57.35: Shwat - Lvl 14 (Tribe of Shwat) was killed by a Raptor - Lvl 5 ()!
