[2024.09.07-03.57.55:776][  0]Log file open, 09/07/24 05:57:55
[2024.09.07-03.57.55:777][  0]LogMemory: Platform Memory Stats for WindowsServer
[2024.09.07-03.57.55:777][  0]LogMemory: Process Physical Memory: 251.23 MB used, 283.25 MB peak
[2024.09.07-03.57.55:777][  0]LogMemory: Process Virtual Memory: 263.79 MB used, 263.79 MB peak
[2024.09.07-03.57.55:777][  0]LogMemory: Physical Memory: 6867.54 MB used,  25804.91 MB free, 32672.45 MB total
[2024.09.07-03.57.55:777][  0]LogMemory: Virtual Memory: 10761.04 MB used,  27031.41 MB free, 37792.45 MB total
[2024.09.07-03.57.56:375][  0]11

[2024.09.07-03.57.56:384][  0]ARK Version: 52.5
[2024.09.07-03.57.56:649][  0]LogCFCore: SetSettings called:
{
	"defaultLanguage": "en",
	"gameId": 83374,
	"apiKey": "*****1aZe",
	"maxConcurrentInstallations": 3,
	"modsDirectory": "ShooterGame/Mods",
	"modsDirectoryMode": "CFCore",
	"userDataDirectory": "ShooterGame/ModsUserData",
	"isServer": true,
	"isServerPcOnly": false,
	"throttling":
	{
		"diskWriteBytesPerSec": 0
	},
	"premiumMods":
	{
		"publicKeyPem": "*****"
	},
	"logger":
	{
		"enabled": true,
		"history": 8,
		"maxSizeInMB": 2
	},
	"dynamicContentCategoryIds": [ 6844 ]
}
[2024.09.07-03.57.56:649][  0]LogCFCore: InternalSettings called:
{
	"apiBaseUrl": "https://api.curseforge.com",
	"chunkedUploadServerUrl": "https://chunk-uploads.curseforge.com",
	"analyticsUrl": "https://analyticsnew.overwolf.com/analytics/Counter",
	"userAgent": "cfcore.ue 1.0.99",
	"platform": "windows",
	"pluginVersion": "1.0.99",
	"httpFileDownloadTimeoutSecs": 1200
}
[2024.09.07-03.57.56:691][  0]LogCFCore: User context not loaded from disk
[2024.09.07-03.57.56:937][  7]LogCFCore: Query server result: 21 mods
[2024.09.07-03.57.56:972][  8]LogCFCore: No need to update existing mod: EOS ID Helper (CrossPlay) (980463)
[2024.09.07-03.57.56:972][  8]LogCFCore: No need to update existing mod: maewings (929521)
[2024.09.07-03.57.56:972][  8]LogCFCore: No need to update existing mod: Pull It! (940022)
[2024.09.07-03.57.56:972][  8]LogCFCore: No need to update existing mod: Ammo Box Ascended (967856)
[2024.09.07-03.57.56:972][  8]LogCFCore: No need to update existing mod: PVP Scoreboard (931903)
[2024.09.07-03.57.56:972][  8]LogCFCore: No need to update existing mod: Solo Farm Mod (928501)
[2024.09.07-03.57.56:972][  8]LogCFCore: No need to update existing mod: CliffPlatforms (933872)
[2024.09.07-03.57.56:972][  8]LogCFCore: No need to update existing mod: Custom Dino Levels (928708)
[2024.09.07-03.57.56:972][  8]LogCFCore: No need to update existing mod: Utilities Plus (928621)
[2024.09.07-03.57.56:972][  8]LogCFCore: No need to update existing mod: QoL+ (939228)
[2024.09.07-03.57.56:972][  8]LogCFCore: No need to update existing mod: Dino+ (Nanny, Hatchey) (937546)
[2024.09.07-03.57.56:972][  8]LogCFCore: No need to update existing mod: Resonant's Shop Mod (936660)
[2024.09.07-03.57.56:972][  8]LogCFCore: No need to update existing mod: Super Spyglass Plus (929420)
[2024.09.07-03.57.56:972][  8]LogCFCore: No need to update existing mod: Automated Dino Wipes (947733)
[2024.09.07-03.57.56:972][  8]LogCFCore: No need to update existing mod: WBUI2 (931119)
[2024.09.07-03.57.56:972][  8]LogCFCore: No need to update existing mod: ARKomatic (939055)
[2024.09.07-03.57.56:972][  8]LogCFCore: No need to update existing mod: TG Stacking Mod 10000-90 (929110)
[2024.09.07-03.57.56:972][  8]LogCFCore: No need to update existing mod: Admin Panel (929868)
[2024.09.07-03.57.56:972][  8]LogCFCore: No need to update existing mod: Ez's Engram Unlocker (PC/Xbox/PS) (929912)
[2024.09.07-03.57.56:972][  8]LogCFCore: No need to update existing mod: ASA-Bot Companion (936882)
[2024.09.07-03.57.56:972][  8]LogCFCore: No need to update existing mod: Pelayori's Cryo Storage (Crossplay!) (928793)
[2024.09.07-03.57.56:973][  8]LogCFCore: Mod valid: EOS ID Helper (CrossPlay) (980463)
[2024.09.07-03.57.56:973][  8]LogCFCore: Mod valid: maewings (929521)
[2024.09.07-03.57.56:973][  8]LogCFCore: Mod valid: Pull It! (940022)
[2024.09.07-03.57.56:973][  8]LogCFCore: Mod valid: Ammo Box Ascended (967856)
[2024.09.07-03.57.56:973][  8]LogCFCore: Mod valid: PVP Scoreboard (931903)
[2024.09.07-03.57.56:973][  8]LogCFCore: Mod valid: Solo Farm Mod (928501)
[2024.09.07-03.57.56:973][  8]LogCFCore: Mod valid: CliffPlatforms (933872)
[2024.09.07-03.57.56:973][  8]LogCFCore: Mod valid: Custom Dino Levels (928708)
[2024.09.07-03.57.56:973][  8]LogCFCore: Mod valid: Utilities Plus (928621)
[2024.09.07-03.57.56:973][  8]LogCFCore: Mod valid: QoL+ (939228)
[2024.09.07-03.57.56:973][  8]LogCFCore: Mod valid: Dino+ (Nanny, Hatchey) (937546)
[2024.09.07-03.57.56:973][  8]LogCFCore: Mod valid: Resonant's Shop Mod (936660)
[2024.09.07-03.57.56:973][  8]LogCFCore: Mod valid: Super Spyglass Plus (929420)
[2024.09.07-03.57.56:973][  8]LogCFCore: Mod valid: Automated Dino Wipes (947733)
[2024.09.07-03.57.56:973][  8]LogCFCore: Mod valid: WBUI2 (931119)
[2024.09.07-03.57.56:973][  8]LogCFCore: Mod valid: ARKomatic (939055)
[2024.09.07-03.57.56:973][  8]LogCFCore: Mod valid: TG Stacking Mod 10000-90 (929110)
[2024.09.07-03.57.56:973][  8]LogCFCore: Mod valid: Admin Panel (929868)
[2024.09.07-03.57.56:973][  8]LogCFCore: Mod valid: Ez's Engram Unlocker (PC/Xbox/PS) (929912)
[2024.09.07-03.57.56:973][  8]LogCFCore: Mod valid: ASA-Bot Companion (936882)
[2024.09.07-03.57.56:973][  8]LogCFCore: Mod valid: Pelayori's Cryo Storage (Crossplay!) (928793)
[2024.09.07-03.57.57:161][  9]UShooterEngine::LoadGameMods with 21 mods
[2024.09.07-03.57.57:161][  9]UShooterEngine::LoadGameMods Loading Mod ShooterGame/Mods/83374/929420_5509935/SuperSpyglassPlus/Content/PrimalGameData_BP_SSP_Kav.uasset : 929420
[2024.09.07-03.57.57:862][  9]UShooterEngine::LoadGameMods Using mod asset Package /SuperSpyglassPlus/PrimalGameData_BP_SSP_Kav as PrimalGameDataOverride.
[2024.09.07-03.57.57:862][  9]UShooterEngine::LoadGameMods Loading Mod ShooterGame/Mods/83374/928621_4856794/UtilsPlus/Content/PrimalGameData_BP_UtilPlus.uasset : 928621
[2024.09.07-03.57.57:881][  9]UShooterEngine::LoadGameMods Merging mod asset Package /UtilsPlus/PrimalGameData_BP_UtilPlus with PrimalGameDataOverride.
[2024.09.07-03.57.57:881][  9]UShooterEngine::LoadGameMods Loading Mod ShooterGame/Mods/83374/928708_4894074/LevelTestingMod/Content/PrimalGameData_BP_LevelTesting.uasset : 928708
[2024.09.07-03.57.58:284][  9]UShooterEngine::LoadGameMods Merging mod asset Package /LevelTestingMod/PrimalGameData_BP_LevelTesting with PrimalGameDataOverride.
[2024.09.07-03.57.58:284][  9]UShooterEngine::LoadGameMods Loading Mod ShooterGame/Mods/83374/928501_5509903/SoloFarmMod/Content/PrimalGameData_BP_SoloFarmMod.uasset : 928501
[2024.09.07-03.57.58:308][  9]UShooterEngine::LoadGameMods Merging mod asset Package /SoloFarmMod/PrimalGameData_BP_SoloFarmMod with PrimalGameDataOverride.
[2024.09.07-03.57.58:308][  9]UShooterEngine::LoadGameMods Loading Mod ShooterGame/Mods/83374/939055_5639286/ARKomatic/Content/PrimalGameData_BP_ARKomatic.uasset : 939055
[2024.09.07-03.57.58:328][  9]UShooterEngine::LoadGameMods Merging mod asset Package /ARKomatic/PrimalGameData_BP_ARKomatic with PrimalGameDataOverride.
[2024.09.07-03.57.58:328][  9]UShooterEngine::LoadGameMods Loading Mod ShooterGame/Mods/83374/929110_5696086/TG_Stack_10000_90/Content/PrimalGameData_TG_Stack_10000_90.uasset : 929110
[2024.09.07-03.57.58:352][  9]UShooterEngine::LoadGameMods Merging mod asset Package /TG_Stack_10000_90/PrimalGameData_TG_Stack_10000_90 with PrimalGameDataOverride.
[2024.09.07-03.57.58:353][  9]UShooterEngine::LoadGameMods Loading Mod ShooterGame/Mods/83374/939228_5078487/QoLPlus/Content/PrimalGameData_QoLPlus.uasset : 939228
[2024.09.07-03.57.58:454][  9]UShooterEngine::LoadGameMods Merging mod asset Package /QoLPlus/PrimalGameData_QoLPlus with PrimalGameDataOverride.
[2024.09.07-03.57.58:454][  9]UShooterEngine::LoadGameMods Loading Mod ShooterGame/Mods/83374/933872_5330183/CliffPlatforms/Content/PrimalGameData_BP_Cliffplatforms.uasset : 933872
[2024.09.07-03.57.58:480][  9]UShooterEngine::LoadGameMods Merging mod asset Package /CliffPlatforms/PrimalGameData_BP_Cliffplatforms with PrimalGameDataOverride.
[2024.09.07-03.57.58:480][  9]UShooterEngine::LoadGameMods Loading Mod ShooterGame/Mods/83374/947733_5521328/AutomatedDinoWipes/Content/PrimalGameData_BP_AutomatedDinoWipes.uasset : 947733
[2024.09.07-03.57.58:519][  9]UShooterEngine::LoadGameMods Merging mod asset Package /AutomatedDinoWipes/PrimalGameData_BP_AutomatedDinoWipes with PrimalGameDataOverride.
[2024.09.07-03.57.58:520][  9]UShooterEngine::LoadGameMods Loading Mod ShooterGame/Mods/83374/929912_5669096/EzEngramUnlocker/Content/PrimalGameData_BP_EzEngramUnlocker.uasset : 929912
[2024.09.07-03.57.58:539][  9]UShooterEngine::LoadGameMods Merging mod asset Package /EzEngramUnlocker/PrimalGameData_BP_EzEngramUnlocker with PrimalGameDataOverride.
[2024.09.07-03.57.58:539][  9]UShooterEngine::LoadGameMods Loading Mod ShooterGame/Mods/83374/940022_5102443/PullIt/Content/PrimalGameData_BP_PullIt.uasset : 940022
[2024.09.07-03.57.58:570][  9]UShooterEngine::LoadGameMods Merging mod asset Package /PullIt/PrimalGameData_BP_PullIt with PrimalGameDataOverride.
[2024.09.07-03.57.58:570][  9]UShooterEngine::LoadGameMods Loading Mod ShooterGame/Mods/83374/936660_5568098/ShopMod/Content/PrimalGameData_BP_BlankMod.uasset : 936660
[2024.09.07-03.58.00:655][  9]UShooterEngine::LoadGameMods Merging mod asset Package /ShopMod/PrimalGameData_BP_BlankMod with PrimalGameDataOverride.
[2024.09.07-03.58.00:655][  9]UShooterEngine::LoadGameMods Loading Mod ShooterGame/Mods/83374/931903_5036004/PVPScoreboard/Content/PrimalGameData_BP_PVPScoreboard.uasset : 931903
[2024.09.07-03.58.00:683][  9]UShooterEngine::LoadGameMods Merging mod asset Package /PVPScoreboard/PrimalGameData_BP_PVPScoreboard with PrimalGameDataOverride.
[2024.09.07-03.58.00:683][  9]UShooterEngine::LoadGameMods Loading Mod ShooterGame/Mods/83374/967856_5238619/AmmoBoxAscended/Content/PrimalGameData_BP_AmmoBoxAscended.uasset : 967856
[2024.09.07-03.58.00:699][  9]UShooterEngine::LoadGameMods Merging mod asset Package /AmmoBoxAscended/PrimalGameData_BP_AmmoBoxAscended with PrimalGameDataOverride.
[2024.09.07-03.58.00:699][  9]UShooterEngine::LoadGameMods Loading Mod ShooterGame/Mods/83374/928793_5622484/Cryopods/Content/PrimalGameData_BP_Cryopods.uasset : 928793
[2024.09.07-03.58.00:743][  9]UShooterEngine::LoadGameMods Merging mod asset Package /Cryopods/PrimalGameData_BP_Cryopods with PrimalGameDataOverride.
[2024.09.07-03.58.00:743][  9]UShooterEngine::LoadGameMods Loading Mod ShooterGame/Mods/83374/937546_4928343/DPlusMod/Content/PrimalGameData_BP_DPlusMod.uasset : 937546
[2024.09.07-03.58.00:763][  9]UShooterEngine::LoadGameMods Merging mod asset Package /DPlusMod/PrimalGameData_BP_DPlusMod with PrimalGameDataOverride.
[2024.09.07-03.58.00:764][  9]UShooterEngine::LoadGameMods Loading Mod ShooterGame/Mods/83374/980463_5142852/EOSIDHelper/Content/PrimalGameData_BP_EOSIDHelper.uasset : 980463
[2024.09.07-03.58.00:783][  9]UShooterEngine::LoadGameMods Merging mod asset Package /EOSIDHelper/PrimalGameData_BP_EOSIDHelper with PrimalGameDataOverride.
[2024.09.07-03.58.00:784][  9]UShooterEngine::LoadGameMods Loading Mod ShooterGame/Mods/83374/929521_5238433/maewings/Content/PrimalGameData_BP_Maewings.uasset : 929521
[2024.09.07-03.58.00:808][  9]UShooterEngine::LoadGameMods Merging mod asset Package /maewings/PrimalGameData_BP_Maewings with PrimalGameDataOverride.
[2024.09.07-03.58.00:808][  9]UShooterEngine::LoadGameMods Loading Mod ShooterGame/Mods/83374/936882_5662285/ASA-Bot-Companion/Content/PrimalGameData_BP_ASABot.uasset : 936882
[2024.09.07-03.58.00:833][  9]UShooterEngine::LoadGameMods Merging mod asset Package /ASA-Bot-Companion/PrimalGameData_BP_ASABot with PrimalGameDataOverride.
[2024.09.07-03.58.00:833][  9]UShooterEngine::LoadGameMods Loading Mod ShooterGame/Mods/83374/929868_5696131/AdminPanel/Content/PrimalGameData_BP_AdminPanel.uasset : 929868
[2024.09.07-03.58.00:923][  9]UShooterEngine::LoadGameMods Merging mod asset Package /AdminPanel/PrimalGameData_BP_AdminPanel with PrimalGameDataOverride.
[2024.09.07-03.58.00:923][  9]UShooterEngine::LoadGameMods Loading Mod ShooterGame/Mods/83374/931119_5531437/WBUI2/Content/PrimalGameData_BP_WBUI.uasset : 931119
[2024.09.07-03.58.00:951][  9]UShooterEngine::LoadGameMods Merging mod asset Package /WBUI2/PrimalGameData_BP_WBUI with PrimalGameDataOverride.
[2024.09.07-03.58.00:951][  9]Initialize Primal Game Data Override.
[2024.09.07-03.58.00:965][  9]Added Explorer Note Entry: DEARJANE_EXP_NOTE_1
[2024.09.07-03.58.00:965][  9]Added Explorer Note Entry: DEARJANE_EXP_NOTE_2
[2024.09.07-03.58.00:965][  9]Added Explorer Note Entry: DEARJANE_EXP_NOTE_3
[2024.09.07-03.58.00:965][  9]Added Explorer Note Entry: DEARJANE_EXP_NOTE_4
[2024.09.07-03.58.00:965][  9]Added Explorer Note Entry: DEARJANE_EXP_NOTE_5
[2024.09.07-03.58.00:965][  9]Added Explorer Note Entry: DEARJANE_EXP_NOTE_6
[2024.09.07-03.58.00:965][  9]Added Explorer Note Entry: DEARJANE_EXP_NOTE_7
[2024.09.07-03.58.00:968][  9]Primal Game Data Took 0.00 seconds
[2024.09.07-03.58.00:972][  9]Added Explorer Note Entry: DEARJANE_EXP_NOTE_1
[2024.09.07-03.58.00:972][  9]Added Explorer Note Entry: DEARJANE_EXP_NOTE_2
[2024.09.07-03.58.00:972][  9]Added Explorer Note Entry: DEARJANE_EXP_NOTE_3
[2024.09.07-03.58.00:972][  9]Added Explorer Note Entry: DEARJANE_EXP_NOTE_4
[2024.09.07-03.58.00:972][  9]Added Explorer Note Entry: DEARJANE_EXP_NOTE_5
[2024.09.07-03.58.00:972][  9]Added Explorer Note Entry: DEARJANE_EXP_NOTE_6
[2024.09.07-03.58.00:972][  9]Added Explorer Note Entry: DEARJANE_EXP_NOTE_7
[2024.09.07-03.58.01:625][  9]Server Initializing with BattlEye Anti-Cheat Protection. If you do not wish to use BattlEye, please launch with -NoBattlEye
[2024.09.07-03.58.01:642][  9]BattlEye successfully started.
[2024.09.07-03.58.20:364][  9]2024.09.07_03.58.20: [CCA_ASABot_C_2147476376] Loading INI Settings
[2024.09.07-03.58.20:378][  9]2024.09.07_03.58.20: Version 2.1.0 --- CF Revision 117 --- Build Date Jul 8, 2024, 11:50:00 AM
[2024.09.07-03.58.48:892][  9][Pelayori's Cryo Storage] Server mod version: 54
[2024.09.07-03.58.48:892][  9]ADW_Version_v0.15
[2024.09.07-03.58.48:892][  9]ADW_Begin (UTC Time Now = 3:58)
[2024.09.07-03.58.48:893][  9]Admin Panel Active
[2024.09.07-03.58.48:893][  9]Admin Panel Version:56
[2024.09.07-03.59.20:850][  9]Server: "9/6 [NA](AB1) nARKotic 20x/4man/shop/kits/boosted" has successfully started!
[2024.09.07-03.59.30:553][  9]Commandline:  Aberration_WP?listen?Port=27020 -servergamelog -servergamelogincludetribelogs -ServerRCONOutputTribeLogs -Mods=929420,928621,928708,928501,939055,929110,939228,933872,947733,929912,940022,936660,931903,967856,928793,937546,980463,929521,936882,929868,931119
[2024.09.07-03.59.30:553][  9]Full Startup: 95.29 seconds
[2024.09.07-03.59.30:553][  9]Number of cores 28
[2024.09.07-03.59.34:143][ 13]2024.09.07_03.59.34: [WBUI] [CCA] [Version] Up to Date: v1.22
[2024.09.07-03.59.34:147][ 13]2024.09.07_03.59.34: [WBUI] [CCA] [INI-Setting] JsonURL= 
[2024.09.07-03.59.34:159][ 13]2024.09.07_03.59.34: [WBUI] [CCA] [INI-Settings] JsonURL empty. Settings Default: "https://raw.githubusercontent.com/DC-Modding/WBUI2-Wiki/main/default.json"
[2024.09.07-03.59.34:171][ 13]2024.09.07_03.59.34: [WBUI] [CCA] [Json] No Errors, Valid WBUI2 Json
[2024.09.07-03.59.34:182][ 13]2024.09.07_03.59.34: [WBUI] [CCA]  Updated Settings
[2024.09.07-03.59.42:766][219]Server has completed startup and is now advertising for join.
[2024.09.07-03.59.56:627][626]IP for incoming account 0002a0b12ff54d80a45035c18750b660 - IP 75.162.76.100
[2024.09.07-04.00.00:773][748]2024.09.07_04.00.00: RehDragon [UniqueNetId:0002a0b12ff54d80a45035c18750b660 Platform:None] joined this ARK!
[2024.09.07-04.00.08:552][951]IP for incoming account 00022c98ee0d4e1f9ec59e9b6faea772 - IP 73.183.86.150
[2024.09.07-04.00.10:146][999]IP for incoming account 00025e39b17641eb96741673cbd35b96 - IP 72.110.95.232
[2024.09.07-04.00.19:997][292]2024.09.07_04.00.19: Unavailable name [UniqueNetId:00022c98ee0d4e1f9ec59e9b6faea772 Platform:None] joined this ARK!
[2024.09.07-04.00.22:027][331]2024.09.07_04.00.22: PirateHunter420 [UniqueNetId:00025e39b17641eb96741673cbd35b96 Platform:None] joined this ARK!
[2024.09.07-04.00.28:470][511]IP for incoming account 0002789f4f984c6787a5898016eb4375 - IP 66.22.135.74
[2024.09.07-04.00.32:446][573]2024.09.07_04.00.32: Unavailable name (Banana): .
[2024.09.07-04.00.35:393][657]2024.09.07_04.00.35: MartyrD0nk3y [UniqueNetId:0002789f4f984c6787a5898016eb4375 Platform:None] joined this ARK!
[2024.09.07-04.01.41:994][478]2024.09.07_04.01.41: Tribe Tribe of Mango, ID 1773629605: Day 28, 13:51:57: Banana froze H42 M39)
[2024.09.07-04.01.45:484][572]2024.09.07_04.01.45: PirateHunter420 [UniqueNetId:00025e39b17641eb96741673cbd35b96 Platform:None] left this ARK!
[2024.09.07-04.02.12:922][333]2024.09.07_04.02.12: MartyrD0nk3y [UniqueNetId:0002789f4f984c6787a5898016eb4375 Platform:None] left this ARK!
